05/26/2020 05:41:03 - INFO - __main__ -   	Step	TRAIN	0000	82	 205.8157	 205.4289	   0.3869	 1.000
05/26/2020 05:41:11 - INFO - __main__ -   	Step	TRAIN	0050	82	 143.0453	 143.0291	   0.0162	 1.000
05/26/2020 05:41:16 - INFO - __main__ -   	Step	TRAIN	0082	82	 138.8525	 138.8389	   0.0135	 1.000
05/26/2020 05:41:17 - INFO - __main__ -   	Epoch	TRAIN	00	50	 153.2382	 153.1857	   0.0525	 1.000
05/26/2020 05:41:19 - INFO - __main__ -   Model saved at bin/2020-May-26-05:40:57/E0.pytorch
05/26/2020 05:41:22 - INFO - __main__ -   	Step	VALID	0000	6	 142.3555	 142.3424	   0.0131	 1.000
05/26/2020 05:41:26 - INFO - __main__ -   	Step	VALID	0006	6	 135.8002	 135.7881	   0.0121	 1.000
05/26/2020 05:41:28 - INFO - __main__ -   	Epoch	VALID	00	50	 135.4530	 135.4405	   0.0125	 1.000
05/26/2020 05:41:32 - INFO - __main__ -   	Step	TRAIN	0000	82	 134.7571	 134.7449	   0.0121	 1.000
05/26/2020 05:41:40 - INFO - __main__ -   	Step	TRAIN	0050	82	 125.9494	 125.9392	   0.0102	 1.000
05/26/2020 05:41:44 - INFO - __main__ -   	Step	TRAIN	0082	82	 128.8453	 128.8307	   0.0145	 1.000
05/26/2020 05:41:46 - INFO - __main__ -   	Epoch	TRAIN	01	50	 134.0852	 134.0743	   0.0109	 1.000
05/26/2020 05:41:50 - INFO - __main__ -   Model saved at bin/2020-May-26-05:40:57/E1.pytorch
05/26/2020 05:41:53 - INFO - __main__ -   	Step	VALID	0000	6	 134.9545	 134.9390	   0.0156	 1.000
05/26/2020 05:41:57 - INFO - __main__ -   	Step	VALID	0006	6	 127.4580	 127.4416	   0.0164	 1.000
05/26/2020 05:41:59 - INFO - __main__ -   	Epoch	VALID	01	50	 127.6786	 127.6623	   0.0164	 1.000
05/26/2020 05:42:02 - INFO - __main__ -   	Step	TRAIN	0000	82	 134.0605	 134.0433	   0.0173	 1.000
05/26/2020 05:42:10 - INFO - __main__ -   	Step	TRAIN	0050	82	 130.2178	 130.1889	   0.0289	 1.000
05/26/2020 05:42:15 - INFO - __main__ -   	Step	TRAIN	0082	82	 129.8331	 129.7879	   0.0452	 1.000
05/26/2020 05:42:17 - INFO - __main__ -   	Epoch	TRAIN	02	50	 128.1786	 128.1536	   0.0250	 1.000
05/26/2020 05:42:24 - INFO - __main__ -   Model saved at bin/2020-May-26-05:40:57/E2.pytorch
05/26/2020 05:42:27 - INFO - __main__ -   	Step	VALID	0000	6	 131.2450	 131.2087	   0.0363	 1.000
05/26/2020 05:42:30 - INFO - __main__ -   	Step	VALID	0006	6	 122.8242	 122.7729	   0.0512	 1.000
05/26/2020 05:42:32 - INFO - __main__ -   	Epoch	VALID	02	50	 123.3724	 123.3244	   0.0480	 1.000
05/26/2020 05:42:35 - INFO - __main__ -   	Step	TRAIN	0000	82	 128.7412	 128.6902	   0.0510	 1.000
05/26/2020 05:42:43 - INFO - __main__ -   	Step	TRAIN	0050	82	 124.6051	 124.4584	   0.1467	 1.000
05/26/2020 05:42:47 - INFO - __main__ -   	Step	TRAIN	0082	82	 121.8194	 121.4502	   0.3692	 1.000
05/26/2020 05:42:49 - INFO - __main__ -   	Epoch	TRAIN	03	50	 124.1570	 124.0222	   0.1347	 1.000
05/26/2020 05:42:52 - INFO - __main__ -   Model saved at bin/2020-May-26-05:40:57/E3.pytorch
05/26/2020 05:42:55 - INFO - __main__ -   	Step	VALID	0000	6	 128.8004	 128.5524	   0.2479	 1.000
05/26/2020 05:42:58 - INFO - __main__ -   	Step	VALID	0006	6	 119.4597	 119.2093	   0.2504	 1.000
05/26/2020 05:43:00 - INFO - __main__ -   	Epoch	VALID	03	50	 120.3425	 120.0765	   0.2661	 1.000
05/26/2020 05:43:05 - INFO - __main__ -   	Step	TRAIN	0000	82	 124.0900	 123.8061	   0.2839	 1.000
05/26/2020 05:43:12 - INFO - __main__ -   	Step	TRAIN	0050	82	 122.7584	 122.3805	   0.3778	 1.000
05/26/2020 05:43:17 - INFO - __main__ -   	Step	TRAIN	0082	82	 122.2260	 121.7889	   0.4370	 1.000
05/26/2020 05:43:19 - INFO - __main__ -   	Epoch	TRAIN	04	50	 121.0822	 120.6920	   0.3903	 1.000
05/26/2020 05:43:22 - INFO - __main__ -   Model saved at bin/2020-May-26-05:40:57/E4.pytorch
05/26/2020 05:43:24 - INFO - __main__ -   	Step	VALID	0000	6	 126.7801	 126.4564	   0.3237	 1.000
05/26/2020 05:43:28 - INFO - __main__ -   	Step	VALID	0006	6	 117.0231	 116.5693	   0.4538	 1.000
05/26/2020 05:43:30 - INFO - __main__ -   	Epoch	VALID	04	50	 118.0779	 117.6507	   0.4271	 1.000
05/26/2020 05:43:33 - INFO - __main__ -   	Step	TRAIN	0000	82	 121.2274	 120.7407	   0.4867	 1.000
05/26/2020 05:43:41 - INFO - __main__ -   	Step	TRAIN	0050	82	 119.1794	 118.6039	   0.5755	 1.000
05/26/2020 05:43:46 - INFO - __main__ -   	Step	TRAIN	0082	82	 122.0703	 121.5720	   0.4983	 1.000
05/26/2020 05:43:47 - INFO - __main__ -   	Epoch	TRAIN	05	50	 118.6133	 118.0804	   0.5329	 1.000
05/26/2020 05:43:49 - INFO - __main__ -   Model saved at bin/2020-May-26-05:40:57/E5.pytorch
05/26/2020 05:43:52 - INFO - __main__ -   	Step	VALID	0000	6	 125.2627	 124.7935	   0.4693	 1.000
05/26/2020 05:43:56 - INFO - __main__ -   	Step	VALID	0006	6	 115.4305	 114.9355	   0.4950	 1.000
05/26/2020 05:43:58 - INFO - __main__ -   	Epoch	VALID	05	50	 116.3631	 115.8747	   0.4884	 1.000
05/26/2020 05:44:02 - INFO - __main__ -   	Step	TRAIN	0000	82	 117.9433	 117.4197	   0.5236	 1.000
05/26/2020 05:44:09 - INFO - __main__ -   	Step	TRAIN	0050	82	 117.3340	 116.6486	   0.6854	 1.000
05/26/2020 05:44:14 - INFO - __main__ -   	Step	TRAIN	0082	82	 108.2543	 107.5519	   0.7024	 1.000
05/26/2020 05:44:15 - INFO - __main__ -   	Epoch	TRAIN	06	50	 116.4177	 115.7907	   0.6270	 1.000
05/26/2020 05:44:19 - INFO - __main__ -   Model saved at bin/2020-May-26-05:40:57/E6.pytorch
05/26/2020 05:44:21 - INFO - __main__ -   	Step	VALID	0000	6	 124.2121	 123.5946	   0.6175	 1.000
05/26/2020 05:44:24 - INFO - __main__ -   	Step	VALID	0006	6	 114.1072	 113.5122	   0.5950	 1.000
05/26/2020 05:44:26 - INFO - __main__ -   	Epoch	VALID	06	50	 115.0093	 114.4000	   0.6093	 1.000
05/26/2020 05:44:29 - INFO - __main__ -   	Step	TRAIN	0000	82	 117.3614	 116.6933	   0.6681	 1.000
05/26/2020 05:44:37 - INFO - __main__ -   	Step	TRAIN	0050	82	 111.2804	 110.5204	   0.7600	 1.000
05/26/2020 05:44:42 - INFO - __main__ -   	Step	TRAIN	0082	82	  93.1550	  92.4651	   0.6899	 1.000
05/26/2020 05:44:43 - INFO - __main__ -   	Epoch	TRAIN	07	50	 114.4332	 113.7090	   0.7242	 1.000
05/26/2020 05:44:48 - INFO - __main__ -   Model saved at bin/2020-May-26-05:40:57/E7.pytorch
05/26/2020 05:44:51 - INFO - __main__ -   	Step	VALID	0000	6	 123.2896	 122.5382	   0.7515	 1.000
05/26/2020 05:44:54 - INFO - __main__ -   	Step	VALID	0006	6	 112.7864	 112.0618	   0.7246	 1.000
05/26/2020 05:44:56 - INFO - __main__ -   	Epoch	VALID	07	50	 113.7736	 113.0361	   0.7374	 1.000
05/26/2020 05:45:00 - INFO - __main__ -   	Step	TRAIN	0000	82	 111.5974	 110.7897	   0.8076	 1.000
05/26/2020 05:45:07 - INFO - __main__ -   	Step	TRAIN	0050	82	 115.4176	 114.5765	   0.8411	 1.000
05/26/2020 05:45:12 - INFO - __main__ -   	Step	TRAIN	0082	82	 107.8167	 106.9449	   0.8718	 1.000
05/26/2020 05:45:13 - INFO - __main__ -   	Epoch	TRAIN	08	50	 112.9460	 112.1384	   0.8076	 1.000
05/26/2020 05:45:16 - INFO - __main__ -   Model saved at bin/2020-May-26-05:40:57/E8.pytorch
05/26/2020 05:45:18 - INFO - __main__ -   	Step	VALID	0000	6	 122.6267	 121.8889	   0.7378	 1.000
05/26/2020 05:45:22 - INFO - __main__ -   	Step	VALID	0006	6	 112.0482	 111.2623	   0.7859	 1.000
05/26/2020 05:45:24 - INFO - __main__ -   	Epoch	VALID	08	50	 112.9416	 112.1662	   0.7754	 1.000
05/26/2020 05:45:27 - INFO - __main__ -   	Step	TRAIN	0000	82	 110.0142	 109.2076	   0.8066	 1.000
05/26/2020 05:45:35 - INFO - __main__ -   	Step	TRAIN	0050	82	 111.6830	 110.8366	   0.8464	 1.000
05/26/2020 05:45:40 - INFO - __main__ -   	Step	TRAIN	0082	82	 104.7978	 103.8640	   0.9339	 1.000
05/26/2020 05:45:41 - INFO - __main__ -   	Epoch	TRAIN	09	50	 111.5292	 110.6652	   0.8640	 1.000
05/26/2020 05:45:42 - INFO - __main__ -   Model saved at bin/2020-May-26-05:40:57/E9.pytorch
05/26/2020 05:45:44 - INFO - __main__ -   	Step	VALID	0000	6	 121.9653	 121.1523	   0.8131	 1.000
05/26/2020 05:45:48 - INFO - __main__ -   	Step	VALID	0006	6	 111.0582	 110.2750	   0.7832	 1.000
05/26/2020 05:45:49 - INFO - __main__ -   	Epoch	VALID	09	50	 112.1325	 111.3364	   0.7961	 1.000
05/26/2020 05:45:53 - INFO - __main__ -   	Step	TRAIN	0000	82	 111.1561	 110.2758	   0.8803	 1.000
05/26/2020 05:46:01 - INFO - __main__ -   	Step	TRAIN	0050	82	 112.7975	 111.9024	   0.8951	 1.000
05/26/2020 05:46:05 - INFO - __main__ -   	Step	TRAIN	0082	82	 110.9654	 110.1402	   0.8251	 1.000
05/26/2020 05:46:07 - INFO - __main__ -   	Epoch	TRAIN	10	50	 110.3666	 109.4654	   0.9013	 1.000
05/26/2020 05:46:10 - INFO - __main__ -   Model saved at bin/2020-May-26-05:40:57/E10.pytorch
05/26/2020 05:46:13 - INFO - __main__ -   	Step	VALID	0000	6	 121.4283	 120.5710	   0.8573	 1.000
05/26/2020 05:46:17 - INFO - __main__ -   	Step	VALID	0006	6	 110.2994	 109.4946	   0.8048	 1.000
05/26/2020 05:46:19 - INFO - __main__ -   	Epoch	VALID	10	50	 111.4703	 110.6477	   0.8226	 1.000
05/26/2020 05:46:23 - INFO - __main__ -   	Step	TRAIN	0000	82	 106.7818	 105.8634	   0.9185	 1.000
05/26/2020 05:46:30 - INFO - __main__ -   	Step	TRAIN	0050	82	 110.3300	 109.4531	   0.8769	 1.000
05/26/2020 05:46:35 - INFO - __main__ -   	Step	TRAIN	0082	82	 106.9538	 105.8819	   1.0719	 1.000
05/26/2020 05:46:36 - INFO - __main__ -   	Epoch	TRAIN	11	50	 109.1775	 108.2392	   0.9383	 1.000
05/26/2020 05:46:48 - INFO - __main__ -   Model saved at bin/2020-May-26-05:40:57/E11.pytorch
05/26/2020 05:46:51 - INFO - __main__ -   	Step	VALID	0000	6	 120.9483	 120.0621	   0.8861	 1.000
05/26/2020 05:46:54 - INFO - __main__ -   	Step	VALID	0006	6	 109.7750	 108.8635	   0.9115	 1.000
05/26/2020 05:46:56 - INFO - __main__ -   	Epoch	VALID	11	50	 110.7990	 109.8925	   0.9066	 1.000
05/26/2020 05:47:00 - INFO - __main__ -   	Step	TRAIN	0000	82	 107.3498	 106.3512	   0.9986	 1.000
05/26/2020 05:47:08 - INFO - __main__ -   	Step	TRAIN	0050	82	 105.2012	 104.2374	   0.9638	 1.000
05/26/2020 05:47:13 - INFO - __main__ -   	Step	TRAIN	0082	82	 119.7072	 118.7101	   0.9970	 1.000
05/26/2020 05:47:14 - INFO - __main__ -   	Epoch	TRAIN	12	50	 108.2953	 107.3232	   0.9721	 1.000
05/26/2020 05:47:19 - INFO - __main__ -   Model saved at bin/2020-May-26-05:40:57/E12.pytorch
05/26/2020 05:47:22 - INFO - __main__ -   	Step	VALID	0000	6	 120.4408	 119.5586	   0.8822	 1.000
05/26/2020 05:47:25 - INFO - __main__ -   	Step	VALID	0006	6	 109.1235	 108.2750	   0.8485	 1.000
05/26/2020 05:47:27 - INFO - __main__ -   	Epoch	VALID	12	50	 110.2514	 109.3888	   0.8626	 1.000
05/26/2020 05:47:32 - INFO - __main__ -   	Step	TRAIN	0000	82	 107.8172	 106.8697	   0.9475	 1.000
05/26/2020 05:47:39 - INFO - __main__ -   	Step	TRAIN	0050	82	 106.3503	 105.3284	   1.0219	 1.000
05/26/2020 05:47:44 - INFO - __main__ -   	Step	TRAIN	0082	82	 112.8874	 111.9968	   0.8906	 1.000
05/26/2020 05:47:46 - INFO - __main__ -   	Epoch	TRAIN	13	50	 107.2272	 106.2449	   0.9824	 1.000
05/26/2020 05:47:47 - INFO - __main__ -   Model saved at bin/2020-May-26-05:40:57/E13.pytorch
05/26/2020 05:47:50 - INFO - __main__ -   	Step	VALID	0000	6	 120.2419	 119.3433	   0.8986	 1.000
05/26/2020 05:47:53 - INFO - __main__ -   	Step	VALID	0006	6	 108.7507	 107.8613	   0.8894	 1.000
05/26/2020 05:47:55 - INFO - __main__ -   	Epoch	VALID	13	50	 109.8865	 108.9885	   0.8980	 1.000
05/26/2020 05:48:00 - INFO - __main__ -   	Step	TRAIN	0000	82	 108.3736	 107.3822	   0.9915	 1.000
05/26/2020 05:48:07 - INFO - __main__ -   	Step	TRAIN	0050	82	 108.0909	 107.0415	   1.0494	 1.000
05/26/2020 05:48:12 - INFO - __main__ -   	Step	TRAIN	0082	82	 108.9574	 107.9393	   1.0181	 1.000
05/26/2020 05:48:13 - INFO - __main__ -   	Epoch	TRAIN	14	50	 106.2802	 105.2662	   1.0140	 1.000
05/26/2020 05:48:17 - INFO - __main__ -   Model saved at bin/2020-May-26-05:40:57/E14.pytorch
05/26/2020 05:48:20 - INFO - __main__ -   	Step	VALID	0000	6	 119.9318	 119.0144	   0.9174	 1.000
05/26/2020 05:48:24 - INFO - __main__ -   	Step	VALID	0006	6	 108.3449	 107.3746	   0.9704	 1.000
05/26/2020 05:48:26 - INFO - __main__ -   	Epoch	VALID	14	50	 109.4395	 108.4802	   0.9593	 1.000
05/26/2020 05:48:30 - INFO - __main__ -   	Step	TRAIN	0000	82	 107.0502	 106.0522	   0.9980	 1.000
05/26/2020 05:48:38 - INFO - __main__ -   	Step	TRAIN	0050	82	 108.0935	 106.9909	   1.1026	 1.000
05/26/2020 05:48:42 - INFO - __main__ -   	Step	TRAIN	0082	82	 106.9794	 105.8457	   1.1338	 1.000
05/26/2020 05:48:44 - INFO - __main__ -   	Epoch	TRAIN	15	50	 105.4038	 104.3625	   1.0413	 1.000
05/26/2020 05:48:53 - INFO - __main__ -   Model saved at bin/2020-May-26-05:40:57/E15.pytorch
05/26/2020 05:48:56 - INFO - __main__ -   	Step	VALID	0000	6	 119.4440	 118.4932	   0.9508	 1.000
05/26/2020 05:49:00 - INFO - __main__ -   	Step	VALID	0006	6	 107.8568	 106.8533	   1.0036	 1.000
05/26/2020 05:49:02 - INFO - __main__ -   	Epoch	VALID	15	50	 108.9853	 107.9973	   0.9879	 1.000
05/26/2020 05:49:06 - INFO - __main__ -   	Step	TRAIN	0000	82	 105.1079	 104.0758	   1.0321	 1.000
05/26/2020 05:49:14 - INFO - __main__ -   	Step	TRAIN	0050	82	 105.6186	 104.5478	   1.0707	 1.000
05/26/2020 05:49:18 - INFO - __main__ -   	Step	TRAIN	0082	82	 109.0223	 108.0682	   0.9540	 1.000
05/26/2020 05:49:20 - INFO - __main__ -   	Epoch	TRAIN	16	50	 104.6039	 103.5414	   1.0625	 1.000
05/26/2020 05:49:21 - INFO - __main__ -   Model saved at bin/2020-May-26-05:40:57/E16.pytorch
05/26/2020 05:49:23 - INFO - __main__ -   	Step	VALID	0000	6	 119.3284	 118.3706	   0.9578	 1.000
05/26/2020 05:49:26 - INFO - __main__ -   	Step	VALID	0006	6	 107.4359	 106.4742	   0.9617	 1.000
05/26/2020 05:49:28 - INFO - __main__ -   	Epoch	VALID	16	50	 108.6789	 107.7198	   0.9591	 1.000
05/26/2020 05:49:32 - INFO - __main__ -   	Step	TRAIN	0000	82	 102.8586	 101.8091	   1.0495	 1.000
05/26/2020 05:49:40 - INFO - __main__ -   	Step	TRAIN	0050	82	 107.0383	 105.9272	   1.1111	 1.000
05/26/2020 05:49:45 - INFO - __main__ -   	Step	TRAIN	0082	82	 109.7136	 108.6213	   1.0923	 1.000
05/26/2020 05:49:46 - INFO - __main__ -   	Epoch	TRAIN	17	50	 103.8583	 102.7838	   1.0745	 1.000
05/26/2020 05:49:51 - INFO - __main__ -   Model saved at bin/2020-May-26-05:40:57/E17.pytorch
05/26/2020 05:49:54 - INFO - __main__ -   	Step	VALID	0000	6	 119.0248	 118.0651	   0.9597	 1.000
05/26/2020 05:49:58 - INFO - __main__ -   	Step	VALID	0006	6	 107.1136	 106.1187	   0.9949	 1.000
05/26/2020 05:50:00 - INFO - __main__ -   	Epoch	VALID	17	50	 108.3058	 107.3180	   0.9878	 1.000
05/26/2020 05:50:04 - INFO - __main__ -   	Step	TRAIN	0000	82	 104.4416	 103.3910	   1.0506	 1.000
05/26/2020 05:50:12 - INFO - __main__ -   	Step	TRAIN	0050	82	 102.5829	 101.4547	   1.1282	 1.000
05/26/2020 05:50:16 - INFO - __main__ -   	Step	TRAIN	0082	82	  96.8020	  95.6148	   1.1871	 1.000
05/26/2020 05:50:18 - INFO - __main__ -   	Epoch	TRAIN	18	50	 103.0100	 101.9034	   1.1065	 1.000
05/26/2020 05:50:21 - INFO - __main__ -   Model saved at bin/2020-May-26-05:40:57/E18.pytorch
05/26/2020 05:50:25 - INFO - __main__ -   	Step	VALID	0000	6	 118.8547	 117.8154	   1.0393	 1.000
05/26/2020 05:50:28 - INFO - __main__ -   	Step	VALID	0006	6	 106.9067	 105.8647	   1.0421	 1.000
05/26/2020 05:50:30 - INFO - __main__ -   	Epoch	VALID	18	50	 108.1269	 107.0894	   1.0375	 1.000
05/26/2020 05:50:34 - INFO - __main__ -   	Step	TRAIN	0000	82	  98.1766	  97.0499	   1.1267	 1.000
05/26/2020 05:50:41 - INFO - __main__ -   	Step	TRAIN	0050	82	 103.0775	 101.9352	   1.1423	 1.000
05/26/2020 05:50:46 - INFO - __main__ -   	Step	TRAIN	0082	82	 107.4519	 106.3000	   1.1520	 1.000
05/26/2020 05:50:47 - INFO - __main__ -   	Epoch	TRAIN	19	50	 102.4123	 101.2765	   1.1358	 1.000
05/26/2020 05:50:54 - INFO - __main__ -   Model saved at bin/2020-May-26-05:40:57/E19.pytorch
05/26/2020 05:50:56 - INFO - __main__ -   	Step	VALID	0000	6	 118.7294	 117.6889	   1.0405	 1.000
05/26/2020 05:50:59 - INFO - __main__ -   	Step	VALID	0006	6	 106.5000	 105.4011	   1.0989	 1.000
05/26/2020 05:51:01 - INFO - __main__ -   	Epoch	VALID	19	50	 107.8199	 106.7427	   1.0772	 1.000
05/26/2020 05:51:04 - INFO - __main__ -   	Step	TRAIN	0000	82	  99.3114	  98.2065	   1.1048	 1.000
05/26/2020 05:51:12 - INFO - __main__ -   	Step	TRAIN	0050	82	 104.4455	 103.2912	   1.1544	 1.000
05/26/2020 05:51:16 - INFO - __main__ -   	Step	TRAIN	0082	82	 100.8909	  99.6491	   1.2418	 1.000
05/26/2020 05:51:18 - INFO - __main__ -   	Epoch	TRAIN	20	50	 101.6928	 100.5269	   1.1658	 1.000
05/26/2020 05:51:22 - INFO - __main__ -   Model saved at bin/2020-May-26-05:40:57/E20.pytorch
05/26/2020 05:51:24 - INFO - __main__ -   	Step	VALID	0000	6	 118.5230	 117.4691	   1.0539	 1.000
05/26/2020 05:51:27 - INFO - __main__ -   	Step	VALID	0006	6	 106.3993	 105.2870	   1.1123	 1.000
05/26/2020 05:51:29 - INFO - __main__ -   	Epoch	VALID	20	50	 107.6179	 106.5253	   1.0926	 1.000
05/26/2020 05:51:33 - INFO - __main__ -   	Step	TRAIN	0000	82	  98.3400	  97.2014	   1.1387	 1.000
05/26/2020 05:51:41 - INFO - __main__ -   	Step	TRAIN	0050	82	 100.3143	  99.1214	   1.1929	 1.000
05/26/2020 05:51:45 - INFO - __main__ -   	Step	TRAIN	0082	82	 106.7760	 105.5683	   1.2077	 1.000
05/26/2020 05:51:47 - INFO - __main__ -   	Epoch	TRAIN	21	50	 101.1407	  99.9333	   1.2075	 1.000
05/26/2020 05:51:51 - INFO - __main__ -   Model saved at bin/2020-May-26-05:40:57/E21.pytorch
05/26/2020 05:51:54 - INFO - __main__ -   	Step	VALID	0000	6	 118.5629	 117.4900	   1.0729	 1.000
05/26/2020 05:51:58 - INFO - __main__ -   	Step	VALID	0006	6	 106.2128	 105.0744	   1.1384	 1.000
05/26/2020 05:52:00 - INFO - __main__ -   	Epoch	VALID	21	50	 107.4746	 106.3543	   1.1203	 1.000
05/26/2020 05:52:04 - INFO - __main__ -   	Step	TRAIN	0000	82	 102.8110	 101.6149	   1.1961	 1.000
05/26/2020 05:52:12 - INFO - __main__ -   	Step	TRAIN	0050	82	 103.6155	 102.3316	   1.2839	 1.000
05/26/2020 05:52:17 - INFO - __main__ -   	Step	TRAIN	0082	82	 107.7139	 106.4910	   1.2229	 1.000
05/26/2020 05:52:18 - INFO - __main__ -   	Epoch	TRAIN	22	50	 100.5317	  99.2956	   1.2361	 1.000
05/26/2020 05:52:21 - INFO - __main__ -   Model saved at bin/2020-May-26-05:40:57/E22.pytorch
05/26/2020 05:52:25 - INFO - __main__ -   	Step	VALID	0000	6	 118.3626	 117.2570	   1.1056	 1.000
05/26/2020 05:52:28 - INFO - __main__ -   	Step	VALID	0006	6	 105.9899	 104.8350	   1.1549	 1.000
05/26/2020 05:52:30 - INFO - __main__ -   	Epoch	VALID	22	50	 107.2404	 106.1103	   1.1301	 1.000
05/26/2020 05:52:35 - INFO - __main__ -   	Step	TRAIN	0000	82	  98.7648	  97.4854	   1.2794	 1.000
05/26/2020 05:52:42 - INFO - __main__ -   	Step	TRAIN	0050	82	  96.7714	  95.4680	   1.3034	 1.000
05/26/2020 05:52:47 - INFO - __main__ -   	Step	TRAIN	0082	82	  98.9594	  97.7442	   1.2152	 1.000
05/26/2020 05:52:49 - INFO - __main__ -   	Epoch	TRAIN	23	50	  99.8799	  98.6019	   1.2779	 1.000
05/26/2020 05:52:50 - INFO - __main__ -   Model saved at bin/2020-May-26-05:40:57/E23.pytorch
05/26/2020 05:52:54 - INFO - __main__ -   	Step	VALID	0000	6	 118.3860	 117.2559	   1.1301	 1.000
05/26/2020 05:52:57 - INFO - __main__ -   	Step	VALID	0006	6	 105.9577	 104.6928	   1.2649	 1.000
05/26/2020 05:52:59 - INFO - __main__ -   	Epoch	VALID	23	50	 107.2085	 105.9851	   1.2234	 1.000
05/26/2020 05:53:03 - INFO - __main__ -   	Step	TRAIN	0000	82	 102.3531	 101.0354	   1.3177	 1.000
05/26/2020 05:53:10 - INFO - __main__ -   	Step	TRAIN	0050	82	 100.9239	  99.6517	   1.2722	 1.000
05/26/2020 05:53:15 - INFO - __main__ -   	Step	TRAIN	0082	82	 102.8835	 101.5179	   1.3656	 1.000
05/26/2020 05:53:16 - INFO - __main__ -   	Epoch	TRAIN	24	50	  99.3449	  98.0255	   1.3194	 1.000
05/26/2020 05:53:18 - INFO - __main__ -   Model saved at bin/2020-May-26-05:40:57/E24.pytorch
05/26/2020 05:53:20 - INFO - __main__ -   	Step	VALID	0000	6	 118.1959	 116.9881	   1.2079	 1.000
05/26/2020 05:53:24 - INFO - __main__ -   	Step	VALID	0006	6	 105.8132	 104.5273	   1.2859	 1.000
05/26/2020 05:53:25 - INFO - __main__ -   	Epoch	VALID	24	50	 107.1153	 105.8577	   1.2576	 1.000
05/26/2020 05:53:28 - INFO - __main__ -   	Step	TRAIN	0000	82	  97.6478	  96.3168	   1.3310	 1.000
05/26/2020 05:53:36 - INFO - __main__ -   	Step	TRAIN	0050	82	  98.8042	  97.4626	   1.3416	 1.000
05/26/2020 05:53:41 - INFO - __main__ -   	Step	TRAIN	0082	82	  89.6697	  88.4172	   1.2525	 1.000
05/26/2020 05:53:42 - INFO - __main__ -   	Epoch	TRAIN	25	50	  98.6808	  97.3202	   1.3606	 1.000
05/26/2020 05:53:44 - INFO - __main__ -   Model saved at bin/2020-May-26-05:40:57/E25.pytorch
05/26/2020 05:53:46 - INFO - __main__ -   	Step	VALID	0000	6	 118.2387	 117.0304	   1.2083	 1.000
05/26/2020 05:53:50 - INFO - __main__ -   	Step	VALID	0006	6	 105.6393	 104.3283	   1.3110	 1.000
05/26/2020 05:53:51 - INFO - __main__ -   	Epoch	VALID	25	50	 106.9884	 105.7120	   1.2764	 1.000
05/26/2020 05:53:55 - INFO - __main__ -   	Step	TRAIN	0000	82	  93.8266	  92.4720	   1.3545	 1.000
05/26/2020 05:54:03 - INFO - __main__ -   	Step	TRAIN	0050	82	  95.9301	  94.5846	   1.3454	 1.000
05/26/2020 05:54:08 - INFO - __main__ -   	Step	TRAIN	0082	82	  89.5520	  88.2292	   1.3228	 1.000
05/26/2020 05:54:09 - INFO - __main__ -   	Epoch	TRAIN	26	50	  98.1534	  96.7542	   1.3991	 1.000
05/26/2020 05:54:12 - INFO - __main__ -   Model saved at bin/2020-May-26-05:40:57/E26.pytorch
05/26/2020 05:54:15 - INFO - __main__ -   	Step	VALID	0000	6	 118.0692	 116.7625	   1.3066	 1.000
05/26/2020 05:54:19 - INFO - __main__ -   	Step	VALID	0006	6	 105.4112	 103.9826	   1.4286	 1.000
05/26/2020 05:54:21 - INFO - __main__ -   	Epoch	VALID	26	50	 106.8733	 105.4847	   1.3886	 1.000
05/26/2020 05:54:25 - INFO - __main__ -   	Step	TRAIN	0000	82	  96.1841	  94.7227	   1.4613	 1.000
05/26/2020 05:54:32 - INFO - __main__ -   	Step	TRAIN	0050	82	  95.5580	  94.1364	   1.4216	 1.000
05/26/2020 05:54:37 - INFO - __main__ -   	Step	TRAIN	0082	82	 100.2744	  98.8261	   1.4483	 1.000
05/26/2020 05:54:39 - INFO - __main__ -   	Epoch	TRAIN	27	50	  97.7678	  96.3240	   1.4439	 1.000
05/26/2020 05:54:47 - INFO - __main__ -   Model saved at bin/2020-May-26-05:40:57/E27.pytorch
05/26/2020 05:54:50 - INFO - __main__ -   	Step	VALID	0000	6	 118.1852	 116.8623	   1.3229	 1.000
05/26/2020 05:54:53 - INFO - __main__ -   	Step	VALID	0006	6	 105.3624	 103.9477	   1.4147	 1.000
05/26/2020 05:54:55 - INFO - __main__ -   	Epoch	VALID	27	50	 106.8124	 105.4313	   1.3810	 1.000
05/26/2020 05:54:59 - INFO - __main__ -   	Step	TRAIN	0000	82	  95.6409	  94.1753	   1.4656	 1.000
05/26/2020 05:55:07 - INFO - __main__ -   	Step	TRAIN	0050	82	  96.0405	  94.5464	   1.4941	 1.000
05/26/2020 05:55:12 - INFO - __main__ -   	Step	TRAIN	0082	82	 110.7581	 109.0527	   1.7055	 1.000
05/26/2020 05:55:13 - INFO - __main__ -   	Epoch	TRAIN	28	50	  97.3786	  95.9061	   1.4725	 1.000
05/26/2020 05:55:19 - INFO - __main__ -   Model saved at bin/2020-May-26-05:40:57/E28.pytorch
05/26/2020 05:55:22 - INFO - __main__ -   	Step	VALID	0000	6	 118.1201	 116.7827	   1.3374	 1.000
05/26/2020 05:55:26 - INFO - __main__ -   	Step	VALID	0006	6	 105.0986	 103.6601	   1.4385	 1.000
05/26/2020 05:55:28 - INFO - __main__ -   	Epoch	VALID	28	50	 106.6942	 105.3042	   1.3899	 1.000
05/26/2020 05:55:31 - INFO - __main__ -   	Step	TRAIN	0000	82	  94.6837	  93.2326	   1.4511	 1.000
05/26/2020 05:55:39 - INFO - __main__ -   	Step	TRAIN	0050	82	  98.6158	  97.1020	   1.5138	 1.000
05/26/2020 05:55:44 - INFO - __main__ -   	Step	TRAIN	0082	82	  93.8975	  92.4236	   1.4739	 1.000
05/26/2020 05:55:45 - INFO - __main__ -   	Epoch	TRAIN	29	50	  96.7279	  95.2187	   1.5093	 1.000
05/26/2020 05:55:48 - INFO - __main__ -   Model saved at bin/2020-May-26-05:40:57/E29.pytorch
05/26/2020 05:55:51 - INFO - __main__ -   	Step	VALID	0000	6	 118.3033	 116.9148	   1.3884	 1.000
05/26/2020 05:55:55 - INFO - __main__ -   	Step	VALID	0006	6	 105.0934	 103.6408	   1.4525	 1.000
05/26/2020 05:55:57 - INFO - __main__ -   	Epoch	VALID	29	50	 106.6597	 105.2510	   1.4087	 1.000
05/26/2020 05:56:01 - INFO - __main__ -   	Step	TRAIN	0000	82	  92.3447	  90.8605	   1.4842	 1.000
05/26/2020 05:56:08 - INFO - __main__ -   	Step	TRAIN	0050	82	  97.6922	  96.1465	   1.5457	 1.000
05/26/2020 05:56:13 - INFO - __main__ -   	Step	TRAIN	0082	82	 105.1946	 103.6243	   1.5703	 1.000
05/26/2020 05:56:14 - INFO - __main__ -   	Epoch	TRAIN	30	50	  96.4105	  94.8545	   1.5560	 1.000
05/26/2020 05:56:19 - INFO - __main__ -   Model saved at bin/2020-May-26-05:40:57/E30.pytorch
05/26/2020 05:56:22 - INFO - __main__ -   	Step	VALID	0000	6	 118.1353	 116.7336	   1.4017	 1.000
05/26/2020 05:56:25 - INFO - __main__ -   	Step	VALID	0006	6	 105.0287	 103.5220	   1.5067	 1.000
05/26/2020 05:56:27 - INFO - __main__ -   	Epoch	VALID	30	50	 106.6074	 105.1405	   1.4669	 1.000
05/26/2020 05:56:31 - INFO - __main__ -   	Step	TRAIN	0000	82	  97.7053	  96.1632	   1.5421	 1.000
05/26/2020 05:56:38 - INFO - __main__ -   	Step	TRAIN	0050	82	  94.6870	  93.0633	   1.6237	 1.000
05/26/2020 05:56:43 - INFO - __main__ -   	Step	TRAIN	0082	82	  81.7829	  80.2816	   1.5013	 1.000
05/26/2020 05:56:45 - INFO - __main__ -   	Epoch	TRAIN	31	50	  95.7497	  94.1686	   1.5812	 1.000
05/26/2020 05:56:48 - INFO - __main__ -   Model saved at bin/2020-May-26-05:40:57/E31.pytorch
05/26/2020 05:56:52 - INFO - __main__ -   	Step	VALID	0000	6	 118.2172	 116.8036	   1.4136	 1.000
05/26/2020 05:56:55 - INFO - __main__ -   	Step	VALID	0006	6	 104.9311	 103.3914	   1.5397	 1.000
05/26/2020 05:56:57 - INFO - __main__ -   	Epoch	VALID	31	50	 106.5339	 105.0419	   1.4920	 1.000
05/26/2020 05:57:01 - INFO - __main__ -   	Step	TRAIN	0000	82	  94.4817	  92.8835	   1.5982	 1.000
05/26/2020 05:57:09 - INFO - __main__ -   	Step	TRAIN	0050	82	  94.3852	  92.7213	   1.6639	 1.000
05/26/2020 05:57:14 - INFO - __main__ -   	Step	TRAIN	0082	82	  94.6634	  93.0464	   1.6169	 1.000
05/26/2020 05:57:15 - INFO - __main__ -   	Epoch	TRAIN	32	50	  95.4475	  93.8382	   1.6093	 1.000
05/26/2020 05:57:15 - INFO - __main__ -   Model saved at bin/2020-May-26-05:40:57/E32.pytorch
05/26/2020 05:57:19 - INFO - __main__ -   	Step	VALID	0000	6	 118.3132	 116.8640	   1.4493	 1.000
05/26/2020 05:57:22 - INFO - __main__ -   	Step	VALID	0006	6	 104.9369	 103.3681	   1.5689	 1.000
05/26/2020 05:57:24 - INFO - __main__ -   	Epoch	VALID	32	50	 106.5448	 105.0402	   1.5046	 1.000
05/26/2020 05:57:28 - INFO - __main__ -   	Step	TRAIN	0000	82	  95.2053	  93.5943	   1.6110	 1.000
05/26/2020 05:57:36 - INFO - __main__ -   	Step	TRAIN	0050	82	  95.1431	  93.5234	   1.6197	 1.000
05/26/2020 05:57:41 - INFO - __main__ -   	Step	TRAIN	0082	82	  91.3058	  89.6313	   1.6745	 1.000
05/26/2020 05:57:42 - INFO - __main__ -   	Epoch	TRAIN	33	50	  95.0367	  93.4021	   1.6346	 1.000
05/26/2020 05:57:43 - INFO - __main__ -   Model saved at bin/2020-May-26-05:40:57/E33.pytorch
05/26/2020 05:57:46 - INFO - __main__ -   	Step	VALID	0000	6	 118.3381	 116.8568	   1.4814	 1.000
05/26/2020 05:57:50 - INFO - __main__ -   	Step	VALID	0006	6	 105.0529	 103.4776	   1.5753	 1.000
05/26/2020 05:57:52 - INFO - __main__ -   	Epoch	VALID	33	50	 106.5914	 105.0670	   1.5243	 1.000
05/26/2020 05:57:55 - INFO - __main__ -   	Step	TRAIN	0000	82	  95.3810	  93.7599	   1.6211	 1.000
05/26/2020 05:58:03 - INFO - __main__ -   	Step	TRAIN	0050	82	  96.4777	  94.8713	   1.6064	 1.000
05/26/2020 05:58:08 - INFO - __main__ -   	Step	TRAIN	0082	82	  96.6519	  94.9949	   1.6570	 1.000
05/26/2020 05:58:09 - INFO - __main__ -   	Epoch	TRAIN	34	50	  94.6611	  93.0136	   1.6475	 1.000
05/26/2020 05:58:16 - INFO - __main__ -   Model saved at bin/2020-May-26-05:40:57/E34.pytorch
05/26/2020 05:58:18 - INFO - __main__ -   	Step	VALID	0000	6	 118.4861	 117.0688	   1.4172	 1.000
05/26/2020 05:58:22 - INFO - __main__ -   	Step	VALID	0006	6	 105.0004	 103.4718	   1.5286	 1.000
05/26/2020 05:58:23 - INFO - __main__ -   	Epoch	VALID	34	50	 106.6016	 105.1371	   1.4644	 1.000
05/26/2020 05:58:27 - INFO - __main__ -   	Step	TRAIN	0000	82	  94.7477	  93.2031	   1.5445	 1.000
05/26/2020 05:58:35 - INFO - __main__ -   	Step	TRAIN	0050	82	  90.8448	  89.1927	   1.6521	 1.000
05/26/2020 05:58:40 - INFO - __main__ -   	Step	TRAIN	0082	82	  88.8887	  87.2904	   1.5983	 1.000
05/26/2020 05:58:41 - INFO - __main__ -   	Epoch	TRAIN	35	50	  94.2170	  92.5483	   1.6687	 1.000
05/26/2020 05:58:44 - INFO - __main__ -   Model saved at bin/2020-May-26-05:40:57/E35.pytorch
05/26/2020 05:58:47 - INFO - __main__ -   	Step	VALID	0000	6	 118.2925	 116.7368	   1.5557	 1.000
05/26/2020 05:58:50 - INFO - __main__ -   	Step	VALID	0006	6	 104.8868	 103.2337	   1.6531	 1.000
05/26/2020 05:58:52 - INFO - __main__ -   	Epoch	VALID	35	50	 106.5458	 104.9329	   1.6129	 1.000
05/26/2020 05:58:55 - INFO - __main__ -   	Step	TRAIN	0000	82	  95.0930	  93.3692	   1.7238	 1.000
05/26/2020 05:59:03 - INFO - __main__ -   	Step	TRAIN	0050	82	  93.1004	  91.4577	   1.6427	 1.000
05/26/2020 05:59:08 - INFO - __main__ -   	Step	TRAIN	0082	82	  91.7124	  90.2262	   1.4862	 1.000
05/26/2020 05:59:09 - INFO - __main__ -   	Epoch	TRAIN	36	50	  93.8897	  92.1893	   1.7004	 1.000
05/26/2020 05:59:09 - INFO - __main__ -   Model saved at bin/2020-May-26-05:40:57/E36.pytorch
05/26/2020 05:59:12 - INFO - __main__ -   	Step	VALID	0000	6	 118.5143	 116.9965	   1.5177	 1.000
05/26/2020 05:59:15 - INFO - __main__ -   	Step	VALID	0006	6	 104.9010	 103.2643	   1.6367	 1.000
05/26/2020 05:59:17 - INFO - __main__ -   	Epoch	VALID	36	50	 106.6135	 105.0398	   1.5737	 1.000
05/26/2020 05:59:21 - INFO - __main__ -   	Step	TRAIN	0000	82	  94.1645	  92.4757	   1.6889	 1.000
05/26/2020 05:59:29 - INFO - __main__ -   	Step	TRAIN	0050	82	  96.3225	  94.6526	   1.6699	 1.000
05/26/2020 05:59:33 - INFO - __main__ -   	Step	TRAIN	0082	82	  95.8352	  94.1508	   1.6844	 1.000
05/26/2020 05:59:35 - INFO - __main__ -   	Epoch	TRAIN	37	50	  93.5719	  91.8472	   1.7247	 1.000
05/26/2020 05:59:35 - INFO - __main__ -   Model saved at bin/2020-May-26-05:40:57/E37.pytorch
05/26/2020 05:59:38 - INFO - __main__ -   	Step	VALID	0000	6	 118.5731	 117.0238	   1.5493	 1.000
05/26/2020 05:59:41 - INFO - __main__ -   	Step	VALID	0006	6	 104.9437	 103.2818	   1.6619	 1.000
05/26/2020 05:59:43 - INFO - __main__ -   	Epoch	VALID	37	50	 106.5907	 104.9806	   1.6101	 1.000
05/26/2020 05:59:47 - INFO - __main__ -   	Step	TRAIN	0000	82	  89.9777	  88.3413	   1.6364	 1.000
05/26/2020 05:59:54 - INFO - __main__ -   	Step	TRAIN	0050	82	  89.9175	  88.1020	   1.8155	 1.000
05/26/2020 05:59:59 - INFO - __main__ -   	Step	TRAIN	0082	82	  91.5409	  89.7956	   1.7453	 1.000
05/26/2020 06:00:01 - INFO - __main__ -   	Epoch	TRAIN	38	50	  93.1800	  91.4356	   1.7444	 1.000
05/26/2020 06:00:02 - INFO - __main__ -   Model saved at bin/2020-May-26-05:40:57/E38.pytorch
05/26/2020 06:00:04 - INFO - __main__ -   	Step	VALID	0000	6	 118.7269	 117.1907	   1.5361	 1.000
05/26/2020 06:00:07 - INFO - __main__ -   	Step	VALID	0006	6	 104.9218	 103.2726	   1.6492	 1.000
05/26/2020 06:00:09 - INFO - __main__ -   	Epoch	VALID	38	50	 106.6660	 105.0757	   1.5903	 1.000
05/26/2020 06:00:12 - INFO - __main__ -   	Step	TRAIN	0000	82	  97.9655	  96.1867	   1.7789	 1.000
05/26/2020 06:00:20 - INFO - __main__ -   	Step	TRAIN	0050	82	  93.6595	  91.9001	   1.7594	 1.000
05/26/2020 06:00:25 - INFO - __main__ -   	Step	TRAIN	0082	82	  91.9751	  90.3068	   1.6682	 1.000
05/26/2020 06:00:26 - INFO - __main__ -   	Epoch	TRAIN	39	50	  92.8565	  91.1052	   1.7513	 1.000
05/26/2020 06:00:34 - INFO - __main__ -   Model saved at bin/2020-May-26-05:40:57/E39.pytorch
05/26/2020 06:00:37 - INFO - __main__ -   	Step	VALID	0000	6	 118.6485	 117.0331	   1.6154	 1.000
05/26/2020 06:00:41 - INFO - __main__ -   	Step	VALID	0006	6	 104.8717	 103.1718	   1.6999	 1.000
05/26/2020 06:00:43 - INFO - __main__ -   	Epoch	VALID	39	50	 106.6020	 104.9641	   1.6379	 1.000
05/26/2020 06:00:48 - INFO - __main__ -   	Step	TRAIN	0000	82	  92.7573	  90.9473	   1.8100	 1.000
05/26/2020 06:00:56 - INFO - __main__ -   	Step	TRAIN	0050	82	  92.3232	  90.5989	   1.7243	 1.000
05/26/2020 06:01:01 - INFO - __main__ -   	Step	TRAIN	0082	82	  86.4482	  84.7815	   1.6667	 1.000
05/26/2020 06:01:02 - INFO - __main__ -   	Epoch	TRAIN	40	50	  92.4647	  90.7005	   1.7642	 1.000
05/26/2020 06:01:07 - INFO - __main__ -   Model saved at bin/2020-May-26-05:40:57/E40.pytorch
05/26/2020 06:01:10 - INFO - __main__ -   	Step	VALID	0000	6	 118.5688	 116.9649	   1.6039	 1.000
05/26/2020 06:01:14 - INFO - __main__ -   	Step	VALID	0006	6	 104.9536	 103.2544	   1.6991	 1.000
05/26/2020 06:01:16 - INFO - __main__ -   	Epoch	VALID	40	50	 106.6911	 105.0523	   1.6388	 1.000
05/26/2020 06:01:20 - INFO - __main__ -   	Step	TRAIN	0000	82	  93.9867	  92.1496	   1.8371	 1.000
05/26/2020 06:01:28 - INFO - __main__ -   	Step	TRAIN	0050	82	  92.6957	  90.9259	   1.7698	 1.000
05/26/2020 06:01:33 - INFO - __main__ -   	Step	TRAIN	0082	82	  93.5691	  91.6636	   1.9055	 1.000
05/26/2020 06:01:34 - INFO - __main__ -   	Epoch	TRAIN	41	50	  92.2101	  90.4363	   1.7738	 1.000
05/26/2020 06:01:39 - INFO - __main__ -   Model saved at bin/2020-May-26-05:40:57/E41.pytorch
05/26/2020 06:01:42 - INFO - __main__ -   	Step	VALID	0000	6	 118.6813	 117.0451	   1.6362	 1.000
05/26/2020 06:01:46 - INFO - __main__ -   	Step	VALID	0006	6	 104.8070	 103.0905	   1.7165	 1.000
05/26/2020 06:01:48 - INFO - __main__ -   	Epoch	VALID	41	50	 106.7244	 105.0578	   1.6666	 1.000
05/26/2020 06:01:52 - INFO - __main__ -   	Step	TRAIN	0000	82	  89.5958	  87.8120	   1.7838	 1.000
05/26/2020 06:01:59 - INFO - __main__ -   	Step	TRAIN	0050	82	  90.1634	  88.5044	   1.6590	 1.000
05/26/2020 06:02:04 - INFO - __main__ -   	Step	TRAIN	0082	82	  95.5617	  93.7925	   1.7692	 1.000
05/26/2020 06:02:05 - INFO - __main__ -   	Epoch	TRAIN	42	50	  91.9400	  90.1474	   1.7926	 1.000
05/26/2020 06:02:21 - INFO - __main__ -   Model saved at bin/2020-May-26-05:40:57/E42.pytorch
05/26/2020 06:02:24 - INFO - __main__ -   	Step	VALID	0000	6	 118.7106	 117.1014	   1.6092	 1.000
05/26/2020 06:02:27 - INFO - __main__ -   	Step	VALID	0006	6	 104.9470	 103.2555	   1.6915	 1.000
05/26/2020 06:02:29 - INFO - __main__ -   	Epoch	VALID	42	50	 106.7144	 105.0813	   1.6331	 1.000
05/26/2020 06:02:33 - INFO - __main__ -   	Step	TRAIN	0000	82	  89.6403	  87.8669	   1.7734	 1.000
05/26/2020 06:02:41 - INFO - __main__ -   	Step	TRAIN	0050	82	  92.0893	  90.3172	   1.7721	 1.000
05/26/2020 06:02:45 - INFO - __main__ -   	Step	TRAIN	0082	82	  88.5442	  86.7746	   1.7696	 1.000
05/26/2020 06:02:46 - INFO - __main__ -   	Epoch	TRAIN	43	50	  91.5421	  89.7306	   1.8116	 1.000
05/26/2020 06:02:56 - INFO - __main__ -   Model saved at bin/2020-May-26-05:40:57/E43.pytorch
05/26/2020 06:02:59 - INFO - __main__ -   	Step	VALID	0000	6	 118.8542	 117.2071	   1.6471	 1.000
05/26/2020 06:03:02 - INFO - __main__ -   	Step	VALID	0006	6	 104.9930	 103.2780	   1.7150	 1.000
05/26/2020 06:03:04 - INFO - __main__ -   	Epoch	VALID	43	50	 106.7880	 105.1182	   1.6698	 1.000
05/26/2020 06:03:07 - INFO - __main__ -   	Step	TRAIN	0000	82	  91.6327	  89.8707	   1.7620	 1.000
05/26/2020 06:03:15 - INFO - __main__ -   	Step	TRAIN	0050	82	  91.9515	  90.0840	   1.8675	 1.000
05/26/2020 06:03:19 - INFO - __main__ -   	Step	TRAIN	0082	82	  93.0300	  90.9939	   2.0362	 1.000
05/26/2020 06:03:21 - INFO - __main__ -   	Epoch	TRAIN	44	50	  91.3059	  89.4833	   1.8226	 1.000
05/26/2020 06:03:23 - INFO - __main__ -   Model saved at bin/2020-May-26-05:40:57/E44.pytorch
05/26/2020 06:03:27 - INFO - __main__ -   	Step	VALID	0000	6	 118.8972	 117.2203	   1.6769	 1.000
05/26/2020 06:03:30 - INFO - __main__ -   	Step	VALID	0006	6	 105.1440	 103.3829	   1.7611	 1.000
05/26/2020 06:03:32 - INFO - __main__ -   	Epoch	VALID	44	50	 106.7850	 105.0843	   1.7007	 1.000
05/26/2020 06:03:36 - INFO - __main__ -   	Step	TRAIN	0000	82	  90.8116	  88.9509	   1.8607	 1.000
05/26/2020 06:03:43 - INFO - __main__ -   	Step	TRAIN	0050	82	  92.8359	  90.9212	   1.9148	 1.000
05/26/2020 06:03:48 - INFO - __main__ -   	Step	TRAIN	0082	82	  96.1954	  94.3014	   1.8940	 1.000
05/26/2020 06:03:49 - INFO - __main__ -   	Epoch	TRAIN	45	50	  91.0598	  89.2198	   1.8400	 1.000
05/26/2020 06:03:53 - INFO - __main__ -   Model saved at bin/2020-May-26-05:40:57/E45.pytorch
05/26/2020 06:03:55 - INFO - __main__ -   	Step	VALID	0000	6	 118.9728	 117.2850	   1.6877	 1.000
05/26/2020 06:03:59 - INFO - __main__ -   	Step	VALID	0006	6	 105.2241	 103.4571	   1.7670	 1.000
05/26/2020 06:04:00 - INFO - __main__ -   	Epoch	VALID	45	50	 106.8837	 105.1715	   1.7122	 1.000
05/26/2020 06:04:05 - INFO - __main__ -   	Step	TRAIN	0000	82	  87.8742	  85.9984	   1.8758	 1.000
05/26/2020 06:04:12 - INFO - __main__ -   	Step	TRAIN	0050	82	  91.5712	  89.7652	   1.8061	 1.000
05/26/2020 06:04:17 - INFO - __main__ -   	Step	TRAIN	0082	82	  85.0351	  83.1967	   1.8383	 1.000
05/26/2020 06:04:18 - INFO - __main__ -   	Epoch	TRAIN	46	50	  90.6864	  88.8381	   1.8484	 1.000
05/26/2020 06:04:20 - INFO - __main__ -   Model saved at bin/2020-May-26-05:40:57/E46.pytorch
05/26/2020 06:04:23 - INFO - __main__ -   	Step	VALID	0000	6	 119.1795	 117.4735	   1.7060	 1.000
05/26/2020 06:04:27 - INFO - __main__ -   	Step	VALID	0006	6	 105.0480	 103.2887	   1.7593	 1.000
05/26/2020 06:04:29 - INFO - __main__ -   	Epoch	VALID	46	50	 106.8861	 105.1647	   1.7213	 1.000
05/26/2020 06:04:32 - INFO - __main__ -   	Step	TRAIN	0000	82	  89.0150	  87.1622	   1.8529	 1.000
05/26/2020 06:04:39 - INFO - __main__ -   	Step	TRAIN	0050	82	  89.3617	  87.5157	   1.8461	 1.000
05/26/2020 06:04:44 - INFO - __main__ -   	Step	TRAIN	0082	82	  82.9736	  81.1606	   1.8129	 1.000
05/26/2020 06:04:46 - INFO - __main__ -   	Epoch	TRAIN	47	50	  90.3987	  88.5408	   1.8579	 1.000
05/26/2020 06:04:49 - INFO - __main__ -   Model saved at bin/2020-May-26-05:40:57/E47.pytorch
05/26/2020 06:04:51 - INFO - __main__ -   	Step	VALID	0000	6	 119.3243	 117.5891	   1.7353	 1.000
05/26/2020 06:04:55 - INFO - __main__ -   	Step	VALID	0006	6	 105.3695	 103.5584	   1.8112	 1.000
05/26/2020 06:04:57 - INFO - __main__ -   	Epoch	VALID	47	50	 106.9956	 105.2317	   1.7639	 1.000
05/26/2020 06:05:00 - INFO - __main__ -   	Step	TRAIN	0000	82	  91.7483	  89.8782	   1.8701	 1.000
05/26/2020 06:05:08 - INFO - __main__ -   	Step	TRAIN	0050	82	  91.2291	  89.2832	   1.9459	 1.000
05/26/2020 06:05:13 - INFO - __main__ -   	Step	TRAIN	0082	82	  94.0113	  92.1326	   1.8787	 1.000
05/26/2020 06:05:14 - INFO - __main__ -   	Epoch	TRAIN	48	50	  90.2312	  88.3628	   1.8683	 1.000
05/26/2020 06:05:14 - INFO - __main__ -   Model saved at bin/2020-May-26-05:40:57/E48.pytorch
05/26/2020 06:05:18 - INFO - __main__ -   	Step	VALID	0000	6	 119.2609	 117.5479	   1.7130	 1.000
05/26/2020 06:05:21 - INFO - __main__ -   	Step	VALID	0006	6	 105.1942	 103.3969	   1.7973	 1.000
05/26/2020 06:05:23 - INFO - __main__ -   	Epoch	VALID	48	50	 107.0310	 105.2937	   1.7373	 1.000
05/26/2020 06:05:29 - INFO - __main__ -   	Step	TRAIN	0000	82	  92.8237	  90.8908	   1.9329	 1.000
05/26/2020 06:05:37 - INFO - __main__ -   	Step	TRAIN	0050	82	  91.1264	  89.1865	   1.9400	 1.000
05/26/2020 06:05:42 - INFO - __main__ -   	Step	TRAIN	0082	82	  92.3402	  90.4683	   1.8719	 1.000
05/26/2020 06:05:43 - INFO - __main__ -   	Epoch	TRAIN	49	50	  89.9214	  88.0354	   1.8860	 1.000
05/26/2020 06:05:52 - INFO - __main__ -   Model saved at bin/2020-May-26-05:40:57/E49.pytorch
05/26/2020 06:05:55 - INFO - __main__ -   	Step	VALID	0000	6	 119.4291	 117.7580	   1.6711	 1.000
05/26/2020 06:05:58 - INFO - __main__ -   	Step	VALID	0006	6	 105.1277	 103.3699	   1.7578	 1.000
05/26/2020 06:06:00 - INFO - __main__ -   	Epoch	VALID	49	50	 107.0134	 105.3014	   1.7120	 1.000
