05/26/2020 06:06:12 - INFO - __main__ -   	Step	TRAIN	0000	82	 216.4440	 216.0816	   0.3625	 1.000
05/26/2020 06:06:20 - INFO - __main__ -   	Step	TRAIN	0050	82	 143.4210	 143.4054	   0.0156	 1.000
05/26/2020 06:06:24 - INFO - __main__ -   	Step	TRAIN	0082	82	 138.1490	 138.1363	   0.0127	 1.000
05/26/2020 06:06:26 - INFO - __main__ -   	Epoch	TRAIN	00	50	 153.1227	 153.0754	   0.0473	 1.000
05/26/2020 06:06:27 - INFO - __main__ -   Model saved at bin/2020-May-26-06:06:05/E0.pytorch
05/26/2020 06:06:29 - INFO - __main__ -   	Step	VALID	0000	6	 142.2690	 142.2576	   0.0113	 1.000
05/26/2020 06:06:32 - INFO - __main__ -   	Step	VALID	0006	6	 135.2910	 135.2803	   0.0108	 1.000
05/26/2020 06:06:34 - INFO - __main__ -   	Epoch	VALID	00	50	 135.1463	 135.1349	   0.0113	 1.000
05/26/2020 06:06:37 - INFO - __main__ -   	Step	TRAIN	0000	82	 142.6411	 142.6299	   0.0112	 1.000
05/26/2020 06:06:45 - INFO - __main__ -   	Step	TRAIN	0050	82	 133.5466	 133.5370	   0.0096	 1.000
05/26/2020 06:06:49 - INFO - __main__ -   	Step	TRAIN	0082	82	 132.8309	 132.8171	   0.0139	 1.000
05/26/2020 06:06:51 - INFO - __main__ -   	Epoch	TRAIN	01	50	 134.0150	 134.0045	   0.0105	 1.000
05/26/2020 06:06:55 - INFO - __main__ -   Model saved at bin/2020-May-26-06:06:05/E1.pytorch
05/26/2020 06:06:58 - INFO - __main__ -   	Step	VALID	0000	6	 135.0773	 135.0644	   0.0130	 1.000
05/26/2020 06:07:02 - INFO - __main__ -   	Step	VALID	0006	6	 127.1963	 127.1839	   0.0124	 1.000
05/26/2020 06:07:04 - INFO - __main__ -   	Epoch	VALID	01	50	 127.4783	 127.4652	   0.0131	 1.000
05/26/2020 06:07:07 - INFO - __main__ -   	Step	TRAIN	0000	82	 133.0274	 133.0135	   0.0138	 1.000
05/26/2020 06:07:15 - INFO - __main__ -   	Step	TRAIN	0050	82	 127.0116	 126.9912	   0.0203	 1.000
05/26/2020 06:07:19 - INFO - __main__ -   	Step	TRAIN	0082	82	 128.0918	 128.0634	   0.0285	 1.000
05/26/2020 06:07:21 - INFO - __main__ -   	Epoch	TRAIN	02	50	 127.9655	 127.9458	   0.0196	 1.000
05/26/2020 06:07:26 - INFO - __main__ -   Model saved at bin/2020-May-26-06:06:05/E2.pytorch
05/26/2020 06:07:29 - INFO - __main__ -   	Step	VALID	0000	6	 131.2443	 131.2129	   0.0314	 1.000
05/26/2020 06:07:32 - INFO - __main__ -   	Step	VALID	0006	6	 122.4858	 122.4569	   0.0289	 1.000
05/26/2020 06:07:34 - INFO - __main__ -   	Epoch	VALID	02	50	 123.0607	 123.0307	   0.0301	 1.000
05/26/2020 06:07:38 - INFO - __main__ -   	Step	TRAIN	0000	82	 127.4153	 127.3862	   0.0291	 1.000
05/26/2020 06:07:45 - INFO - __main__ -   	Step	TRAIN	0050	82	 124.2769	 124.2242	   0.0527	 1.000
05/26/2020 06:07:50 - INFO - __main__ -   	Step	TRAIN	0082	82	 119.6717	 119.5872	   0.0845	 1.000
05/26/2020 06:07:51 - INFO - __main__ -   	Epoch	TRAIN	03	50	 123.9223	 123.8728	   0.0495	 1.000
05/26/2020 06:07:54 - INFO - __main__ -   Model saved at bin/2020-May-26-06:06:05/E3.pytorch
05/26/2020 06:07:57 - INFO - __main__ -   	Step	VALID	0000	6	 128.6269	 128.5236	   0.1034	 1.000
05/26/2020 06:08:01 - INFO - __main__ -   	Step	VALID	0006	6	 119.4637	 119.3826	   0.0811	 1.000
05/26/2020 06:08:03 - INFO - __main__ -   	Epoch	VALID	03	50	 120.1520	 120.0632	   0.0888	 1.000
05/26/2020 06:08:06 - INFO - __main__ -   	Step	TRAIN	0000	82	 119.7132	 119.6258	   0.0874	 1.000
05/26/2020 06:08:14 - INFO - __main__ -   	Step	TRAIN	0050	82	 119.9472	 119.6962	   0.2510	 1.000
05/26/2020 06:08:19 - INFO - __main__ -   	Step	TRAIN	0082	82	 119.9754	 119.6543	   0.3211	 1.000
05/26/2020 06:08:20 - INFO - __main__ -   	Epoch	TRAIN	04	50	 120.8914	 120.7199	   0.1716	 1.000
05/26/2020 06:08:23 - INFO - __main__ -   Model saved at bin/2020-May-26-06:06:05/E4.pytorch
05/26/2020 06:08:26 - INFO - __main__ -   	Step	VALID	0000	6	 126.6620	 126.3195	   0.3424	 1.000
05/26/2020 06:08:29 - INFO - __main__ -   	Step	VALID	0006	6	 117.0205	 116.6908	   0.3297	 1.000
05/26/2020 06:08:30 - INFO - __main__ -   	Epoch	VALID	04	50	 117.9073	 117.5488	   0.3586	 1.000
05/26/2020 06:08:34 - INFO - __main__ -   	Step	TRAIN	0000	82	 124.1729	 123.7869	   0.3860	 1.000
05/26/2020 06:08:41 - INFO - __main__ -   	Step	TRAIN	0050	82	 114.9569	 114.6217	   0.3352	 1.000
05/26/2020 06:08:46 - INFO - __main__ -   	Step	TRAIN	0082	82	 118.0611	 117.4932	   0.5679	 1.000
05/26/2020 06:08:48 - INFO - __main__ -   	Epoch	TRAIN	05	50	 118.3531	 118.0053	   0.3478	 1.000
05/26/2020 06:08:50 - INFO - __main__ -   Model saved at bin/2020-May-26-06:06:05/E5.pytorch
05/26/2020 06:08:52 - INFO - __main__ -   	Step	VALID	0000	6	 125.3656	 124.9910	   0.3746	 1.000
05/26/2020 06:08:55 - INFO - __main__ -   	Step	VALID	0006	6	 115.3227	 114.9945	   0.3282	 1.000
05/26/2020 06:08:57 - INFO - __main__ -   	Epoch	VALID	05	50	 116.2135	 115.8464	   0.3671	 1.000
05/26/2020 06:09:01 - INFO - __main__ -   	Step	TRAIN	0000	82	 114.1532	 113.7371	   0.4161	 1.000
05/26/2020 06:09:08 - INFO - __main__ -   	Step	TRAIN	0050	82	 115.9842	 115.5488	   0.4354	 1.000
05/26/2020 06:09:13 - INFO - __main__ -   	Step	TRAIN	0082	82	 115.6640	 115.2525	   0.4115	 1.000
05/26/2020 06:09:15 - INFO - __main__ -   	Epoch	TRAIN	06	50	 116.2587	 115.7999	   0.4588	 1.000
05/26/2020 06:09:15 - INFO - __main__ -   Model saved at bin/2020-May-26-06:06:05/E6.pytorch
05/26/2020 06:09:18 - INFO - __main__ -   	Step	VALID	0000	6	 124.3751	 123.9379	   0.4372	 1.000
05/26/2020 06:09:21 - INFO - __main__ -   	Step	VALID	0006	6	 114.2304	 113.8686	   0.3618	 1.000
05/26/2020 06:09:23 - INFO - __main__ -   	Epoch	VALID	06	50	 114.9454	 114.5391	   0.4063	 1.000
05/26/2020 06:09:27 - INFO - __main__ -   	Step	TRAIN	0000	82	 115.9023	 115.4264	   0.4759	 1.000
05/26/2020 06:09:34 - INFO - __main__ -   	Step	TRAIN	0050	82	 111.9296	 111.3868	   0.5428	 1.000
05/26/2020 06:09:39 - INFO - __main__ -   	Step	TRAIN	0082	82	 117.1066	 116.4604	   0.6463	 1.000
05/26/2020 06:09:40 - INFO - __main__ -   	Epoch	TRAIN	07	50	 114.4901	 113.9430	   0.5471	 1.000
05/26/2020 06:09:40 - INFO - __main__ -   Model saved at bin/2020-May-26-06:06:05/E7.pytorch
05/26/2020 06:09:43 - INFO - __main__ -   	Step	VALID	0000	6	 123.4300	 122.8998	   0.5302	 1.000
05/26/2020 06:09:46 - INFO - __main__ -   	Step	VALID	0006	6	 112.9968	 112.4801	   0.5167	 1.000
05/26/2020 06:09:48 - INFO - __main__ -   	Epoch	VALID	07	50	 113.7962	 113.2389	   0.5573	 1.000
05/26/2020 06:09:52 - INFO - __main__ -   	Step	TRAIN	0000	82	 110.5226	 109.9758	   0.5468	 1.000
05/26/2020 06:10:00 - INFO - __main__ -   	Step	TRAIN	0050	82	 109.2617	 108.5872	   0.6745	 1.000
05/26/2020 06:10:05 - INFO - __main__ -   	Step	TRAIN	0082	82	 122.3147	 121.6773	   0.6373	 1.000
05/26/2020 06:10:06 - INFO - __main__ -   	Epoch	TRAIN	08	50	 112.9953	 112.3543	   0.6410	 1.000
05/26/2020 06:10:11 - INFO - __main__ -   Model saved at bin/2020-May-26-06:06:05/E8.pytorch
05/26/2020 06:10:13 - INFO - __main__ -   	Step	VALID	0000	6	 122.6263	 122.0032	   0.6231	 1.000
05/26/2020 06:10:17 - INFO - __main__ -   	Step	VALID	0006	6	 112.0320	 111.4448	   0.5871	 1.000
05/26/2020 06:10:18 - INFO - __main__ -   	Epoch	VALID	08	50	 112.8642	 112.2401	   0.6241	 1.000
05/26/2020 06:10:22 - INFO - __main__ -   	Step	TRAIN	0000	82	 108.7881	 108.1100	   0.6780	 1.000
05/26/2020 06:10:29 - INFO - __main__ -   	Step	TRAIN	0050	82	 109.4772	 108.7755	   0.7017	 1.000
05/26/2020 06:10:34 - INFO - __main__ -   	Step	TRAIN	0082	82	 113.4844	 112.7039	   0.7805	 1.000
05/26/2020 06:10:35 - INFO - __main__ -   	Epoch	TRAIN	09	50	 111.5175	 110.7785	   0.7390	 1.000
05/26/2020 06:10:37 - INFO - __main__ -   Model saved at bin/2020-May-26-06:06:05/E9.pytorch
05/26/2020 06:10:40 - INFO - __main__ -   	Step	VALID	0000	6	 122.1329	 121.4840	   0.6489	 1.000
05/26/2020 06:10:43 - INFO - __main__ -   	Step	VALID	0006	6	 111.1980	 110.4819	   0.7162	 1.000
05/26/2020 06:10:45 - INFO - __main__ -   	Epoch	VALID	09	50	 112.0740	 111.3257	   0.7482	 1.000
05/26/2020 06:10:48 - INFO - __main__ -   	Step	TRAIN	0000	82	 111.0345	 110.2732	   0.7613	 1.000
05/26/2020 06:10:56 - INFO - __main__ -   	Step	TRAIN	0050	82	 108.0225	 107.1746	   0.8479	 1.000
05/26/2020 06:11:00 - INFO - __main__ -   	Step	TRAIN	0082	82	 109.4388	 108.5906	   0.8482	 1.000
05/26/2020 06:11:02 - INFO - __main__ -   	Epoch	TRAIN	10	50	 110.1912	 109.3398	   0.8515	 1.000
05/26/2020 06:11:03 - INFO - __main__ -   Model saved at bin/2020-May-26-06:06:05/E10.pytorch
05/26/2020 06:11:06 - INFO - __main__ -   	Step	VALID	0000	6	 121.6093	 120.8251	   0.7842	 1.000
05/26/2020 06:11:10 - INFO - __main__ -   	Step	VALID	0006	6	 110.3313	 109.4559	   0.8754	 1.000
05/26/2020 06:11:11 - INFO - __main__ -   	Epoch	VALID	10	50	 111.3264	 110.4427	   0.8837	 1.000
05/26/2020 06:11:15 - INFO - __main__ -   	Step	TRAIN	0000	82	 110.0132	 109.0527	   0.9605	 1.000
05/26/2020 06:11:23 - INFO - __main__ -   	Step	TRAIN	0050	82	 109.8402	 108.7304	   1.1098	 1.000
05/26/2020 06:11:27 - INFO - __main__ -   	Step	TRAIN	0082	82	 104.9565	 103.9675	   0.9891	 1.000
05/26/2020 06:11:29 - INFO - __main__ -   	Epoch	TRAIN	11	50	 108.9129	 107.9743	   0.9386	 1.000
05/26/2020 06:11:33 - INFO - __main__ -   Model saved at bin/2020-May-26-06:06:05/E11.pytorch
05/26/2020 06:11:36 - INFO - __main__ -   	Step	VALID	0000	6	 120.7808	 120.0145	   0.7663	 1.000
05/26/2020 06:11:40 - INFO - __main__ -   	Step	VALID	0006	6	 109.7568	 108.8732	   0.8836	 1.000
05/26/2020 06:11:41 - INFO - __main__ -   	Epoch	VALID	11	50	 110.5534	 109.6842	   0.8692	 1.000
05/26/2020 06:11:45 - INFO - __main__ -   	Step	TRAIN	0000	82	 110.7238	 109.7570	   0.9668	 1.000
05/26/2020 06:11:53 - INFO - __main__ -   	Step	TRAIN	0050	82	 107.0245	 106.0355	   0.9890	 1.000
05/26/2020 06:11:58 - INFO - __main__ -   	Step	TRAIN	0082	82	 103.8126	 102.7823	   1.0302	 1.000
05/26/2020 06:11:59 - INFO - __main__ -   	Epoch	TRAIN	12	50	 107.8109	 106.7900	   1.0209	 1.000
05/26/2020 06:12:01 - INFO - __main__ -   Model saved at bin/2020-May-26-06:06:05/E12.pytorch
05/26/2020 06:12:04 - INFO - __main__ -   	Step	VALID	0000	6	 120.6772	 119.8209	   0.8564	 1.000
05/26/2020 06:12:07 - INFO - __main__ -   	Step	VALID	0006	6	 109.1953	 108.1345	   1.0609	 1.000
05/26/2020 06:12:09 - INFO - __main__ -   	Epoch	VALID	12	50	 110.1032	 109.0836	   1.0196	 1.000
05/26/2020 06:12:12 - INFO - __main__ -   	Step	TRAIN	0000	82	 107.4357	 106.3756	   1.0601	 1.000
05/26/2020 06:12:20 - INFO - __main__ -   	Step	TRAIN	0050	82	 107.0614	 106.0583	   1.0031	 1.000
05/26/2020 06:12:25 - INFO - __main__ -   	Step	TRAIN	0082	82	 124.7666	 123.5591	   1.2075	 1.000
05/26/2020 06:12:26 - INFO - __main__ -   	Epoch	TRAIN	13	50	 107.0314	 105.9339	   1.0975	 1.000
05/26/2020 06:12:28 - INFO - __main__ -   Model saved at bin/2020-May-26-06:06:05/E13.pytorch
05/26/2020 06:12:31 - INFO - __main__ -   	Step	VALID	0000	6	 120.1888	 119.2483	   0.9405	 1.000
05/26/2020 06:12:34 - INFO - __main__ -   	Step	VALID	0006	6	 108.4479	 107.2768	   1.1711	 1.000
05/26/2020 06:12:36 - INFO - __main__ -   	Epoch	VALID	13	50	 109.5277	 108.4068	   1.1209	 1.000
05/26/2020 06:12:39 - INFO - __main__ -   	Step	TRAIN	0000	82	 107.2329	 106.0437	   1.1893	 1.000
05/26/2020 06:12:47 - INFO - __main__ -   	Step	TRAIN	0050	82	 105.9572	 104.8592	   1.0980	 1.000
05/26/2020 06:12:52 - INFO - __main__ -   	Step	TRAIN	0082	82	 111.9327	 110.9156	   1.0172	 1.000
05/26/2020 06:12:53 - INFO - __main__ -   	Epoch	TRAIN	14	50	 105.9577	 104.7993	   1.1584	 1.000
05/26/2020 06:12:55 - INFO - __main__ -   Model saved at bin/2020-May-26-06:06:05/E14.pytorch
05/26/2020 06:12:58 - INFO - __main__ -   	Step	VALID	0000	6	 120.0025	 119.0377	   0.9648	 1.000
05/26/2020 06:13:01 - INFO - __main__ -   	Step	VALID	0006	6	 108.2573	 107.1286	   1.1286	 1.000
05/26/2020 06:13:03 - INFO - __main__ -   	Epoch	VALID	14	50	 109.3015	 108.2219	   1.0796	 1.000
05/26/2020 06:13:06 - INFO - __main__ -   	Step	TRAIN	0000	82	 104.6169	 103.4753	   1.1416	 1.000
05/26/2020 06:13:13 - INFO - __main__ -   	Step	TRAIN	0050	82	 105.5300	 104.2898	   1.2401	 1.000
05/26/2020 06:13:18 - INFO - __main__ -   	Step	TRAIN	0082	82	 104.9267	 103.6667	   1.2601	 1.000
05/26/2020 06:13:20 - INFO - __main__ -   	Epoch	TRAIN	15	50	 105.0073	 103.7934	   1.2139	 1.000
05/26/2020 06:13:24 - INFO - __main__ -   Model saved at bin/2020-May-26-06:06:05/E15.pytorch
05/26/2020 06:13:27 - INFO - __main__ -   	Step	VALID	0000	6	 119.7403	 118.6846	   1.0557	 1.000
05/26/2020 06:13:31 - INFO - __main__ -   	Step	VALID	0006	6	 107.7707	 106.5151	   1.2556	 1.000
05/26/2020 06:13:33 - INFO - __main__ -   	Epoch	VALID	15	50	 108.8377	 107.6468	   1.1908	 1.000
05/26/2020 06:13:37 - INFO - __main__ -   	Step	TRAIN	0000	82	 101.3480	 100.1356	   1.2124	 1.000
05/26/2020 06:13:45 - INFO - __main__ -   	Step	TRAIN	0050	82	 105.0131	 103.7335	   1.2796	 1.000
05/26/2020 06:13:50 - INFO - __main__ -   	Step	TRAIN	0082	82	 108.5361	 107.2394	   1.2967	 1.000
05/26/2020 06:13:51 - INFO - __main__ -   	Epoch	TRAIN	16	50	 104.2510	 102.9793	   1.2717	 1.000
05/26/2020 06:13:52 - INFO - __main__ -   Model saved at bin/2020-May-26-06:06:05/E16.pytorch
05/26/2020 06:13:55 - INFO - __main__ -   	Step	VALID	0000	6	 119.3658	 118.2804	   1.0854	 1.000
05/26/2020 06:13:59 - INFO - __main__ -   	Step	VALID	0006	6	 107.3346	 106.0510	   1.2836	 1.000
05/26/2020 06:14:01 - INFO - __main__ -   	Epoch	VALID	16	50	 108.4319	 107.2145	   1.2174	 1.000
05/26/2020 06:14:06 - INFO - __main__ -   	Step	TRAIN	0000	82	  98.9306	  97.6370	   1.2935	 1.000
05/26/2020 06:14:13 - INFO - __main__ -   	Step	TRAIN	0050	82	  96.1346	  94.8502	   1.2844	 1.000
05/26/2020 06:14:18 - INFO - __main__ -   	Step	TRAIN	0082	82	 117.5127	 116.1422	   1.3705	 1.000
05/26/2020 06:14:20 - INFO - __main__ -   	Epoch	TRAIN	17	50	 103.5383	 102.2247	   1.3136	 1.000
05/26/2020 06:14:22 - INFO - __main__ -   Model saved at bin/2020-May-26-06:06:05/E17.pytorch
05/26/2020 06:14:25 - INFO - __main__ -   	Step	VALID	0000	6	 119.2631	 118.1299	   1.1332	 1.000
05/26/2020 06:14:29 - INFO - __main__ -   	Step	VALID	0006	6	 106.9322	 105.6235	   1.3086	 1.000
05/26/2020 06:14:31 - INFO - __main__ -   	Epoch	VALID	17	50	 108.2075	 106.9572	   1.2502	 1.000
05/26/2020 06:14:35 - INFO - __main__ -   	Step	TRAIN	0000	82	 106.9775	 105.5727	   1.4048	 1.000
05/26/2020 06:14:43 - INFO - __main__ -   	Step	TRAIN	0050	82	 106.0725	 104.7176	   1.3548	 1.000
05/26/2020 06:14:47 - INFO - __main__ -   	Step	TRAIN	0082	82	 100.6425	  99.2221	   1.4204	 1.000
05/26/2020 06:14:49 - INFO - __main__ -   	Epoch	TRAIN	18	50	 102.6457	 101.2608	   1.3850	 1.000
05/26/2020 06:14:49 - INFO - __main__ -   Model saved at bin/2020-May-26-06:06:05/E18.pytorch
05/26/2020 06:14:51 - INFO - __main__ -   	Step	VALID	0000	6	 119.2053	 118.0442	   1.1610	 1.000
05/26/2020 06:14:55 - INFO - __main__ -   	Step	VALID	0006	6	 106.9187	 105.5813	   1.3374	 1.000
05/26/2020 06:14:56 - INFO - __main__ -   	Epoch	VALID	18	50	 108.0191	 106.7431	   1.2760	 1.000
05/26/2020 06:15:01 - INFO - __main__ -   	Step	TRAIN	0000	82	 102.1441	 100.7468	   1.3974	 1.000
05/26/2020 06:15:11 - INFO - __main__ -   	Step	TRAIN	0050	82	 101.9084	 100.5208	   1.3876	 1.000
05/26/2020 06:15:16 - INFO - __main__ -   	Step	TRAIN	0082	82	 102.8609	 101.5726	   1.2883	 1.000
05/26/2020 06:15:17 - INFO - __main__ -   	Epoch	TRAIN	19	50	 101.9607	 100.5175	   1.4432	 1.000
05/26/2020 06:15:17 - INFO - __main__ -   Model saved at bin/2020-May-26-06:06:05/E19.pytorch
05/26/2020 06:15:21 - INFO - __main__ -   	Step	VALID	0000	6	 118.8335	 117.5660	   1.2674	 1.000
05/26/2020 06:15:24 - INFO - __main__ -   	Step	VALID	0006	6	 106.8341	 105.4064	   1.4278	 1.000
05/26/2020 06:15:26 - INFO - __main__ -   	Epoch	VALID	19	50	 107.7491	 106.3836	   1.3655	 1.000
05/26/2020 06:15:30 - INFO - __main__ -   	Step	TRAIN	0000	82	  96.6608	  95.1354	   1.5254	 1.000
05/26/2020 06:15:38 - INFO - __main__ -   	Step	TRAIN	0050	82	 104.1553	 102.5913	   1.5640	 1.000
05/26/2020 06:15:42 - INFO - __main__ -   	Step	TRAIN	0082	82	 103.8015	 102.1170	   1.6846	 1.000
05/26/2020 06:15:43 - INFO - __main__ -   	Epoch	TRAIN	20	50	 101.2711	  99.7392	   1.5320	 1.000
05/26/2020 06:15:46 - INFO - __main__ -   Model saved at bin/2020-May-26-06:06:05/E20.pytorch
05/26/2020 06:15:48 - INFO - __main__ -   	Step	VALID	0000	6	 118.7179	 117.3900	   1.3279	 1.000
05/26/2020 06:15:52 - INFO - __main__ -   	Step	VALID	0006	6	 106.5639	 105.1039	   1.4600	 1.000
05/26/2020 06:15:53 - INFO - __main__ -   	Epoch	VALID	20	50	 107.5321	 106.0985	   1.4336	 1.000
05/26/2020 06:15:58 - INFO - __main__ -   	Step	TRAIN	0000	82	  98.5370	  97.0101	   1.5270	 1.000
05/26/2020 06:16:05 - INFO - __main__ -   	Step	TRAIN	0050	82	  99.0766	  97.4535	   1.6231	 1.000
05/26/2020 06:16:10 - INFO - __main__ -   	Step	TRAIN	0082	82	 102.0912	 100.4021	   1.6891	 1.000
05/26/2020 06:16:12 - INFO - __main__ -   	Epoch	TRAIN	21	50	 100.6087	  99.0073	   1.6015	 1.000
05/26/2020 06:16:12 - INFO - __main__ -   Model saved at bin/2020-May-26-06:06:05/E21.pytorch
05/26/2020 06:16:15 - INFO - __main__ -   	Step	VALID	0000	6	 118.4806	 117.0706	   1.4100	 1.000
05/26/2020 06:16:19 - INFO - __main__ -   	Step	VALID	0006	6	 106.1919	 104.6577	   1.5342	 1.000
05/26/2020 06:16:20 - INFO - __main__ -   	Epoch	VALID	21	50	 107.3435	 105.8501	   1.4934	 1.000
05/26/2020 06:16:24 - INFO - __main__ -   	Step	TRAIN	0000	82	  99.9620	  98.3710	   1.5910	 1.000
05/26/2020 06:16:32 - INFO - __main__ -   	Step	TRAIN	0050	82	  99.5814	  97.9310	   1.6503	 1.000
05/26/2020 06:16:37 - INFO - __main__ -   	Step	TRAIN	0082	82	 102.3922	 100.4928	   1.8994	 1.000
05/26/2020 06:16:38 - INFO - __main__ -   	Epoch	TRAIN	22	50	  99.9517	  98.2798	   1.6719	 1.000
05/26/2020 06:16:40 - INFO - __main__ -   Model saved at bin/2020-May-26-06:06:05/E22.pytorch
05/26/2020 06:16:43 - INFO - __main__ -   	Step	VALID	0000	6	 118.4682	 116.9465	   1.5217	 1.000
05/26/2020 06:16:47 - INFO - __main__ -   	Step	VALID	0006	6	 106.1447	 104.4870	   1.6577	 1.000
05/26/2020 06:16:48 - INFO - __main__ -   	Epoch	VALID	22	50	 107.1936	 105.5860	   1.6075	 1.000
05/26/2020 06:16:52 - INFO - __main__ -   	Step	TRAIN	0000	82	  99.6533	  97.8836	   1.7697	 1.000
05/26/2020 06:16:59 - INFO - __main__ -   	Step	TRAIN	0050	82	 101.9400	 100.1602	   1.7798	 1.000
05/26/2020 06:17:04 - INFO - __main__ -   	Step	TRAIN	0082	82	  97.0201	  95.2621	   1.7580	 1.000
05/26/2020 06:17:05 - INFO - __main__ -   	Epoch	TRAIN	23	50	  99.3165	  97.5640	   1.7525	 1.000
05/26/2020 06:17:07 - INFO - __main__ -   Model saved at bin/2020-May-26-06:06:05/E23.pytorch
05/26/2020 06:17:11 - INFO - __main__ -   	Step	VALID	0000	6	 118.5466	 116.9003	   1.6463	 1.000
05/26/2020 06:17:14 - INFO - __main__ -   	Step	VALID	0006	6	 105.8433	 104.1200	   1.7233	 1.000
05/26/2020 06:17:16 - INFO - __main__ -   	Epoch	VALID	23	50	 107.0670	 105.3791	   1.6879	 1.000
05/26/2020 06:17:20 - INFO - __main__ -   	Step	TRAIN	0000	82	  99.4324	  97.4735	   1.9588	 1.000
05/26/2020 06:17:28 - INFO - __main__ -   	Step	TRAIN	0050	82	  92.8230	  90.9958	   1.8272	 1.000
05/26/2020 06:17:32 - INFO - __main__ -   	Step	TRAIN	0082	82	  92.2207	  90.4954	   1.7254	 1.000
05/26/2020 06:17:34 - INFO - __main__ -   	Epoch	TRAIN	24	50	  98.6848	  96.8508	   1.8340	 1.000
05/26/2020 06:17:36 - INFO - __main__ -   Model saved at bin/2020-May-26-06:06:05/E24.pytorch
05/26/2020 06:17:39 - INFO - __main__ -   	Step	VALID	0000	6	 118.3712	 116.8040	   1.5672	 1.000
05/26/2020 06:17:42 - INFO - __main__ -   	Step	VALID	0006	6	 105.5330	 103.8882	   1.6448	 1.000
05/26/2020 06:17:44 - INFO - __main__ -   	Epoch	VALID	24	50	 106.8854	 105.2660	   1.6194	 1.000
05/26/2020 06:17:48 - INFO - __main__ -   	Step	TRAIN	0000	82	  96.9860	  95.1806	   1.8054	 1.000
05/26/2020 06:17:56 - INFO - __main__ -   	Step	TRAIN	0050	82	 101.2403	  99.4386	   1.8017	 1.000
05/26/2020 06:18:01 - INFO - __main__ -   	Step	TRAIN	0082	82	  93.0491	  91.2052	   1.8439	 1.000
05/26/2020 06:18:02 - INFO - __main__ -   	Epoch	TRAIN	25	50	  98.1615	  96.2667	   1.8948	 1.000
05/26/2020 06:18:05 - INFO - __main__ -   Model saved at bin/2020-May-26-06:06:05/E25.pytorch
05/26/2020 06:18:08 - INFO - __main__ -   	Step	VALID	0000	6	 118.3384	 116.7189	   1.6195	 1.000
05/26/2020 06:18:12 - INFO - __main__ -   	Step	VALID	0006	6	 105.4749	 103.7453	   1.7296	 1.000
05/26/2020 06:18:14 - INFO - __main__ -   	Epoch	VALID	25	50	 106.8378	 105.1428	   1.6951	 1.000
05/26/2020 06:18:17 - INFO - __main__ -   	Step	TRAIN	0000	82	  96.0198	  94.1451	   1.8747	 1.000
05/26/2020 06:18:25 - INFO - __main__ -   	Step	TRAIN	0050	82	  99.3324	  97.4055	   1.9269	 1.000
05/26/2020 06:18:30 - INFO - __main__ -   	Step	TRAIN	0082	82	  97.7642	  95.9406	   1.8236	 1.000
05/26/2020 06:18:31 - INFO - __main__ -   	Epoch	TRAIN	26	50	  97.6604	  95.7303	   1.9301	 1.000
05/26/2020 06:18:32 - INFO - __main__ -   Model saved at bin/2020-May-26-06:06:05/E26.pytorch
05/26/2020 06:18:34 - INFO - __main__ -   	Step	VALID	0000	6	 118.1647	 116.4591	   1.7056	 1.000
05/26/2020 06:18:38 - INFO - __main__ -   	Step	VALID	0006	6	 105.5493	 103.7493	   1.8000	 1.000
05/26/2020 06:18:40 - INFO - __main__ -   	Epoch	VALID	26	50	 106.8058	 105.0321	   1.7737	 1.000
05/26/2020 06:18:44 - INFO - __main__ -   	Step	TRAIN	0000	82	  98.5236	  96.5352	   1.9884	 1.000
05/26/2020 06:18:51 - INFO - __main__ -   	Step	TRAIN	0050	82	  99.4234	  97.3064	   2.1170	 1.000
05/26/2020 06:18:56 - INFO - __main__ -   	Step	TRAIN	0082	82	  93.3853	  91.3476	   2.0378	 1.000
05/26/2020 06:18:58 - INFO - __main__ -   	Epoch	TRAIN	27	50	  97.1118	  95.1186	   1.9932	 1.000
05/26/2020 06:18:59 - INFO - __main__ -   Model saved at bin/2020-May-26-06:06:05/E27.pytorch
05/26/2020 06:19:02 - INFO - __main__ -   	Step	VALID	0000	6	 118.4770	 116.6957	   1.7813	 1.000
05/26/2020 06:19:05 - INFO - __main__ -   	Step	VALID	0006	6	 105.2286	 103.3725	   1.8560	 1.000
05/26/2020 06:19:07 - INFO - __main__ -   	Epoch	VALID	27	50	 106.6852	 104.8483	   1.8369	 1.000
05/26/2020 06:19:11 - INFO - __main__ -   	Step	TRAIN	0000	82	  98.2501	  96.1540	   2.0961	 1.000
05/26/2020 06:19:18 - INFO - __main__ -   	Step	TRAIN	0050	82	  99.5642	  97.3842	   2.1800	 1.000
05/26/2020 06:19:23 - INFO - __main__ -   	Step	TRAIN	0082	82	  95.7184	  93.6852	   2.0331	 1.000
05/26/2020 06:19:24 - INFO - __main__ -   	Epoch	TRAIN	28	50	  96.6476	  94.6033	   2.0443	 1.000
05/26/2020 06:19:26 - INFO - __main__ -   Model saved at bin/2020-May-26-06:06:05/E28.pytorch
05/26/2020 06:19:28 - INFO - __main__ -   	Step	VALID	0000	6	 118.3244	 116.5461	   1.7783	 1.000
05/26/2020 06:19:32 - INFO - __main__ -   	Step	VALID	0006	6	 105.3352	 103.5446	   1.7906	 1.000
05/26/2020 06:19:33 - INFO - __main__ -   	Epoch	VALID	28	50	 106.6653	 104.8669	   1.7985	 1.000
05/26/2020 06:19:37 - INFO - __main__ -   	Step	TRAIN	0000	82	  95.6365	  93.6419	   1.9946	 1.000
05/26/2020 06:19:44 - INFO - __main__ -   	Step	TRAIN	0050	82	  98.1453	  96.0107	   2.1346	 1.000
05/26/2020 06:19:49 - INFO - __main__ -   	Step	TRAIN	0082	82	  94.8179	  92.7105	   2.1074	 1.000
05/26/2020 06:19:50 - INFO - __main__ -   	Epoch	TRAIN	29	50	  96.2044	  94.1297	   2.0748	 1.000
05/26/2020 06:19:53 - INFO - __main__ -   Model saved at bin/2020-May-26-06:06:05/E29.pytorch
05/26/2020 06:19:56 - INFO - __main__ -   	Step	VALID	0000	6	 118.5486	 116.6758	   1.8727	 1.000
05/26/2020 06:20:00 - INFO - __main__ -   	Step	VALID	0006	6	 105.2456	 103.3580	   1.8877	 1.000
05/26/2020 06:20:01 - INFO - __main__ -   	Epoch	VALID	29	50	 106.6158	 104.7385	   1.8774	 1.000
05/26/2020 06:20:05 - INFO - __main__ -   	Step	TRAIN	0000	82	  95.3164	  93.2412	   2.0752	 1.000
05/26/2020 06:20:12 - INFO - __main__ -   	Step	TRAIN	0050	82	  95.3989	  93.2162	   2.1827	 1.000
05/26/2020 06:20:17 - INFO - __main__ -   	Step	TRAIN	0082	82	  86.9075	  84.8903	   2.0172	 1.000
05/26/2020 06:20:19 - INFO - __main__ -   	Epoch	TRAIN	30	50	  95.6534	  93.5464	   2.1070	 1.000
05/26/2020 06:20:19 - INFO - __main__ -   Model saved at bin/2020-May-26-06:06:05/E30.pytorch
05/26/2020 06:20:21 - INFO - __main__ -   	Step	VALID	0000	6	 118.5070	 116.6344	   1.8726	 1.000
05/26/2020 06:20:25 - INFO - __main__ -   	Step	VALID	0006	6	 105.2533	 103.3187	   1.9346	 1.000
05/26/2020 06:20:27 - INFO - __main__ -   	Epoch	VALID	30	50	 106.6356	 104.7085	   1.9271	 1.000
05/26/2020 06:20:30 - INFO - __main__ -   	Step	TRAIN	0000	82	  90.4844	  88.4612	   2.0232	 1.000
05/26/2020 06:20:38 - INFO - __main__ -   	Step	TRAIN	0050	82	  94.4989	  92.3618	   2.1371	 1.000
05/26/2020 06:20:43 - INFO - __main__ -   	Step	TRAIN	0082	82	  86.8041	  84.7559	   2.0481	 1.000
05/26/2020 06:20:44 - INFO - __main__ -   	Epoch	TRAIN	31	50	  95.2115	  93.0759	   2.1356	 1.000
05/26/2020 06:20:44 - INFO - __main__ -   Model saved at bin/2020-May-26-06:06:05/E31.pytorch
05/26/2020 06:20:47 - INFO - __main__ -   	Step	VALID	0000	6	 118.4759	 116.5742	   1.9017	 1.000
05/26/2020 06:20:51 - INFO - __main__ -   	Step	VALID	0006	6	 105.2052	 103.2808	   1.9244	 1.000
05/26/2020 06:20:53 - INFO - __main__ -   	Epoch	VALID	31	50	 106.5788	 104.6554	   1.9234	 1.000
05/26/2020 06:20:57 - INFO - __main__ -   	Step	TRAIN	0000	82	  95.8160	  93.6546	   2.1615	 1.000
05/26/2020 06:21:05 - INFO - __main__ -   	Step	TRAIN	0050	82	  90.6831	  88.6291	   2.0540	 1.000
05/26/2020 06:21:10 - INFO - __main__ -   	Step	TRAIN	0082	82	  95.1395	  93.0197	   2.1198	 1.000
05/26/2020 06:21:12 - INFO - __main__ -   	Epoch	TRAIN	32	50	  94.8994	  92.7354	   2.1640	 1.000
05/26/2020 06:21:15 - INFO - __main__ -   Model saved at bin/2020-May-26-06:06:05/E32.pytorch
05/26/2020 06:21:18 - INFO - __main__ -   	Step	VALID	0000	6	 118.4549	 116.5383	   1.9166	 1.000
05/26/2020 06:21:21 - INFO - __main__ -   	Step	VALID	0006	6	 105.1263	 103.1710	   1.9552	 1.000
05/26/2020 06:21:24 - INFO - __main__ -   	Epoch	VALID	32	50	 106.5740	 104.6331	   1.9409	 1.000
05/26/2020 06:21:28 - INFO - __main__ -   	Step	TRAIN	0000	82	  92.5283	  90.4108	   2.1174	 1.000
05/26/2020 06:21:35 - INFO - __main__ -   	Step	TRAIN	0050	82	  98.3733	  96.1512	   2.2220	 1.000
05/26/2020 06:21:40 - INFO - __main__ -   	Step	TRAIN	0082	82	 105.1861	 102.9245	   2.2616	 1.000
05/26/2020 06:21:42 - INFO - __main__ -   	Epoch	TRAIN	33	50	  94.6145	  92.4099	   2.2046	 1.000
05/26/2020 06:21:44 - INFO - __main__ -   Model saved at bin/2020-May-26-06:06:05/E33.pytorch
05/26/2020 06:21:46 - INFO - __main__ -   	Step	VALID	0000	6	 118.6339	 116.7354	   1.8985	 1.000
05/26/2020 06:21:49 - INFO - __main__ -   	Step	VALID	0006	6	 105.4122	 103.4095	   2.0027	 1.000
05/26/2020 06:21:51 - INFO - __main__ -   	Epoch	VALID	33	50	 106.6899	 104.7039	   1.9860	 1.000
05/26/2020 06:21:55 - INFO - __main__ -   	Step	TRAIN	0000	82	  93.2494	  91.0760	   2.1734	 1.000
05/26/2020 06:22:03 - INFO - __main__ -   	Step	TRAIN	0050	82	  96.9308	  94.7476	   2.1832	 1.000
05/26/2020 06:22:07 - INFO - __main__ -   	Step	TRAIN	0082	82	  99.2106	  96.9530	   2.2576	 1.000
05/26/2020 06:22:09 - INFO - __main__ -   	Epoch	TRAIN	34	50	  94.1733	  91.9529	   2.2204	 1.000
05/26/2020 06:22:09 - INFO - __main__ -   Model saved at bin/2020-May-26-06:06:05/E34.pytorch
05/26/2020 06:22:12 - INFO - __main__ -   	Step	VALID	0000	6	 118.6923	 116.7431	   1.9491	 1.000
05/26/2020 06:22:16 - INFO - __main__ -   	Step	VALID	0006	6	 105.2428	 103.2568	   1.9860	 1.000
05/26/2020 06:22:18 - INFO - __main__ -   	Epoch	VALID	34	50	 106.5689	 104.5872	   1.9817	 1.000
05/26/2020 06:22:22 - INFO - __main__ -   	Step	TRAIN	0000	82	  90.2729	  88.0871	   2.1858	 1.000
05/26/2020 06:22:30 - INFO - __main__ -   	Step	TRAIN	0050	82	  94.0319	  91.8575	   2.1744	 1.000
05/26/2020 06:22:35 - INFO - __main__ -   	Step	TRAIN	0082	82	  92.5358	  90.3363	   2.1995	 1.000
05/26/2020 06:22:36 - INFO - __main__ -   	Epoch	TRAIN	35	50	  93.7351	  91.4975	   2.2376	 1.000
05/26/2020 06:22:40 - INFO - __main__ -   Model saved at bin/2020-May-26-06:06:05/E35.pytorch
05/26/2020 06:22:42 - INFO - __main__ -   	Step	VALID	0000	6	 118.5348	 116.5180	   2.0168	 1.000
05/26/2020 06:22:46 - INFO - __main__ -   	Step	VALID	0006	6	 105.0366	 102.9895	   2.0471	 1.000
05/26/2020 06:22:47 - INFO - __main__ -   	Epoch	VALID	35	50	 106.5641	 104.5203	   2.0438	 1.000
05/26/2020 06:22:51 - INFO - __main__ -   	Step	TRAIN	0000	82	  93.4790	  91.2426	   2.2364	 1.000
05/26/2020 06:22:59 - INFO - __main__ -   	Step	TRAIN	0050	82	  94.8064	  92.5477	   2.2588	 1.000
05/26/2020 06:23:04 - INFO - __main__ -   	Step	TRAIN	0082	82	  89.6474	  87.4843	   2.1632	 1.000
05/26/2020 06:23:05 - INFO - __main__ -   	Epoch	TRAIN	36	50	  93.3445	  91.0803	   2.2642	 1.000
05/26/2020 06:23:05 - INFO - __main__ -   Model saved at bin/2020-May-26-06:06:05/E36.pytorch
05/26/2020 06:23:08 - INFO - __main__ -   	Step	VALID	0000	6	 118.5957	 116.5215	   2.0742	 1.000
05/26/2020 06:23:12 - INFO - __main__ -   	Step	VALID	0006	6	 105.1575	 103.0587	   2.0989	 1.000
05/26/2020 06:23:14 - INFO - __main__ -   	Epoch	VALID	36	50	 106.5764	 104.4961	   2.0803	 1.000
05/26/2020 06:23:17 - INFO - __main__ -   	Step	TRAIN	0000	82	  89.9021	  87.6668	   2.2353	 1.000
05/26/2020 06:23:25 - INFO - __main__ -   	Step	TRAIN	0050	82	  93.5125	  91.1748	   2.3377	 1.000
05/26/2020 06:23:30 - INFO - __main__ -   	Step	TRAIN	0082	82	  96.4872	  94.2479	   2.2393	 1.000
05/26/2020 06:23:31 - INFO - __main__ -   	Epoch	TRAIN	37	50	  93.0821	  90.7847	   2.2974	 1.000
05/26/2020 06:23:34 - INFO - __main__ -   Model saved at bin/2020-May-26-06:06:05/E37.pytorch
05/26/2020 06:23:36 - INFO - __main__ -   	Step	VALID	0000	6	 118.9096	 116.8630	   2.0466	 1.000
05/26/2020 06:23:40 - INFO - __main__ -   	Step	VALID	0006	6	 105.0243	 102.9603	   2.0641	 1.000
05/26/2020 06:23:41 - INFO - __main__ -   	Epoch	VALID	37	50	 106.6132	 104.5472	   2.0660	 1.000
05/26/2020 06:23:45 - INFO - __main__ -   	Step	TRAIN	0000	82	  93.0658	  90.7110	   2.3549	 1.000
05/26/2020 06:23:53 - INFO - __main__ -   	Step	TRAIN	0050	82	  92.8580	  90.5985	   2.2595	 1.000
05/26/2020 06:23:58 - INFO - __main__ -   	Step	TRAIN	0082	82	  93.6376	  91.2026	   2.4350	 1.000
05/26/2020 06:23:59 - INFO - __main__ -   	Epoch	TRAIN	38	50	  92.6797	  90.3810	   2.2987	 1.000
05/26/2020 06:24:00 - INFO - __main__ -   Model saved at bin/2020-May-26-06:06:05/E38.pytorch
05/26/2020 06:24:03 - INFO - __main__ -   	Step	VALID	0000	6	 118.8242	 116.7342	   2.0901	 1.000
05/26/2020 06:24:06 - INFO - __main__ -   	Step	VALID	0006	6	 105.1347	 103.0334	   2.1013	 1.000
05/26/2020 06:24:08 - INFO - __main__ -   	Epoch	VALID	38	50	 106.6597	 104.5604	   2.0993	 1.000
05/26/2020 06:24:11 - INFO - __main__ -   	Step	TRAIN	0000	82	  87.1754	  84.8326	   2.3428	 1.000
05/26/2020 06:24:19 - INFO - __main__ -   	Step	TRAIN	0050	82	  89.4289	  87.1969	   2.2320	 1.000
05/26/2020 06:24:23 - INFO - __main__ -   	Step	TRAIN	0082	82	  92.5793	  90.1989	   2.3805	 1.000
05/26/2020 06:24:25 - INFO - __main__ -   	Epoch	TRAIN	39	50	  92.3368	  90.0041	   2.3327	 1.000
05/26/2020 06:24:29 - INFO - __main__ -   Model saved at bin/2020-May-26-06:06:05/E39.pytorch
05/26/2020 06:24:31 - INFO - __main__ -   	Step	VALID	0000	6	 118.9774	 116.8651	   2.1123	 1.000
05/26/2020 06:24:34 - INFO - __main__ -   	Step	VALID	0006	6	 105.2217	 103.1191	   2.1026	 1.000
05/26/2020 06:24:36 - INFO - __main__ -   	Epoch	VALID	39	50	 106.7404	 104.6417	   2.0987	 1.000
05/26/2020 06:24:40 - INFO - __main__ -   	Step	TRAIN	0000	82	  89.8166	  87.5179	   2.2986	 1.000
05/26/2020 06:24:47 - INFO - __main__ -   	Step	TRAIN	0050	82	  94.4119	  92.0718	   2.3401	 1.000
05/26/2020 06:24:52 - INFO - __main__ -   	Step	TRAIN	0082	82	  93.3866	  91.1069	   2.2797	 1.000
05/26/2020 06:24:53 - INFO - __main__ -   	Epoch	TRAIN	40	50	  92.0451	  89.7046	   2.3406	 1.000
05/26/2020 06:24:57 - INFO - __main__ -   Model saved at bin/2020-May-26-06:06:05/E40.pytorch
05/26/2020 06:25:00 - INFO - __main__ -   	Step	VALID	0000	6	 118.9710	 116.8970	   2.0740	 1.000
05/26/2020 06:25:04 - INFO - __main__ -   	Step	VALID	0006	6	 105.3288	 103.2197	   2.1090	 1.000
05/26/2020 06:25:06 - INFO - __main__ -   	Epoch	VALID	40	50	 106.7812	 104.6905	   2.0907	 1.000
05/26/2020 06:25:10 - INFO - __main__ -   	Step	TRAIN	0000	82	  89.9181	  87.5011	   2.4170	 1.000
05/26/2020 06:25:17 - INFO - __main__ -   	Step	TRAIN	0050	82	  90.8953	  88.5949	   2.3004	 1.000
05/26/2020 06:25:22 - INFO - __main__ -   	Step	TRAIN	0082	82	  91.9976	  89.7441	   2.2535	 1.000
05/26/2020 06:25:23 - INFO - __main__ -   	Epoch	TRAIN	41	50	  91.7501	  89.3889	   2.3613	 1.000
05/26/2020 06:25:26 - INFO - __main__ -   Model saved at bin/2020-May-26-06:06:05/E41.pytorch
05/26/2020 06:25:29 - INFO - __main__ -   	Step	VALID	0000	6	 119.0141	 116.9096	   2.1045	 1.000
05/26/2020 06:25:32 - INFO - __main__ -   	Step	VALID	0006	6	 105.3458	 103.2336	   2.1123	 1.000
05/26/2020 06:25:34 - INFO - __main__ -   	Epoch	VALID	41	50	 106.7928	 104.6891	   2.1037	 1.000
05/26/2020 06:25:38 - INFO - __main__ -   	Step	TRAIN	0000	82	  92.5054	  90.1200	   2.3854	 1.000
05/26/2020 06:25:45 - INFO - __main__ -   	Step	TRAIN	0050	82	  94.2658	  91.8817	   2.3842	 1.000
05/26/2020 06:25:50 - INFO - __main__ -   	Step	TRAIN	0082	82	  90.9115	  88.3615	   2.5500	 1.000
05/26/2020 06:25:51 - INFO - __main__ -   	Epoch	TRAIN	42	50	  91.4069	  89.0357	   2.3712	 1.000
05/26/2020 06:25:54 - INFO - __main__ -   Model saved at bin/2020-May-26-06:06:05/E42.pytorch
05/26/2020 06:25:56 - INFO - __main__ -   	Step	VALID	0000	6	 119.1330	 117.0573	   2.0757	 1.000
05/26/2020 06:26:00 - INFO - __main__ -   	Step	VALID	0006	6	 105.4064	 103.2989	   2.1075	 1.000
05/26/2020 06:26:02 - INFO - __main__ -   	Epoch	VALID	42	50	 106.8642	 104.7674	   2.0968	 1.000
05/26/2020 06:26:06 - INFO - __main__ -   	Step	TRAIN	0000	82	  90.1677	  87.8025	   2.3652	 1.000
05/26/2020 06:26:13 - INFO - __main__ -   	Step	TRAIN	0050	82	  91.8218	  89.5426	   2.2792	 1.000
05/26/2020 06:26:18 - INFO - __main__ -   	Step	TRAIN	0082	82	  95.8471	  93.4174	   2.4297	 1.000
05/26/2020 06:26:20 - INFO - __main__ -   	Epoch	TRAIN	43	50	  91.1484	  88.7672	   2.3812	 1.000
05/26/2020 06:26:24 - INFO - __main__ -   Model saved at bin/2020-May-26-06:06:05/E43.pytorch
05/26/2020 06:26:27 - INFO - __main__ -   	Step	VALID	0000	6	 119.3282	 117.2004	   2.1279	 1.000
05/26/2020 06:26:30 - INFO - __main__ -   	Step	VALID	0006	6	 105.2416	 103.1153	   2.1263	 1.000
05/26/2020 06:26:32 - INFO - __main__ -   	Epoch	VALID	43	50	 106.8393	 104.7138	   2.1255	 1.000
05/26/2020 06:26:36 - INFO - __main__ -   	Step	TRAIN	0000	82	  88.2183	  85.8996	   2.3188	 1.000
05/26/2020 06:26:44 - INFO - __main__ -   	Step	TRAIN	0050	82	  90.7177	  88.3253	   2.3924	 1.000
05/26/2020 06:26:48 - INFO - __main__ -   	Step	TRAIN	0082	82	  88.3471	  85.9441	   2.4029	 1.000
05/26/2020 06:26:50 - INFO - __main__ -   	Epoch	TRAIN	44	50	  90.7943	  88.3899	   2.4043	 1.000
05/26/2020 06:26:50 - INFO - __main__ -   Model saved at bin/2020-May-26-06:06:05/E44.pytorch
05/26/2020 06:26:53 - INFO - __main__ -   	Step	VALID	0000	6	 119.4795	 117.3255	   2.1540	 1.000
05/26/2020 06:26:56 - INFO - __main__ -   	Step	VALID	0006	6	 105.1993	 103.0095	   2.1898	 1.000
05/26/2020 06:26:58 - INFO - __main__ -   	Epoch	VALID	44	50	 106.9112	 104.7431	   2.1681	 1.000
05/26/2020 06:27:03 - INFO - __main__ -   	Step	TRAIN	0000	82	  89.4326	  87.1236	   2.3090	 1.000
05/26/2020 06:27:11 - INFO - __main__ -   	Step	TRAIN	0050	82	  92.9113	  90.4002	   2.5111	 1.000
05/26/2020 06:27:16 - INFO - __main__ -   	Step	TRAIN	0082	82	  93.3271	  90.8611	   2.4660	 1.000
05/26/2020 06:27:17 - INFO - __main__ -   	Epoch	TRAIN	45	50	  90.5744	  88.1480	   2.4263	 1.000
05/26/2020 06:27:20 - INFO - __main__ -   Model saved at bin/2020-May-26-06:06:05/E45.pytorch
05/26/2020 06:27:23 - INFO - __main__ -   	Step	VALID	0000	6	 119.6935	 117.5262	   2.1673	 1.000
05/26/2020 06:27:27 - INFO - __main__ -   	Step	VALID	0006	6	 105.6896	 103.4912	   2.1984	 1.000
05/26/2020 06:27:29 - INFO - __main__ -   	Epoch	VALID	45	50	 107.1192	 104.9373	   2.1819	 1.000
05/26/2020 06:27:33 - INFO - __main__ -   	Step	TRAIN	0000	82	  88.3213	  85.9022	   2.4191	 1.000
05/26/2020 06:27:41 - INFO - __main__ -   	Step	TRAIN	0050	82	  86.3562	  83.9155	   2.4407	 1.000
05/26/2020 06:27:46 - INFO - __main__ -   	Step	TRAIN	0082	82	  87.2842	  84.8342	   2.4500	 1.000
05/26/2020 06:27:47 - INFO - __main__ -   	Epoch	TRAIN	46	50	  90.2306	  87.7811	   2.4495	 1.000
05/26/2020 06:27:48 - INFO - __main__ -   Model saved at bin/2020-May-26-06:06:05/E46.pytorch
05/26/2020 06:27:50 - INFO - __main__ -   	Step	VALID	0000	6	 119.5481	 117.3703	   2.1778	 1.000
05/26/2020 06:27:54 - INFO - __main__ -   	Step	VALID	0006	6	 105.2697	 103.0414	   2.2283	 1.000
05/26/2020 06:27:55 - INFO - __main__ -   	Epoch	VALID	46	50	 107.0598	 104.8547	   2.2050	 1.000
05/26/2020 06:28:00 - INFO - __main__ -   	Step	TRAIN	0000	82	  92.7843	  90.3419	   2.4424	 1.000
05/26/2020 06:28:07 - INFO - __main__ -   	Step	TRAIN	0050	82	  92.3516	  89.8243	   2.5273	 1.000
05/26/2020 06:28:12 - INFO - __main__ -   	Step	TRAIN	0082	82	  90.3678	  87.6325	   2.7353	 1.000
05/26/2020 06:28:13 - INFO - __main__ -   	Epoch	TRAIN	47	50	  90.0293	  87.5723	   2.4569	 1.000
05/26/2020 06:28:15 - INFO - __main__ -   Model saved at bin/2020-May-26-06:06:05/E47.pytorch
05/26/2020 06:28:19 - INFO - __main__ -   	Step	VALID	0000	6	 119.8819	 117.6540	   2.2279	 1.000
05/26/2020 06:28:22 - INFO - __main__ -   	Step	VALID	0006	6	 105.5923	 103.3395	   2.2528	 1.000
05/26/2020 06:28:24 - INFO - __main__ -   	Epoch	VALID	47	50	 107.1731	 104.9437	   2.2294	 1.000
05/26/2020 06:28:28 - INFO - __main__ -   	Step	TRAIN	0000	82	  87.9176	  85.4064	   2.5112	 1.000
05/26/2020 06:28:35 - INFO - __main__ -   	Step	TRAIN	0050	82	  88.7778	  86.3087	   2.4691	 1.000
05/26/2020 06:28:40 - INFO - __main__ -   	Step	TRAIN	0082	82	  90.0105	  87.3829	   2.6276	 1.000
05/26/2020 06:28:41 - INFO - __main__ -   	Epoch	TRAIN	48	50	  89.7405	  87.2764	   2.4641	 1.000
05/26/2020 06:28:47 - INFO - __main__ -   Model saved at bin/2020-May-26-06:06:05/E48.pytorch
05/26/2020 06:28:50 - INFO - __main__ -   	Step	VALID	0000	6	 119.7392	 117.4736	   2.2656	 1.000
05/26/2020 06:28:53 - INFO - __main__ -   	Step	VALID	0006	6	 105.5265	 103.3046	   2.2219	 1.000
05/26/2020 06:28:55 - INFO - __main__ -   	Epoch	VALID	48	50	 107.1343	 104.9158	   2.2185	 1.000
05/26/2020 06:28:59 - INFO - __main__ -   	Step	TRAIN	0000	82	  90.8758	  88.3907	   2.4851	 1.000
05/26/2020 06:29:07 - INFO - __main__ -   	Step	TRAIN	0050	82	  90.0555	  87.5445	   2.5110	 1.000
05/26/2020 06:29:11 - INFO - __main__ -   	Step	TRAIN	0082	82	  82.7295	  80.2785	   2.4510	 1.000
05/26/2020 06:29:13 - INFO - __main__ -   	Epoch	TRAIN	49	50	  89.4244	  86.9457	   2.4788	 1.000
05/26/2020 06:29:13 - INFO - __main__ -   Model saved at bin/2020-May-26-06:06:05/E49.pytorch
05/26/2020 06:29:17 - INFO - __main__ -   	Step	VALID	0000	6	 119.8441	 117.6203	   2.2238	 1.000
05/26/2020 06:29:20 - INFO - __main__ -   	Step	VALID	0006	6	 105.6257	 103.3870	   2.2387	 1.000
05/26/2020 06:29:22 - INFO - __main__ -   	Epoch	VALID	49	50	 107.2269	 105.0006	   2.2262	 1.000
