05/26/2020 06:29:34 - INFO - __main__ -   	Step	TRAIN	0000	82	 210.9664	 210.5833	   0.3831	 1.000
05/26/2020 06:29:42 - INFO - __main__ -   	Step	TRAIN	0050	82	 141.7053	 141.4553	   0.2500	 1.000
05/26/2020 06:29:47 - INFO - __main__ -   	Step	TRAIN	0082	82	 137.4384	 135.9146	   1.5238	 1.000
05/26/2020 06:29:48 - INFO - __main__ -   	Epoch	TRAIN	00	50	 152.6678	 152.4005	   0.2673	 1.000
05/26/2020 06:29:58 - INFO - __main__ -   Model saved at bin/2020-May-26-06:29:27/E0.pytorch
05/26/2020 06:30:01 - INFO - __main__ -   	Step	VALID	0000	6	 142.1735	 141.9235	   0.2500	 1.000
05/26/2020 06:30:04 - INFO - __main__ -   	Step	VALID	0006	6	 135.1930	 134.7635	   0.4295	 1.000
05/26/2020 06:30:06 - INFO - __main__ -   	Epoch	VALID	00	50	 135.0087	 134.7330	   0.2756	 1.000
05/26/2020 06:30:10 - INFO - __main__ -   	Step	TRAIN	0000	82	 139.6565	 139.4065	   0.2500	 1.000
05/26/2020 06:30:17 - INFO - __main__ -   	Step	TRAIN	0050	82	 134.8767	 134.6267	   0.2500	 1.000
05/26/2020 06:30:22 - INFO - __main__ -   	Step	TRAIN	0082	82	 133.2004	 131.6766	   1.5238	 1.000
05/26/2020 06:30:23 - INFO - __main__ -   	Epoch	TRAIN	01	50	 133.8677	 133.6023	   0.2653	 1.000
05/26/2020 06:30:26 - INFO - __main__ -   Model saved at bin/2020-May-26-06:29:27/E1.pytorch
05/26/2020 06:30:29 - INFO - __main__ -   	Step	VALID	0000	6	 135.1561	 134.9061	   0.2500	 1.000
05/26/2020 06:30:32 - INFO - __main__ -   	Step	VALID	0006	6	 127.1315	 126.7020	   0.4295	 1.000
05/26/2020 06:30:34 - INFO - __main__ -   	Epoch	VALID	01	50	 127.3949	 127.1192	   0.2756	 1.000
05/26/2020 06:30:37 - INFO - __main__ -   	Step	TRAIN	0000	82	 132.4547	 132.2047	   0.2500	 1.000
05/26/2020 06:30:45 - INFO - __main__ -   	Step	TRAIN	0050	82	 129.0316	 128.7816	   0.2500	 1.000
05/26/2020 06:30:49 - INFO - __main__ -   	Step	TRAIN	0082	82	 129.6522	 128.1284	   1.5238	 1.000
05/26/2020 06:30:51 - INFO - __main__ -   	Epoch	TRAIN	02	50	 127.9717	 127.7063	   0.2653	 1.000
05/26/2020 06:30:56 - INFO - __main__ -   Model saved at bin/2020-May-26-06:29:27/E2.pytorch
05/26/2020 06:30:59 - INFO - __main__ -   	Step	VALID	0000	6	 131.4141	 131.1641	   0.2500	 1.000
05/26/2020 06:31:03 - INFO - __main__ -   	Step	VALID	0006	6	 122.5552	 122.1257	   0.4295	 1.000
05/26/2020 06:31:05 - INFO - __main__ -   	Epoch	VALID	02	50	 123.1391	 122.8635	   0.2756	 1.000
05/26/2020 06:31:09 - INFO - __main__ -   	Step	TRAIN	0000	82	 124.1432	 123.8932	   0.2500	 1.000
05/26/2020 06:31:16 - INFO - __main__ -   	Step	TRAIN	0050	82	 123.6655	 123.4155	   0.2500	 1.000
05/26/2020 06:31:21 - INFO - __main__ -   	Step	TRAIN	0082	82	 120.2377	 118.7139	   1.5238	 1.000
05/26/2020 06:31:23 - INFO - __main__ -   	Epoch	TRAIN	03	50	 123.8954	 123.6301	   0.2653	 1.000
05/26/2020 06:31:32 - INFO - __main__ -   Model saved at bin/2020-May-26-06:29:27/E3.pytorch
05/26/2020 06:31:35 - INFO - __main__ -   	Step	VALID	0000	6	 128.7830	 128.5330	   0.2500	 1.000
05/26/2020 06:31:38 - INFO - __main__ -   	Step	VALID	0006	6	 119.1621	 118.7326	   0.4295	 1.000
05/26/2020 06:31:40 - INFO - __main__ -   	Epoch	VALID	03	50	 120.0938	 119.8181	   0.2756	 1.000
05/26/2020 06:31:44 - INFO - __main__ -   	Step	TRAIN	0000	82	 126.0729	 125.8229	   0.2500	 1.000
05/26/2020 06:31:51 - INFO - __main__ -   	Step	TRAIN	0050	82	 120.8802	 120.5345	   0.3457	 1.000
05/26/2020 06:31:56 - INFO - __main__ -   	Step	TRAIN	0082	82	 130.2448	 128.7209	   1.5238	 1.000
05/26/2020 06:31:57 - INFO - __main__ -   	Epoch	TRAIN	04	50	 120.8243	 120.5034	   0.3209	 1.000
05/26/2020 06:32:03 - INFO - __main__ -   Model saved at bin/2020-May-26-06:29:27/E4.pytorch
05/26/2020 06:32:06 - INFO - __main__ -   	Step	VALID	0000	6	 126.6398	 126.3555	   0.2843	 1.000
05/26/2020 06:32:10 - INFO - __main__ -   	Step	VALID	0006	6	 116.7906	 116.3611	   0.4295	 1.000
05/26/2020 06:32:11 - INFO - __main__ -   	Epoch	VALID	04	50	 117.7480	 117.4006	   0.3475	 1.000
05/26/2020 06:32:16 - INFO - __main__ -   	Step	TRAIN	0000	82	 116.6475	 116.2998	   0.3477	 1.000
05/26/2020 06:32:23 - INFO - __main__ -   	Step	TRAIN	0050	82	 115.6484	 115.2376	   0.4108	 1.000
05/26/2020 06:32:28 - INFO - __main__ -   	Step	TRAIN	0082	82	 109.7985	 108.2747	   1.5238	 1.000
05/26/2020 06:32:30 - INFO - __main__ -   	Epoch	TRAIN	05	50	 118.1727	 117.7371	   0.4356	 1.000
05/26/2020 06:32:31 - INFO - __main__ -   Model saved at bin/2020-May-26-06:29:27/E5.pytorch
05/26/2020 06:32:34 - INFO - __main__ -   	Step	VALID	0000	6	 125.2177	 124.8362	   0.3814	 1.000
05/26/2020 06:32:38 - INFO - __main__ -   	Step	VALID	0006	6	 114.9594	 114.5299	   0.4295	 1.000
05/26/2020 06:32:40 - INFO - __main__ -   	Epoch	VALID	05	50	 116.0636	 115.6559	   0.4078	 1.000
05/26/2020 06:32:44 - INFO - __main__ -   	Step	TRAIN	0000	82	 116.1489	 115.7455	   0.4034	 1.000
05/26/2020 06:32:52 - INFO - __main__ -   	Step	TRAIN	0050	82	 117.1549	 116.6771	   0.4778	 1.000
05/26/2020 06:32:57 - INFO - __main__ -   	Step	TRAIN	0082	82	 122.8800	 121.3562	   1.5238	 1.000
05/26/2020 06:32:58 - INFO - __main__ -   	Epoch	TRAIN	06	50	 116.2649	 115.7589	   0.5060	 1.000
05/26/2020 06:33:03 - INFO - __main__ -   Model saved at bin/2020-May-26-06:29:27/E6.pytorch
05/26/2020 06:33:05 - INFO - __main__ -   	Step	VALID	0000	6	 124.1889	 123.6521	   0.5368	 1.000
05/26/2020 06:33:09 - INFO - __main__ -   	Step	VALID	0006	6	 113.5522	 113.0660	   0.4862	 1.000
05/26/2020 06:33:11 - INFO - __main__ -   	Epoch	VALID	06	50	 114.7372	 114.2151	   0.5221	 1.000
05/26/2020 06:33:14 - INFO - __main__ -   	Step	TRAIN	0000	82	 113.2592	 112.6551	   0.6041	 1.000
05/26/2020 06:33:22 - INFO - __main__ -   	Step	TRAIN	0050	82	 114.1916	 113.6529	   0.5387	 1.000
05/26/2020 06:33:26 - INFO - __main__ -   	Step	TRAIN	0082	82	 115.7954	 114.2716	   1.5238	 1.000
05/26/2020 06:33:28 - INFO - __main__ -   	Epoch	TRAIN	07	50	 114.4714	 113.9051	   0.5663	 1.000
05/26/2020 06:33:31 - INFO - __main__ -   Model saved at bin/2020-May-26-06:29:27/E7.pytorch
05/26/2020 06:33:34 - INFO - __main__ -   	Step	VALID	0000	6	 123.3502	 122.8087	   0.5415	 1.000
05/26/2020 06:33:38 - INFO - __main__ -   	Step	VALID	0006	6	 112.4676	 111.9924	   0.4751	 1.000
05/26/2020 06:33:40 - INFO - __main__ -   	Epoch	VALID	07	50	 113.6633	 113.1472	   0.5161	 1.000
05/26/2020 06:33:44 - INFO - __main__ -   	Step	TRAIN	0000	82	 111.8886	 111.2956	   0.5930	 1.000
05/26/2020 06:33:52 - INFO - __main__ -   	Step	TRAIN	0050	82	 110.6427	 109.9981	   0.6446	 1.000
05/26/2020 06:33:57 - INFO - __main__ -   	Step	TRAIN	0082	82	 129.3829	 127.8591	   1.5238	 1.000
05/26/2020 06:33:58 - INFO - __main__ -   	Epoch	TRAIN	08	50	 113.0511	 112.4144	   0.6367	 1.000
05/26/2020 06:33:59 - INFO - __main__ -   Model saved at bin/2020-May-26-06:29:27/E8.pytorch
05/26/2020 06:34:01 - INFO - __main__ -   	Step	VALID	0000	6	 122.4900	 121.9581	   0.5320	 1.000
05/26/2020 06:34:05 - INFO - __main__ -   	Step	VALID	0006	6	 111.6686	 111.1894	   0.4792	 1.000
05/26/2020 06:34:06 - INFO - __main__ -   	Epoch	VALID	08	50	 112.6737	 112.1620	   0.5118	 1.000
05/26/2020 06:34:10 - INFO - __main__ -   	Step	TRAIN	0000	82	 112.1150	 111.5289	   0.5861	 1.000
05/26/2020 06:34:18 - INFO - __main__ -   	Step	TRAIN	0050	82	 109.3859	 108.7064	   0.6795	 1.000
05/26/2020 06:34:23 - INFO - __main__ -   	Step	TRAIN	0082	82	 109.3729	 107.8491	   1.5238	 1.000
05/26/2020 06:34:24 - INFO - __main__ -   	Epoch	TRAIN	09	50	 111.4176	 110.6954	   0.7222	 1.000
05/26/2020 06:34:28 - INFO - __main__ -   Model saved at bin/2020-May-26-06:29:27/E9.pytorch
05/26/2020 06:34:31 - INFO - __main__ -   	Step	VALID	0000	6	 121.8955	 121.2184	   0.6771	 1.000
05/26/2020 06:34:34 - INFO - __main__ -   	Step	VALID	0006	6	 110.6686	 110.0419	   0.6267	 1.000
05/26/2020 06:34:36 - INFO - __main__ -   	Epoch	VALID	09	50	 111.8264	 111.1690	   0.6574	 1.000
05/26/2020 06:34:40 - INFO - __main__ -   	Step	TRAIN	0000	82	 107.1293	 106.3516	   0.7777	 1.000
05/26/2020 06:34:48 - INFO - __main__ -   	Step	TRAIN	0050	82	 115.6082	 114.7082	   0.9000	 1.000
05/26/2020 06:34:53 - INFO - __main__ -   	Step	TRAIN	0082	82	 108.5649	 107.0411	   1.5238	 1.000
05/26/2020 06:34:55 - INFO - __main__ -   	Epoch	TRAIN	10	50	 110.1238	 109.2993	   0.8245	 1.000
05/26/2020 06:35:01 - INFO - __main__ -   Model saved at bin/2020-May-26-06:29:27/E10.pytorch
05/26/2020 06:35:03 - INFO - __main__ -   	Step	VALID	0000	6	 121.4983	 120.6963	   0.8020	 1.000
05/26/2020 06:35:07 - INFO - __main__ -   	Step	VALID	0006	6	 109.9231	 109.1615	   0.7616	 1.000
05/26/2020 06:35:09 - INFO - __main__ -   	Epoch	VALID	10	50	 111.1808	 110.3888	   0.7919	 1.000
05/26/2020 06:35:12 - INFO - __main__ -   	Step	TRAIN	0000	82	 113.2480	 112.3698	   0.8782	 1.000
05/26/2020 06:35:19 - INFO - __main__ -   	Step	TRAIN	0050	82	 107.9015	 106.9953	   0.9062	 1.000
05/26/2020 06:35:24 - INFO - __main__ -   	Step	TRAIN	0082	82	 111.6787	 110.1549	   1.5238	 1.000
05/26/2020 06:35:26 - INFO - __main__ -   	Epoch	TRAIN	11	50	 108.9402	 108.0220	   0.9182	 1.000
05/26/2020 06:35:29 - INFO - __main__ -   Model saved at bin/2020-May-26-06:29:27/E11.pytorch
05/26/2020 06:35:32 - INFO - __main__ -   	Step	VALID	0000	6	 120.7830	 119.9028	   0.8802	 1.000
05/26/2020 06:35:35 - INFO - __main__ -   	Step	VALID	0006	6	 109.3788	 108.5951	   0.7837	 1.000
05/26/2020 06:35:37 - INFO - __main__ -   	Epoch	VALID	11	50	 110.5280	 109.7099	   0.8181	 1.000
05/26/2020 06:35:41 - INFO - __main__ -   	Step	TRAIN	0000	82	 103.7719	 102.8526	   0.9193	 1.000
05/26/2020 06:35:49 - INFO - __main__ -   	Step	TRAIN	0050	82	 106.8264	 105.8058	   1.0206	 1.000
05/26/2020 06:35:54 - INFO - __main__ -   	Step	TRAIN	0082	82	 111.5437	 110.0199	   1.5238	 1.000
05/26/2020 06:35:55 - INFO - __main__ -   	Epoch	TRAIN	12	50	 107.8428	 106.8521	   0.9907	 1.000
05/26/2020 06:36:05 - INFO - __main__ -   Model saved at bin/2020-May-26-06:29:27/E12.pytorch
05/26/2020 06:36:07 - INFO - __main__ -   	Step	VALID	0000	6	 120.3337	 119.4021	   0.9316	 1.000
05/26/2020 06:36:11 - INFO - __main__ -   	Step	VALID	0006	6	 108.6727	 107.8163	   0.8564	 1.000
05/26/2020 06:36:12 - INFO - __main__ -   	Epoch	VALID	12	50	 109.9432	 109.0472	   0.8960	 1.000
05/26/2020 06:36:16 - INFO - __main__ -   	Step	TRAIN	0000	82	 104.0754	 103.0410	   1.0343	 1.000
05/26/2020 06:36:24 - INFO - __main__ -   	Step	TRAIN	0050	82	 105.3771	 104.3661	   1.0110	 1.000
05/26/2020 06:36:29 - INFO - __main__ -   	Step	TRAIN	0082	82	 113.0025	 111.4787	   1.5238	 1.000
05/26/2020 06:36:30 - INFO - __main__ -   	Epoch	TRAIN	13	50	 106.8490	 105.7847	   1.0642	 1.000
05/26/2020 06:36:35 - INFO - __main__ -   Model saved at bin/2020-May-26-06:29:27/E13.pytorch
05/26/2020 06:36:38 - INFO - __main__ -   	Step	VALID	0000	6	 119.9932	 118.9580	   1.0352	 1.000
05/26/2020 06:36:41 - INFO - __main__ -   	Step	VALID	0006	6	 108.3116	 107.3694	   0.9422	 1.000
05/26/2020 06:36:43 - INFO - __main__ -   	Epoch	VALID	13	50	 109.5179	 108.5403	   0.9776	 1.000
05/26/2020 06:36:47 - INFO - __main__ -   	Step	TRAIN	0000	82	 105.6089	 104.5135	   1.0954	 1.000
05/26/2020 06:36:54 - INFO - __main__ -   	Step	TRAIN	0050	82	 105.5548	 104.3748	   1.1800	 1.000
05/26/2020 06:36:59 - INFO - __main__ -   	Step	TRAIN	0082	82	 109.5185	 107.9947	   1.5238	 1.000
05/26/2020 06:37:00 - INFO - __main__ -   	Epoch	TRAIN	14	50	 105.9069	 104.7904	   1.1164	 1.000
05/26/2020 06:37:10 - INFO - __main__ -   Model saved at bin/2020-May-26-06:29:27/E14.pytorch
05/26/2020 06:37:12 - INFO - __main__ -   	Step	VALID	0000	6	 119.5112	 118.4443	   1.0669	 1.000
05/26/2020 06:37:16 - INFO - __main__ -   	Step	VALID	0006	6	 107.9614	 106.9939	   0.9675	 1.000
05/26/2020 06:37:17 - INFO - __main__ -   	Epoch	VALID	14	50	 109.0522	 108.0468	   1.0055	 1.000
05/26/2020 06:37:21 - INFO - __main__ -   	Step	TRAIN	0000	82	 106.0824	 104.9308	   1.1516	 1.000
05/26/2020 06:37:29 - INFO - __main__ -   	Step	TRAIN	0050	82	  99.3182	  98.1598	   1.1584	 1.000
05/26/2020 06:37:33 - INFO - __main__ -   	Step	TRAIN	0082	82	 103.8536	 102.3298	   1.5238	 1.000
05/26/2020 06:37:35 - INFO - __main__ -   	Epoch	TRAIN	15	50	 104.9454	 103.7649	   1.1805	 1.000
05/26/2020 06:37:38 - INFO - __main__ -   Model saved at bin/2020-May-26-06:29:27/E15.pytorch
05/26/2020 06:37:41 - INFO - __main__ -   	Step	VALID	0000	6	 119.5000	 118.3927	   1.1073	 1.000
05/26/2020 06:37:44 - INFO - __main__ -   	Step	VALID	0006	6	 107.5272	 106.5231	   1.0042	 1.000
05/26/2020 06:37:46 - INFO - __main__ -   	Epoch	VALID	15	50	 108.6897	 107.6540	   1.0357	 1.000
05/26/2020 06:37:49 - INFO - __main__ -   	Step	TRAIN	0000	82	 108.7127	 107.5340	   1.1787	 1.000
05/26/2020 06:37:57 - INFO - __main__ -   	Step	TRAIN	0050	82	 101.2437	  99.9871	   1.2567	 1.000
05/26/2020 06:38:02 - INFO - __main__ -   	Step	TRAIN	0082	82	 100.2874	  98.7636	   1.5238	 1.000
05/26/2020 06:38:03 - INFO - __main__ -   	Epoch	TRAIN	16	50	 104.0756	 102.8415	   1.2341	 1.000
05/26/2020 06:38:07 - INFO - __main__ -   Model saved at bin/2020-May-26-06:29:27/E16.pytorch
05/26/2020 06:38:09 - INFO - __main__ -   	Step	VALID	0000	6	 119.2720	 118.0574	   1.2146	 1.000
05/26/2020 06:38:13 - INFO - __main__ -   	Step	VALID	0006	6	 107.3307	 106.2181	   1.1125	 1.000
05/26/2020 06:38:14 - INFO - __main__ -   	Epoch	VALID	16	50	 108.4912	 107.3471	   1.1441	 1.000
05/26/2020 06:38:18 - INFO - __main__ -   	Step	TRAIN	0000	82	 103.6392	 102.4021	   1.2371	 1.000
05/26/2020 06:38:25 - INFO - __main__ -   	Step	TRAIN	0050	82	 104.2410	 102.9141	   1.3269	 1.000
05/26/2020 06:38:30 - INFO - __main__ -   	Step	TRAIN	0082	82	 109.7519	 108.2281	   1.5238	 1.000
05/26/2020 06:38:31 - INFO - __main__ -   	Epoch	TRAIN	17	50	 103.3832	 102.0979	   1.2853	 1.000
05/26/2020 06:38:44 - INFO - __main__ -   Model saved at bin/2020-May-26-06:29:27/E17.pytorch
05/26/2020 06:38:47 - INFO - __main__ -   	Step	VALID	0000	6	 119.0474	 117.7991	   1.2482	 1.000
05/26/2020 06:38:50 - INFO - __main__ -   	Step	VALID	0006	6	 107.1364	 106.0292	   1.1071	 1.000
05/26/2020 06:38:52 - INFO - __main__ -   	Epoch	VALID	17	50	 108.1615	 107.0184	   1.1432	 1.000
05/26/2020 06:38:56 - INFO - __main__ -   	Step	TRAIN	0000	82	 100.4054	  99.1010	   1.3044	 1.000
05/26/2020 06:39:04 - INFO - __main__ -   	Step	TRAIN	0050	82	 100.5753	  99.2114	   1.3639	 1.000
05/26/2020 06:39:08 - INFO - __main__ -   	Step	TRAIN	0082	82	 105.0635	 103.5397	   1.5238	 1.000
05/26/2020 06:39:10 - INFO - __main__ -   	Epoch	TRAIN	18	50	 102.5762	 101.2207	   1.3555	 1.000
05/26/2020 06:39:13 - INFO - __main__ -   Model saved at bin/2020-May-26-06:29:27/E18.pytorch
05/26/2020 06:39:16 - INFO - __main__ -   	Step	VALID	0000	6	 118.8078	 117.5437	   1.2641	 1.000
05/26/2020 06:39:19 - INFO - __main__ -   	Step	VALID	0006	6	 106.6898	 105.4971	   1.1927	 1.000
05/26/2020 06:39:21 - INFO - __main__ -   	Epoch	VALID	18	50	 107.9124	 106.6883	   1.2241	 1.000
05/26/2020 06:39:25 - INFO - __main__ -   	Step	TRAIN	0000	82	 103.5870	 102.1502	   1.4368	 1.000
05/26/2020 06:39:33 - INFO - __main__ -   	Step	TRAIN	0050	82	  99.5302	  98.0219	   1.5083	 1.000
05/26/2020 06:39:38 - INFO - __main__ -   	Step	TRAIN	0082	82	 104.7109	 103.1871	   1.5238	 1.000
05/26/2020 06:39:39 - INFO - __main__ -   	Epoch	TRAIN	19	50	 101.8639	 100.4507	   1.4131	 1.000
05/26/2020 06:39:43 - INFO - __main__ -   Model saved at bin/2020-May-26-06:29:27/E19.pytorch
05/26/2020 06:39:47 - INFO - __main__ -   	Step	VALID	0000	6	 118.6273	 117.3403	   1.2870	 1.000
05/26/2020 06:39:51 - INFO - __main__ -   	Step	VALID	0006	6	 106.3377	 105.1647	   1.1730	 1.000
05/26/2020 06:39:53 - INFO - __main__ -   	Epoch	VALID	19	50	 107.5640	 106.3572	   1.2068	 1.000
05/26/2020 06:39:57 - INFO - __main__ -   	Step	TRAIN	0000	82	  97.4349	  96.0342	   1.4007	 1.000
05/26/2020 06:40:05 - INFO - __main__ -   	Step	TRAIN	0050	82	 104.9272	 103.4356	   1.4917	 1.000
05/26/2020 06:40:10 - INFO - __main__ -   	Step	TRAIN	0082	82	 102.6647	 101.1409	   1.5238	 1.000
05/26/2020 06:40:11 - INFO - __main__ -   	Epoch	TRAIN	20	50	 101.1879	  99.7300	   1.4579	 1.000
05/26/2020 06:40:16 - INFO - __main__ -   Model saved at bin/2020-May-26-06:29:27/E20.pytorch
05/26/2020 06:40:19 - INFO - __main__ -   	Step	VALID	0000	6	 118.4484	 117.1097	   1.3386	 1.000
05/26/2020 06:40:23 - INFO - __main__ -   	Step	VALID	0006	6	 106.2759	 105.0693	   1.2066	 1.000
05/26/2020 06:40:24 - INFO - __main__ -   	Epoch	VALID	20	50	 107.4285	 106.1844	   1.2441	 1.000
05/26/2020 06:40:28 - INFO - __main__ -   	Step	TRAIN	0000	82	 101.3123	  99.8325	   1.4798	 1.000
05/26/2020 06:40:36 - INFO - __main__ -   	Step	TRAIN	0050	82	 106.0308	 104.4735	   1.5573	 1.000
05/26/2020 06:40:41 - INFO - __main__ -   	Step	TRAIN	0082	82	  97.1324	  95.4609	   1.6715	 1.000
05/26/2020 06:40:42 - INFO - __main__ -   	Epoch	TRAIN	21	50	 100.4741	  98.9642	   1.5099	 1.000
05/26/2020 06:40:42 - INFO - __main__ -   Model saved at bin/2020-May-26-06:29:27/E21.pytorch
05/26/2020 06:40:45 - INFO - __main__ -   	Step	VALID	0000	6	 118.2982	 116.9218	   1.3764	 1.000
05/26/2020 06:40:49 - INFO - __main__ -   	Step	VALID	0006	6	 106.2342	 104.9879	   1.2463	 1.000
05/26/2020 06:40:51 - INFO - __main__ -   	Epoch	VALID	21	50	 107.2697	 105.9724	   1.2972	 1.000
05/26/2020 06:40:54 - INFO - __main__ -   	Step	TRAIN	0000	82	 105.8103	 104.2452	   1.5651	 1.000
05/26/2020 06:41:02 - INFO - __main__ -   	Step	TRAIN	0050	82	 102.8308	 101.2379	   1.5929	 1.000
05/26/2020 06:41:07 - INFO - __main__ -   	Step	TRAIN	0082	82	 102.3715	 100.7390	   1.6325	 1.000
05/26/2020 06:41:08 - INFO - __main__ -   	Epoch	TRAIN	22	50	  99.8954	  98.3487	   1.5467	 1.000
05/26/2020 06:41:11 - INFO - __main__ -   Model saved at bin/2020-May-26-06:29:27/E22.pytorch
05/26/2020 06:41:14 - INFO - __main__ -   	Step	VALID	0000	6	 118.3784	 116.9339	   1.4444	 1.000
05/26/2020 06:41:17 - INFO - __main__ -   	Step	VALID	0006	6	 105.9732	 104.6195	   1.3537	 1.000
05/26/2020 06:41:19 - INFO - __main__ -   	Epoch	VALID	22	50	 107.1829	 105.8069	   1.3761	 1.000
05/26/2020 06:41:22 - INFO - __main__ -   	Step	TRAIN	0000	82	 102.5772	 100.9758	   1.6013	 1.000
05/26/2020 06:41:30 - INFO - __main__ -   	Step	TRAIN	0050	82	 102.2525	 100.6742	   1.5784	 1.000
05/26/2020 06:41:35 - INFO - __main__ -   	Step	TRAIN	0082	82	  90.9743	  89.4505	   1.5238	 1.000
05/26/2020 06:41:36 - INFO - __main__ -   	Epoch	TRAIN	23	50	  99.1950	  97.6145	   1.5805	 1.000
05/26/2020 06:41:42 - INFO - __main__ -   Model saved at bin/2020-May-26-06:29:27/E23.pytorch
05/26/2020 06:41:44 - INFO - __main__ -   	Step	VALID	0000	6	 118.0971	 116.6504	   1.4467	 1.000
05/26/2020 06:41:48 - INFO - __main__ -   	Step	VALID	0006	6	 105.6648	 104.3558	   1.3090	 1.000
05/26/2020 06:41:49 - INFO - __main__ -   	Epoch	VALID	23	50	 106.9326	 105.5691	   1.3636	 1.000
05/26/2020 06:41:53 - INFO - __main__ -   	Step	TRAIN	0000	82	  98.9347	  97.4269	   1.5078	 1.000
05/26/2020 06:42:01 - INFO - __main__ -   	Step	TRAIN	0050	82	  99.5899	  97.9885	   1.6014	 1.000
05/26/2020 06:42:06 - INFO - __main__ -   	Step	TRAIN	0082	82	  98.2768	  96.6025	   1.6743	 1.000
05/26/2020 06:42:07 - INFO - __main__ -   	Epoch	TRAIN	24	50	  98.7280	  97.1112	   1.6168	 1.000
05/26/2020 06:42:12 - INFO - __main__ -   Model saved at bin/2020-May-26-06:29:27/E24.pytorch
05/26/2020 06:42:15 - INFO - __main__ -   	Step	VALID	0000	6	 118.1174	 116.5875	   1.5299	 1.000
05/26/2020 06:42:18 - INFO - __main__ -   	Step	VALID	0006	6	 105.7136	 104.2737	   1.4400	 1.000
05/26/2020 06:42:20 - INFO - __main__ -   	Epoch	VALID	24	50	 106.8894	 105.4229	   1.4665	 1.000
05/26/2020 06:42:24 - INFO - __main__ -   	Step	TRAIN	0000	82	 101.2780	  99.6442	   1.6338	 1.000
05/26/2020 06:42:31 - INFO - __main__ -   	Step	TRAIN	0050	82	  97.9676	  96.2991	   1.6685	 1.000
05/26/2020 06:42:36 - INFO - __main__ -   	Step	TRAIN	0082	82	  93.1285	  91.5170	   1.6115	 1.000
05/26/2020 06:42:38 - INFO - __main__ -   	Epoch	TRAIN	25	50	  98.1383	  96.4861	   1.6522	 1.000
05/26/2020 06:42:41 - INFO - __main__ -   Model saved at bin/2020-May-26-06:29:27/E25.pytorch
05/26/2020 06:42:44 - INFO - __main__ -   	Step	VALID	0000	6	 118.1243	 116.5313	   1.5930	 1.000
05/26/2020 06:42:47 - INFO - __main__ -   	Step	VALID	0006	6	 105.3911	 103.9421	   1.4490	 1.000
05/26/2020 06:42:49 - INFO - __main__ -   	Epoch	VALID	25	50	 106.8227	 105.3363	   1.4864	 1.000
05/26/2020 06:42:53 - INFO - __main__ -   	Step	TRAIN	0000	82	  97.2053	  95.4619	   1.7435	 1.000
05/26/2020 06:43:00 - INFO - __main__ -   	Step	TRAIN	0050	82	  99.0739	  97.3764	   1.6975	 1.000
05/26/2020 06:43:05 - INFO - __main__ -   	Step	TRAIN	0082	82	  86.9548	  85.2111	   1.7438	 1.000
05/26/2020 06:43:07 - INFO - __main__ -   	Epoch	TRAIN	26	50	  97.5523	  95.8678	   1.6845	 1.000
05/26/2020 06:43:12 - INFO - __main__ -   Model saved at bin/2020-May-26-06:29:27/E26.pytorch
05/26/2020 06:43:14 - INFO - __main__ -   	Step	VALID	0000	6	 118.1583	 116.5438	   1.6146	 1.000
05/26/2020 06:43:17 - INFO - __main__ -   	Step	VALID	0006	6	 105.4935	 103.9896	   1.5039	 1.000
05/26/2020 06:43:19 - INFO - __main__ -   	Epoch	VALID	26	50	 106.7947	 105.2583	   1.5364	 1.000
05/26/2020 06:43:23 - INFO - __main__ -   	Step	TRAIN	0000	82	  96.9664	  95.1879	   1.7785	 1.000
05/26/2020 06:43:31 - INFO - __main__ -   	Step	TRAIN	0050	82	 100.9462	  99.3107	   1.6355	 1.000
05/26/2020 06:43:35 - INFO - __main__ -   	Step	TRAIN	0082	82	 100.8092	  99.0662	   1.7429	 1.000
05/26/2020 06:43:37 - INFO - __main__ -   	Epoch	TRAIN	27	50	  97.1632	  95.4582	   1.7050	 1.000
05/26/2020 06:43:41 - INFO - __main__ -   Model saved at bin/2020-May-26-06:29:27/E27.pytorch
05/26/2020 06:43:43 - INFO - __main__ -   	Step	VALID	0000	6	 118.2077	 116.6226	   1.5851	 1.000
05/26/2020 06:43:47 - INFO - __main__ -   	Step	VALID	0006	6	 105.4904	 104.0081	   1.4823	 1.000
05/26/2020 06:43:49 - INFO - __main__ -   	Epoch	VALID	27	50	 106.7543	 105.2349	   1.5194	 1.000
05/26/2020 06:43:53 - INFO - __main__ -   	Step	TRAIN	0000	82	  97.5219	  95.7336	   1.7884	 1.000
05/26/2020 06:44:00 - INFO - __main__ -   	Step	TRAIN	0050	82	  95.5640	  93.8121	   1.7519	 1.000
05/26/2020 06:44:05 - INFO - __main__ -   	Step	TRAIN	0082	82	  99.6159	  97.8347	   1.7811	 1.000
05/26/2020 06:44:07 - INFO - __main__ -   	Epoch	TRAIN	28	50	  96.7165	  94.9774	   1.7391	 1.000
05/26/2020 06:44:08 - INFO - __main__ -   Model saved at bin/2020-May-26-06:29:27/E28.pytorch
05/26/2020 06:44:11 - INFO - __main__ -   	Step	VALID	0000	6	 118.2185	 116.5784	   1.6401	 1.000
05/26/2020 06:44:15 - INFO - __main__ -   	Step	VALID	0006	6	 105.3624	 103.8350	   1.5273	 1.000
05/26/2020 06:44:16 - INFO - __main__ -   	Epoch	VALID	28	50	 106.6893	 105.1367	   1.5526	 1.000
05/26/2020 06:44:21 - INFO - __main__ -   	Step	TRAIN	0000	82	  93.2028	  91.4561	   1.7467	 1.000
05/26/2020 06:44:29 - INFO - __main__ -   	Step	TRAIN	0050	82	  98.0611	  96.2573	   1.8038	 1.000
05/26/2020 06:44:33 - INFO - __main__ -   	Step	TRAIN	0082	82	  92.3179	  90.7237	   1.5942	 1.000
05/26/2020 06:44:35 - INFO - __main__ -   	Epoch	TRAIN	29	50	  96.2053	  94.4367	   1.7685	 1.000
05/26/2020 06:44:35 - INFO - __main__ -   Model saved at bin/2020-May-26-06:29:27/E29.pytorch
05/26/2020 06:44:39 - INFO - __main__ -   	Step	VALID	0000	6	 118.2826	 116.6129	   1.6696	 1.000
05/26/2020 06:44:42 - INFO - __main__ -   	Step	VALID	0006	6	 105.3377	 103.8338	   1.5039	 1.000
05/26/2020 06:44:44 - INFO - __main__ -   	Epoch	VALID	29	50	 106.7092	 105.1463	   1.5630	 1.000
05/26/2020 06:44:48 - INFO - __main__ -   	Step	TRAIN	0000	82	  97.1566	  95.4154	   1.7412	 1.000
05/26/2020 06:44:56 - INFO - __main__ -   	Step	TRAIN	0050	82	  91.5828	  89.7786	   1.8043	 1.000
05/26/2020 06:45:01 - INFO - __main__ -   	Step	TRAIN	0082	82	  91.3313	  89.5516	   1.7797	 1.000
05/26/2020 06:45:02 - INFO - __main__ -   	Epoch	TRAIN	30	50	  95.7223	  93.9255	   1.7968	 1.000
05/26/2020 06:45:07 - INFO - __main__ -   Model saved at bin/2020-May-26-06:29:27/E30.pytorch
05/26/2020 06:45:10 - INFO - __main__ -   	Step	VALID	0000	6	 118.3162	 116.6179	   1.6983	 1.000
05/26/2020 06:45:13 - INFO - __main__ -   	Step	VALID	0006	6	 105.2912	 103.7323	   1.5589	 1.000
05/26/2020 06:45:15 - INFO - __main__ -   	Epoch	VALID	30	50	 106.6896	 105.0890	   1.6005	 1.000
05/26/2020 06:45:19 - INFO - __main__ -   	Step	TRAIN	0000	82	  91.1932	  89.3655	   1.8277	 1.000
05/26/2020 06:45:27 - INFO - __main__ -   	Step	TRAIN	0050	82	  99.3301	  97.5794	   1.7507	 1.000
05/26/2020 06:45:31 - INFO - __main__ -   	Step	TRAIN	0082	82	  95.5441	  93.8607	   1.6834	 1.000
05/26/2020 06:45:33 - INFO - __main__ -   	Epoch	TRAIN	31	50	  95.3634	  93.5346	   1.8287	 1.000
05/26/2020 06:45:42 - INFO - __main__ -   Model saved at bin/2020-May-26-06:29:27/E31.pytorch
05/26/2020 06:45:45 - INFO - __main__ -   	Step	VALID	0000	6	 118.2487	 116.5428	   1.7058	 1.000
05/26/2020 06:45:49 - INFO - __main__ -   	Step	VALID	0006	6	 105.2220	 103.6353	   1.5867	 1.000
05/26/2020 06:45:51 - INFO - __main__ -   	Epoch	VALID	31	50	 106.6357	 105.0196	   1.6161	 1.000
05/26/2020 06:45:55 - INFO - __main__ -   	Step	TRAIN	0000	82	  95.1382	  93.3306	   1.8076	 1.000
05/26/2020 06:46:02 - INFO - __main__ -   	Step	TRAIN	0050	82	  96.1288	  94.2622	   1.8666	 1.000
05/26/2020 06:46:07 - INFO - __main__ -   	Step	TRAIN	0082	82	  89.5623	  87.6762	   1.8862	 1.000
05/26/2020 06:46:09 - INFO - __main__ -   	Epoch	TRAIN	32	50	  94.8752	  93.0219	   1.8534	 1.000
05/26/2020 06:46:09 - INFO - __main__ -   Model saved at bin/2020-May-26-06:29:27/E32.pytorch
05/26/2020 06:46:12 - INFO - __main__ -   	Step	VALID	0000	6	 118.3672	 116.6413	   1.7259	 1.000
05/26/2020 06:46:16 - INFO - __main__ -   	Step	VALID	0006	6	 105.3151	 103.7409	   1.5742	 1.000
05/26/2020 06:46:17 - INFO - __main__ -   	Epoch	VALID	32	50	 106.6992	 105.0787	   1.6205	 1.000
05/26/2020 06:46:21 - INFO - __main__ -   	Step	TRAIN	0000	82	  97.0753	  95.2274	   1.8479	 1.000
05/26/2020 06:46:29 - INFO - __main__ -   	Step	TRAIN	0050	82	  93.5844	  91.7349	   1.8495	 1.000
05/26/2020 06:46:33 - INFO - __main__ -   	Step	TRAIN	0082	82	  98.2850	  96.2564	   2.0286	 1.000
05/26/2020 06:46:35 - INFO - __main__ -   	Epoch	TRAIN	33	50	  94.5778	  92.6858	   1.8920	 1.000
05/26/2020 06:46:40 - INFO - __main__ -   Model saved at bin/2020-May-26-06:29:27/E33.pytorch
05/26/2020 06:46:43 - INFO - __main__ -   	Step	VALID	0000	6	 118.3909	 116.6337	   1.7572	 1.000
05/26/2020 06:46:46 - INFO - __main__ -   	Step	VALID	0006	6	 105.3706	 103.7486	   1.6221	 1.000
05/26/2020 06:46:48 - INFO - __main__ -   	Epoch	VALID	33	50	 106.6961	 105.0439	   1.6522	 1.000
05/26/2020 06:46:52 - INFO - __main__ -   	Step	TRAIN	0000	82	  93.7373	  91.8016	   1.9357	 1.000
05/26/2020 06:46:59 - INFO - __main__ -   	Step	TRAIN	0050	82	  97.8409	  95.8794	   1.9615	 1.000
05/26/2020 06:47:04 - INFO - __main__ -   	Step	TRAIN	0082	82	  90.3322	  88.5266	   1.8055	 1.000
05/26/2020 06:47:05 - INFO - __main__ -   	Epoch	TRAIN	34	50	  94.1071	  92.1859	   1.9213	 1.000
05/26/2020 06:47:08 - INFO - __main__ -   Model saved at bin/2020-May-26-06:29:27/E34.pytorch
05/26/2020 06:47:10 - INFO - __main__ -   	Step	VALID	0000	6	 118.3664	 116.5995	   1.7669	 1.000
05/26/2020 06:47:14 - INFO - __main__ -   	Step	VALID	0006	6	 105.2572	 103.6492	   1.6080	 1.000
05/26/2020 06:47:15 - INFO - __main__ -   	Epoch	VALID	34	50	 106.6354	 104.9776	   1.6578	 1.000
05/26/2020 06:47:19 - INFO - __main__ -   	Step	TRAIN	0000	82	  91.9403	  90.0659	   1.8744	 1.000
05/26/2020 06:47:27 - INFO - __main__ -   	Step	TRAIN	0050	82	  91.9862	  90.0320	   1.9542	 1.000
05/26/2020 06:47:31 - INFO - __main__ -   	Step	TRAIN	0082	82	  95.7960	  93.5633	   2.2327	 1.000
05/26/2020 06:47:33 - INFO - __main__ -   	Epoch	TRAIN	35	50	  93.7365	  91.7899	   1.9466	 1.000
05/26/2020 06:47:39 - INFO - __main__ -   Model saved at bin/2020-May-26-06:29:27/E35.pytorch
05/26/2020 06:47:42 - INFO - __main__ -   	Step	VALID	0000	6	 118.1978	 116.4276	   1.7702	 1.000
05/26/2020 06:47:45 - INFO - __main__ -   	Step	VALID	0006	6	 105.3524	 103.7079	   1.6446	 1.000
05/26/2020 06:47:47 - INFO - __main__ -   	Epoch	VALID	35	50	 106.6420	 104.9638	   1.6782	 1.000
05/26/2020 06:47:50 - INFO - __main__ -   	Step	TRAIN	0000	82	  91.9234	  89.9966	   1.9268	 1.000
05/26/2020 06:47:58 - INFO - __main__ -   	Step	TRAIN	0050	82	  97.0292	  95.0370	   1.9922	 1.000
05/26/2020 06:48:03 - INFO - __main__ -   	Step	TRAIN	0082	82	  95.1544	  92.9228	   2.2316	 1.000
05/26/2020 06:48:04 - INFO - __main__ -   	Epoch	TRAIN	36	50	  93.4045	  91.4243	   1.9802	 1.000
05/26/2020 06:48:06 - INFO - __main__ -   Model saved at bin/2020-May-26-06:29:27/E36.pytorch
05/26/2020 06:48:09 - INFO - __main__ -   	Step	VALID	0000	6	 118.5482	 116.6689	   1.8793	 1.000
05/26/2020 06:48:13 - INFO - __main__ -   	Step	VALID	0006	6	 105.2092	 103.4882	   1.7210	 1.000
05/26/2020 06:48:14 - INFO - __main__ -   	Epoch	VALID	36	50	 106.6783	 104.9234	   1.7548	 1.000
05/26/2020 06:48:18 - INFO - __main__ -   	Step	TRAIN	0000	82	  91.5605	  89.5039	   2.0566	 1.000
05/26/2020 06:48:26 - INFO - __main__ -   	Step	TRAIN	0050	82	  93.1525	  91.0942	   2.0582	 1.000
05/26/2020 06:48:31 - INFO - __main__ -   	Step	TRAIN	0082	82	  98.2525	  96.1312	   2.1213	 1.000
05/26/2020 06:48:32 - INFO - __main__ -   	Epoch	TRAIN	37	50	  93.0829	  91.0739	   2.0090	 1.000
05/26/2020 06:48:35 - INFO - __main__ -   Model saved at bin/2020-May-26-06:29:27/E37.pytorch
05/26/2020 06:48:38 - INFO - __main__ -   	Step	VALID	0000	6	 118.6764	 116.8413	   1.8351	 1.000
05/26/2020 06:48:41 - INFO - __main__ -   	Step	VALID	0006	6	 105.2133	 103.4809	   1.7325	 1.000
05/26/2020 06:48:43 - INFO - __main__ -   	Epoch	VALID	37	50	 106.6435	 104.8891	   1.7544	 1.000
05/26/2020 06:48:47 - INFO - __main__ -   	Step	TRAIN	0000	82	  88.5634	  86.5740	   1.9894	 1.000
05/26/2020 06:48:55 - INFO - __main__ -   	Step	TRAIN	0050	82	  93.0810	  91.1495	   1.9315	 1.000
05/26/2020 06:49:00 - INFO - __main__ -   	Step	TRAIN	0082	82	  94.7324	  92.6821	   2.0503	 1.000
05/26/2020 06:49:01 - INFO - __main__ -   	Epoch	TRAIN	38	50	  92.7065	  90.6578	   2.0487	 1.000
05/26/2020 06:49:02 - INFO - __main__ -   Model saved at bin/2020-May-26-06:29:27/E38.pytorch
05/26/2020 06:49:05 - INFO - __main__ -   	Step	VALID	0000	6	 118.5940	 116.7614	   1.8326	 1.000
05/26/2020 06:49:08 - INFO - __main__ -   	Step	VALID	0006	6	 105.0678	 103.3289	   1.7390	 1.000
05/26/2020 06:49:10 - INFO - __main__ -   	Epoch	VALID	38	50	 106.6915	 104.9407	   1.7507	 1.000
05/26/2020 06:49:14 - INFO - __main__ -   	Step	TRAIN	0000	82	  92.3120	  90.2397	   2.0723	 1.000
05/26/2020 06:49:21 - INFO - __main__ -   	Step	TRAIN	0050	82	  94.1464	  92.0750	   2.0714	 1.000
05/26/2020 06:49:26 - INFO - __main__ -   	Step	TRAIN	0082	82	  94.9588	  92.7045	   2.2543	 1.000
05/26/2020 06:49:28 - INFO - __main__ -   	Epoch	TRAIN	39	50	  92.3494	  90.2720	   2.0773	 1.000
05/26/2020 06:49:28 - INFO - __main__ -   Model saved at bin/2020-May-26-06:29:27/E39.pytorch
05/26/2020 06:49:31 - INFO - __main__ -   	Step	VALID	0000	6	 118.9200	 116.9753	   1.9447	 1.000
05/26/2020 06:49:34 - INFO - __main__ -   	Step	VALID	0006	6	 105.2203	 103.4016	   1.8186	 1.000
05/26/2020 06:49:36 - INFO - __main__ -   	Epoch	VALID	39	50	 106.7278	 104.8862	   1.8416	 1.000
05/26/2020 06:49:40 - INFO - __main__ -   	Step	TRAIN	0000	82	  93.8777	  91.7200	   2.1578	 1.000
05/26/2020 06:49:47 - INFO - __main__ -   	Step	TRAIN	0050	82	  92.9509	  90.7860	   2.1648	 1.000
05/26/2020 06:49:52 - INFO - __main__ -   	Step	TRAIN	0082	82	  90.3100	  88.5992	   1.7108	 1.000
05/26/2020 06:49:53 - INFO - __main__ -   	Epoch	TRAIN	40	50	  91.9406	  89.8407	   2.0998	 1.000
05/26/2020 06:49:57 - INFO - __main__ -   Model saved at bin/2020-May-26-06:29:27/E40.pytorch
05/26/2020 06:50:00 - INFO - __main__ -   	Step	VALID	0000	6	 118.9517	 117.1314	   1.8203	 1.000
05/26/2020 06:50:03 - INFO - __main__ -   	Step	VALID	0006	6	 105.3399	 103.6495	   1.6903	 1.000
05/26/2020 06:50:05 - INFO - __main__ -   	Epoch	VALID	40	50	 106.8384	 105.1132	   1.7252	 1.000
05/26/2020 06:50:09 - INFO - __main__ -   	Step	TRAIN	0000	82	  94.1381	  92.1778	   1.9602	 1.000
05/26/2020 06:50:17 - INFO - __main__ -   	Step	TRAIN	0050	82	  93.2296	  91.0799	   2.1496	 1.000
05/26/2020 06:50:22 - INFO - __main__ -   	Step	TRAIN	0082	82	  92.5266	  90.3923	   2.1343	 1.000
05/26/2020 06:50:23 - INFO - __main__ -   	Epoch	TRAIN	41	50	  91.6758	  89.5265	   2.1493	 1.000
05/26/2020 06:50:25 - INFO - __main__ -   Model saved at bin/2020-May-26-06:29:27/E41.pytorch
05/26/2020 06:50:28 - INFO - __main__ -   	Step	VALID	0000	6	 119.1559	 117.2094	   1.9465	 1.000
05/26/2020 06:50:31 - INFO - __main__ -   	Step	VALID	0006	6	 105.2321	 103.4079	   1.8242	 1.000
05/26/2020 06:50:33 - INFO - __main__ -   	Epoch	VALID	41	50	 106.8476	 104.9860	   1.8616	 1.000
05/26/2020 06:50:37 - INFO - __main__ -   	Step	TRAIN	0000	82	  88.4716	  86.4228	   2.0488	 1.000
05/26/2020 06:50:45 - INFO - __main__ -   	Step	TRAIN	0050	82	  92.7444	  90.6309	   2.1135	 1.000
05/26/2020 06:50:49 - INFO - __main__ -   	Step	TRAIN	0082	82	  98.5574	  96.4613	   2.0961	 1.000
05/26/2020 06:50:51 - INFO - __main__ -   	Epoch	TRAIN	42	50	  91.4246	  89.2532	   2.1713	 1.000
05/26/2020 06:50:56 - INFO - __main__ -   Model saved at bin/2020-May-26-06:29:27/E42.pytorch
05/26/2020 06:50:59 - INFO - __main__ -   	Step	VALID	0000	6	 119.1722	 117.2257	   1.9465	 1.000
05/26/2020 06:51:02 - INFO - __main__ -   	Step	VALID	0006	6	 105.4039	 103.5892	   1.8147	 1.000
05/26/2020 06:51:04 - INFO - __main__ -   	Epoch	VALID	42	50	 106.9490	 105.1156	   1.8334	 1.000
05/26/2020 06:51:07 - INFO - __main__ -   	Step	TRAIN	0000	82	  92.4598	  90.3288	   2.1310	 1.000
05/26/2020 06:51:15 - INFO - __main__ -   	Step	TRAIN	0050	82	  92.1133	  89.8843	   2.2290	 1.000
05/26/2020 06:51:20 - INFO - __main__ -   	Step	TRAIN	0082	82	  86.7428	  84.5464	   2.1964	 1.000
05/26/2020 06:51:21 - INFO - __main__ -   	Epoch	TRAIN	43	50	  91.0059	  88.8060	   2.1999	 1.000
05/26/2020 06:51:23 - INFO - __main__ -   Model saved at bin/2020-May-26-06:29:27/E43.pytorch
05/26/2020 06:51:27 - INFO - __main__ -   	Step	VALID	0000	6	 119.2045	 117.1919	   2.0126	 1.000
05/26/2020 06:51:30 - INFO - __main__ -   	Step	VALID	0006	6	 105.4095	 103.4864	   1.9232	 1.000
05/26/2020 06:51:32 - INFO - __main__ -   	Epoch	VALID	43	50	 106.9598	 105.0189	   1.9409	 1.000
05/26/2020 06:51:36 - INFO - __main__ -   	Step	TRAIN	0000	82	  89.7280	  87.4547	   2.2733	 1.000
05/26/2020 06:51:44 - INFO - __main__ -   	Step	TRAIN	0050	82	  92.2687	  90.0374	   2.2314	 1.000
05/26/2020 06:51:49 - INFO - __main__ -   	Step	TRAIN	0082	82	  94.5730	  92.2972	   2.2758	 1.000
05/26/2020 06:51:50 - INFO - __main__ -   	Epoch	TRAIN	44	50	  90.7819	  88.5584	   2.2235	 1.000
05/26/2020 06:51:54 - INFO - __main__ -   Model saved at bin/2020-May-26-06:29:27/E44.pytorch
05/26/2020 06:51:56 - INFO - __main__ -   	Step	VALID	0000	6	 119.1112	 117.1019	   2.0093	 1.000
05/26/2020 06:51:59 - INFO - __main__ -   	Step	VALID	0006	6	 105.3156	 103.4568	   1.8587	 1.000
05/26/2020 06:52:01 - INFO - __main__ -   	Epoch	VALID	44	50	 106.9612	 105.0686	   1.8925	 1.000
05/26/2020 06:52:05 - INFO - __main__ -   	Step	TRAIN	0000	82	  91.8260	  89.6006	   2.2253	 1.000
05/26/2020 06:52:12 - INFO - __main__ -   	Step	TRAIN	0050	82	  94.5536	  92.2462	   2.3074	 1.000
05/26/2020 06:52:17 - INFO - __main__ -   	Step	TRAIN	0082	82	  92.6185	  90.5723	   2.0462	 1.000
05/26/2020 06:52:19 - INFO - __main__ -   	Epoch	TRAIN	45	50	  90.4757	  88.2349	   2.2408	 1.000
05/26/2020 06:52:20 - INFO - __main__ -   Model saved at bin/2020-May-26-06:29:27/E45.pytorch
05/26/2020 06:52:23 - INFO - __main__ -   	Step	VALID	0000	6	 119.3107	 117.2771	   2.0336	 1.000
05/26/2020 06:52:26 - INFO - __main__ -   	Step	VALID	0006	6	 105.2782	 103.3799	   1.8983	 1.000
05/26/2020 06:52:28 - INFO - __main__ -   	Epoch	VALID	45	50	 107.0284	 105.1017	   1.9267	 1.000
05/26/2020 06:52:32 - INFO - __main__ -   	Step	TRAIN	0000	82	  90.2166	  87.9142	   2.3023	 1.000
05/26/2020 06:52:39 - INFO - __main__ -   	Step	TRAIN	0050	82	  92.6630	  90.4253	   2.2377	 1.000
05/26/2020 06:52:44 - INFO - __main__ -   	Step	TRAIN	0082	82	  91.1022	  88.8706	   2.2315	 1.000
05/26/2020 06:52:46 - INFO - __main__ -   	Epoch	TRAIN	46	50	  90.1630	  87.8908	   2.2722	 1.000
05/26/2020 06:52:50 - INFO - __main__ -   Model saved at bin/2020-May-26-06:29:27/E46.pytorch
05/26/2020 06:52:53 - INFO - __main__ -   	Step	VALID	0000	6	 119.5538	 117.5173	   2.0365	 1.000
05/26/2020 06:52:57 - INFO - __main__ -   	Step	VALID	0006	6	 105.6151	 103.7402	   1.8749	 1.000
05/26/2020 06:52:59 - INFO - __main__ -   	Epoch	VALID	46	50	 107.1410	 105.2331	   1.9080	 1.000
05/26/2020 06:53:03 - INFO - __main__ -   	Step	TRAIN	0000	82	  88.6434	  86.4355	   2.2079	 1.000
05/26/2020 06:53:11 - INFO - __main__ -   	Step	TRAIN	0050	82	  89.2764	  87.0501	   2.2263	 1.000
05/26/2020 06:53:16 - INFO - __main__ -   	Step	TRAIN	0082	82	  88.8841	  86.6188	   2.2653	 1.000
05/26/2020 06:53:17 - INFO - __main__ -   	Epoch	TRAIN	47	50	  89.8951	  87.6145	   2.2805	 1.000
05/26/2020 06:53:26 - INFO - __main__ -   Model saved at bin/2020-May-26-06:29:27/E47.pytorch
05/26/2020 06:53:30 - INFO - __main__ -   	Step	VALID	0000	6	 119.5194	 117.3953	   2.1241	 1.000
05/26/2020 06:53:33 - INFO - __main__ -   	Step	VALID	0006	6	 105.4540	 103.4854	   1.9685	 1.000
05/26/2020 06:53:35 - INFO - __main__ -   	Epoch	VALID	47	50	 107.1462	 105.1456	   2.0006	 1.000
05/26/2020 06:53:39 - INFO - __main__ -   	Step	TRAIN	0000	82	  89.3620	  87.0165	   2.3455	 1.000
05/26/2020 06:53:47 - INFO - __main__ -   	Step	TRAIN	0050	82	  91.2438	  88.9082	   2.3356	 1.000
05/26/2020 06:53:51 - INFO - __main__ -   	Step	TRAIN	0082	82	  97.3360	  94.8391	   2.4969	 1.000
05/26/2020 06:53:53 - INFO - __main__ -   	Epoch	TRAIN	48	50	  89.6811	  87.3817	   2.2994	 1.000
05/26/2020 06:53:55 - INFO - __main__ -   Model saved at bin/2020-May-26-06:29:27/E48.pytorch
05/26/2020 06:53:58 - INFO - __main__ -   	Step	VALID	0000	6	 119.5258	 117.4679	   2.0579	 1.000
05/26/2020 06:54:01 - INFO - __main__ -   	Step	VALID	0006	6	 105.6786	 103.7328	   1.9458	 1.000
05/26/2020 06:54:03 - INFO - __main__ -   	Epoch	VALID	48	50	 107.2893	 105.3287	   1.9605	 1.000
05/26/2020 06:54:07 - INFO - __main__ -   	Step	TRAIN	0000	82	  86.8813	  84.5733	   2.3080	 1.000
05/26/2020 06:54:15 - INFO - __main__ -   	Step	TRAIN	0050	82	  90.6214	  88.2780	   2.3433	 1.000
05/26/2020 06:54:20 - INFO - __main__ -   	Step	TRAIN	0082	82	  93.1311	  90.8712	   2.2599	 1.000
05/26/2020 06:54:21 - INFO - __main__ -   	Epoch	TRAIN	49	50	  89.4077	  87.0939	   2.3138	 1.000
05/26/2020 06:54:26 - INFO - __main__ -   Model saved at bin/2020-May-26-06:29:27/E49.pytorch
05/26/2020 06:54:30 - INFO - __main__ -   	Step	VALID	0000	6	 119.5804	 117.4229	   2.1575	 1.000
05/26/2020 06:54:33 - INFO - __main__ -   	Step	VALID	0006	6	 105.5153	 103.5326	   1.9827	 1.000
05/26/2020 06:54:35 - INFO - __main__ -   	Epoch	VALID	49	50	 107.2732	 105.2559	   2.0173	 1.000
