05/26/2020 07:24:07 - INFO - __main__ -   	Step	TRAIN	0000	82	 210.6579	 210.2867	   0.3713	 1.000
05/26/2020 07:24:12 - INFO - __main__ -   	Step	TRAIN	0050	82	 140.4539	 140.4379	   0.0161	 1.000
05/26/2020 07:24:15 - INFO - __main__ -   	Step	TRAIN	0082	82	 129.4959	 129.4841	   0.0118	 1.000
05/26/2020 07:24:16 - INFO - __main__ -   	Epoch	TRAIN	00	50	 149.8538	 149.8038	   0.0500	 1.000
05/26/2020 07:24:22 - INFO - __main__ -   	Step	VALID	0000	6	 139.2123	 139.2010	   0.0112	 1.000
05/26/2020 07:24:25 - INFO - __main__ -   	Step	VALID	0006	6	 132.9148	 132.9037	   0.0111	 1.000
05/26/2020 07:24:27 - INFO - __main__ -   	Epoch	VALID	00	50	 132.9843	 132.9726	   0.0116	 1.000
05/26/2020 07:24:30 - INFO - __main__ -   	Step	TRAIN	0000	82	 141.5040	 141.4930	   0.0110	 1.000
05/26/2020 07:24:35 - INFO - __main__ -   	Step	TRAIN	0050	82	 129.6890	 129.6792	   0.0098	 1.000
05/26/2020 07:24:38 - INFO - __main__ -   	Step	TRAIN	0082	82	 119.0755	 119.0629	   0.0126	 1.000
05/26/2020 07:24:39 - INFO - __main__ -   	Epoch	TRAIN	01	50	 131.3554	 131.3446	   0.0107	 1.000
05/26/2020 07:24:45 - INFO - __main__ -   	Step	VALID	0000	6	 132.3057	 132.2909	   0.0148	 1.000
05/26/2020 07:24:48 - INFO - __main__ -   	Step	VALID	0006	6	 125.0160	 125.0011	   0.0148	 1.000
05/26/2020 07:24:50 - INFO - __main__ -   	Epoch	VALID	01	50	 125.4326	 125.4172	   0.0154	 1.000
05/26/2020 07:24:53 - INFO - __main__ -   	Step	TRAIN	0000	82	 127.3430	 127.3274	   0.0155	 1.000
05/26/2020 07:24:58 - INFO - __main__ -   	Step	TRAIN	0050	82	 125.5225	 125.5017	   0.0208	 1.000
05/26/2020 07:25:02 - INFO - __main__ -   	Step	TRAIN	0082	82	 121.0399	 121.0092	   0.0307	 1.000
05/26/2020 07:25:03 - INFO - __main__ -   	Epoch	TRAIN	02	50	 125.5608	 125.5398	   0.0210	 1.000
05/26/2020 07:25:06 - INFO - __main__ -   	Step	VALID	0000	6	 128.7213	 128.6943	   0.0270	 1.000
05/26/2020 07:25:09 - INFO - __main__ -   	Step	VALID	0006	6	 120.6008	 120.5717	   0.0292	 1.000
05/26/2020 07:25:10 - INFO - __main__ -   	Epoch	VALID	02	50	 121.2592	 121.2290	   0.0302	 1.000
05/26/2020 07:25:14 - INFO - __main__ -   	Step	TRAIN	0000	82	 120.2801	 120.2454	   0.0347	 1.000
05/26/2020 07:25:19 - INFO - __main__ -   	Step	TRAIN	0050	82	 124.8437	 124.7847	   0.0590	 1.000
05/26/2020 07:25:22 - INFO - __main__ -   	Step	TRAIN	0082	82	 112.6341	 112.5360	   0.0981	 1.000
05/26/2020 07:25:23 - INFO - __main__ -   	Epoch	TRAIN	03	50	 121.6565	 121.6018	   0.0547	 1.000
05/26/2020 07:25:34 - INFO - __main__ -   	Step	VALID	0000	6	 126.3081	 126.2026	   0.1055	 1.000
05/26/2020 07:25:38 - INFO - __main__ -   	Step	VALID	0006	6	 117.5430	 117.4535	   0.0894	 1.000
05/26/2020 07:25:39 - INFO - __main__ -   	Epoch	VALID	03	50	 118.3992	 118.2978	   0.1014	 1.000
05/26/2020 07:25:43 - INFO - __main__ -   	Step	TRAIN	0000	82	 120.3390	 120.2235	   0.1156	 1.000
05/26/2020 07:25:48 - INFO - __main__ -   	Step	TRAIN	0050	82	 123.9678	 123.7640	   0.2038	 1.000
05/26/2020 07:25:51 - INFO - __main__ -   	Step	TRAIN	0082	82	 122.8407	 122.4703	   0.3704	 1.000
05/26/2020 07:25:52 - INFO - __main__ -   	Epoch	TRAIN	04	50	 118.8211	 118.6434	   0.1777	 1.000
05/26/2020 07:25:57 - INFO - __main__ -   	Step	VALID	0000	6	 124.4068	 124.1352	   0.2715	 1.000
05/26/2020 07:26:00 - INFO - __main__ -   	Step	VALID	0006	6	 115.3313	 115.0655	   0.2658	 1.000
05/26/2020 07:26:02 - INFO - __main__ -   	Epoch	VALID	04	50	 116.1986	 115.9012	   0.2974	 1.000
05/26/2020 07:26:05 - INFO - __main__ -   	Step	TRAIN	0000	82	 114.2198	 113.9147	   0.3051	 1.000
05/26/2020 07:26:10 - INFO - __main__ -   	Step	TRAIN	0050	82	 112.7494	 112.3427	   0.4068	 1.000
05/26/2020 07:26:13 - INFO - __main__ -   	Step	TRAIN	0082	82	 116.4085	 115.9368	   0.4717	 1.000
05/26/2020 07:26:15 - INFO - __main__ -   	Epoch	TRAIN	05	50	 116.3390	 116.0002	   0.3388	 1.000
05/26/2020 07:26:22 - INFO - __main__ -   	Step	VALID	0000	6	 122.9399	 122.5944	   0.3455	 1.000
05/26/2020 07:26:25 - INFO - __main__ -   	Step	VALID	0006	6	 113.7144	 113.3958	   0.3187	 1.000
05/26/2020 07:26:27 - INFO - __main__ -   	Epoch	VALID	05	50	 114.5707	 114.2093	   0.3614	 1.000
05/26/2020 07:26:31 - INFO - __main__ -   	Step	TRAIN	0000	82	 111.5133	 111.1576	   0.3557	 1.000
05/26/2020 07:26:36 - INFO - __main__ -   	Step	TRAIN	0050	82	 113.3672	 112.9216	   0.4455	 1.000
05/26/2020 07:26:39 - INFO - __main__ -   	Step	TRAIN	0082	82	 114.5907	 114.1773	   0.4134	 1.000
05/26/2020 07:26:41 - INFO - __main__ -   	Epoch	TRAIN	06	50	 114.3061	 113.8601	   0.4460	 1.000
05/26/2020 07:26:48 - INFO - __main__ -   	Step	VALID	0000	6	 121.8134	 121.4635	   0.3499	 1.000
05/26/2020 07:26:51 - INFO - __main__ -   	Step	VALID	0006	6	 112.3051	 111.9796	   0.3255	 1.000
05/26/2020 07:26:53 - INFO - __main__ -   	Epoch	VALID	06	50	 113.1513	 112.7712	   0.3800	 1.000
05/26/2020 07:26:56 - INFO - __main__ -   	Step	TRAIN	0000	82	 109.6097	 109.2120	   0.3977	 1.000
05/26/2020 07:27:01 - INFO - __main__ -   	Step	TRAIN	0050	82	 114.6059	 114.0869	   0.5190	 1.000
05/26/2020 07:27:05 - INFO - __main__ -   	Step	TRAIN	0082	82	 108.0774	 107.5869	   0.4906	 1.000
05/26/2020 07:27:06 - INFO - __main__ -   	Epoch	TRAIN	07	50	 112.4718	 111.9612	   0.5105	 1.000
05/26/2020 07:27:11 - INFO - __main__ -   	Step	VALID	0000	6	 120.9754	 120.4957	   0.4797	 1.000
05/26/2020 07:27:14 - INFO - __main__ -   	Step	VALID	0006	6	 111.0177	 110.5900	   0.4277	 1.000
05/26/2020 07:27:16 - INFO - __main__ -   	Epoch	VALID	07	50	 112.0554	 111.5495	   0.5059	 1.000
05/26/2020 07:27:20 - INFO - __main__ -   	Step	TRAIN	0000	82	 108.5290	 107.9678	   0.5612	 1.000
05/26/2020 07:27:25 - INFO - __main__ -   	Step	TRAIN	0050	82	 112.1915	 111.6108	   0.5807	 1.000
05/26/2020 07:27:28 - INFO - __main__ -   	Step	TRAIN	0082	82	 115.6661	 115.0162	   0.6499	 1.000
05/26/2020 07:27:30 - INFO - __main__ -   	Epoch	TRAIN	08	50	 111.0349	 110.4640	   0.5709	 1.000
05/26/2020 07:27:39 - INFO - __main__ -   	Step	VALID	0000	6	 120.2398	 119.7485	   0.4912	 1.000
05/26/2020 07:27:42 - INFO - __main__ -   	Step	VALID	0006	6	 110.2881	 109.8077	   0.4804	 1.000
05/26/2020 07:27:44 - INFO - __main__ -   	Epoch	VALID	08	50	 111.1155	 110.5733	   0.5422	 1.000
05/26/2020 07:27:47 - INFO - __main__ -   	Step	TRAIN	0000	82	 112.9615	 112.3597	   0.6018	 1.000
05/26/2020 07:27:52 - INFO - __main__ -   	Step	TRAIN	0050	82	 108.1780	 107.5784	   0.5996	 1.000
05/26/2020 07:27:56 - INFO - __main__ -   	Step	TRAIN	0082	82	 102.0288	 101.5139	   0.5149	 1.000
05/26/2020 07:27:57 - INFO - __main__ -   	Epoch	TRAIN	09	50	 109.5114	 108.8811	   0.6303	 1.000
05/26/2020 07:28:27 - INFO - __main__ -   	Step	VALID	0000	6	 119.5997	 119.0472	   0.5525	 1.000
05/26/2020 07:28:31 - INFO - __main__ -   	Step	VALID	0006	6	 109.5718	 108.9819	   0.5899	 1.000
05/26/2020 07:28:33 - INFO - __main__ -   	Epoch	VALID	09	50	 110.3457	 109.7131	   0.6326	 1.000
05/26/2020 07:28:37 - INFO - __main__ -   	Step	TRAIN	0000	82	 108.8785	 108.1942	   0.6843	 1.000
05/26/2020 07:28:42 - INFO - __main__ -   	Step	TRAIN	0050	82	 111.8219	 111.0430	   0.7789	 1.000
05/26/2020 07:28:46 - INFO - __main__ -   	Step	TRAIN	0082	82	 122.2894	 121.4264	   0.8630	 1.000
05/26/2020 07:28:47 - INFO - __main__ -   	Epoch	TRAIN	10	50	 108.4578	 107.7534	   0.7044	 1.000
05/26/2020 07:28:54 - INFO - __main__ -   	Step	VALID	0000	6	 118.9194	 118.3020	   0.6174	 1.000
05/26/2020 07:28:58 - INFO - __main__ -   	Step	VALID	0006	6	 108.7086	 108.1148	   0.5938	 1.000
05/26/2020 07:29:00 - INFO - __main__ -   	Epoch	VALID	10	50	 109.6185	 108.9746	   0.6439	 1.000
05/26/2020 07:29:04 - INFO - __main__ -   	Step	TRAIN	0000	82	 109.9084	 109.2095	   0.6989	 1.000
05/26/2020 07:29:09 - INFO - __main__ -   	Step	TRAIN	0050	82	 107.8227	 107.0578	   0.7649	 1.000
05/26/2020 07:29:12 - INFO - __main__ -   	Step	TRAIN	0082	82	 104.5937	 103.6948	   0.8989	 1.000
05/26/2020 07:29:13 - INFO - __main__ -   	Epoch	TRAIN	11	50	 107.0680	 106.2956	   0.7724	 1.000
05/26/2020 07:29:20 - INFO - __main__ -   	Step	VALID	0000	6	 118.4929	 117.7399	   0.7530	 1.000
05/26/2020 07:29:23 - INFO - __main__ -   	Step	VALID	0006	6	 107.9937	 107.2467	   0.7470	 1.000
05/26/2020 07:29:25 - INFO - __main__ -   	Epoch	VALID	11	50	 108.9976	 108.2159	   0.7817	 1.000
05/26/2020 07:29:28 - INFO - __main__ -   	Step	TRAIN	0000	82	 104.6212	 103.7821	   0.8391	 1.000
05/26/2020 07:29:33 - INFO - __main__ -   	Step	TRAIN	0050	82	 110.4122	 109.5050	   0.9072	 1.000
05/26/2020 07:29:36 - INFO - __main__ -   	Step	TRAIN	0082	82	 106.3369	 105.4909	   0.8460	 1.000
05/26/2020 07:29:37 - INFO - __main__ -   	Epoch	TRAIN	12	50	 106.0291	 105.1654	   0.8637	 1.000
05/26/2020 07:29:42 - INFO - __main__ -   	Step	VALID	0000	6	 118.1614	 117.4439	   0.7175	 1.000
05/26/2020 07:29:46 - INFO - __main__ -   	Step	VALID	0006	6	 107.4162	 106.5810	   0.8351	 1.000
05/26/2020 07:29:47 - INFO - __main__ -   	Epoch	VALID	12	50	 108.4559	 107.6121	   0.8438	 1.000
05/26/2020 07:29:51 - INFO - __main__ -   	Step	TRAIN	0000	82	 104.2512	 103.3735	   0.8777	 1.000
05/26/2020 07:29:56 - INFO - __main__ -   	Step	TRAIN	0050	82	 106.7327	 105.7463	   0.9864	 1.000
05/26/2020 07:29:59 - INFO - __main__ -   	Step	TRAIN	0082	82	 109.9395	 108.8850	   1.0545	 1.000
05/26/2020 07:30:00 - INFO - __main__ -   	Epoch	TRAIN	13	50	 105.0701	 104.1345	   0.9356	 1.000
05/26/2020 07:30:04 - INFO - __main__ -   	Step	VALID	0000	6	 117.7286	 116.9030	   0.8256	 1.000
05/26/2020 07:30:07 - INFO - __main__ -   	Step	VALID	0006	6	 106.8377	 105.9101	   0.9276	 1.000
05/26/2020 07:30:09 - INFO - __main__ -   	Epoch	VALID	13	50	 107.9895	 107.0649	   0.9247	 1.000
05/26/2020 07:30:13 - INFO - __main__ -   	Step	TRAIN	0000	82	 100.8312	  99.9244	   0.9067	 1.000
05/26/2020 07:30:18 - INFO - __main__ -   	Step	TRAIN	0050	82	 101.2600	 100.2666	   0.9933	 1.000
05/26/2020 07:30:21 - INFO - __main__ -   	Step	TRAIN	0082	82	  97.4893	  96.4191	   1.0703	 1.000
05/26/2020 07:30:22 - INFO - __main__ -   	Epoch	TRAIN	14	50	 104.0524	 103.0609	   0.9915	 1.000
05/26/2020 07:30:25 - INFO - __main__ -   	Step	VALID	0000	6	 117.3854	 116.4670	   0.9184	 1.000
05/26/2020 07:30:28 - INFO - __main__ -   	Step	VALID	0006	6	 106.4991	 105.5237	   0.9754	 1.000
05/26/2020 07:30:30 - INFO - __main__ -   	Epoch	VALID	14	50	 107.6489	 106.6786	   0.9702	 1.000
05/26/2020 07:30:33 - INFO - __main__ -   	Step	TRAIN	0000	82	 101.3444	 100.3218	   1.0226	 1.000
05/26/2020 07:30:38 - INFO - __main__ -   	Step	TRAIN	0050	82	 105.3539	 104.3230	   1.0309	 1.000
05/26/2020 07:30:41 - INFO - __main__ -   	Step	TRAIN	0082	82	 115.2808	 114.1966	   1.0842	 1.000
05/26/2020 07:30:42 - INFO - __main__ -   	Epoch	TRAIN	15	50	 103.3721	 102.3344	   1.0377	 1.000
05/26/2020 07:30:48 - INFO - __main__ -   	Step	VALID	0000	6	 117.4264	 116.4880	   0.9384	 1.000
05/26/2020 07:30:52 - INFO - __main__ -   	Step	VALID	0006	6	 106.1555	 105.0938	   1.0617	 1.000
05/26/2020 07:30:54 - INFO - __main__ -   	Epoch	VALID	15	50	 107.3537	 106.3144	   1.0393	 1.000
05/26/2020 07:30:57 - INFO - __main__ -   	Step	TRAIN	0000	82	 102.9151	 101.8384	   1.0767	 1.000
05/26/2020 07:31:02 - INFO - __main__ -   	Step	TRAIN	0050	82	 103.7687	 102.6116	   1.1571	 1.000
05/26/2020 07:31:05 - INFO - __main__ -   	Step	TRAIN	0082	82	 106.4481	 105.2874	   1.1607	 1.000
05/26/2020 07:31:07 - INFO - __main__ -   	Epoch	TRAIN	16	50	 102.4746	 101.3672	   1.1074	 1.000
05/26/2020 07:31:13 - INFO - __main__ -   	Step	VALID	0000	6	 117.0051	 116.0327	   0.9723	 1.000
05/26/2020 07:31:16 - INFO - __main__ -   	Step	VALID	0006	6	 105.8203	 104.6560	   1.1643	 1.000
05/26/2020 07:31:18 - INFO - __main__ -   	Epoch	VALID	16	50	 107.0425	 105.9219	   1.1206	 1.000
05/26/2020 07:31:22 - INFO - __main__ -   	Step	TRAIN	0000	82	 101.2054	 100.0689	   1.1366	 1.000
05/26/2020 07:31:26 - INFO - __main__ -   	Step	TRAIN	0050	82	 101.2740	 100.1130	   1.1610	 1.000
05/26/2020 07:31:30 - INFO - __main__ -   	Step	TRAIN	0082	82	  90.5218	  89.5313	   0.9904	 1.000
05/26/2020 07:31:31 - INFO - __main__ -   	Epoch	TRAIN	17	50	 101.5508	 100.4048	   1.1460	 1.000
05/26/2020 07:31:41 - INFO - __main__ -   	Step	VALID	0000	6	 116.8123	 115.8515	   0.9608	 1.000
05/26/2020 07:31:45 - INFO - __main__ -   	Step	VALID	0006	6	 105.5969	 104.4836	   1.1134	 1.000
05/26/2020 07:31:47 - INFO - __main__ -   	Epoch	VALID	17	50	 106.7780	 105.6949	   1.0831	 1.000
05/26/2020 07:31:51 - INFO - __main__ -   	Step	TRAIN	0000	82	 103.0774	 101.8873	   1.1902	 1.000
05/26/2020 07:31:56 - INFO - __main__ -   	Step	TRAIN	0050	82	  97.6038	  96.4703	   1.1335	 1.000
05/26/2020 07:31:59 - INFO - __main__ -   	Step	TRAIN	0082	82	 104.0507	 102.9127	   1.1380	 1.000
05/26/2020 07:32:01 - INFO - __main__ -   	Epoch	TRAIN	18	50	 100.9914	  99.7912	   1.2003	 1.000
05/26/2020 07:32:06 - INFO - __main__ -   	Step	VALID	0000	6	 116.7178	 115.6897	   1.0280	 1.000
05/26/2020 07:32:09 - INFO - __main__ -   	Step	VALID	0006	6	 105.3012	 104.0986	   1.2026	 1.000
05/26/2020 07:32:11 - INFO - __main__ -   	Epoch	VALID	18	50	 106.5457	 105.3933	   1.1525	 1.000
05/26/2020 07:32:15 - INFO - __main__ -   	Step	TRAIN	0000	82	 100.0203	  98.8381	   1.1822	 1.000
05/26/2020 07:32:19 - INFO - __main__ -   	Step	TRAIN	0050	82	 103.9185	 102.6370	   1.2815	 1.000
05/26/2020 07:32:23 - INFO - __main__ -   	Step	TRAIN	0082	82	 103.2694	 101.8707	   1.3986	 1.000
05/26/2020 07:32:24 - INFO - __main__ -   	Epoch	TRAIN	19	50	 100.2981	  99.0568	   1.2413	 1.000
05/26/2020 07:32:34 - INFO - __main__ -   	Step	VALID	0000	6	 116.4756	 115.3802	   1.0954	 1.000
05/26/2020 07:32:37 - INFO - __main__ -   	Step	VALID	0006	6	 104.7981	 103.5088	   1.2893	 1.000
05/26/2020 07:32:39 - INFO - __main__ -   	Epoch	VALID	19	50	 106.1842	 104.9611	   1.2231	 1.000
05/26/2020 07:32:42 - INFO - __main__ -   	Step	TRAIN	0000	82	  97.9218	  96.6198	   1.3020	 1.000
05/26/2020 07:32:47 - INFO - __main__ -   	Step	TRAIN	0050	82	  99.2930	  98.0063	   1.2868	 1.000
05/26/2020 07:32:50 - INFO - __main__ -   	Step	TRAIN	0082	82	  99.0944	  97.6293	   1.4650	 1.000
05/26/2020 07:32:52 - INFO - __main__ -   	Epoch	TRAIN	20	50	  99.6195	  98.3233	   1.2962	 1.000
05/26/2020 07:33:02 - INFO - __main__ -   	Step	VALID	0000	6	 116.4298	 115.2720	   1.1578	 1.000
05/26/2020 07:33:05 - INFO - __main__ -   	Step	VALID	0006	6	 104.8445	 103.4889	   1.3556	 1.000
05/26/2020 07:33:07 - INFO - __main__ -   	Epoch	VALID	20	50	 106.2014	 104.9086	   1.2928	 1.000
05/26/2020 07:33:10 - INFO - __main__ -   	Step	TRAIN	0000	82	 103.2550	 101.8762	   1.3787	 1.000
05/26/2020 07:33:15 - INFO - __main__ -   	Step	TRAIN	0050	82	  98.2629	  96.9734	   1.2895	 1.000
05/26/2020 07:33:18 - INFO - __main__ -   	Step	TRAIN	0082	82	 102.0977	 100.7121	   1.3856	 1.000
05/26/2020 07:33:20 - INFO - __main__ -   	Epoch	TRAIN	21	50	  99.0077	  97.6623	   1.3454	 1.000
05/26/2020 07:33:23 - INFO - __main__ -   	Step	VALID	0000	6	 116.5278	 115.3960	   1.1318	 1.000
05/26/2020 07:33:26 - INFO - __main__ -   	Step	VALID	0006	6	 104.6826	 103.3038	   1.3788	 1.000
05/26/2020 07:33:28 - INFO - __main__ -   	Epoch	VALID	21	50	 106.0829	 104.7735	   1.3094	 1.000
05/26/2020 07:33:32 - INFO - __main__ -   	Step	TRAIN	0000	82	  99.9927	  98.5737	   1.4190	 1.000
05/26/2020 07:33:37 - INFO - __main__ -   	Step	TRAIN	0050	82	  98.0031	  96.5347	   1.4684	 1.000
05/26/2020 07:33:40 - INFO - __main__ -   	Step	TRAIN	0082	82	  96.3309	  94.9697	   1.3612	 1.000
05/26/2020 07:33:42 - INFO - __main__ -   	Epoch	TRAIN	22	50	  98.3328	  96.9405	   1.3923	 1.000
05/26/2020 07:33:47 - INFO - __main__ -   	Step	VALID	0000	6	 116.2430	 114.9899	   1.2531	 1.000
05/26/2020 07:33:50 - INFO - __main__ -   	Step	VALID	0006	6	 104.4430	 103.0186	   1.4244	 1.000
05/26/2020 07:33:52 - INFO - __main__ -   	Epoch	VALID	22	50	 105.8238	 104.4657	   1.3582	 1.000
05/26/2020 07:33:56 - INFO - __main__ -   	Step	TRAIN	0000	82	  99.0843	  97.6150	   1.4692	 1.000
05/26/2020 07:34:01 - INFO - __main__ -   	Step	TRAIN	0050	82	  98.1517	  96.7126	   1.4391	 1.000
05/26/2020 07:34:04 - INFO - __main__ -   	Step	TRAIN	0082	82	 101.1696	  99.5808	   1.5889	 1.000
05/26/2020 07:34:05 - INFO - __main__ -   	Epoch	TRAIN	23	50	  97.8269	  96.3826	   1.4444	 1.000
05/26/2020 07:34:12 - INFO - __main__ -   	Step	VALID	0000	6	 116.3099	 115.0022	   1.3077	 1.000
05/26/2020 07:34:16 - INFO - __main__ -   	Step	VALID	0006	6	 104.3729	 102.8489	   1.5240	 1.000
05/26/2020 07:34:17 - INFO - __main__ -   	Epoch	VALID	23	50	 105.6957	 104.2427	   1.4530	 1.000
05/26/2020 07:34:22 - INFO - __main__ -   	Step	TRAIN	0000	82	  95.7593	  94.1989	   1.5604	 1.000
05/26/2020 07:34:26 - INFO - __main__ -   	Step	TRAIN	0050	82	  98.8361	  97.3357	   1.5004	 1.000
05/26/2020 07:34:29 - INFO - __main__ -   	Step	TRAIN	0082	82	  99.9043	  98.4622	   1.4422	 1.000
05/26/2020 07:34:31 - INFO - __main__ -   	Epoch	TRAIN	24	50	  97.2531	  95.7582	   1.4949	 1.000
05/26/2020 07:34:41 - INFO - __main__ -   	Step	VALID	0000	6	 116.2800	 114.9939	   1.2862	 1.000
05/26/2020 07:34:44 - INFO - __main__ -   	Step	VALID	0006	6	 104.2697	 102.7901	   1.4796	 1.000
05/26/2020 07:34:46 - INFO - __main__ -   	Epoch	VALID	24	50	 105.6807	 104.2838	   1.3969	 1.000
05/26/2020 07:34:50 - INFO - __main__ -   	Step	TRAIN	0000	82	  95.6823	  94.2125	   1.4697	 1.000
05/26/2020 07:34:55 - INFO - __main__ -   	Step	TRAIN	0050	82	  95.0230	  93.4102	   1.6127	 1.000
05/26/2020 07:34:58 - INFO - __main__ -   	Step	TRAIN	0082	82	  95.4199	  93.7986	   1.6212	 1.000
05/26/2020 07:35:00 - INFO - __main__ -   	Epoch	TRAIN	25	50	  96.6630	  95.1400	   1.5230	 1.000
05/26/2020 07:35:09 - INFO - __main__ -   	Step	VALID	0000	6	 116.2171	 114.9059	   1.3112	 1.000
05/26/2020 07:35:12 - INFO - __main__ -   	Step	VALID	0006	6	 104.0499	 102.5320	   1.5179	 1.000
05/26/2020 07:35:14 - INFO - __main__ -   	Epoch	VALID	25	50	 105.5435	 104.0872	   1.4563	 1.000
05/26/2020 07:35:17 - INFO - __main__ -   	Step	TRAIN	0000	82	  98.2253	  96.7454	   1.4799	 1.000
05/26/2020 07:35:22 - INFO - __main__ -   	Step	TRAIN	0050	82	  98.2710	  96.7239	   1.5470	 1.000
05/26/2020 07:35:25 - INFO - __main__ -   	Step	TRAIN	0082	82	  87.1527	  85.6898	   1.4629	 1.000
05/26/2020 07:35:27 - INFO - __main__ -   	Epoch	TRAIN	26	50	  96.1048	  94.5576	   1.5473	 1.000
05/26/2020 07:35:32 - INFO - __main__ -   	Step	VALID	0000	6	 116.2469	 114.9005	   1.3464	 1.000
05/26/2020 07:35:35 - INFO - __main__ -   	Step	VALID	0006	6	 104.3580	 102.8139	   1.5441	 1.000
05/26/2020 07:35:37 - INFO - __main__ -   	Epoch	VALID	26	50	 105.5764	 104.1146	   1.4618	 1.000
05/26/2020 07:35:42 - INFO - __main__ -   	Step	TRAIN	0000	82	  94.5526	  92.9752	   1.5775	 1.000
05/26/2020 07:35:46 - INFO - __main__ -   	Step	TRAIN	0050	82	  92.2407	  90.6546	   1.5861	 1.000
05/26/2020 07:35:50 - INFO - __main__ -   	Step	TRAIN	0082	82	  90.8114	  89.2949	   1.5164	 1.000
05/26/2020 07:35:51 - INFO - __main__ -   	Epoch	TRAIN	27	50	  95.6483	  94.0684	   1.5799	 1.000
05/26/2020 07:35:55 - INFO - __main__ -   	Step	VALID	0000	6	 116.2574	 114.9658	   1.2916	 1.000
05/26/2020 07:35:58 - INFO - __main__ -   	Step	VALID	0006	6	 104.0770	 102.5957	   1.4813	 1.000
05/26/2020 07:36:01 - INFO - __main__ -   	Epoch	VALID	27	50	 105.4921	 104.0899	   1.4022	 1.000
05/26/2020 07:36:05 - INFO - __main__ -   	Step	TRAIN	0000	82	  94.4561	  92.9578	   1.4983	 1.000
05/26/2020 07:36:10 - INFO - __main__ -   	Step	TRAIN	0050	82	  97.1347	  95.5276	   1.6072	 1.000
05/26/2020 07:36:13 - INFO - __main__ -   	Step	TRAIN	0082	82	  95.5088	  94.1951	   1.3137	 1.000
05/26/2020 07:36:15 - INFO - __main__ -   	Epoch	TRAIN	28	50	  95.2542	  93.6560	   1.5981	 1.000
05/26/2020 07:36:23 - INFO - __main__ -   	Step	VALID	0000	6	 116.0669	 114.7446	   1.3223	 1.000
05/26/2020 07:36:26 - INFO - __main__ -   	Step	VALID	0006	6	 104.0923	 102.5266	   1.5657	 1.000
05/26/2020 07:36:28 - INFO - __main__ -   	Epoch	VALID	28	50	 105.4262	 103.9612	   1.4650	 1.000
05/26/2020 07:36:32 - INFO - __main__ -   	Step	TRAIN	0000	82	  93.4463	  91.8517	   1.5946	 1.000
05/26/2020 07:36:37 - INFO - __main__ -   	Step	TRAIN	0050	82	  93.1020	  91.4544	   1.6476	 1.000
05/26/2020 07:36:40 - INFO - __main__ -   	Step	TRAIN	0082	82	 101.5591	  99.7152	   1.8439	 1.000
05/26/2020 07:36:41 - INFO - __main__ -   	Epoch	TRAIN	29	50	  94.8066	  93.1788	   1.6278	 1.000
05/26/2020 07:36:45 - INFO - __main__ -   	Step	VALID	0000	6	 116.1230	 114.7535	   1.3695	 1.000
05/26/2020 07:36:49 - INFO - __main__ -   	Step	VALID	0006	6	 103.9325	 102.3345	   1.5980	 1.000
05/26/2020 07:36:51 - INFO - __main__ -   	Epoch	VALID	29	50	 105.3968	 103.8782	   1.5186	 1.000
05/26/2020 07:36:54 - INFO - __main__ -   	Step	TRAIN	0000	82	  92.6746	  91.0709	   1.6037	 1.000
05/26/2020 07:36:59 - INFO - __main__ -   	Step	TRAIN	0050	82	  96.3344	  94.7360	   1.5984	 1.000
05/26/2020 07:37:03 - INFO - __main__ -   	Step	TRAIN	0082	82	  96.7618	  94.9981	   1.7637	 1.000
05/26/2020 07:37:04 - INFO - __main__ -   	Epoch	TRAIN	30	50	  94.3559	  92.7015	   1.6544	 1.000
05/26/2020 07:37:08 - INFO - __main__ -   	Step	VALID	0000	6	 116.2805	 114.8876	   1.3929	 1.000
05/26/2020 07:37:12 - INFO - __main__ -   	Step	VALID	0006	6	 103.8325	 102.2464	   1.5862	 1.000
05/26/2020 07:37:14 - INFO - __main__ -   	Epoch	VALID	30	50	 105.3104	 103.8047	   1.5057	 1.000
05/26/2020 07:37:18 - INFO - __main__ -   	Step	TRAIN	0000	82	  90.2301	  88.6028	   1.6273	 1.000
05/26/2020 07:37:23 - INFO - __main__ -   	Step	TRAIN	0050	82	  90.1258	  88.4606	   1.6652	 1.000
05/26/2020 07:37:26 - INFO - __main__ -   	Step	TRAIN	0082	82	 101.9930	 100.3840	   1.6091	 1.000
05/26/2020 07:37:28 - INFO - __main__ -   	Epoch	TRAIN	31	50	  93.9778	  92.2975	   1.6803	 1.000
05/26/2020 07:37:39 - INFO - __main__ -   	Step	VALID	0000	6	 116.3180	 114.8609	   1.4571	 1.000
05/26/2020 07:37:43 - INFO - __main__ -   	Step	VALID	0006	6	 103.9492	 102.3451	   1.6041	 1.000
05/26/2020 07:37:44 - INFO - __main__ -   	Epoch	VALID	31	50	 105.3678	 103.8340	   1.5338	 1.000
05/26/2020 07:37:49 - INFO - __main__ -   	Step	TRAIN	0000	82	  91.4822	  89.9016	   1.5805	 1.000
05/26/2020 07:37:54 - INFO - __main__ -   	Step	TRAIN	0050	82	  92.8340	  91.2166	   1.6174	 1.000
05/26/2020 07:37:57 - INFO - __main__ -   	Step	TRAIN	0082	82	  95.6390	  93.8578	   1.7812	 1.000
05/26/2020 07:37:58 - INFO - __main__ -   	Epoch	TRAIN	32	50	  93.5255	  91.8271	   1.6984	 1.000
05/26/2020 07:38:03 - INFO - __main__ -   	Step	VALID	0000	6	 116.4695	 115.0140	   1.4555	 1.000
05/26/2020 07:38:06 - INFO - __main__ -   	Step	VALID	0006	6	 103.8466	 102.2164	   1.6302	 1.000
05/26/2020 07:38:08 - INFO - __main__ -   	Epoch	VALID	32	50	 105.3977	 103.8549	   1.5428	 1.000
05/26/2020 07:38:13 - INFO - __main__ -   	Step	TRAIN	0000	82	  91.4818	  89.7066	   1.7752	 1.000
05/26/2020 07:38:18 - INFO - __main__ -   	Step	TRAIN	0050	82	  93.1482	  91.4655	   1.6827	 1.000
05/26/2020 07:38:21 - INFO - __main__ -   	Step	TRAIN	0082	82	  92.4336	  90.6876	   1.7460	 1.000
05/26/2020 07:38:23 - INFO - __main__ -   	Epoch	TRAIN	33	50	  93.0867	  91.3698	   1.7169	 1.000
05/26/2020 07:38:30 - INFO - __main__ -   	Step	VALID	0000	6	 116.5720	 115.0374	   1.5346	 1.000
05/26/2020 07:38:33 - INFO - __main__ -   	Step	VALID	0006	6	 104.0487	 102.3421	   1.7066	 1.000
05/26/2020 07:38:35 - INFO - __main__ -   	Epoch	VALID	33	50	 105.4600	 103.8289	   1.6311	 1.000
05/26/2020 07:38:39 - INFO - __main__ -   	Step	TRAIN	0000	82	  92.8093	  91.0430	   1.7664	 1.000
05/26/2020 07:38:44 - INFO - __main__ -   	Step	TRAIN	0050	82	  93.7406	  91.9811	   1.7595	 1.000
05/26/2020 07:38:47 - INFO - __main__ -   	Step	TRAIN	0082	82	  80.8255	  79.2875	   1.5380	 1.000
05/26/2020 07:38:48 - INFO - __main__ -   	Epoch	TRAIN	34	50	  92.6080	  90.8641	   1.7439	 1.000
05/26/2020 07:38:53 - INFO - __main__ -   	Step	VALID	0000	6	 116.5579	 115.0763	   1.4816	 1.000
05/26/2020 07:38:57 - INFO - __main__ -   	Step	VALID	0006	6	 104.0965	 102.4289	   1.6676	 1.000
05/26/2020 07:38:59 - INFO - __main__ -   	Epoch	VALID	34	50	 105.4162	 103.8319	   1.5843	 1.000
05/26/2020 07:39:02 - INFO - __main__ -   	Step	TRAIN	0000	82	  90.8270	  89.0606	   1.7664	 1.000
05/26/2020 07:39:07 - INFO - __main__ -   	Step	TRAIN	0050	82	  95.8585	  94.1227	   1.7358	 1.000
05/26/2020 07:39:10 - INFO - __main__ -   	Step	TRAIN	0082	82	  92.4755	  90.6004	   1.8751	 1.000
05/26/2020 07:39:12 - INFO - __main__ -   	Epoch	TRAIN	35	50	  92.3394	  90.5785	   1.7609	 1.000
05/26/2020 07:39:17 - INFO - __main__ -   	Step	VALID	0000	6	 116.5358	 115.0598	   1.4759	 1.000
05/26/2020 07:39:21 - INFO - __main__ -   	Step	VALID	0006	6	 103.8808	 102.1617	   1.7191	 1.000
05/26/2020 07:39:23 - INFO - __main__ -   	Epoch	VALID	35	50	 105.4097	 103.7903	   1.6194	 1.000
05/26/2020 07:39:27 - INFO - __main__ -   	Step	TRAIN	0000	82	  93.3189	  91.4873	   1.8316	 1.000
05/26/2020 07:39:32 - INFO - __main__ -   	Step	TRAIN	0050	82	  95.6416	  93.8119	   1.8296	 1.000
05/26/2020 07:39:35 - INFO - __main__ -   	Step	TRAIN	0082	82	  98.7399	  96.7309	   2.0090	 1.000
05/26/2020 07:39:37 - INFO - __main__ -   	Epoch	TRAIN	36	50	  92.0633	  90.2823	   1.7809	 1.000
05/26/2020 07:39:42 - INFO - __main__ -   	Step	VALID	0000	6	 116.4783	 114.9950	   1.4833	 1.000
05/26/2020 07:39:45 - INFO - __main__ -   	Step	VALID	0006	6	 103.8829	 102.2237	   1.6591	 1.000
05/26/2020 07:39:47 - INFO - __main__ -   	Epoch	VALID	36	50	 105.4276	 103.8510	   1.5766	 1.000
05/26/2020 07:39:52 - INFO - __main__ -   	Step	TRAIN	0000	82	  91.5494	  89.9056	   1.6438	 1.000
05/26/2020 07:39:57 - INFO - __main__ -   	Step	TRAIN	0050	82	  90.0585	  88.3263	   1.7322	 1.000
05/26/2020 07:40:00 - INFO - __main__ -   	Step	TRAIN	0082	82	  98.1326	  96.3708	   1.7618	 1.000
05/26/2020 07:40:02 - INFO - __main__ -   	Epoch	TRAIN	37	50	  91.7167	  89.9215	   1.7952	 1.000
05/26/2020 07:40:05 - INFO - __main__ -   	Step	VALID	0000	6	 116.6142	 115.0421	   1.5721	 1.000
05/26/2020 07:40:08 - INFO - __main__ -   	Step	VALID	0006	6	 103.9965	 102.2293	   1.7672	 1.000
05/26/2020 07:40:10 - INFO - __main__ -   	Epoch	VALID	37	50	 105.4805	 103.7979	   1.6827	 1.000
05/26/2020 07:40:14 - INFO - __main__ -   	Step	TRAIN	0000	82	  90.3202	  88.5377	   1.7826	 1.000
05/26/2020 07:40:19 - INFO - __main__ -   	Step	TRAIN	0050	82	  92.0348	  90.1717	   1.8631	 1.000
05/26/2020 07:40:22 - INFO - __main__ -   	Step	TRAIN	0082	82	  91.0731	  89.3105	   1.7626	 1.000
05/26/2020 07:40:24 - INFO - __main__ -   	Epoch	TRAIN	38	50	  91.3153	  89.4929	   1.8224	 1.000
05/26/2020 07:40:29 - INFO - __main__ -   	Step	VALID	0000	6	 116.6824	 115.0761	   1.6062	 1.000
05/26/2020 07:40:33 - INFO - __main__ -   	Step	VALID	0006	6	 103.8136	 102.0545	   1.7591	 1.000
05/26/2020 07:40:35 - INFO - __main__ -   	Epoch	VALID	38	50	 105.4954	 103.8214	   1.6740	 1.000
05/26/2020 07:40:39 - INFO - __main__ -   	Step	TRAIN	0000	82	  94.0675	  92.1944	   1.8731	 1.000
05/26/2020 07:40:44 - INFO - __main__ -   	Step	TRAIN	0050	82	  90.6253	  88.7998	   1.8256	 1.000
05/26/2020 07:40:47 - INFO - __main__ -   	Step	TRAIN	0082	82	  86.9037	  85.2682	   1.6355	 1.000
05/26/2020 07:40:48 - INFO - __main__ -   	Epoch	TRAIN	39	50	  90.9396	  89.0909	   1.8487	 1.000
05/26/2020 07:41:01 - INFO - __main__ -   	Step	VALID	0000	6	 116.7770	 115.1767	   1.6003	 1.000
05/26/2020 07:41:05 - INFO - __main__ -   	Step	VALID	0006	6	 104.0361	 102.2585	   1.7776	 1.000
05/26/2020 07:41:07 - INFO - __main__ -   	Epoch	VALID	39	50	 105.5952	 103.9128	   1.6824	 1.000
05/26/2020 07:41:11 - INFO - __main__ -   	Step	TRAIN	0000	82	  89.0783	  87.2449	   1.8334	 1.000
05/26/2020 07:41:16 - INFO - __main__ -   	Step	TRAIN	0050	82	  90.6442	  88.7856	   1.8586	 1.000
05/26/2020 07:41:19 - INFO - __main__ -   	Step	TRAIN	0082	82	  91.1977	  89.2707	   1.9269	 1.000
05/26/2020 07:41:20 - INFO - __main__ -   	Epoch	TRAIN	40	50	  90.6344	  88.7720	   1.8624	 1.000
05/26/2020 07:41:24 - INFO - __main__ -   	Step	VALID	0000	6	 116.8786	 115.2411	   1.6375	 1.000
05/26/2020 07:41:28 - INFO - __main__ -   	Step	VALID	0006	6	 104.0780	 102.2793	   1.7987	 1.000
05/26/2020 07:41:30 - INFO - __main__ -   	Epoch	VALID	40	50	 105.6166	 103.8902	   1.7264	 1.000
05/26/2020 07:41:33 - INFO - __main__ -   	Step	TRAIN	0000	82	  91.2875	  89.3382	   1.9493	 1.000
05/26/2020 07:41:38 - INFO - __main__ -   	Step	TRAIN	0050	82	  89.3767	  87.4537	   1.9230	 1.000
05/26/2020 07:41:41 - INFO - __main__ -   	Step	TRAIN	0082	82	  87.7378	  85.7351	   2.0027	 1.000
05/26/2020 07:41:42 - INFO - __main__ -   	Epoch	TRAIN	41	50	  90.3261	  88.4305	   1.8955	 1.000
05/26/2020 07:41:46 - INFO - __main__ -   	Step	VALID	0000	6	 116.9952	 115.3344	   1.6608	 1.000
05/26/2020 07:41:50 - INFO - __main__ -   	Step	VALID	0006	6	 104.0904	 102.2527	   1.8377	 1.000
05/26/2020 07:41:51 - INFO - __main__ -   	Epoch	VALID	41	50	 105.7034	 103.9473	   1.7561	 1.000
05/26/2020 07:41:55 - INFO - __main__ -   	Step	TRAIN	0000	82	  87.2887	  85.4219	   1.8668	 1.000
05/26/2020 07:42:00 - INFO - __main__ -   	Step	TRAIN	0050	82	  88.5728	  86.6871	   1.8857	 1.000
05/26/2020 07:42:03 - INFO - __main__ -   	Step	TRAIN	0082	82	  84.9563	  83.1604	   1.7958	 1.000
05/26/2020 07:42:04 - INFO - __main__ -   	Epoch	TRAIN	42	50	  89.9721	  88.0481	   1.9240	 1.000
05/26/2020 07:42:20 - INFO - __main__ -   	Step	VALID	0000	6	 116.8982	 115.2413	   1.6569	 1.000
05/26/2020 07:42:23 - INFO - __main__ -   	Step	VALID	0006	6	 103.9628	 102.1125	   1.8503	 1.000
05/26/2020 07:42:25 - INFO - __main__ -   	Epoch	VALID	42	50	 105.6505	 103.8893	   1.7613	 1.000
05/26/2020 07:42:30 - INFO - __main__ -   	Step	TRAIN	0000	82	  88.3677	  86.4183	   1.9494	 1.000
05/26/2020 07:42:35 - INFO - __main__ -   	Step	TRAIN	0050	82	  90.8203	  88.9419	   1.8785	 1.000
05/26/2020 07:42:38 - INFO - __main__ -   	Step	TRAIN	0082	82	  86.7285	  84.7711	   1.9573	 1.000
05/26/2020 07:42:40 - INFO - __main__ -   	Epoch	TRAIN	43	50	  89.6639	  87.7182	   1.9457	 1.000
05/26/2020 07:42:48 - INFO - __main__ -   	Step	VALID	0000	6	 117.0952	 115.3790	   1.7162	 1.000
05/26/2020 07:42:51 - INFO - __main__ -   	Step	VALID	0006	6	 104.1105	 102.2258	   1.8847	 1.000
05/26/2020 07:42:53 - INFO - __main__ -   	Epoch	VALID	43	50	 105.7845	 103.9867	   1.7978	 1.000
05/26/2020 07:42:57 - INFO - __main__ -   	Step	TRAIN	0000	82	  91.2993	  89.3167	   1.9827	 1.000
05/26/2020 07:43:02 - INFO - __main__ -   	Step	TRAIN	0050	82	  86.3032	  84.4987	   1.8045	 1.000
05/26/2020 07:43:05 - INFO - __main__ -   	Step	TRAIN	0082	82	  92.6855	  90.4610	   2.2245	 1.000
05/26/2020 07:43:07 - INFO - __main__ -   	Epoch	TRAIN	44	50	  89.4387	  87.4793	   1.9595	 1.000
05/26/2020 07:43:19 - INFO - __main__ -   	Step	VALID	0000	6	 117.3377	 115.6225	   1.7152	 1.000
05/26/2020 07:43:22 - INFO - __main__ -   	Step	VALID	0006	6	 104.1295	 102.1982	   1.9313	 1.000
05/26/2020 07:43:24 - INFO - __main__ -   	Epoch	VALID	44	50	 105.8567	 104.0192	   1.8375	 1.000
05/26/2020 07:43:27 - INFO - __main__ -   	Step	TRAIN	0000	82	  89.4552	  87.3735	   2.0818	 1.000
05/26/2020 07:43:32 - INFO - __main__ -   	Step	TRAIN	0050	82	  88.7303	  86.7220	   2.0083	 1.000
05/26/2020 07:43:35 - INFO - __main__ -   	Step	TRAIN	0082	82	  87.3396	  85.3061	   2.0336	 1.000
05/26/2020 07:43:37 - INFO - __main__ -   	Epoch	TRAIN	45	50	  89.1334	  87.1322	   2.0012	 1.000
05/26/2020 07:43:41 - INFO - __main__ -   	Step	VALID	0000	6	 117.2496	 115.4829	   1.7667	 1.000
05/26/2020 07:43:44 - INFO - __main__ -   	Step	VALID	0006	6	 104.2358	 102.3620	   1.8737	 1.000
05/26/2020 07:43:46 - INFO - __main__ -   	Epoch	VALID	45	50	 105.8669	 104.0657	   1.8012	 1.000
05/26/2020 07:43:50 - INFO - __main__ -   	Step	TRAIN	0000	82	  86.8999	  84.8851	   2.0148	 1.000
05/26/2020 07:43:55 - INFO - __main__ -   	Step	TRAIN	0050	82	  88.7081	  86.6855	   2.0226	 1.000
05/26/2020 07:43:58 - INFO - __main__ -   	Step	TRAIN	0082	82	  82.4953	  80.6916	   1.8038	 1.000
05/26/2020 07:43:59 - INFO - __main__ -   	Epoch	TRAIN	46	50	  88.8408	  86.8232	   2.0176	 1.000
05/26/2020 07:44:03 - INFO - __main__ -   	Step	VALID	0000	6	 117.4335	 115.6390	   1.7945	 1.000
05/26/2020 07:44:05 - INFO - __main__ -   	Step	VALID	0006	6	 104.2570	 102.3290	   1.9279	 1.000
05/26/2020 07:44:07 - INFO - __main__ -   	Epoch	VALID	46	50	 105.9442	 104.0979	   1.8463	 1.000
05/26/2020 07:44:11 - INFO - __main__ -   	Step	TRAIN	0000	82	  89.1436	  87.1060	   2.0376	 1.000
05/26/2020 07:44:16 - INFO - __main__ -   	Step	TRAIN	0050	82	  92.6304	  90.5538	   2.0766	 1.000
05/26/2020 07:44:19 - INFO - __main__ -   	Step	TRAIN	0082	82	  97.9404	  95.9052	   2.0353	 1.000
05/26/2020 07:44:21 - INFO - __main__ -   	Epoch	TRAIN	47	50	  88.6691	  86.6307	   2.0384	 1.000
05/26/2020 07:44:28 - INFO - __main__ -   	Step	VALID	0000	6	 117.4947	 115.7606	   1.7341	 1.000
05/26/2020 07:44:31 - INFO - __main__ -   	Step	VALID	0006	6	 104.1012	 102.1712	   1.9300	 1.000
05/26/2020 07:44:33 - INFO - __main__ -   	Epoch	VALID	47	50	 105.9697	 104.1393	   1.8305	 1.000
05/26/2020 07:44:36 - INFO - __main__ -   	Step	TRAIN	0000	82	  87.5845	  85.5639	   2.0206	 1.000
05/26/2020 07:44:41 - INFO - __main__ -   	Step	TRAIN	0050	82	  90.1924	  88.1438	   2.0486	 1.000
05/26/2020 07:44:45 - INFO - __main__ -   	Step	TRAIN	0082	82	  93.1725	  91.1587	   2.0138	 1.000
05/26/2020 07:44:46 - INFO - __main__ -   	Epoch	TRAIN	48	50	  88.3947	  86.3301	   2.0646	 1.000
05/26/2020 07:44:51 - INFO - __main__ -   	Step	VALID	0000	6	 117.6653	 115.8992	   1.7661	 1.000
05/26/2020 07:44:54 - INFO - __main__ -   	Step	VALID	0006	6	 104.3301	 102.4452	   1.8849	 1.000
05/26/2020 07:44:56 - INFO - __main__ -   	Epoch	VALID	48	50	 106.0998	 104.2904	   1.8094	 1.000
05/26/2020 07:45:00 - INFO - __main__ -   	Step	TRAIN	0000	82	  86.8980	  84.9296	   1.9683	 1.000
05/26/2020 07:45:05 - INFO - __main__ -   	Step	TRAIN	0050	82	  87.4072	  85.3858	   2.0214	 1.000
05/26/2020 07:45:08 - INFO - __main__ -   	Step	TRAIN	0082	82	  81.4832	  79.3009	   2.1823	 1.000
05/26/2020 07:45:09 - INFO - __main__ -   	Epoch	TRAIN	49	50	  87.9970	  85.9218	   2.0752	 1.000
05/26/2020 07:45:20 - INFO - __main__ -   	Step	VALID	0000	6	 117.6620	 115.8811	   1.7809	 1.000
05/26/2020 07:45:23 - INFO - __main__ -   	Step	VALID	0006	6	 104.4697	 102.5073	   1.9624	 1.000
05/26/2020 07:45:25 - INFO - __main__ -   	Epoch	VALID	49	50	 106.0675	 104.1947	   1.8728	 1.000
