05/26/2020 04:27:29 - INFO - __main__ -   	Step	TRAIN	0000	82	 216.1974	 216.1974	   0.3943	 0.000
05/26/2020 04:27:37 - INFO - __main__ -   	Step	TRAIN	0050	82	 144.6811	 144.6793	  39.3401	 0.000
05/26/2020 04:27:41 - INFO - __main__ -   	Step	TRAIN	0082	82	 139.0246	 139.0217	  54.0653	 0.000
05/26/2020 04:27:43 - INFO - __main__ -   	Epoch	TRAIN	00	50	 151.4172	 151.4155	  39.3397	 0.000
05/26/2020 04:27:47 - INFO - __main__ -   	Step	VALID	0000	6	 195.4612	 139.3924	  56.0688	 0.000
05/26/2020 04:27:51 - INFO - __main__ -   	Step	VALID	0006	6	 187.2689	 131.9891	  55.2798	 0.000
05/26/2020 04:27:53 - INFO - __main__ -   	Epoch	VALID	00	50	 186.6982	 132.2867	  54.4115	 0.000
05/26/2020 04:27:56 - INFO - __main__ -   	Step	TRAIN	0000	82	 134.1717	 134.1688	  54.3567	 0.000
05/26/2020 04:28:04 - INFO - __main__ -   	Step	TRAIN	0050	82	 127.4925	 127.4870	  79.4535	 0.000
05/26/2020 04:28:08 - INFO - __main__ -   	Step	TRAIN	0082	82	 125.9739	 125.9662	  94.9434	 0.000
05/26/2020 04:28:09 - INFO - __main__ -   	Epoch	TRAIN	01	50	 128.3230	 128.3181	  73.5912	 0.000
05/26/2020 04:28:18 - INFO - __main__ -   	Step	VALID	0000	6	 224.2782	 127.7173	  96.5609	 0.000
05/26/2020 04:28:22 - INFO - __main__ -   	Step	VALID	0006	6	 214.3018	 118.9509	  95.3508	 0.000
05/26/2020 04:28:24 - INFO - __main__ -   	Epoch	VALID	01	50	 214.5273	 119.6946	  94.8327	 0.000
05/26/2020 04:28:27 - INFO - __main__ -   	Step	TRAIN	0000	82	 118.5260	 118.5183	  95.5405	 0.000
05/26/2020 04:28:35 - INFO - __main__ -   	Step	TRAIN	0050	82	 118.1768	 118.1647	 116.6434	 0.000
05/26/2020 04:28:39 - INFO - __main__ -   	Step	TRAIN	0082	82	 118.5557	 118.5401	 128.6283	 0.000
05/26/2020 04:28:41 - INFO - __main__ -   	Epoch	TRAIN	02	50	 117.3818	 117.3704	 112.6710	 0.000
05/26/2020 04:28:54 - INFO - __main__ -   	Step	VALID	0000	6	 251.1855	 120.9577	 130.2278	 0.000
05/26/2020 04:28:57 - INFO - __main__ -   	Step	VALID	0006	6	 238.1512	 111.1046	 127.0466	 0.000
05/26/2020 04:28:59 - INFO - __main__ -   	Epoch	VALID	02	50	 239.8512	 112.0848	 127.7664	 0.000
05/26/2020 04:29:02 - INFO - __main__ -   	Step	TRAIN	0000	82	 112.1215	 112.1058	 128.4313	 0.000
05/26/2020 04:29:10 - INFO - __main__ -   	Step	TRAIN	0050	82	 108.3557	 108.3332	 142.9367	 0.000
05/26/2020 04:29:14 - INFO - __main__ -   	Step	TRAIN	0082	82	 117.9024	 117.8749	 148.9105	 0.000
05/26/2020 04:29:15 - INFO - __main__ -   	Epoch	TRAIN	03	50	 110.1126	 110.0914	 138.8724	 0.000
05/26/2020 04:29:23 - INFO - __main__ -   	Step	VALID	0000	6	 264.9357	 116.3125	 148.6232	 0.000
05/26/2020 04:29:27 - INFO - __main__ -   	Step	VALID	0006	6	 252.2235	 106.5600	 145.6635	 0.000
05/26/2020 04:29:28 - INFO - __main__ -   	Epoch	VALID	03	50	 253.8969	 107.4246	 146.4724	 0.000
05/26/2020 04:29:32 - INFO - __main__ -   	Step	TRAIN	0000	82	 105.4628	 105.4357	 145.9249	 0.000
05/26/2020 04:29:40 - INFO - __main__ -   	Step	TRAIN	0050	82	 104.5065	 104.4697	 154.9002	 0.000
05/26/2020 04:29:44 - INFO - __main__ -   	Step	TRAIN	0082	82	  98.1181	  98.0754	 152.7545	 0.000
05/26/2020 04:29:46 - INFO - __main__ -   	Epoch	TRAIN	04	50	 104.8827	 104.8472	 154.5197	 0.000
05/26/2020 04:29:57 - INFO - __main__ -   	Step	VALID	0000	6	 275.6010	 113.4917	 162.1092	 0.000
05/26/2020 04:30:01 - INFO - __main__ -   	Step	VALID	0006	6	 262.1536	 103.1162	 159.0374	 0.000
05/26/2020 04:30:03 - INFO - __main__ -   	Epoch	VALID	04	50	 264.2915	 104.1128	 160.1786	 0.000
05/26/2020 04:30:06 - INFO - __main__ -   	Step	TRAIN	0000	82	 106.1897	 106.1437	 163.8019	 0.000
05/26/2020 04:30:13 - INFO - __main__ -   	Step	TRAIN	0050	82	  96.3402	  96.2802	 166.3347	 0.000
05/26/2020 04:30:18 - INFO - __main__ -   	Step	TRAIN	0082	82	  97.5949	  97.5259	 163.0769	 0.000
05/26/2020 04:30:20 - INFO - __main__ -   	Epoch	TRAIN	05	50	 101.0237	 100.9661	 165.6153	 0.000
05/26/2020 04:30:26 - INFO - __main__ -   	Step	VALID	0000	6	 280.0510	 110.7146	 169.3364	 0.000
05/26/2020 04:30:29 - INFO - __main__ -   	Step	VALID	0006	6	 267.7023	 100.4222	 167.2801	 0.000
05/26/2020 04:30:31 - INFO - __main__ -   	Epoch	VALID	05	50	 269.1727	 101.2129	 167.9597	 0.000
05/26/2020 04:30:35 - INFO - __main__ -   	Step	TRAIN	0000	82	  97.7691	  97.6980	 167.0961	 0.000
05/26/2020 04:30:42 - INFO - __main__ -   	Step	TRAIN	0050	82	  99.3267	  99.2321	 173.1934	 0.001
05/26/2020 04:30:47 - INFO - __main__ -   	Step	TRAIN	0082	82	 104.6098	 104.4984	 173.9438	 0.001
05/26/2020 04:30:48 - INFO - __main__ -   	Epoch	TRAIN	06	50	  98.1242	  98.0331	 173.2239	 0.001
05/26/2020 04:30:51 - INFO - __main__ -   	Step	VALID	0000	6	 281.4241	 108.8613	 172.5628	 0.001
05/26/2020 04:30:55 - INFO - __main__ -   	Step	VALID	0006	6	 269.1622	  98.2008	 170.9614	 0.001
05/26/2020 04:30:56 - INFO - __main__ -   	Epoch	VALID	06	50	 270.6441	  99.1183	 171.5258	 0.001
05/26/2020 04:31:00 - INFO - __main__ -   	Step	TRAIN	0000	82	  95.5250	  95.4162	 168.9769	 0.001
05/26/2020 04:31:07 - INFO - __main__ -   	Step	TRAIN	0050	82	  95.6571	  95.5108	 176.9943	 0.001
05/26/2020 04:31:12 - INFO - __main__ -   	Step	TRAIN	0082	82	  84.6672	  84.5036	 168.6536	 0.001
05/26/2020 04:31:13 - INFO - __main__ -   	Epoch	TRAIN	07	50	  95.4593	  95.3201	 174.8260	 0.001
05/26/2020 04:31:18 - INFO - __main__ -   	Step	VALID	0000	6	 281.8721	 108.3151	 173.5571	 0.001
05/26/2020 04:31:21 - INFO - __main__ -   	Step	VALID	0006	6	 270.6288	  97.4146	 173.2142	 0.001
05/26/2020 04:31:23 - INFO - __main__ -   	Epoch	VALID	07	50	 271.6395	  98.2673	 173.3722	 0.001
05/26/2020 04:31:26 - INFO - __main__ -   	Step	TRAIN	0000	82	  95.7359	  95.5679	 172.3226	 0.001
05/26/2020 04:31:34 - INFO - __main__ -   	Step	TRAIN	0050	82	  93.3427	  93.1253	 173.7385	 0.001
05/26/2020 04:31:38 - INFO - __main__ -   	Step	TRAIN	0082	82	  91.6196	  91.3647	 173.6524	 0.001
05/26/2020 04:31:40 - INFO - __main__ -   	Epoch	TRAIN	08	50	  93.2401	  93.0281	 176.0931	 0.001
05/26/2020 04:31:51 - INFO - __main__ -   	Step	VALID	0000	6	 280.2183	 107.1663	 173.0520	 0.001
05/26/2020 04:31:54 - INFO - __main__ -   	Step	VALID	0006	6	 269.6522	  96.0615	 173.5907	 0.001
05/26/2020 04:31:56 - INFO - __main__ -   	Epoch	VALID	08	50	 270.2974	  96.9994	 173.2980	 0.001
05/26/2020 04:32:00 - INFO - __main__ -   	Step	TRAIN	0000	82	  86.2382	  85.9820	 173.6799	 0.001
05/26/2020 04:32:07 - INFO - __main__ -   	Step	TRAIN	0050	82	  93.5354	  93.2089	 172.4434	 0.002
05/26/2020 04:32:12 - INFO - __main__ -   	Step	TRAIN	0082	82	  86.4600	  86.0816	 170.3398	 0.002
05/26/2020 04:32:13 - INFO - __main__ -   	Epoch	TRAIN	09	50	  91.3481	  91.0323	 173.3847	 0.002
05/26/2020 04:32:18 - INFO - __main__ -   	Step	VALID	0000	6	 273.1861	 105.8639	 167.3222	 0.002
05/26/2020 04:32:21 - INFO - __main__ -   	Step	VALID	0006	6	 262.8791	  94.6085	 168.2706	 0.002
05/26/2020 04:32:23 - INFO - __main__ -   	Epoch	VALID	09	50	 263.4851	  95.4906	 167.9945	 0.002
05/26/2020 04:32:27 - INFO - __main__ -   	Step	TRAIN	0000	82	  90.9342	  90.5607	 167.3086	 0.002
05/26/2020 04:32:34 - INFO - __main__ -   	Step	TRAIN	0050	82	  86.3323	  85.8474	 169.2960	 0.003
05/26/2020 04:32:39 - INFO - __main__ -   	Step	TRAIN	0082	82	  86.7023	  86.1637	 160.3089	 0.003
05/26/2020 04:32:40 - INFO - __main__ -   	Epoch	TRAIN	10	50	  89.6993	  89.2338	 168.9876	 0.003
05/26/2020 04:32:52 - INFO - __main__ -   	Step	VALID	0000	6	 267.2776	 105.3624	 161.9152	 0.003
05/26/2020 04:32:55 - INFO - __main__ -   	Step	VALID	0006	6	 257.5176	  93.8239	 163.6937	 0.003
05/26/2020 04:32:57 - INFO - __main__ -   	Epoch	VALID	10	50	 257.8106	  94.9321	 162.8785	 0.003
05/26/2020 04:33:02 - INFO - __main__ -   	Step	TRAIN	0000	82	  91.2951	  90.7436	 163.3488	 0.003
05/26/2020 04:33:09 - INFO - __main__ -   	Step	TRAIN	0050	82	  90.3146	  89.6119	 162.2470	 0.004
05/26/2020 04:33:14 - INFO - __main__ -   	Step	TRAIN	0082	82	  78.4655	  77.6935	 151.9825	 0.005
05/26/2020 04:33:15 - INFO - __main__ -   	Epoch	TRAIN	11	50	  88.2405	  87.5635	 162.6187	 0.004
05/26/2020 04:33:21 - INFO - __main__ -   	Step	VALID	0000	6	 259.8260	 104.6204	 155.2056	 0.005
05/26/2020 04:33:27 - INFO - __main__ -   	Step	VALID	0006	6	 249.2896	  92.7209	 156.5687	 0.005
05/26/2020 04:33:28 - INFO - __main__ -   	Epoch	VALID	11	50	 250.1781	  93.9608	 156.2173	 0.005
05/26/2020 04:33:31 - INFO - __main__ -   	Step	TRAIN	0000	82	  86.3704	  85.5752	 155.7814	 0.005
05/26/2020 04:33:39 - INFO - __main__ -   	Step	TRAIN	0050	82	  87.6688	  86.6842	 150.4413	 0.007
05/26/2020 04:33:43 - INFO - __main__ -   	Step	TRAIN	0082	82	  75.0870	  73.9312	 150.6494	 0.008
05/26/2020 04:33:45 - INFO - __main__ -   	Epoch	TRAIN	12	50	  87.1336	  86.1706	 153.1580	 0.006
05/26/2020 04:33:57 - INFO - __main__ -   	Step	VALID	0000	6	 249.1146	 104.3222	 144.7924	 0.008
05/26/2020 04:34:01 - INFO - __main__ -   	Step	VALID	0006	6	 239.0786	  92.3945	 146.6841	 0.008
05/26/2020 04:34:03 - INFO - __main__ -   	Epoch	VALID	12	50	 239.5346	  93.5652	 145.9695	 0.008
05/26/2020 04:34:06 - INFO - __main__ -   	Step	TRAIN	0000	82	  85.4066	  84.2887	 144.9864	 0.008
05/26/2020 04:34:14 - INFO - __main__ -   	Step	TRAIN	0050	82	  87.1446	  85.7607	 140.0893	 0.010
05/26/2020 04:34:18 - INFO - __main__ -   	Step	TRAIN	0082	82	  84.4942	  82.9327	 134.9280	 0.012
05/26/2020 04:34:20 - INFO - __main__ -   	Epoch	TRAIN	13	50	  86.2419	  84.8858	 142.9917	 0.010
05/26/2020 04:34:31 - INFO - __main__ -   	Step	VALID	0000	6	 235.8536	 103.8996	 131.9540	 0.012
05/26/2020 04:34:35 - INFO - __main__ -   	Step	VALID	0006	6	 226.1336	  91.9806	 134.1530	 0.012
05/26/2020 04:34:37 - INFO - __main__ -   	Epoch	VALID	13	50	 226.5411	  93.0839	 133.4573	 0.012
05/26/2020 04:34:40 - INFO - __main__ -   	Step	TRAIN	0000	82	  87.4310	  85.8634	 134.7891	 0.012
05/26/2020 04:34:48 - INFO - __main__ -   	Step	TRAIN	0050	82	  87.7586	  85.8595	 127.6027	 0.015
05/26/2020 04:34:52 - INFO - __main__ -   	Step	TRAIN	0082	82	  87.0437	  84.9184	 121.9989	 0.017
05/26/2020 04:34:53 - INFO - __main__ -   	Epoch	TRAIN	14	50	  85.6826	  83.8292	 129.7991	 0.014
05/26/2020 04:34:58 - INFO - __main__ -   	Step	VALID	0000	6	 224.0711	 103.8978	 120.1732	 0.018
05/26/2020 04:35:02 - INFO - __main__ -   	Step	VALID	0006	6	 213.5312	  91.6731	 121.8581	 0.018
05/26/2020 04:35:04 - INFO - __main__ -   	Epoch	VALID	14	50	 214.0001	  92.8744	 121.1257	 0.018
05/26/2020 04:35:08 - INFO - __main__ -   	Step	TRAIN	0000	82	  86.2796	  84.1245	 123.0978	 0.018
05/26/2020 04:35:15 - INFO - __main__ -   	Step	TRAIN	0050	82	  83.3553	  80.7985	 114.3035	 0.022
05/26/2020 04:35:20 - INFO - __main__ -   	Step	TRAIN	0082	82	  84.9417	  82.0856	 109.2294	 0.026
05/26/2020 04:35:21 - INFO - __main__ -   	Epoch	TRAIN	15	50	  85.2654	  82.7819	 115.7966	 0.022
05/26/2020 04:35:25 - INFO - __main__ -   	Step	VALID	0000	6	 208.9196	 103.4579	 105.4617	 0.026
05/26/2020 04:35:28 - INFO - __main__ -   	Step	VALID	0006	6	 198.6641	  91.3890	 107.2751	 0.026
05/26/2020 04:35:30 - INFO - __main__ -   	Epoch	VALID	15	50	 199.1184	  92.5148	 106.6036	 0.026
05/26/2020 04:35:34 - INFO - __main__ -   	Step	TRAIN	0000	82	  82.1021	  79.2916	 106.9654	 0.026
05/26/2020 04:35:41 - INFO - __main__ -   	Step	TRAIN	0050	82	  81.8654	  78.5806	  98.0895	 0.033
05/26/2020 04:35:46 - INFO - __main__ -   	Step	TRAIN	0082	82	  96.2481	  92.5948	  93.5006	 0.039
05/26/2020 04:35:48 - INFO - __main__ -   	Epoch	TRAIN	16	50	  85.2853	  82.0483	 100.8276	 0.032
05/26/2020 04:35:55 - INFO - __main__ -   	Step	VALID	0000	6	 194.4262	 102.9018	  91.5244	 0.039
05/26/2020 04:35:59 - INFO - __main__ -   	Step	VALID	0006	6	 183.7278	  90.9255	  92.8023	 0.039
05/26/2020 04:36:00 - INFO - __main__ -   	Epoch	VALID	16	50	 184.3429	  92.0743	  92.2686	 0.039
05/26/2020 04:36:04 - INFO - __main__ -   	Step	TRAIN	0000	82	  86.5771	  82.9074	  93.4735	 0.039
05/26/2020 04:36:12 - INFO - __main__ -   	Step	TRAIN	0050	82	  83.8536	  79.6200	  84.9191	 0.050
05/26/2020 04:36:16 - INFO - __main__ -   	Step	TRAIN	0082	82	  89.1050	  84.4800	  79.7367	 0.058
05/26/2020 04:36:18 - INFO - __main__ -   	Epoch	TRAIN	17	50	  85.4844	  81.3924	  85.6648	 0.048
05/26/2020 04:36:23 - INFO - __main__ -   	Step	VALID	0000	6	 178.5905	 102.5005	  76.0900	 0.058
05/26/2020 04:36:26 - INFO - __main__ -   	Step	VALID	0006	6	 167.6647	  90.2425	  77.4222	 0.058
05/26/2020 04:36:28 - INFO - __main__ -   	Epoch	VALID	17	50	 168.4911	  91.7115	  76.7797	 0.058
05/26/2020 04:36:32 - INFO - __main__ -   	Step	TRAIN	0000	82	  81.4461	  76.9864	  76.5260	 0.058
05/26/2020 04:36:40 - INFO - __main__ -   	Step	TRAIN	0050	82	  88.7809	  83.5315	  71.3132	 0.074
05/26/2020 04:36:44 - INFO - __main__ -   	Step	TRAIN	0082	82	  74.7620	  69.5750	  60.8134	 0.085
05/26/2020 04:36:46 - INFO - __main__ -   	Epoch	TRAIN	18	50	  85.8425	  80.7839	  71.6886	 0.071
05/26/2020 04:36:51 - INFO - __main__ -   	Step	VALID	0000	6	 165.1128	 102.4874	  62.6254	 0.086
05/26/2020 04:36:55 - INFO - __main__ -   	Step	VALID	0006	6	 153.6620	  90.3123	  63.3498	 0.086
05/26/2020 04:36:57 - INFO - __main__ -   	Epoch	VALID	18	50	 154.4299	  91.5388	  62.8911	 0.086
05/26/2020 04:37:00 - INFO - __main__ -   	Step	TRAIN	0000	82	  86.2331	  80.7382	  64.1300	 0.086
05/26/2020 04:37:07 - INFO - __main__ -   	Step	TRAIN	0050	82	  88.0301	  81.8446	  57.5890	 0.107
05/26/2020 04:37:12 - INFO - __main__ -   	Step	TRAIN	0082	82	  88.8069	  82.1281	  53.9751	 0.124
05/26/2020 04:37:14 - INFO - __main__ -   	Epoch	TRAIN	19	50	  86.8238	  80.7070	  59.3694	 0.104
05/26/2020 04:37:18 - INFO - __main__ -   	Step	VALID	0000	6	 154.9392	 102.5195	  52.4196	 0.124
05/26/2020 04:37:21 - INFO - __main__ -   	Step	VALID	0006	6	 143.1246	  90.3225	  52.8022	 0.124
05/26/2020 04:37:23 - INFO - __main__ -   	Epoch	VALID	19	50	 143.9294	  91.5325	  52.3969	 0.124
05/26/2020 04:37:27 - INFO - __main__ -   	Step	TRAIN	0000	82	  88.2687	  81.6774	  53.0353	 0.124
05/26/2020 04:37:34 - INFO - __main__ -   	Step	TRAIN	0050	82	  84.7146	  77.4854	  46.9011	 0.154
05/26/2020 04:37:39 - INFO - __main__ -   	Step	TRAIN	0082	82	  93.8905	  85.9778	  44.9149	 0.176
05/26/2020 04:37:41 - INFO - __main__ -   	Epoch	TRAIN	20	50	  87.9670	  80.7729	  48.5838	 0.149
05/26/2020 04:37:47 - INFO - __main__ -   	Step	VALID	0000	6	 145.5152	 102.9683	  42.5469	 0.177
05/26/2020 04:37:50 - INFO - __main__ -   	Step	VALID	0006	6	 133.6902	  90.7951	  42.8951	 0.177
05/26/2020 04:37:52 - INFO - __main__ -   	Epoch	VALID	20	50	 134.5443	  92.0860	  42.4582	 0.177
05/26/2020 04:37:56 - INFO - __main__ -   	Step	TRAIN	0000	82	  90.9656	  83.3086	  43.2846	 0.177
05/26/2020 04:38:03 - INFO - __main__ -   	Step	TRAIN	0050	82	  88.7362	  80.4473	  38.3255	 0.216
05/26/2020 04:38:07 - INFO - __main__ -   	Step	TRAIN	0082	82	  91.0338	  82.2832	  35.7719	 0.245
05/26/2020 04:38:09 - INFO - __main__ -   	Epoch	TRAIN	21	50	  89.3451	  81.0740	  39.7281	 0.209
05/26/2020 04:38:13 - INFO - __main__ -   	Step	VALID	0000	6	 138.4959	 103.3452	  35.1507	 0.246
05/26/2020 04:38:16 - INFO - __main__ -   	Step	VALID	0006	6	 126.5374	  91.0169	  35.5205	 0.246
05/26/2020 04:38:18 - INFO - __main__ -   	Epoch	VALID	21	50	 127.4571	  92.3337	  35.1234	 0.246
05/26/2020 04:38:22 - INFO - __main__ -   	Step	TRAIN	0000	82	  89.5169	  80.6621	  36.0616	 0.246
05/26/2020 04:38:29 - INFO - __main__ -   	Step	TRAIN	0050	82	  93.8904	  84.4978	  31.8679	 0.295
05/26/2020 04:38:34 - INFO - __main__ -   	Step	TRAIN	0082	82	  87.9881	  78.5504	  28.6822	 0.329
05/26/2020 04:38:35 - INFO - __main__ -   	Epoch	TRAIN	22	50	  90.8847	  81.5927	  32.6455	 0.286
05/26/2020 04:38:43 - INFO - __main__ -   	Step	VALID	0000	6	 132.7031	 103.7268	  28.9763	 0.330
05/26/2020 04:38:47 - INFO - __main__ -   	Step	VALID	0006	6	 120.3673	  91.2880	  29.0792	 0.330
05/26/2020 04:38:49 - INFO - __main__ -   	Epoch	VALID	22	50	 121.5620	  92.7604	  28.8017	 0.330
05/26/2020 04:38:52 - INFO - __main__ -   	Step	TRAIN	0000	82	  89.3225	  79.6974	  29.1535	 0.330
05/26/2020 04:38:59 - INFO - __main__ -   	Step	TRAIN	0050	82	  91.1940	  81.0516	  26.1687	 0.388
05/26/2020 04:39:04 - INFO - __main__ -   	Step	TRAIN	0082	82	 104.1571	  93.5628	  24.8594	 0.426
05/26/2020 04:39:05 - INFO - __main__ -   	Epoch	TRAIN	23	50	  92.7187	  82.5063	  27.1661	 0.377
05/26/2020 04:39:08 - INFO - __main__ -   	Step	VALID	0000	6	 128.7927	 104.5121	  24.2805	 0.427
05/26/2020 04:39:12 - INFO - __main__ -   	Step	VALID	0006	6	 116.7093	  92.2806	  24.4287	 0.427
05/26/2020 04:39:13 - INFO - __main__ -   	Epoch	VALID	23	50	 117.8026	  93.6713	  24.1312	 0.427
05/26/2020 04:39:17 - INFO - __main__ -   	Step	TRAIN	0000	82	  94.2861	  83.8407	  24.4398	 0.427
05/26/2020 04:39:24 - INFO - __main__ -   	Step	TRAIN	0050	82	  93.8647	  82.9722	  22.2579	 0.489
05/26/2020 04:39:29 - INFO - __main__ -   	Step	TRAIN	0082	82	 105.1319	  93.5960	  21.7928	 0.529
05/26/2020 04:39:30 - INFO - __main__ -   	Epoch	TRAIN	24	50	  94.2807	  83.3107	  23.0090	 0.478
05/26/2020 04:39:39 - INFO - __main__ -   	Step	VALID	0000	6	 126.0400	 105.3627	  20.6773	 0.531
05/26/2020 04:39:42 - INFO - __main__ -   	Step	VALID	0006	6	 113.7366	  92.8725	  20.8641	 0.531
05/26/2020 04:39:44 - INFO - __main__ -   	Epoch	VALID	24	50	 115.0148	  94.4627	  20.5521	 0.531
05/26/2020 04:39:47 - INFO - __main__ -   	Step	TRAIN	0000	82	  95.1277	  83.9839	  21.0027	 0.531
05/26/2020 04:39:55 - INFO - __main__ -   	Step	TRAIN	0050	82	  96.6435	  85.1611	  19.3938	 0.592
05/26/2020 04:39:59 - INFO - __main__ -   	Step	TRAIN	0082	82	 103.5940	  91.6060	  19.0266	 0.630
05/26/2020 04:40:01 - INFO - __main__ -   	Epoch	TRAIN	25	50	  95.5749	  84.1215	  19.7616	 0.581
05/26/2020 04:40:10 - INFO - __main__ -   	Step	VALID	0000	6	 124.3172	 106.7009	  17.6163	 0.631
05/26/2020 04:40:14 - INFO - __main__ -   	Step	VALID	0006	6	 111.7934	  93.9451	  17.8483	 0.631
05/26/2020 04:40:16 - INFO - __main__ -   	Epoch	VALID	25	50	 113.1536	  95.5552	  17.5985	 0.631
05/26/2020 04:40:19 - INFO - __main__ -   	Step	TRAIN	0000	82	  93.8648	  82.4707	  18.0506	 0.631
05/26/2020 04:40:26 - INFO - __main__ -   	Step	TRAIN	0050	82	  96.4791	  84.7693	  17.0375	 0.687
05/26/2020 04:40:31 - INFO - __main__ -   	Step	TRAIN	0082	82	  86.0650	  74.8011	  15.6310	 0.721
05/26/2020 04:40:32 - INFO - __main__ -   	Epoch	TRAIN	26	50	  96.4337	  84.7124	  17.3398	 0.677
05/26/2020 04:40:47 - INFO - __main__ -   	Step	VALID	0000	6	 123.6642	 107.6105	  16.0537	 0.722
05/26/2020 04:40:50 - INFO - __main__ -   	Step	VALID	0006	6	 110.8320	  94.5266	  16.3054	 0.722
05/26/2020 04:40:52 - INFO - __main__ -   	Epoch	VALID	26	50	 112.3197	  96.2908	  16.0288	 0.722
05/26/2020 04:40:56 - INFO - __main__ -   	Step	TRAIN	0000	82	  96.2917	  84.4717	  16.3798	 0.722
05/26/2020 04:41:03 - INFO - __main__ -   	Step	TRAIN	0050	82	  99.5443	  87.3893	  15.8068	 0.769
05/26/2020 04:41:07 - INFO - __main__ -   	Step	TRAIN	0082	82	 104.9687	  92.9106	  15.1452	 0.796
05/26/2020 04:41:09 - INFO - __main__ -   	Epoch	TRAIN	27	50	  97.2760	  85.4280	  15.6011	 0.760
05/26/2020 04:41:20 - INFO - __main__ -   	Step	VALID	0000	6	 122.8002	 108.2494	  14.5508	 0.797
05/26/2020 04:41:23 - INFO - __main__ -   	Step	VALID	0006	6	 110.0932	  95.4146	  14.6786	 0.797
05/26/2020 04:41:25 - INFO - __main__ -   	Epoch	VALID	27	50	 111.4657	  97.0313	  14.4344	 0.797
05/26/2020 04:41:29 - INFO - __main__ -   	Step	TRAIN	0000	82	  96.3051	  84.3945	  14.9448	 0.797
05/26/2020 04:41:36 - INFO - __main__ -   	Step	TRAIN	0050	82	  96.9049	  85.1452	  14.0928	 0.834
05/26/2020 04:41:41 - INFO - __main__ -   	Step	TRAIN	0082	82	  99.9085	  88.1406	  13.7574	 0.855
05/26/2020 04:41:43 - INFO - __main__ -   	Epoch	TRAIN	28	50	  97.6398	  85.8500	  14.2552	 0.827
05/26/2020 04:41:46 - INFO - __main__ -   	Step	VALID	0000	6	 121.8182	 108.8734	  12.9448	 0.856
05/26/2020 04:41:49 - INFO - __main__ -   	Step	VALID	0006	6	 109.1036	  95.9656	  13.1379	 0.856
05/26/2020 04:41:51 - INFO - __main__ -   	Epoch	VALID	28	50	 110.6048	  97.7038	  12.9010	 0.856
05/26/2020 04:41:55 - INFO - __main__ -   	Step	TRAIN	0000	82	  99.2906	  87.7916	  13.4333	 0.856
05/26/2020 04:42:02 - INFO - __main__ -   	Step	TRAIN	0050	82	  96.8964	  85.3904	  13.0134	 0.884
05/26/2020 04:42:07 - INFO - __main__ -   	Step	TRAIN	0082	82	  94.1484	  82.7341	  12.6886	 0.900
05/26/2020 04:42:08 - INFO - __main__ -   	Epoch	TRAIN	29	50	  97.6983	  86.0097	  13.3032	 0.879
05/26/2020 04:42:16 - INFO - __main__ -   	Step	VALID	0000	6	 121.5548	 109.0624	  12.4923	 0.900
05/26/2020 04:42:19 - INFO - __main__ -   	Step	VALID	0006	6	 108.8319	  96.1786	  12.6532	 0.900
05/26/2020 04:42:21 - INFO - __main__ -   	Epoch	VALID	29	50	 110.2422	  97.7875	  12.4547	 0.900
05/26/2020 04:42:24 - INFO - __main__ -   	Step	TRAIN	0000	82	  95.5159	  84.1704	  12.6057	 0.900
05/26/2020 04:42:32 - INFO - __main__ -   	Step	TRAIN	0050	82	  96.4299	  84.9059	  12.5209	 0.920
05/26/2020 04:42:37 - INFO - __main__ -   	Step	TRAIN	0082	82	 105.5906	  94.4958	  11.9127	 0.931
05/26/2020 04:42:38 - INFO - __main__ -   	Epoch	TRAIN	30	50	  97.7870	  86.2009	  12.6425	 0.917
05/26/2020 04:42:44 - INFO - __main__ -   	Step	VALID	0000	6	 121.4122	 109.6271	  11.7851	 0.932
05/26/2020 04:42:48 - INFO - __main__ -   	Step	VALID	0006	6	 108.2951	  96.3938	  11.9013	 0.932
05/26/2020 04:42:49 - INFO - __main__ -   	Epoch	VALID	30	50	 109.9206	  98.1931	  11.7274	 0.932
05/26/2020 04:42:53 - INFO - __main__ -   	Step	TRAIN	0000	82	  97.4945	  86.1367	  12.1909	 0.932
05/26/2020 04:43:00 - INFO - __main__ -   	Step	TRAIN	0050	82	  97.1247	  85.7154	  12.0610	 0.946
05/26/2020 04:43:05 - INFO - __main__ -   	Step	TRAIN	0082	82	  95.2615	  84.3171	  11.4772	 0.954
05/26/2020 04:43:06 - INFO - __main__ -   	Epoch	TRAIN	31	50	  97.5161	  86.0980	  12.1059	 0.943
05/26/2020 04:43:10 - INFO - __main__ -   	Step	VALID	0000	6	 121.3776	 110.0156	  11.3620	 0.954
05/26/2020 04:43:14 - INFO - __main__ -   	Step	VALID	0006	6	 108.0289	  96.5331	  11.4958	 0.954
05/26/2020 04:43:16 - INFO - __main__ -   	Epoch	VALID	31	50	 109.7996	  98.5055	  11.2941	 0.954
05/26/2020 04:43:20 - INFO - __main__ -   	Step	TRAIN	0000	82	  95.9435	  84.8387	  11.6427	 0.954
05/26/2020 04:43:27 - INFO - __main__ -   	Step	TRAIN	0050	82	 100.2286	  88.9176	  11.7377	 0.964
05/26/2020 04:43:32 - INFO - __main__ -   	Step	TRAIN	0082	82	  99.3742	  88.0092	  11.7303	 0.969
05/26/2020 04:43:34 - INFO - __main__ -   	Epoch	TRAIN	32	50	  97.2978	  85.9897	  11.7576	 0.962
05/26/2020 04:43:40 - INFO - __main__ -   	Step	VALID	0000	6	 121.0878	 110.0010	  11.0867	 0.969
05/26/2020 04:43:44 - INFO - __main__ -   	Step	VALID	0006	6	 108.2224	  96.9968	  11.2256	 0.969
05/26/2020 04:43:46 - INFO - __main__ -   	Epoch	VALID	32	50	 109.6208	  98.5787	  11.0420	 0.969
05/26/2020 04:43:50 - INFO - __main__ -   	Step	TRAIN	0000	82	  94.4859	  83.5595	  11.2759	 0.969
05/26/2020 04:43:57 - INFO - __main__ -   	Step	TRAIN	0050	82	  98.0223	  87.0474	  11.2483	 0.976
05/26/2020 04:44:02 - INFO - __main__ -   	Step	TRAIN	0082	82	  90.4466	  79.0825	  11.6053	 0.979
05/26/2020 04:44:04 - INFO - __main__ -   	Epoch	TRAIN	33	50	  96.8627	  85.7125	  11.4429	 0.974
05/26/2020 04:44:08 - INFO - __main__ -   	Step	VALID	0000	6	 120.9881	 109.8263	  11.1618	 0.979
05/26/2020 04:44:11 - INFO - __main__ -   	Step	VALID	0006	6	 107.9729	  96.6685	  11.3044	 0.979
05/26/2020 04:44:12 - INFO - __main__ -   	Epoch	VALID	33	50	 109.6210	  98.4762	  11.1448	 0.979
05/26/2020 04:44:17 - INFO - __main__ -   	Step	TRAIN	0000	82	 100.1976	  88.5584	  11.8850	 0.979
05/26/2020 04:44:26 - INFO - __main__ -   	Step	TRAIN	0050	82	  94.6843	  84.0331	  10.8265	 0.984
05/26/2020 04:44:31 - INFO - __main__ -   	Step	TRAIN	0082	82	  84.1364	  73.9436	  10.3357	 0.986
05/26/2020 04:44:33 - INFO - __main__ -   	Epoch	TRAIN	34	50	  96.4888	  85.4024	  11.2787	 0.983
05/26/2020 04:44:42 - INFO - __main__ -   	Step	VALID	0000	6	 120.9117	 110.3363	  10.5754	 0.986
05/26/2020 04:44:46 - INFO - __main__ -   	Step	VALID	0006	6	 107.4958	  96.8160	  10.6799	 0.986
05/26/2020 04:44:47 - INFO - __main__ -   	Epoch	VALID	34	50	 109.3010	  98.7781	  10.5230	 0.986
05/26/2020 04:44:51 - INFO - __main__ -   	Step	TRAIN	0000	82	  98.7365	  87.5776	  11.3144	 0.986
05/26/2020 04:44:58 - INFO - __main__ -   	Step	TRAIN	0050	82	  98.4973	  87.4431	  11.1742	 0.989
05/26/2020 04:45:03 - INFO - __main__ -   	Step	TRAIN	0082	82	  93.8164	  83.3623	  10.5509	 0.991
05/26/2020 04:45:04 - INFO - __main__ -   	Epoch	TRAIN	35	50	  96.2201	  85.2600	  11.0856	 0.989
05/26/2020 04:45:07 - INFO - __main__ -   	Step	VALID	0000	6	 120.9073	 110.4850	  10.4222	 0.991
05/26/2020 04:45:10 - INFO - __main__ -   	Step	VALID	0006	6	 107.9043	  97.3488	  10.5554	 0.991
05/26/2020 04:45:12 - INFO - __main__ -   	Epoch	VALID	35	50	 109.3816	  98.9754	  10.4062	 0.991
05/26/2020 04:45:16 - INFO - __main__ -   	Step	TRAIN	0000	82	  94.4572	  83.5889	  10.9684	 0.991
05/26/2020 04:45:24 - INFO - __main__ -   	Step	TRAIN	0050	82	  94.3122	  83.5351	  10.8544	 0.993
05/26/2020 04:45:28 - INFO - __main__ -   	Step	TRAIN	0082	82	  93.7517	  83.6239	  10.1897	 0.994
05/26/2020 04:45:30 - INFO - __main__ -   	Epoch	TRAIN	36	50	  95.9223	  84.9909	  11.0141	 0.993
05/26/2020 04:45:40 - INFO - __main__ -   	Step	VALID	0000	6	 120.6161	 110.2704	  10.3457	 0.994
05/26/2020 04:45:43 - INFO - __main__ -   	Step	VALID	0006	6	 107.2422	  96.7688	  10.4735	 0.994
05/26/2020 04:45:45 - INFO - __main__ -   	Epoch	VALID	36	50	 109.0951	  98.7949	  10.3002	 0.994
05/26/2020 04:45:49 - INFO - __main__ -   	Step	TRAIN	0000	82	  94.4749	  83.6666	  10.8741	 0.994
05/26/2020 04:45:56 - INFO - __main__ -   	Step	TRAIN	0050	82	  95.0764	  84.1785	  10.9495	 0.995
05/26/2020 04:46:01 - INFO - __main__ -   	Step	TRAIN	0082	82	  94.3198	  83.6806	  10.6822	 0.996
05/26/2020 04:46:02 - INFO - __main__ -   	Epoch	TRAIN	37	50	  95.5412	  84.6649	  10.9306	 0.995
05/26/2020 04:46:07 - INFO - __main__ -   	Step	VALID	0000	6	 120.7776	 110.5713	  10.2063	 0.996
05/26/2020 04:46:10 - INFO - __main__ -   	Step	VALID	0006	6	 107.5671	  97.2112	  10.3559	 0.996
05/26/2020 04:46:12 - INFO - __main__ -   	Epoch	VALID	37	50	 109.1484	  98.9747	  10.1738	 0.996
05/26/2020 04:46:15 - INFO - __main__ -   	Step	TRAIN	0000	82	  93.0281	  82.4328	  10.6378	 0.996
05/26/2020 04:46:22 - INFO - __main__ -   	Step	TRAIN	0050	82	 101.1856	  90.2196	  11.0003	 0.997
05/26/2020 04:46:27 - INFO - __main__ -   	Step	TRAIN	0082	82	  89.9495	  78.8768	  11.1022	 0.997
05/26/2020 04:46:29 - INFO - __main__ -   	Epoch	TRAIN	38	50	  95.1824	  84.3627	  10.8554	 0.997
05/26/2020 04:46:37 - INFO - __main__ -   	Step	VALID	0000	6	 120.8808	 110.6384	  10.2424	 0.997
05/26/2020 04:46:40 - INFO - __main__ -   	Step	VALID	0006	6	 107.2685	  96.9126	  10.3559	 0.997
05/26/2020 04:46:42 - INFO - __main__ -   	Epoch	VALID	38	50	 109.2263	  99.0357	  10.1907	 0.997
05/26/2020 04:46:45 - INFO - __main__ -   	Step	TRAIN	0000	82	  92.2087	  81.4675	  10.7697	 0.997
05/26/2020 04:46:52 - INFO - __main__ -   	Step	TRAIN	0050	82	  94.9902	  83.9429	  11.0701	 0.998
05/26/2020 04:46:57 - INFO - __main__ -   	Step	TRAIN	0082	82	  89.7401	  78.8647	  10.8946	 0.998
05/26/2020 04:46:58 - INFO - __main__ -   	Epoch	TRAIN	39	50	  94.8495	  84.0586	  10.8144	 0.998
05/26/2020 04:47:05 - INFO - __main__ -   	Step	VALID	0000	6	 121.1291	 110.5932	  10.5360	 0.998
05/26/2020 04:47:09 - INFO - __main__ -   	Step	VALID	0006	6	 108.0312	  97.4195	  10.6117	 0.998
05/26/2020 04:47:11 - INFO - __main__ -   	Epoch	VALID	39	50	 109.3156	  98.8767	  10.4389	 0.998
05/26/2020 04:47:15 - INFO - __main__ -   	Step	TRAIN	0000	82	  91.3259	  80.2479	  11.0974	 0.998
05/26/2020 04:47:22 - INFO - __main__ -   	Step	TRAIN	0050	82	  96.3058	  85.4610	  10.8596	 0.999
05/26/2020 04:47:27 - INFO - __main__ -   	Step	TRAIN	0082	82	  94.6534	  84.1720	  10.4936	 0.999
05/26/2020 04:47:29 - INFO - __main__ -   	Epoch	TRAIN	40	50	  94.5702	  83.8045	  10.7811	 0.999
05/26/2020 04:47:36 - INFO - __main__ -   	Step	VALID	0000	6	 120.7878	 110.7292	  10.0586	 0.999
05/26/2020 04:47:40 - INFO - __main__ -   	Step	VALID	0006	6	 107.5303	  97.4546	  10.0757	 0.999
05/26/2020 04:47:42 - INFO - __main__ -   	Epoch	VALID	40	50	 109.1303	  99.1714	   9.9589	 0.999
05/26/2020 04:47:46 - INFO - __main__ -   	Step	TRAIN	0000	82	  94.6675	  84.0768	  10.6029	 0.999
05/26/2020 04:47:53 - INFO - __main__ -   	Step	TRAIN	0050	82	  96.6292	  85.5788	  11.0603	 0.999
05/26/2020 04:47:58 - INFO - __main__ -   	Step	TRAIN	0082	82	  96.9827	  86.2748	  10.7161	 0.999
05/26/2020 04:47:59 - INFO - __main__ -   	Epoch	TRAIN	41	50	  94.2940	  83.5554	  10.7488	 0.999
05/26/2020 04:48:05 - INFO - __main__ -   	Step	VALID	0000	6	 120.8286	 110.6221	  10.2065	 0.999
05/26/2020 04:48:08 - INFO - __main__ -   	Step	VALID	0006	6	 107.3771	  97.0988	  10.2783	 0.999
05/26/2020 04:48:10 - INFO - __main__ -   	Epoch	VALID	41	50	 109.1676	  99.0281	  10.1395	 0.999
05/26/2020 04:48:13 - INFO - __main__ -   	Step	TRAIN	0000	82	  94.3753	  83.3724	  11.0113	 0.999
05/26/2020 04:48:20 - INFO - __main__ -   	Step	TRAIN	0050	82	  89.2483	  78.6085	  10.6461	 0.999
05/26/2020 04:48:25 - INFO - __main__ -   	Step	TRAIN	0082	82	  94.1720	  83.2912	  10.8863	 0.999
05/26/2020 04:48:26 - INFO - __main__ -   	Epoch	TRAIN	42	50	  93.8755	  83.1681	  10.7141	 0.999
05/26/2020 04:48:33 - INFO - __main__ -   	Step	VALID	0000	6	 121.1053	 111.0705	  10.0347	 0.999
05/26/2020 04:48:36 - INFO - __main__ -   	Step	VALID	0006	6	 107.6807	  97.5973	  10.0833	 0.999
05/26/2020 04:48:38 - INFO - __main__ -   	Epoch	VALID	42	50	 109.3492	  99.3852	   9.9640	 0.999
05/26/2020 04:48:41 - INFO - __main__ -   	Step	TRAIN	0000	82	  92.0916	  81.5132	  10.5838	 0.999
05/26/2020 04:48:49 - INFO - __main__ -   	Step	TRAIN	0050	82	  92.8475	  82.1026	  10.7491	 1.000
05/26/2020 04:48:53 - INFO - __main__ -   	Step	TRAIN	0082	82	  91.5933	  81.2049	  10.3919	 1.000
05/26/2020 04:48:55 - INFO - __main__ -   	Epoch	TRAIN	43	50	  93.5580	  82.8567	  10.7058	 1.000
05/26/2020 04:48:58 - INFO - __main__ -   	Step	VALID	0000	6	 121.3884	 111.1449	  10.2435	 1.000
05/26/2020 04:49:01 - INFO - __main__ -   	Step	VALID	0006	6	 107.8264	  97.5721	  10.2543	 1.000
05/26/2020 04:49:03 - INFO - __main__ -   	Epoch	VALID	43	50	 109.3299	  99.1718	  10.1581	 1.000
05/26/2020 04:49:06 - INFO - __main__ -   	Step	TRAIN	0000	82	  92.3277	  81.5215	  10.8097	 1.000
05/26/2020 04:49:13 - INFO - __main__ -   	Step	TRAIN	0050	82	  90.7155	  80.1566	  10.5617	 1.000
05/26/2020 04:49:18 - INFO - __main__ -   	Step	TRAIN	0082	82	  92.8174	  82.0638	  10.7560	 1.000
05/26/2020 04:49:19 - INFO - __main__ -   	Epoch	TRAIN	44	50	  93.2838	  82.5785	  10.7083	 1.000
05/26/2020 04:49:24 - INFO - __main__ -   	Step	VALID	0000	6	 121.2122	 111.2222	   9.9900	 1.000
05/26/2020 04:49:28 - INFO - __main__ -   	Step	VALID	0006	6	 107.3377	  97.2901	  10.0476	 1.000
05/26/2020 04:49:29 - INFO - __main__ -   	Epoch	VALID	44	50	 109.3563	  99.4291	   9.9273	 1.000
05/26/2020 04:49:32 - INFO - __main__ -   	Step	TRAIN	0000	82	  90.6073	  80.0660	  10.5436	 1.000
05/26/2020 04:49:40 - INFO - __main__ -   	Step	TRAIN	0050	82	  97.0673	  86.5231	  10.5459	 1.000
05/26/2020 04:49:44 - INFO - __main__ -   	Step	TRAIN	0082	82	  88.3463	  77.9801	  10.3677	 1.000
05/26/2020 04:49:46 - INFO - __main__ -   	Epoch	TRAIN	45	50	  92.9382	  82.2748	  10.6654	 1.000
05/26/2020 04:49:52 - INFO - __main__ -   	Step	VALID	0000	6	 121.4918	 111.3082	  10.1836	 1.000
05/26/2020 04:49:56 - INFO - __main__ -   	Step	VALID	0006	6	 107.6226	  97.4201	  10.2024	 1.000
05/26/2020 04:49:58 - INFO - __main__ -   	Epoch	VALID	45	50	 109.3692	  99.2846	  10.0846	 1.000
05/26/2020 04:50:02 - INFO - __main__ -   	Step	TRAIN	0000	82	  91.7242	  81.0539	  10.6718	 1.000
05/26/2020 04:50:10 - INFO - __main__ -   	Step	TRAIN	0050	82	  94.0872	  83.1687	  10.9197	 1.000
05/26/2020 04:50:14 - INFO - __main__ -   	Step	TRAIN	0082	82	 104.7181	  94.0839	  10.6352	 1.000
05/26/2020 04:50:16 - INFO - __main__ -   	Epoch	TRAIN	46	50	  92.8295	  82.1418	  10.6890	 1.000
05/26/2020 04:50:26 - INFO - __main__ -   	Step	VALID	0000	6	 121.1069	 111.2379	   9.8690	 1.000
05/26/2020 04:50:30 - INFO - __main__ -   	Step	VALID	0006	6	 107.9161	  98.0124	   9.9037	 1.000
05/26/2020 04:50:32 - INFO - __main__ -   	Epoch	VALID	46	50	 109.2706	  99.4673	   9.8033	 1.000
05/26/2020 04:50:36 - INFO - __main__ -   	Step	TRAIN	0000	82	  92.1870	  81.6093	  10.5787	 1.000
05/26/2020 04:50:44 - INFO - __main__ -   	Step	TRAIN	0050	82	  91.3655	  80.8230	  10.5434	 1.000
05/26/2020 04:50:48 - INFO - __main__ -   	Step	TRAIN	0082	82	  88.6149	  77.7108	  10.9048	 1.000
05/26/2020 04:50:50 - INFO - __main__ -   	Epoch	TRAIN	47	50	  92.3655	  81.6991	  10.6672	 1.000
05/26/2020 04:50:54 - INFO - __main__ -   	Step	VALID	0000	6	 121.4055	 111.3362	  10.0693	 1.000
05/26/2020 04:50:57 - INFO - __main__ -   	Step	VALID	0006	6	 107.6296	  97.5195	  10.1101	 1.000
05/26/2020 04:50:59 - INFO - __main__ -   	Epoch	VALID	47	50	 109.4136	  99.4277	   9.9858	 1.000
05/26/2020 04:51:03 - INFO - __main__ -   	Step	TRAIN	0000	82	  91.5207	  80.9909	  10.5304	 1.000
05/26/2020 04:51:11 - INFO - __main__ -   	Step	TRAIN	0050	82	  93.8217	  83.2545	  10.5678	 1.000
05/26/2020 04:51:15 - INFO - __main__ -   	Step	TRAIN	0082	82	  83.2955	  73.3386	   9.9573	 1.000
05/26/2020 04:51:17 - INFO - __main__ -   	Epoch	TRAIN	48	50	  92.0505	  81.3931	  10.6579	 1.000
05/26/2020 04:51:26 - INFO - __main__ -   	Step	VALID	0000	6	 121.3798	 111.3189	  10.0609	 1.000
05/26/2020 04:51:30 - INFO - __main__ -   	Step	VALID	0006	6	 107.5647	  97.4294	  10.1353	 1.000
05/26/2020 04:51:32 - INFO - __main__ -   	Epoch	VALID	48	50	 109.4832	  99.4655	  10.0177	 1.000
05/26/2020 04:51:35 - INFO - __main__ -   	Step	TRAIN	0000	82	  89.0922	  78.6457	  10.4469	 1.000
05/26/2020 04:51:43 - INFO - __main__ -   	Step	TRAIN	0050	82	  87.4058	  76.9522	  10.4539	 1.000
05/26/2020 04:51:48 - INFO - __main__ -   	Step	TRAIN	0082	82	  91.1064	  80.7459	  10.3608	 1.000
05/26/2020 04:51:49 - INFO - __main__ -   	Epoch	TRAIN	49	50	  91.8466	  81.1809	  10.6661	 1.000
05/26/2020 04:51:55 - INFO - __main__ -   	Step	VALID	0000	6	 121.7009	 111.7992	   9.9017	 1.000
05/26/2020 04:51:58 - INFO - __main__ -   	Step	VALID	0006	6	 107.3793	  97.4854	   9.8939	 1.000
05/26/2020 04:52:00 - INFO - __main__ -   	Epoch	VALID	49	50	 109.4893	  99.7144	   9.7749	 1.000
