05/26/2020 05:17:11 - INFO - __main__ -   	Step	TRAIN	0000	82	 209.9718	 209.9718	   0.3984	 0.000
05/26/2020 05:17:19 - INFO - __main__ -   	Step	TRAIN	0050	82	 143.1697	 143.0961	   0.3776	 0.195
05/26/2020 05:17:23 - INFO - __main__ -   	Step	TRAIN	0082	82	 128.2357	 128.1926	   0.1347	 0.320
05/26/2020 05:17:25 - INFO - __main__ -   	Epoch	TRAIN	00	50	 152.3064	 151.9284	   5.9020	 0.160
05/26/2020 05:17:31 - INFO - __main__ -   	Step	VALID	0000	6	 141.6510	 141.5095	   0.1415	 0.324
05/26/2020 05:17:35 - INFO - __main__ -   	Step	VALID	0006	6	 134.5800	 134.4444	   0.1356	 0.324
05/26/2020 05:17:36 - INFO - __main__ -   	Epoch	VALID	00	50	 134.6169	 134.4788	   0.1381	 0.324
05/26/2020 05:17:40 - INFO - __main__ -   	Step	TRAIN	0000	82	 139.1334	 139.0868	   0.1438	 0.324
05/26/2020 05:17:48 - INFO - __main__ -   	Step	TRAIN	0050	82	 133.0424	 132.9998	   0.0821	 0.519
05/26/2020 05:17:52 - INFO - __main__ -   	Step	TRAIN	0082	82	 129.2191	 129.1621	   0.0886	 0.644
05/26/2020 05:17:53 - INFO - __main__ -   	Epoch	TRAIN	01	50	 133.2291	 133.1850	   0.0942	 0.484
05/26/2020 05:17:57 - INFO - __main__ -   	Step	VALID	0000	6	 134.3985	 134.3217	   0.0768	 0.648
05/26/2020 05:18:00 - INFO - __main__ -   	Step	VALID	0006	6	 126.1620	 126.0825	   0.0795	 0.648
05/26/2020 05:18:01 - INFO - __main__ -   	Epoch	VALID	01	50	 126.6812	 126.5984	   0.0827	 0.648
05/26/2020 05:18:05 - INFO - __main__ -   	Step	TRAIN	0000	82	 129.3475	 129.2932	   0.0838	 0.648
05/26/2020 05:18:13 - INFO - __main__ -   	Step	TRAIN	0050	82	 124.6875	 124.5838	   0.1230	 0.843
05/26/2020 05:18:17 - INFO - __main__ -   	Step	TRAIN	0082	82	 132.0650	 131.8181	   0.2551	 0.968
05/26/2020 05:18:19 - INFO - __main__ -   	Epoch	TRAIN	02	50	 127.1079	 127.0042	   0.1244	 0.808
05/26/2020 05:18:25 - INFO - __main__ -   	Step	VALID	0000	6	 130.6861	 130.5290	   0.1571	 0.971
05/26/2020 05:18:28 - INFO - __main__ -   	Step	VALID	0006	6	 121.1012	 120.8682	   0.2330	 0.971
05/26/2020 05:18:30 - INFO - __main__ -   	Epoch	VALID	02	50	 122.1377	 121.9180	   0.2198	 0.971
05/26/2020 05:18:33 - INFO - __main__ -   	Step	TRAIN	0000	82	 122.2132	 121.9850	   0.2349	 0.971
05/26/2020 05:18:41 - INFO - __main__ -   	Step	TRAIN	0050	82	 126.3551	 126.0232	   0.3318	 1.000
05/26/2020 05:18:45 - INFO - __main__ -   	Step	TRAIN	0082	82	 122.3283	 122.0051	   0.3232	 1.000
05/26/2020 05:18:46 - INFO - __main__ -   	Epoch	TRAIN	03	50	 122.9271	 122.6287	   0.2988	 0.999
05/26/2020 05:18:52 - INFO - __main__ -   	Step	VALID	0000	6	 128.0175	 127.7579	   0.2596	 1.000
05/26/2020 05:18:55 - INFO - __main__ -   	Step	VALID	0006	6	 118.3498	 117.9674	   0.3824	 1.000
05/26/2020 05:18:57 - INFO - __main__ -   	Epoch	VALID	03	50	 119.2210	 118.8541	   0.3669	 1.000
05/26/2020 05:19:01 - INFO - __main__ -   	Step	TRAIN	0000	82	 120.6540	 120.2176	   0.4364	 1.000
05/26/2020 05:19:09 - INFO - __main__ -   	Step	TRAIN	0050	82	 121.4220	 120.9759	   0.4462	 1.000
05/26/2020 05:19:13 - INFO - __main__ -   	Step	TRAIN	0082	82	 121.9363	 121.5706	   0.3657	 1.000
05/26/2020 05:19:15 - INFO - __main__ -   	Epoch	TRAIN	04	50	 119.8766	 119.4433	   0.4333	 1.000
05/26/2020 05:19:22 - INFO - __main__ -   	Step	VALID	0000	6	 126.2200	 125.8305	   0.3895	 1.000
05/26/2020 05:19:26 - INFO - __main__ -   	Step	VALID	0006	6	 116.0936	 115.6646	   0.4290	 1.000
05/26/2020 05:19:28 - INFO - __main__ -   	Epoch	VALID	04	50	 117.0790	 116.6327	   0.4462	 1.000
05/26/2020 05:19:32 - INFO - __main__ -   	Step	TRAIN	0000	82	 118.0416	 117.5942	   0.4474	 1.000
05/26/2020 05:19:39 - INFO - __main__ -   	Step	TRAIN	0050	82	 115.9236	 115.3198	   0.6038	 1.000
05/26/2020 05:19:44 - INFO - __main__ -   	Step	TRAIN	0082	82	 119.7076	 119.0671	   0.6405	 1.000
05/26/2020 05:19:45 - INFO - __main__ -   	Epoch	TRAIN	05	50	 117.4487	 116.9406	   0.5081	 1.000
05/26/2020 05:19:52 - INFO - __main__ -   	Step	VALID	0000	6	 125.0057	 124.5457	   0.4600	 1.000
05/26/2020 05:19:55 - INFO - __main__ -   	Step	VALID	0006	6	 114.6824	 114.2471	   0.4354	 1.000
05/26/2020 05:19:57 - INFO - __main__ -   	Epoch	VALID	05	50	 115.5908	 115.1079	   0.4828	 1.000
05/26/2020 05:20:00 - INFO - __main__ -   	Step	TRAIN	0000	82	 113.6826	 113.1347	   0.5479	 1.000
05/26/2020 05:20:08 - INFO - __main__ -   	Step	TRAIN	0050	82	 112.0887	 111.5614	   0.5273	 1.000
05/26/2020 05:20:12 - INFO - __main__ -   	Step	TRAIN	0082	82	 114.1116	 113.4876	   0.6240	 1.000
05/26/2020 05:20:13 - INFO - __main__ -   	Epoch	TRAIN	06	50	 115.3947	 114.8437	   0.5511	 1.000
05/26/2020 05:20:16 - INFO - __main__ -   	Step	VALID	0000	6	 123.9414	 123.5184	   0.4231	 1.000
05/26/2020 05:20:19 - INFO - __main__ -   	Step	VALID	0006	6	 113.2703	 112.7960	   0.4743	 1.000
05/26/2020 05:20:21 - INFO - __main__ -   	Epoch	VALID	06	50	 114.2772	 113.7563	   0.5209	 1.000
05/26/2020 05:20:25 - INFO - __main__ -   	Step	TRAIN	0000	82	 110.9793	 110.3611	   0.6183	 1.000
05/26/2020 05:20:32 - INFO - __main__ -   	Step	TRAIN	0050	82	 112.1258	 111.5703	   0.5556	 1.000
05/26/2020 05:20:36 - INFO - __main__ -   	Step	TRAIN	0082	82	 107.5934	 106.9524	   0.6411	 1.000
05/26/2020 05:20:38 - INFO - __main__ -   	Epoch	TRAIN	07	50	 113.5831	 112.9952	   0.5879	 1.000
05/26/2020 05:20:43 - INFO - __main__ -   	Step	VALID	0000	6	 123.0483	 122.5790	   0.4693	 1.000
05/26/2020 05:20:46 - INFO - __main__ -   	Step	VALID	0006	6	 112.4493	 111.9826	   0.4667	 1.000
05/26/2020 05:20:48 - INFO - __main__ -   	Epoch	VALID	07	50	 113.3193	 112.8067	   0.5126	 1.000
05/26/2020 05:20:52 - INFO - __main__ -   	Step	TRAIN	0000	82	 116.1288	 115.5388	   0.5900	 1.000
05/26/2020 05:21:00 - INFO - __main__ -   	Step	TRAIN	0050	82	 112.1152	 111.4686	   0.6466	 1.000
05/26/2020 05:21:04 - INFO - __main__ -   	Step	TRAIN	0082	82	 113.2770	 112.5800	   0.6970	 1.000
05/26/2020 05:21:06 - INFO - __main__ -   	Epoch	TRAIN	08	50	 112.1799	 111.5482	   0.6317	 1.000
05/26/2020 05:21:10 - INFO - __main__ -   	Step	VALID	0000	6	 122.4487	 121.9247	   0.5240	 1.000
05/26/2020 05:21:14 - INFO - __main__ -   	Step	VALID	0006	6	 111.3350	 110.8388	   0.4962	 1.000
05/26/2020 05:21:16 - INFO - __main__ -   	Epoch	VALID	08	50	 112.4007	 111.8461	   0.5546	 1.000
05/26/2020 05:21:20 - INFO - __main__ -   	Step	TRAIN	0000	82	 112.6791	 112.0422	   0.6370	 1.000
05/26/2020 05:21:28 - INFO - __main__ -   	Step	TRAIN	0050	82	 109.3926	 108.7145	   0.6781	 1.000
05/26/2020 05:21:32 - INFO - __main__ -   	Step	TRAIN	0082	82	 106.6417	 105.9391	   0.7026	 1.000
05/26/2020 05:21:33 - INFO - __main__ -   	Epoch	TRAIN	09	50	 110.7729	 110.0969	   0.6760	 1.000
05/26/2020 05:21:40 - INFO - __main__ -   	Step	VALID	0000	6	 121.7937	 121.1966	   0.5971	 1.000
05/26/2020 05:21:44 - INFO - __main__ -   	Step	VALID	0006	6	 110.4531	 109.8450	   0.6082	 1.000
05/26/2020 05:21:46 - INFO - __main__ -   	Epoch	VALID	09	50	 111.6457	 110.9851	   0.6605	 1.000
05/26/2020 05:21:50 - INFO - __main__ -   	Step	TRAIN	0000	82	 110.1500	 109.4173	   0.7326	 1.000
05/26/2020 05:21:58 - INFO - __main__ -   	Step	TRAIN	0050	82	 108.3495	 107.7111	   0.6384	 1.000
05/26/2020 05:22:02 - INFO - __main__ -   	Step	TRAIN	0082	82	 113.4674	 112.6632	   0.8042	 1.000
05/26/2020 05:22:04 - INFO - __main__ -   	Epoch	TRAIN	10	50	 109.5514	 108.8191	   0.7324	 1.000
05/26/2020 05:22:09 - INFO - __main__ -   	Step	VALID	0000	6	 121.2093	 120.6047	   0.6046	 1.000
05/26/2020 05:22:12 - INFO - __main__ -   	Step	VALID	0006	6	 109.8320	 109.2285	   0.6035	 1.000
05/26/2020 05:22:14 - INFO - __main__ -   	Epoch	VALID	10	50	 110.9434	 110.2869	   0.6566	 1.000
05/26/2020 05:22:17 - INFO - __main__ -   	Step	TRAIN	0000	82	 111.5224	 110.7941	   0.7282	 1.000
05/26/2020 05:22:24 - INFO - __main__ -   	Step	TRAIN	0050	82	 107.5562	 106.8148	   0.7414	 1.000
05/26/2020 05:22:29 - INFO - __main__ -   	Step	TRAIN	0082	82	 109.9836	 109.1709	   0.8128	 1.000
05/26/2020 05:22:31 - INFO - __main__ -   	Epoch	TRAIN	11	50	 108.3926	 107.5939	   0.7987	 1.000
05/26/2020 05:22:36 - INFO - __main__ -   	Step	VALID	0000	6	 120.9205	 120.2758	   0.6447	 1.000
05/26/2020 05:22:39 - INFO - __main__ -   	Step	VALID	0006	6	 109.3295	 108.7088	   0.6207	 1.000
05/26/2020 05:22:41 - INFO - __main__ -   	Epoch	VALID	11	50	 110.3445	 109.6734	   0.6712	 1.000
05/26/2020 05:22:44 - INFO - __main__ -   	Step	TRAIN	0000	82	 104.3851	 103.5875	   0.7976	 1.000
05/26/2020 05:22:52 - INFO - __main__ -   	Step	TRAIN	0050	82	 103.7027	 103.3712	   4.0942	 0.081
05/26/2020 05:22:57 - INFO - __main__ -   	Step	TRAIN	0082	82	 107.5804	 107.0215	   2.7159	 0.206
05/26/2020 05:22:58 - INFO - __main__ -   	Epoch	TRAIN	12	50	 106.5250	 105.9960	   2.2799	 0.428
05/26/2020 05:23:01 - INFO - __main__ -   	Step	VALID	0000	6	 121.2412	 118.7329	   2.5083	 0.210
05/26/2020 05:23:04 - INFO - __main__ -   	Step	VALID	0006	6	 109.7205	 107.2049	   2.5156	 0.210
05/26/2020 05:23:06 - INFO - __main__ -   	Epoch	VALID	12	50	 110.8286	 108.2119	   2.6167	 0.210
05/26/2020 05:23:09 - INFO - __main__ -   	Step	TRAIN	0000	82	 109.0768	 108.4656	   2.9147	 0.210
05/26/2020 05:23:16 - INFO - __main__ -   	Step	TRAIN	0050	82	 104.8993	 103.9223	   2.4135	 0.405
05/26/2020 05:23:21 - INFO - __main__ -   	Step	TRAIN	0082	82	  99.9635	  98.9608	   1.8933	 0.530
05/26/2020 05:23:22 - INFO - __main__ -   	Epoch	TRAIN	13	50	 105.3248	 104.4688	   2.3868	 0.370
05/26/2020 05:23:29 - INFO - __main__ -   	Step	VALID	0000	6	 120.2392	 118.5704	   1.6688	 0.534
05/26/2020 05:23:32 - INFO - __main__ -   	Step	VALID	0006	6	 108.4979	 106.7547	   1.7432	 0.534
05/26/2020 05:23:34 - INFO - __main__ -   	Epoch	VALID	13	50	 109.5678	 107.7880	   1.7797	 0.534
05/26/2020 05:23:38 - INFO - __main__ -   	Step	TRAIN	0000	82	 102.0552	 101.0590	   1.8670	 0.534
05/26/2020 05:23:45 - INFO - __main__ -   	Step	TRAIN	0050	82	 107.9513	 106.7553	   1.6415	 0.729
05/26/2020 05:23:50 - INFO - __main__ -   	Step	TRAIN	0082	82	 107.7325	 106.4922	   1.4534	 0.853
05/26/2020 05:23:51 - INFO - __main__ -   	Epoch	TRAIN	14	50	 104.9745	 103.7809	   1.7400	 0.693
05/26/2020 05:23:58 - INFO - __main__ -   	Step	VALID	0000	6	 119.6253	 118.3364	   1.2889	 0.857
05/26/2020 05:24:01 - INFO - __main__ -   	Step	VALID	0006	6	 107.9739	 106.6124	   1.3615	 0.857
05/26/2020 05:24:03 - INFO - __main__ -   	Epoch	VALID	14	50	 108.9602	 107.5716	   1.3887	 0.857
05/26/2020 05:24:07 - INFO - __main__ -   	Step	TRAIN	0000	82	 105.3261	 104.0791	   1.4545	 0.857
05/26/2020 05:24:15 - INFO - __main__ -   	Step	TRAIN	0050	82	 108.2356	 106.8841	   1.3515	 1.000
05/26/2020 05:24:19 - INFO - __main__ -   	Step	TRAIN	0082	82	 114.8370	 113.5628	   1.2742	 1.000
05/26/2020 05:24:21 - INFO - __main__ -   	Epoch	TRAIN	15	50	 104.5938	 103.2499	   1.3919	 0.968
05/26/2020 05:24:25 - INFO - __main__ -   	Step	VALID	0000	6	 119.4898	 118.3353	   1.1544	 1.000
05/26/2020 05:24:29 - INFO - __main__ -   	Step	VALID	0006	6	 107.6286	 106.3571	   1.2715	 1.000
05/26/2020 05:24:31 - INFO - __main__ -   	Epoch	VALID	15	50	 108.6657	 107.3771	   1.2886	 1.000
05/26/2020 05:24:34 - INFO - __main__ -   	Step	TRAIN	0000	82	 104.1842	 102.8112	   1.3731	 1.000
05/26/2020 05:24:42 - INFO - __main__ -   	Step	TRAIN	0050	82	 105.9682	 104.5700	   1.3982	 1.000
05/26/2020 05:24:46 - INFO - __main__ -   	Step	TRAIN	0082	82	 103.4583	 102.1705	   1.2879	 1.000
05/26/2020 05:24:48 - INFO - __main__ -   	Epoch	TRAIN	16	50	 103.7090	 102.3484	   1.3606	 1.000
05/26/2020 05:24:52 - INFO - __main__ -   	Step	VALID	0000	6	 119.3099	 118.1332	   1.1767	 1.000
05/26/2020 05:24:55 - INFO - __main__ -   	Step	VALID	0006	6	 107.2295	 105.9519	   1.2776	 1.000
05/26/2020 05:24:57 - INFO - __main__ -   	Epoch	VALID	16	50	 108.2900	 107.0052	   1.2848	 1.000
05/26/2020 05:25:00 - INFO - __main__ -   	Step	TRAIN	0000	82	 100.2915	  98.8714	   1.4201	 1.000
05/26/2020 05:25:08 - INFO - __main__ -   	Step	TRAIN	0050	82	 104.3802	 102.9833	   1.3969	 1.000
05/26/2020 05:25:12 - INFO - __main__ -   	Step	TRAIN	0082	82	  99.3390	  98.0898	   1.2491	 1.000
05/26/2020 05:25:14 - INFO - __main__ -   	Epoch	TRAIN	17	50	 102.9003	 101.5083	   1.3920	 1.000
05/26/2020 05:25:24 - INFO - __main__ -   	Step	VALID	0000	6	 119.1607	 117.9420	   1.2187	 1.000
05/26/2020 05:25:27 - INFO - __main__ -   	Step	VALID	0006	6	 107.0423	 105.7371	   1.3053	 1.000
05/26/2020 05:25:29 - INFO - __main__ -   	Epoch	VALID	17	50	 108.0530	 106.7462	   1.3068	 1.000
05/26/2020 05:25:33 - INFO - __main__ -   	Step	TRAIN	0000	82	  99.3311	  97.8540	   1.4771	 1.000
05/26/2020 05:25:40 - INFO - __main__ -   	Step	TRAIN	0050	82	 106.6561	 105.1606	   1.4955	 1.000
05/26/2020 05:25:45 - INFO - __main__ -   	Step	TRAIN	0082	82	 100.4067	  98.9973	   1.4094	 1.000
05/26/2020 05:25:47 - INFO - __main__ -   	Epoch	TRAIN	18	50	 102.2224	 100.7764	   1.4459	 1.000
05/26/2020 05:25:54 - INFO - __main__ -   	Step	VALID	0000	6	 118.9568	 117.7332	   1.2236	 1.000
05/26/2020 05:25:57 - INFO - __main__ -   	Step	VALID	0006	6	 106.6902	 105.3018	   1.3883	 1.000
05/26/2020 05:25:59 - INFO - __main__ -   	Epoch	VALID	18	50	 107.7888	 106.4291	   1.3597	 1.000
05/26/2020 05:26:02 - INFO - __main__ -   	Step	TRAIN	0000	82	  99.8803	  98.3658	   1.5145	 1.000
05/26/2020 05:26:10 - INFO - __main__ -   	Step	TRAIN	0050	82	 104.4701	 102.9776	   1.4925	 1.000
05/26/2020 05:26:14 - INFO - __main__ -   	Step	TRAIN	0082	82	 100.8955	  99.4204	   1.4751	 1.000
05/26/2020 05:26:16 - INFO - __main__ -   	Epoch	TRAIN	19	50	 101.5341	 100.0547	   1.4794	 1.000
05/26/2020 05:26:21 - INFO - __main__ -   	Step	VALID	0000	6	 118.7970	 117.5098	   1.2871	 1.000
05/26/2020 05:26:24 - INFO - __main__ -   	Step	VALID	0006	6	 106.3128	 104.8718	   1.4410	 1.000
05/26/2020 05:26:26 - INFO - __main__ -   	Epoch	VALID	19	50	 107.4869	 106.0685	   1.4184	 1.000
05/26/2020 05:26:29 - INFO - __main__ -   	Step	TRAIN	0000	82	 102.2003	 100.6483	   1.5520	 1.000
05/26/2020 05:26:37 - INFO - __main__ -   	Step	TRAIN	0050	82	 101.1691	  99.7368	   1.4323	 1.000
05/26/2020 05:26:42 - INFO - __main__ -   	Step	TRAIN	0082	82	 105.5386	 103.8576	   1.6810	 1.000
05/26/2020 05:26:43 - INFO - __main__ -   	Epoch	TRAIN	20	50	 100.9307	  99.4230	   1.5078	 1.000
05/26/2020 05:26:49 - INFO - __main__ -   	Step	VALID	0000	6	 118.4852	 117.1799	   1.3052	 1.000
05/26/2020 05:26:52 - INFO - __main__ -   	Step	VALID	0006	6	 106.0744	 104.6252	   1.4492	 1.000
05/26/2020 05:26:54 - INFO - __main__ -   	Epoch	VALID	20	50	 107.3296	 105.9002	   1.4293	 1.000
05/26/2020 05:26:57 - INFO - __main__ -   	Step	TRAIN	0000	82	 103.0039	 101.4415	   1.5624	 1.000
05/26/2020 05:27:05 - INFO - __main__ -   	Step	TRAIN	0050	82	  97.6851	  96.2031	   1.4819	 1.000
05/26/2020 05:27:09 - INFO - __main__ -   	Step	TRAIN	0082	82	 101.7170	 100.3082	   1.4088	 1.000
05/26/2020 05:27:10 - INFO - __main__ -   	Epoch	TRAIN	21	50	 100.3183	  98.7798	   1.5385	 1.000
05/26/2020 05:27:17 - INFO - __main__ -   	Step	VALID	0000	6	 118.4041	 117.1252	   1.2789	 1.000
05/26/2020 05:27:20 - INFO - __main__ -   	Step	VALID	0006	6	 105.8002	 104.3182	   1.4820	 1.000
05/26/2020 05:27:22 - INFO - __main__ -   	Epoch	VALID	21	50	 107.1753	 105.7373	   1.4380	 1.000
05/26/2020 05:27:26 - INFO - __main__ -   	Step	TRAIN	0000	82	  95.6773	  94.2003	   1.4770	 1.000
05/26/2020 05:27:33 - INFO - __main__ -   	Step	TRAIN	0050	82	  98.3336	  96.7638	   1.5698	 1.000
05/26/2020 05:27:38 - INFO - __main__ -   	Step	TRAIN	0082	82	  97.2620	  95.6995	   1.5626	 1.000
05/26/2020 05:27:39 - INFO - __main__ -   	Epoch	TRAIN	22	50	  99.6950	  98.1224	   1.5727	 1.000
05/26/2020 05:27:43 - INFO - __main__ -   	Step	VALID	0000	6	 118.3702	 117.0477	   1.3225	 1.000
05/26/2020 05:27:47 - INFO - __main__ -   	Step	VALID	0006	6	 105.8991	 104.3647	   1.5344	 1.000
05/26/2020 05:27:48 - INFO - __main__ -   	Epoch	VALID	22	50	 107.0654	 105.5585	   1.5068	 1.000
05/26/2020 05:27:52 - INFO - __main__ -   	Step	TRAIN	0000	82	  97.4999	  95.9446	   1.5553	 1.000
05/26/2020 05:27:59 - INFO - __main__ -   	Step	TRAIN	0050	82	  95.8691	  94.2739	   1.5951	 1.000
05/26/2020 05:28:04 - INFO - __main__ -   	Step	TRAIN	0082	82	 110.3350	 108.8007	   1.5343	 1.000
05/26/2020 05:28:05 - INFO - __main__ -   	Epoch	TRAIN	23	50	  99.2092	  97.6211	   1.5881	 1.000
05/26/2020 05:28:10 - INFO - __main__ -   	Step	VALID	0000	6	 118.2486	 116.8689	   1.3797	 1.000
05/26/2020 05:28:13 - INFO - __main__ -   	Step	VALID	0006	6	 105.8289	 104.2982	   1.5307	 1.000
05/26/2020 05:28:14 - INFO - __main__ -   	Epoch	VALID	23	50	 106.9386	 105.4428	   1.4959	 1.000
05/26/2020 05:28:18 - INFO - __main__ -   	Step	TRAIN	0000	82	  93.8610	  92.2955	   1.5655	 1.000
05/26/2020 05:28:26 - INFO - __main__ -   	Step	TRAIN	0050	82	 101.2815	  99.5239	   1.7575	 1.000
05/26/2020 05:28:30 - INFO - __main__ -   	Step	TRAIN	0082	82	  96.4049	  95.9339	   5.1371	 0.092
05/26/2020 05:28:32 - INFO - __main__ -   	Epoch	TRAIN	24	50	  97.9257	  96.7131	   2.2745	 0.724
05/26/2020 05:28:35 - INFO - __main__ -   	Step	VALID	0000	6	 120.8299	 115.9568	   4.8731	 0.096
05/26/2020 05:28:38 - INFO - __main__ -   	Step	VALID	0006	6	 108.4850	 103.0637	   5.4214	 0.096
05/26/2020 05:28:40 - INFO - __main__ -   	Epoch	VALID	24	50	 109.6700	 104.4297	   5.2403	 0.096
05/26/2020 05:28:44 - INFO - __main__ -   	Step	TRAIN	0000	82	  96.0283	  95.5118	   5.4029	 0.096
05/26/2020 05:28:51 - INFO - __main__ -   	Step	TRAIN	0050	82	  98.9924	  97.9828	   3.4733	 0.291
05/26/2020 05:28:56 - INFO - __main__ -   	Step	TRAIN	0082	82	  92.2221	  90.8838	   3.2209	 0.416
05/26/2020 05:28:57 - INFO - __main__ -   	Epoch	TRAIN	25	50	  96.2314	  95.3146	   3.8296	 0.256
05/26/2020 05:29:03 - INFO - __main__ -   	Step	VALID	0000	6	 118.5780	 115.8566	   2.7214	 0.419
05/26/2020 05:29:06 - INFO - __main__ -   	Step	VALID	0006	6	 106.0033	 103.0094	   2.9939	 0.419
05/26/2020 05:29:08 - INFO - __main__ -   	Epoch	VALID	25	50	 107.2579	 104.3321	   2.9258	 0.419
05/26/2020 05:29:12 - INFO - __main__ -   	Step	TRAIN	0000	82	  94.7470	  93.5059	   2.9591	 0.419
05/26/2020 05:29:20 - INFO - __main__ -   	Step	TRAIN	0050	82	  96.8819	  95.3676	   2.4644	 0.614
05/26/2020 05:29:24 - INFO - __main__ -   	Step	TRAIN	0082	82	  92.4734	  90.9048	   2.1217	 0.739
05/26/2020 05:29:26 - INFO - __main__ -   	Epoch	TRAIN	26	50	  96.5792	  95.0743	   2.6327	 0.579
05/26/2020 05:29:36 - INFO - __main__ -   	Step	VALID	0000	6	 118.3382	 116.3905	   1.9477	 0.743
05/26/2020 05:29:39 - INFO - __main__ -   	Step	VALID	0006	6	 105.4906	 103.3171	   2.1735	 0.743
05/26/2020 05:29:41 - INFO - __main__ -   	Epoch	VALID	26	50	 106.8251	 104.7168	   2.1082	 0.743
05/26/2020 05:29:44 - INFO - __main__ -   	Step	TRAIN	0000	82	  96.9792	  95.2858	   2.2785	 0.743
05/26/2020 05:29:52 - INFO - __main__ -   	Step	TRAIN	0050	82	  98.6624	  96.8731	   1.9069	 0.938
05/26/2020 05:29:57 - INFO - __main__ -   	Step	TRAIN	0082	82	  99.4169	  97.5178	   1.8991	 1.000
05/26/2020 05:29:58 - INFO - __main__ -   	Epoch	TRAIN	27	50	  96.8842	  95.0658	   2.0413	 0.897
05/26/2020 05:30:29 - INFO - __main__ -   	Step	VALID	0000	6	 118.1597	 116.5169	   1.6428	 1.000
05/26/2020 05:30:32 - INFO - __main__ -   	Step	VALID	0006	6	 105.4409	 103.6011	   1.8398	 1.000
05/26/2020 05:30:34 - INFO - __main__ -   	Epoch	VALID	27	50	 106.6443	 104.8539	   1.7904	 1.000
05/26/2020 05:30:38 - INFO - __main__ -   	Step	TRAIN	0000	82	  97.9079	  95.9638	   1.9440	 1.000
05/26/2020 05:30:45 - INFO - __main__ -   	Step	TRAIN	0050	82	  95.4612	  93.6009	   1.8603	 1.000
05/26/2020 05:30:49 - INFO - __main__ -   	Step	TRAIN	0082	82	  94.6506	  92.8866	   1.7639	 1.000
05/26/2020 05:30:50 - INFO - __main__ -   	Epoch	TRAIN	28	50	  96.5796	  94.7146	   1.8650	 1.000
05/26/2020 05:30:56 - INFO - __main__ -   	Step	VALID	0000	6	 118.2429	 116.6738	   1.5691	 1.000
05/26/2020 05:30:59 - INFO - __main__ -   	Step	VALID	0006	6	 105.2049	 103.4234	   1.7815	 1.000
05/26/2020 05:31:01 - INFO - __main__ -   	Epoch	VALID	28	50	 106.6007	 104.8754	   1.7253	 1.000
05/26/2020 05:31:04 - INFO - __main__ -   	Step	TRAIN	0000	82	  95.5330	  93.6992	   1.8338	 1.000
05/26/2020 05:31:12 - INFO - __main__ -   	Step	TRAIN	0050	82	  93.0953	  91.2296	   1.8657	 1.000
05/26/2020 05:31:16 - INFO - __main__ -   	Step	TRAIN	0082	82	 102.1500	 100.4454	   1.7046	 1.000
05/26/2020 05:31:17 - INFO - __main__ -   	Epoch	TRAIN	29	50	  96.2021	  94.3499	   1.8522	 1.000
05/26/2020 05:31:32 - INFO - __main__ -   	Step	VALID	0000	6	 118.0550	 116.4800	   1.5750	 1.000
05/26/2020 05:31:36 - INFO - __main__ -   	Step	VALID	0006	6	 105.1508	 103.3916	   1.7592	 1.000
05/26/2020 05:31:38 - INFO - __main__ -   	Epoch	VALID	29	50	 106.4697	 104.7655	   1.7043	 1.000
05/26/2020 05:31:41 - INFO - __main__ -   	Step	TRAIN	0000	82	  94.2730	  92.4471	   1.8259	 1.000
05/26/2020 05:31:49 - INFO - __main__ -   	Step	TRAIN	0050	82	  96.0639	  94.2834	   1.7805	 1.000
05/26/2020 05:31:53 - INFO - __main__ -   	Step	TRAIN	0082	82	  99.2065	  97.2502	   1.9562	 1.000
05/26/2020 05:31:54 - INFO - __main__ -   	Epoch	TRAIN	30	50	  95.7644	  93.8987	   1.8657	 1.000
05/26/2020 05:32:02 - INFO - __main__ -   	Step	VALID	0000	6	 118.1038	 116.4746	   1.6293	 1.000
05/26/2020 05:32:06 - INFO - __main__ -   	Step	VALID	0006	6	 105.2143	 103.4284	   1.7858	 1.000
05/26/2020 05:32:07 - INFO - __main__ -   	Epoch	VALID	30	50	 106.5008	 104.7431	   1.7577	 1.000
05/26/2020 05:32:11 - INFO - __main__ -   	Step	TRAIN	0000	82	  95.5476	  93.7073	   1.8403	 1.000
05/26/2020 05:32:18 - INFO - __main__ -   	Step	TRAIN	0050	82	  95.2169	  93.4202	   1.7967	 1.000
05/26/2020 05:32:22 - INFO - __main__ -   	Step	TRAIN	0082	82	  97.6808	  95.6856	   1.9952	 1.000
05/26/2020 05:32:24 - INFO - __main__ -   	Epoch	TRAIN	31	50	  95.3023	  93.4412	   1.8611	 1.000
05/26/2020 05:32:27 - INFO - __main__ -   	Step	VALID	0000	6	 118.1194	 116.5150	   1.6044	 1.000
05/26/2020 05:32:30 - INFO - __main__ -   	Step	VALID	0006	6	 105.1389	 103.3563	   1.7826	 1.000
05/26/2020 05:32:32 - INFO - __main__ -   	Epoch	VALID	31	50	 106.4933	 104.7558	   1.7375	 1.000
05/26/2020 05:32:36 - INFO - __main__ -   	Step	TRAIN	0000	82	  91.9602	  90.2117	   1.7485	 1.000
05/26/2020 05:32:43 - INFO - __main__ -   	Step	TRAIN	0050	82	  96.0907	  94.2318	   1.8588	 1.000
05/26/2020 05:32:47 - INFO - __main__ -   	Step	TRAIN	0082	82	 102.0398	 100.1004	   1.9394	 1.000
05/26/2020 05:32:49 - INFO - __main__ -   	Epoch	TRAIN	32	50	  94.9363	  93.0612	   1.8751	 1.000
05/26/2020 05:32:53 - INFO - __main__ -   	Step	VALID	0000	6	 118.0937	 116.4571	   1.6366	 1.000
05/26/2020 05:32:56 - INFO - __main__ -   	Step	VALID	0006	6	 105.0760	 103.2896	   1.7864	 1.000
05/26/2020 05:32:58 - INFO - __main__ -   	Epoch	VALID	32	50	 106.4566	 104.7031	   1.7535	 1.000
05/26/2020 05:33:01 - INFO - __main__ -   	Step	TRAIN	0000	82	  96.1412	  94.2527	   1.8885	 1.000
05/26/2020 05:33:08 - INFO - __main__ -   	Step	TRAIN	0050	82	  95.5576	  93.6524	   1.9052	 1.000
05/26/2020 05:33:13 - INFO - __main__ -   	Step	TRAIN	0082	82	  95.2140	  93.3557	   1.8583	 1.000
05/26/2020 05:33:14 - INFO - __main__ -   	Epoch	TRAIN	33	50	  94.4796	  92.5935	   1.8862	 1.000
05/26/2020 05:33:19 - INFO - __main__ -   	Step	VALID	0000	6	 118.1972	 116.5358	   1.6614	 1.000
05/26/2020 05:33:22 - INFO - __main__ -   	Step	VALID	0006	6	 105.1808	 103.3356	   1.8452	 1.000
05/26/2020 05:33:24 - INFO - __main__ -   	Epoch	VALID	33	50	 106.5205	 104.7330	   1.7875	 1.000
05/26/2020 05:33:28 - INFO - __main__ -   	Step	TRAIN	0000	82	  90.5486	  88.5573	   1.9912	 1.000
05/26/2020 05:33:35 - INFO - __main__ -   	Step	TRAIN	0050	82	  94.5315	  92.7047	   1.8268	 1.000
05/26/2020 05:33:39 - INFO - __main__ -   	Step	TRAIN	0082	82	  94.5980	  92.8205	   1.7775	 1.000
05/26/2020 05:33:41 - INFO - __main__ -   	Epoch	TRAIN	34	50	  94.0871	  92.1847	   1.9024	 1.000
05/26/2020 05:33:44 - INFO - __main__ -   	Step	VALID	0000	6	 118.1679	 116.5135	   1.6544	 1.000
05/26/2020 05:33:47 - INFO - __main__ -   	Step	VALID	0006	6	 105.0863	 103.2644	   1.8219	 1.000
05/26/2020 05:33:49 - INFO - __main__ -   	Epoch	VALID	34	50	 106.4658	 104.6913	   1.7746	 1.000
05/26/2020 05:33:52 - INFO - __main__ -   	Step	TRAIN	0000	82	  92.2854	  90.4296	   1.8557	 1.000
05/26/2020 05:33:59 - INFO - __main__ -   	Step	TRAIN	0050	82	  91.8567	  89.9328	   1.9239	 1.000
05/26/2020 05:34:04 - INFO - __main__ -   	Step	TRAIN	0082	82	  90.6985	  88.7923	   1.9062	 1.000
05/26/2020 05:34:06 - INFO - __main__ -   	Epoch	TRAIN	35	50	  93.6940	  91.7756	   1.9184	 1.000
05/26/2020 05:34:18 - INFO - __main__ -   	Step	VALID	0000	6	 118.1743	 116.4977	   1.6766	 1.000
05/26/2020 05:34:21 - INFO - __main__ -   	Step	VALID	0006	6	 105.2138	 103.3666	   1.8473	 1.000
05/26/2020 05:34:22 - INFO - __main__ -   	Epoch	VALID	35	50	 106.4527	 104.6542	   1.7985	 1.000
05/26/2020 05:34:26 - INFO - __main__ -   	Step	TRAIN	0000	82	  92.0386	  90.1737	   1.8649	 1.000
05/26/2020 05:34:33 - INFO - __main__ -   	Step	TRAIN	0050	82	  94.2699	  92.3085	   1.9614	 1.000
05/26/2020 05:34:38 - INFO - __main__ -   	Step	TRAIN	0082	82	  88.6470	  86.9011	   1.7459	 1.000
05/26/2020 05:34:40 - INFO - __main__ -   	Epoch	TRAIN	36	50	  93.3546	  91.4167	   1.9379	 1.000
05/26/2020 05:34:42 - INFO - __main__ -   	Step	VALID	0000	6	 118.4383	 116.7420	   1.6963	 1.000
05/26/2020 05:34:46 - INFO - __main__ -   	Step	VALID	0006	6	 105.1490	 103.2575	   1.8915	 1.000
05/26/2020 05:34:48 - INFO - __main__ -   	Epoch	VALID	36	50	 106.5430	 104.7178	   1.8252	 1.000
05/26/2020 05:34:52 - INFO - __main__ -   	Step	TRAIN	0000	82	  91.7740	  89.8491	   1.9249	 1.000
05/26/2020 05:34:59 - INFO - __main__ -   	Step	TRAIN	0050	82	  89.6886	  88.7380	   5.3846	 0.177
05/26/2020 05:35:04 - INFO - __main__ -   	Step	TRAIN	0082	82	  93.7799	  92.5320	   4.1404	 0.301
05/26/2020 05:35:05 - INFO - __main__ -   	Epoch	TRAIN	37	50	  90.7878	  89.9610	   4.8826	 0.202
05/26/2020 05:35:11 - INFO - __main__ -   	Step	VALID	0000	6	 119.3575	 115.6906	   3.6669	 0.305
05/26/2020 05:35:14 - INFO - __main__ -   	Step	VALID	0006	6	 106.1732	 102.2938	   3.8794	 0.305
05/26/2020 05:35:16 - INFO - __main__ -   	Epoch	VALID	37	50	 107.4960	 103.6978	   3.7983	 0.305
05/26/2020 05:35:20 - INFO - __main__ -   	Step	TRAIN	0000	82	  85.9945	  84.8219	   3.8407	 0.305
05/26/2020 05:35:27 - INFO - __main__ -   	Step	TRAIN	0050	82	  92.6304	  91.0222	   3.2141	 0.500
05/26/2020 05:35:31 - INFO - __main__ -   	Step	TRAIN	0082	82	  97.1037	  95.3799	   2.7572	 0.625
05/26/2020 05:35:32 - INFO - __main__ -   	Epoch	TRAIN	38	50	  91.3313	  89.7618	   3.4433	 0.465
05/26/2020 05:35:50 - INFO - __main__ -   	Step	VALID	0000	6	 118.6937	 116.1396	   2.5541	 0.629
05/26/2020 05:35:54 - INFO - __main__ -   	Step	VALID	0006	6	 105.5090	 102.7589	   2.7501	 0.629
05/26/2020 05:35:55 - INFO - __main__ -   	Epoch	VALID	38	50	 106.7720	 104.0656	   2.7064	 0.629
05/26/2020 05:35:59 - INFO - __main__ -   	Step	TRAIN	0000	82	  89.1428	  87.3625	   2.8297	 0.629
05/26/2020 05:36:07 - INFO - __main__ -   	Step	TRAIN	0050	82	  92.5807	  90.4749	   2.5550	 0.824
05/26/2020 05:36:11 - INFO - __main__ -   	Step	TRAIN	0082	82	 106.1251	 104.0511	   2.1854	 0.949
05/26/2020 05:36:13 - INFO - __main__ -   	Epoch	TRAIN	39	50	  91.9937	  89.9485	   2.6145	 0.789
05/26/2020 05:36:16 - INFO - __main__ -   	Step	VALID	0000	6	 118.5126	 116.5061	   2.0066	 0.953
05/26/2020 05:36:19 - INFO - __main__ -   	Step	VALID	0006	6	 105.1643	 102.9883	   2.1760	 0.953
05/26/2020 05:36:20 - INFO - __main__ -   	Epoch	VALID	39	50	 106.5941	 104.4689	   2.1252	 0.953
05/26/2020 05:36:24 - INFO - __main__ -   	Step	TRAIN	0000	82	  91.2519	  89.1138	   2.2436	 0.953
05/26/2020 05:36:31 - INFO - __main__ -   	Step	TRAIN	0050	82	  90.7358	  88.5186	   2.2172	 1.000
05/26/2020 05:36:36 - INFO - __main__ -   	Step	TRAIN	0082	82	  94.8476	  92.4852	   2.3625	 1.000
05/26/2020 05:36:37 - INFO - __main__ -   	Epoch	TRAIN	40	50	  92.0638	  89.8360	   2.2363	 0.996
05/26/2020 05:36:40 - INFO - __main__ -   	Step	VALID	0000	6	 118.6141	 116.6482	   1.9659	 1.000
05/26/2020 05:36:43 - INFO - __main__ -   	Step	VALID	0006	6	 105.3136	 103.1636	   2.1500	 1.000
05/26/2020 05:36:44 - INFO - __main__ -   	Epoch	VALID	40	50	 106.7044	 104.6078	   2.0966	 1.000
05/26/2020 05:36:48 - INFO - __main__ -   	Step	TRAIN	0000	82	  91.4815	  89.2157	   2.2657	 1.000
05/26/2020 05:36:55 - INFO - __main__ -   	Step	TRAIN	0050	82	  92.6418	  90.4958	   2.1460	 1.000
05/26/2020 05:37:00 - INFO - __main__ -   	Step	TRAIN	0082	82	  91.5606	  89.3751	   2.1855	 1.000
05/26/2020 05:37:01 - INFO - __main__ -   	Epoch	TRAIN	41	50	  91.6888	  89.4782	   2.2107	 1.000
05/26/2020 05:37:04 - INFO - __main__ -   	Step	VALID	0000	6	 118.7100	 116.7836	   1.9264	 1.000
05/26/2020 05:37:08 - INFO - __main__ -   	Step	VALID	0006	6	 105.3908	 103.2622	   2.1286	 1.000
05/26/2020 05:37:10 - INFO - __main__ -   	Epoch	VALID	41	50	 106.7412	 104.6661	   2.0751	 1.000
05/26/2020 05:37:14 - INFO - __main__ -   	Step	TRAIN	0000	82	  90.1972	  88.0185	   2.1787	 1.000
05/26/2020 05:37:21 - INFO - __main__ -   	Step	TRAIN	0050	82	  91.0794	  88.8462	   2.2332	 1.000
05/26/2020 05:37:26 - INFO - __main__ -   	Step	TRAIN	0082	82	  94.9199	  92.5805	   2.3394	 1.000
05/26/2020 05:37:27 - INFO - __main__ -   	Epoch	TRAIN	42	50	  91.4166	  89.1896	   2.2270	 1.000
05/26/2020 05:37:32 - INFO - __main__ -   	Step	VALID	0000	6	 118.8006	 116.8938	   1.9067	 1.000
05/26/2020 05:37:35 - INFO - __main__ -   	Step	VALID	0006	6	 105.4243	 103.3546	   2.0697	 1.000
05/26/2020 05:37:37 - INFO - __main__ -   	Epoch	VALID	42	50	 106.7413	 104.7134	   2.0279	 1.000
05/26/2020 05:37:41 - INFO - __main__ -   	Step	TRAIN	0000	82	  93.8145	  91.6442	   2.1703	 1.000
05/26/2020 05:37:48 - INFO - __main__ -   	Step	TRAIN	0050	82	  90.1636	  87.9065	   2.2571	 1.000
05/26/2020 05:37:53 - INFO - __main__ -   	Step	TRAIN	0082	82	  90.7704	  88.6322	   2.1382	 1.000
05/26/2020 05:37:54 - INFO - __main__ -   	Epoch	TRAIN	43	50	  91.0818	  88.8556	   2.2262	 1.000
05/26/2020 05:37:58 - INFO - __main__ -   	Step	VALID	0000	6	 119.0021	 117.0636	   1.9386	 1.000
05/26/2020 05:38:01 - INFO - __main__ -   	Step	VALID	0006	6	 105.2487	 103.1533	   2.0954	 1.000
05/26/2020 05:38:03 - INFO - __main__ -   	Epoch	VALID	43	50	 106.7597	 104.7051	   2.0547	 1.000
05/26/2020 05:38:07 - INFO - __main__ -   	Step	TRAIN	0000	82	  88.5381	  86.3194	   2.2186	 1.000
05/26/2020 05:38:14 - INFO - __main__ -   	Step	TRAIN	0050	82	  89.2534	  87.0437	   2.2097	 1.000
05/26/2020 05:38:19 - INFO - __main__ -   	Step	TRAIN	0082	82	  90.4511	  88.1892	   2.2619	 1.000
05/26/2020 05:38:20 - INFO - __main__ -   	Epoch	TRAIN	44	50	  90.8053	  88.5560	   2.2493	 1.000
05/26/2020 05:38:26 - INFO - __main__ -   	Step	VALID	0000	6	 118.9378	 116.9037	   2.0340	 1.000
05/26/2020 05:38:29 - INFO - __main__ -   	Step	VALID	0006	6	 105.3364	 103.2013	   2.1351	 1.000
05/26/2020 05:38:31 - INFO - __main__ -   	Epoch	VALID	44	50	 106.8221	 104.7200	   2.1021	 1.000
05/26/2020 05:38:35 - INFO - __main__ -   	Step	TRAIN	0000	82	  89.5361	  87.2160	   2.3201	 1.000
05/26/2020 05:38:42 - INFO - __main__ -   	Step	TRAIN	0050	82	  90.3856	  88.0492	   2.3365	 1.000
05/26/2020 05:38:47 - INFO - __main__ -   	Step	TRAIN	0082	82	  79.2716	  77.0622	   2.2095	 1.000
05/26/2020 05:38:48 - INFO - __main__ -   	Epoch	TRAIN	45	50	  90.3694	  88.1001	   2.2693	 1.000
05/26/2020 05:38:59 - INFO - __main__ -   	Step	VALID	0000	6	 119.0904	 117.1083	   1.9820	 1.000
05/26/2020 05:39:02 - INFO - __main__ -   	Step	VALID	0006	6	 105.3059	 103.1813	   2.1246	 1.000
05/26/2020 05:39:04 - INFO - __main__ -   	Epoch	VALID	45	50	 106.8363	 104.7576	   2.0788	 1.000
05/26/2020 05:39:08 - INFO - __main__ -   	Step	TRAIN	0000	82	  90.2783	  88.0062	   2.2721	 1.000
05/26/2020 05:39:15 - INFO - __main__ -   	Step	TRAIN	0050	82	  89.5329	  87.3293	   2.2037	 1.000
05/26/2020 05:39:20 - INFO - __main__ -   	Step	TRAIN	0082	82	  93.2246	  90.8897	   2.3349	 1.000
05/26/2020 05:39:21 - INFO - __main__ -   	Epoch	TRAIN	46	50	  90.2334	  87.9584	   2.2751	 1.000
05/26/2020 05:39:28 - INFO - __main__ -   	Step	VALID	0000	6	 119.0872	 117.0483	   2.0389	 1.000
05/26/2020 05:39:31 - INFO - __main__ -   	Step	VALID	0006	6	 105.3903	 103.2082	   2.1821	 1.000
05/26/2020 05:39:33 - INFO - __main__ -   	Epoch	VALID	46	50	 106.8689	 104.7397	   2.1292	 1.000
05/26/2020 05:39:36 - INFO - __main__ -   	Step	TRAIN	0000	82	  87.8006	  85.5283	   2.2723	 1.000
05/26/2020 05:39:44 - INFO - __main__ -   	Step	TRAIN	0050	82	  92.9371	  90.6705	   2.2666	 1.000
05/26/2020 05:39:48 - INFO - __main__ -   	Step	TRAIN	0082	82	  88.3743	  86.1518	   2.2225	 1.000
05/26/2020 05:39:50 - INFO - __main__ -   	Epoch	TRAIN	47	50	  89.9819	  87.6850	   2.2968	 1.000
05/26/2020 05:39:53 - INFO - __main__ -   	Step	VALID	0000	6	 119.1782	 117.1501	   2.0280	 1.000
05/26/2020 05:39:56 - INFO - __main__ -   	Step	VALID	0006	6	 105.4021	 103.2333	   2.1688	 1.000
05/26/2020 05:39:58 - INFO - __main__ -   	Epoch	VALID	47	50	 106.9124	 104.7778	   2.1346	 1.000
05/26/2020 05:40:01 - INFO - __main__ -   	Step	TRAIN	0000	82	  87.4931	  85.1621	   2.3309	 1.000
05/26/2020 05:40:08 - INFO - __main__ -   	Step	TRAIN	0050	82	  88.9801	  86.6163	   2.3638	 1.000
05/26/2020 05:40:13 - INFO - __main__ -   	Step	TRAIN	0082	82	  89.3043	  87.0016	   2.3026	 1.000
05/26/2020 05:40:14 - INFO - __main__ -   	Epoch	TRAIN	48	50	  89.6754	  87.3685	   2.3068	 1.000
05/26/2020 05:40:23 - INFO - __main__ -   	Step	VALID	0000	6	 119.3028	 117.2974	   2.0054	 1.000
05/26/2020 05:40:26 - INFO - __main__ -   	Step	VALID	0006	6	 105.3786	 103.2038	   2.1748	 1.000
05/26/2020 05:40:28 - INFO - __main__ -   	Epoch	VALID	48	50	 107.0371	 104.9109	   2.1262	 1.000
05/26/2020 05:40:31 - INFO - __main__ -   	Step	TRAIN	0000	82	  89.2370	  86.8843	   2.3527	 1.000
05/26/2020 05:40:38 - INFO - __main__ -   	Step	TRAIN	0050	82	  86.7878	  86.3833	   6.4797	 0.062
05/26/2020 05:40:43 - INFO - __main__ -   	Step	TRAIN	0082	82	  79.5471	  78.4738	   5.7308	 0.187
05/26/2020 05:40:44 - INFO - __main__ -   	Epoch	TRAIN	49	50	  87.5877	  86.2822	   4.4012	 0.465
05/26/2020 05:40:47 - INFO - __main__ -   	Step	VALID	0000	6	 121.1921	 116.0476	   5.1445	 0.191
05/26/2020 05:40:50 - INFO - __main__ -   	Step	VALID	0006	6	 107.5016	 102.0911	   5.4105	 0.191
05/26/2020 05:40:52 - INFO - __main__ -   	Epoch	VALID	49	50	 109.0525	 103.7372	   5.3153	 0.191
