05/26/2020 04:52:12 - INFO - __main__ -   	Step	TRAIN	0000	82	 208.8238	 208.8238	   0.3755	 0.000
05/26/2020 04:52:19 - INFO - __main__ -   	Step	TRAIN	0050	82	 139.2475	 139.0965	   3.0947	 0.049
05/26/2020 04:52:24 - INFO - __main__ -   	Step	TRAIN	0082	82	 140.6938	 140.4455	   3.1045	 0.080
05/26/2020 04:52:25 - INFO - __main__ -   	Epoch	TRAIN	00	50	 152.6346	 152.3370	  12.7752	 0.040
05/26/2020 04:52:29 - INFO - __main__ -   	Step	VALID	0000	6	 144.7560	 141.7387	   3.0173	 0.081
05/26/2020 04:52:32 - INFO - __main__ -   	Step	VALID	0006	6	 138.1263	 134.9608	   3.1655	 0.081
05/26/2020 04:52:34 - INFO - __main__ -   	Epoch	VALID	00	50	 137.8793	 134.6516	   3.2277	 0.081
05/26/2020 04:52:37 - INFO - __main__ -   	Step	TRAIN	0000	82	 137.1366	 136.8758	   3.2203	 0.081
05/26/2020 04:52:45 - INFO - __main__ -   	Step	TRAIN	0050	82	 130.8385	 130.1142	   5.5834	 0.130
05/26/2020 04:52:49 - INFO - __main__ -   	Step	TRAIN	0082	82	 127.2755	 126.1942	   6.7193	 0.161
05/26/2020 04:52:51 - INFO - __main__ -   	Epoch	TRAIN	01	50	 132.2432	 131.5726	   5.3453	 0.121
05/26/2020 04:53:03 - INFO - __main__ -   	Step	VALID	0000	6	 137.9693	 131.4667	   6.5026	 0.162
05/26/2020 04:53:06 - INFO - __main__ -   	Step	VALID	0006	6	 129.6359	 122.8932	   6.7428	 0.162
05/26/2020 04:53:08 - INFO - __main__ -   	Epoch	VALID	01	50	 130.4978	 123.5661	   6.9317	 0.162
05/26/2020 04:53:11 - INFO - __main__ -   	Step	TRAIN	0000	82	 121.7581	 120.6233	   7.0087	 0.162
05/26/2020 04:53:19 - INFO - __main__ -   	Step	TRAIN	0050	82	 123.2350	 121.4551	   8.4483	 0.211
05/26/2020 04:53:23 - INFO - __main__ -   	Step	TRAIN	0082	82	 122.6880	 120.4549	   9.2315	 0.242
05/26/2020 04:53:25 - INFO - __main__ -   	Epoch	TRAIN	02	50	 124.1857	 122.5487	   8.0501	 0.202
05/26/2020 04:53:28 - INFO - __main__ -   	Step	VALID	0000	6	 133.9933	 125.5017	   8.4916	 0.243
05/26/2020 04:53:32 - INFO - __main__ -   	Step	VALID	0006	6	 125.7839	 116.6656	   9.1183	 0.243
05/26/2020 04:53:34 - INFO - __main__ -   	Epoch	VALID	02	50	 126.1835	 117.1531	   9.0304	 0.243
05/26/2020 04:53:38 - INFO - __main__ -   	Step	TRAIN	0000	82	 119.9029	 117.7224	   8.9785	 0.243
05/26/2020 04:53:45 - INFO - __main__ -   	Step	TRAIN	0050	82	 118.6553	 116.0105	   9.0689	 0.292
05/26/2020 04:53:50 - INFO - __main__ -   	Step	TRAIN	0082	82	 119.8586	 116.7382	   9.6654	 0.323
05/26/2020 04:53:51 - INFO - __main__ -   	Epoch	TRAIN	03	50	 119.1715	 116.5531	   9.2470	 0.283
05/26/2020 04:54:14 - INFO - __main__ -   	Step	VALID	0000	6	 130.7033	 121.7514	   8.9519	 0.324
05/26/2020 04:54:17 - INFO - __main__ -   	Step	VALID	0006	6	 121.5614	 112.3807	   9.1807	 0.324
05/26/2020 04:54:19 - INFO - __main__ -   	Epoch	VALID	03	50	 122.2386	 113.0145	   9.2241	 0.324
05/26/2020 04:54:23 - INFO - __main__ -   	Step	TRAIN	0000	82	 114.6974	 111.7251	   9.1787	 0.324
05/26/2020 04:54:30 - INFO - __main__ -   	Step	TRAIN	0050	82	 113.1336	 109.6746	   9.2837	 0.373
05/26/2020 04:54:34 - INFO - __main__ -   	Step	TRAIN	0082	82	 112.8781	 108.8706	   9.9244	 0.404
05/26/2020 04:54:36 - INFO - __main__ -   	Epoch	TRAIN	04	50	 115.7181	 112.2700	   9.4805	 0.364
05/26/2020 04:54:39 - INFO - __main__ -   	Step	VALID	0000	6	 128.5243	 119.5840	   8.9403	 0.405
05/26/2020 04:54:42 - INFO - __main__ -   	Step	VALID	0006	6	 119.0223	 109.4939	   9.5284	 0.405
05/26/2020 04:54:45 - INFO - __main__ -   	Epoch	VALID	04	50	 119.6526	 110.2692	   9.3834	 0.405
05/26/2020 04:54:48 - INFO - __main__ -   	Step	TRAIN	0000	82	 113.0258	 109.2710	   9.2764	 0.405
05/26/2020 04:54:55 - INFO - __main__ -   	Step	TRAIN	0050	82	 115.6291	 111.3409	   9.4547	 0.454
05/26/2020 04:55:00 - INFO - __main__ -   	Step	TRAIN	0082	82	 109.8374	 105.6753	   8.5859	 0.485
05/26/2020 04:55:01 - INFO - __main__ -   	Epoch	TRAIN	05	50	 113.2506	 109.0970	   9.3445	 0.445
05/26/2020 04:55:05 - INFO - __main__ -   	Step	VALID	0000	6	 126.2557	 117.8740	   8.3818	 0.486
05/26/2020 04:55:08 - INFO - __main__ -   	Step	VALID	0006	6	 116.1923	 107.3737	   8.8186	 0.486
05/26/2020 04:55:10 - INFO - __main__ -   	Epoch	VALID	05	50	 117.0569	 108.3401	   8.7168	 0.486
05/26/2020 04:55:14 - INFO - __main__ -   	Step	TRAIN	0000	82	 113.4338	 109.0039	   9.1199	 0.486
05/26/2020 04:55:21 - INFO - __main__ -   	Step	TRAIN	0050	82	 107.6530	 102.8200	   9.0421	 0.535
05/26/2020 04:55:26 - INFO - __main__ -   	Step	TRAIN	0082	82	 109.7054	 104.8419	   8.5972	 0.566
05/26/2020 04:55:27 - INFO - __main__ -   	Epoch	TRAIN	06	50	 111.5033	 106.7589	   9.0328	 0.526
05/26/2020 04:55:42 - INFO - __main__ -   	Step	VALID	0000	6	 124.8537	 116.7004	   8.1533	 0.567
05/26/2020 04:55:45 - INFO - __main__ -   	Step	VALID	0006	6	 114.4119	 105.6878	   8.7241	 0.567
05/26/2020 04:55:47 - INFO - __main__ -   	Epoch	VALID	06	50	 115.3274	 106.7754	   8.5521	 0.567
05/26/2020 04:55:51 - INFO - __main__ -   	Step	TRAIN	0000	82	 109.3098	 104.3044	   8.8327	 0.567
05/26/2020 04:55:59 - INFO - __main__ -   	Step	TRAIN	0050	82	 113.4397	 108.1425	   8.6069	 0.615
05/26/2020 04:56:04 - INFO - __main__ -   	Step	TRAIN	0082	82	 118.8005	 113.3069	   8.4951	 0.647
05/26/2020 04:56:05 - INFO - __main__ -   	Epoch	TRAIN	07	50	 110.2291	 104.9879	   8.6459	 0.607
05/26/2020 04:56:15 - INFO - __main__ -   	Step	VALID	0000	6	 123.6804	 115.8837	   7.7967	 0.648
05/26/2020 04:56:18 - INFO - __main__ -   	Step	VALID	0006	6	 113.0073	 104.5632	   8.4441	 0.648
05/26/2020 04:56:20 - INFO - __main__ -   	Epoch	VALID	07	50	 113.9421	 105.6671	   8.2750	 0.648
05/26/2020 04:56:24 - INFO - __main__ -   	Step	TRAIN	0000	82	 103.2910	  97.8347	   8.4248	 0.648
05/26/2020 04:56:31 - INFO - __main__ -   	Step	TRAIN	0050	82	 106.6339	 101.1663	   7.8511	 0.696
05/26/2020 04:56:36 - INFO - __main__ -   	Step	TRAIN	0082	82	 112.8992	 107.0639	   8.0197	 0.728
05/26/2020 04:56:37 - INFO - __main__ -   	Epoch	TRAIN	08	50	 109.1077	 103.4637	   8.2136	 0.688
05/26/2020 04:56:40 - INFO - __main__ -   	Step	VALID	0000	6	 122.7767	 115.4353	   7.3414	 0.729
05/26/2020 04:56:43 - INFO - __main__ -   	Step	VALID	0006	6	 111.7597	 103.8847	   7.8750	 0.729
05/26/2020 04:56:45 - INFO - __main__ -   	Epoch	VALID	08	50	 112.8693	 105.1322	   7.7371	 0.729
05/26/2020 04:56:48 - INFO - __main__ -   	Step	TRAIN	0000	82	 107.5735	 101.7719	   7.9626	 0.729
05/26/2020 04:56:55 - INFO - __main__ -   	Step	TRAIN	0050	82	 105.8878	  99.7822	   7.8541	 0.777
05/26/2020 04:57:00 - INFO - __main__ -   	Step	TRAIN	0082	82	 118.2707	 112.0429	   7.7021	 0.809
05/26/2020 04:57:01 - INFO - __main__ -   	Epoch	TRAIN	09	50	 108.3025	 102.3331	   7.7720	 0.769
05/26/2020 04:57:10 - INFO - __main__ -   	Step	VALID	0000	6	 122.0010	 115.0258	   6.9752	 0.810
05/26/2020 04:57:13 - INFO - __main__ -   	Step	VALID	0006	6	 111.0297	 103.5619	   7.4678	 0.810
05/26/2020 04:57:15 - INFO - __main__ -   	Epoch	VALID	09	50	 111.9581	 104.6421	   7.3160	 0.810
05/26/2020 04:57:18 - INFO - __main__ -   	Step	TRAIN	0000	82	 107.0894	 100.9273	   7.6117	 0.810
05/26/2020 04:57:25 - INFO - __main__ -   	Step	TRAIN	0050	82	 108.5269	 102.1755	   7.3997	 0.858
05/26/2020 04:57:30 - INFO - __main__ -   	Step	TRAIN	0082	82	 107.2862	 101.0952	   6.9598	 0.890
05/26/2020 04:57:31 - INFO - __main__ -   	Epoch	TRAIN	10	50	 107.5015	 101.3089	   7.2935	 0.850
05/26/2020 04:57:37 - INFO - __main__ -   	Step	VALID	0000	6	 121.4129	 114.9784	   6.4344	 0.891
05/26/2020 04:57:40 - INFO - __main__ -   	Step	VALID	0006	6	 109.8590	 103.0514	   6.8075	 0.891
05/26/2020 04:57:42 - INFO - __main__ -   	Epoch	VALID	10	50	 111.1301	 104.4071	   6.7230	 0.891
05/26/2020 04:57:46 - INFO - __main__ -   	Step	TRAIN	0000	82	 107.7110	 101.4457	   7.0356	 0.891
05/26/2020 04:57:53 - INFO - __main__ -   	Step	TRAIN	0050	82	 103.4299	  97.1621	   6.6730	 0.939
05/26/2020 04:57:58 - INFO - __main__ -   	Step	TRAIN	0082	82	 120.0839	 112.9814	   7.3184	 0.970
05/26/2020 04:58:00 - INFO - __main__ -   	Epoch	TRAIN	11	50	 106.9761	 100.6675	   6.7829	 0.931
05/26/2020 04:58:09 - INFO - __main__ -   	Step	VALID	0000	6	 120.9221	 114.8140	   6.1080	 0.971
05/26/2020 04:58:12 - INFO - __main__ -   	Step	VALID	0006	6	 109.3140	 102.8927	   6.4212	 0.971
05/26/2020 04:58:14 - INFO - __main__ -   	Epoch	VALID	11	50	 110.4288	 104.0672	   6.3616	 0.971
05/26/2020 04:58:17 - INFO - __main__ -   	Step	TRAIN	0000	82	 102.1205	  95.7925	   6.5138	 0.971
05/26/2020 04:58:25 - INFO - __main__ -   	Step	TRAIN	0050	82	 103.1581	  97.0202	   6.1379	 1.000
05/26/2020 04:58:29 - INFO - __main__ -   	Step	TRAIN	0082	82	  97.6617	  91.3038	   6.3579	 1.000
05/26/2020 04:58:31 - INFO - __main__ -   	Epoch	TRAIN	12	50	 106.0985	  99.7519	   6.3805	 0.995
05/26/2020 04:58:39 - INFO - __main__ -   	Step	VALID	0000	6	 120.2379	 114.4181	   5.8198	 1.000
05/26/2020 04:58:42 - INFO - __main__ -   	Step	VALID	0006	6	 108.7615	 102.5408	   6.2207	 1.000
05/26/2020 04:58:43 - INFO - __main__ -   	Epoch	VALID	12	50	 109.9611	 103.8298	   6.1313	 1.000
05/26/2020 04:58:47 - INFO - __main__ -   	Step	TRAIN	0000	82	 103.5058	  97.0622	   6.4436	 1.000
05/26/2020 04:58:54 - INFO - __main__ -   	Step	TRAIN	0050	82	 103.9064	  97.6388	   6.2676	 1.000
05/26/2020 04:58:59 - INFO - __main__ -   	Step	TRAIN	0082	82	 108.7235	 101.9136	   6.8099	 1.000
05/26/2020 04:59:01 - INFO - __main__ -   	Epoch	TRAIN	13	50	 105.2755	  98.9202	   6.3552	 1.000
05/26/2020 04:59:05 - INFO - __main__ -   	Step	VALID	0000	6	 119.9672	 114.0937	   5.8735	 1.000
05/26/2020 04:59:09 - INFO - __main__ -   	Step	VALID	0006	6	 108.7284	 102.4960	   6.2324	 1.000
05/26/2020 04:59:11 - INFO - __main__ -   	Epoch	VALID	13	50	 109.5969	 103.4397	   6.1573	 1.000
05/26/2020 04:59:15 - INFO - __main__ -   	Step	TRAIN	0000	82	 104.3799	  98.0756	   6.3043	 1.000
05/26/2020 04:59:22 - INFO - __main__ -   	Step	TRAIN	0050	82	 107.0452	 100.6058	   6.4394	 1.000
05/26/2020 04:59:27 - INFO - __main__ -   	Step	TRAIN	0082	82	 103.7045	  97.2636	   6.4409	 1.000
05/26/2020 04:59:28 - INFO - __main__ -   	Epoch	TRAIN	14	50	 104.3813	  97.9602	   6.4211	 1.000
05/26/2020 04:59:31 - INFO - __main__ -   	Step	VALID	0000	6	 119.5933	 113.7674	   5.8259	 1.000
05/26/2020 04:59:35 - INFO - __main__ -   	Step	VALID	0006	6	 107.9651	 101.8263	   6.1388	 1.000
05/26/2020 04:59:37 - INFO - __main__ -   	Epoch	VALID	14	50	 109.0778	 103.0157	   6.0621	 1.000
05/26/2020 04:59:41 - INFO - __main__ -   	Step	TRAIN	0000	82	 100.4855	  94.0715	   6.4139	 1.000
05/26/2020 04:59:48 - INFO - __main__ -   	Step	TRAIN	0050	82	 104.6110	  98.1401	   6.4708	 1.000
05/26/2020 04:59:53 - INFO - __main__ -   	Step	TRAIN	0082	82	  98.5760	  92.1883	   6.3876	 1.000
05/26/2020 04:59:54 - INFO - __main__ -   	Epoch	TRAIN	15	50	 103.4579	  97.0029	   6.4550	 1.000
05/26/2020 05:00:07 - INFO - __main__ -   	Step	VALID	0000	6	 119.3894	 113.5708	   5.8187	 1.000
05/26/2020 05:00:11 - INFO - __main__ -   	Step	VALID	0006	6	 107.5264	 101.4420	   6.0844	 1.000
05/26/2020 05:00:13 - INFO - __main__ -   	Epoch	VALID	15	50	 108.7444	 102.7093	   6.0351	 1.000
05/26/2020 05:00:17 - INFO - __main__ -   	Step	TRAIN	0000	82	 103.1994	  96.8116	   6.3878	 1.000
05/26/2020 05:00:24 - INFO - __main__ -   	Step	TRAIN	0050	82	 102.5751	  96.0844	   6.4907	 1.000
05/26/2020 05:00:29 - INFO - __main__ -   	Step	TRAIN	0082	82	 113.4150	 106.6242	   6.7909	 1.000
05/26/2020 05:00:30 - INFO - __main__ -   	Epoch	TRAIN	16	50	 102.8831	  96.3303	   6.5528	 1.000
05/26/2020 05:00:36 - INFO - __main__ -   	Step	VALID	0000	6	 119.1249	 113.2204	   5.9045	 1.000
05/26/2020 05:00:40 - INFO - __main__ -   	Step	VALID	0006	6	 107.4313	 101.2300	   6.2013	 1.000
05/26/2020 05:00:41 - INFO - __main__ -   	Epoch	VALID	16	50	 108.5344	 102.3871	   6.1472	 1.000
05/26/2020 05:00:45 - INFO - __main__ -   	Step	TRAIN	0000	82	 101.4521	  94.8819	   6.5702	 1.000
05/26/2020 05:00:52 - INFO - __main__ -   	Step	TRAIN	0050	82	 103.9853	  97.2379	   6.7474	 1.000
05/26/2020 05:00:57 - INFO - __main__ -   	Step	TRAIN	0082	82	 111.7506	 104.8549	   6.8956	 1.000
05/26/2020 05:00:59 - INFO - __main__ -   	Epoch	TRAIN	17	50	 102.1278	  95.5208	   6.6070	 1.000
05/26/2020 05:01:03 - INFO - __main__ -   	Step	VALID	0000	6	 118.9107	 112.9017	   6.0090	 1.000
05/26/2020 05:01:06 - INFO - __main__ -   	Step	VALID	0006	6	 106.8682	 100.5727	   6.2955	 1.000
05/26/2020 05:01:08 - INFO - __main__ -   	Epoch	VALID	17	50	 108.2512	 102.0272	   6.2240	 1.000
05/26/2020 05:01:11 - INFO - __main__ -   	Step	TRAIN	0000	82	  98.5973	  91.9902	   6.6072	 1.000
05/26/2020 05:01:18 - INFO - __main__ -   	Step	TRAIN	0050	82	  97.4299	  90.8245	   6.6053	 1.000
05/26/2020 05:01:23 - INFO - __main__ -   	Step	TRAIN	0082	82	 104.1962	  97.8435	   6.3528	 1.000
05/26/2020 05:01:24 - INFO - __main__ -   	Epoch	TRAIN	18	50	 101.3496	  94.6931	   6.6565	 1.000
05/26/2020 05:01:40 - INFO - __main__ -   	Step	VALID	0000	6	 118.9265	 113.1377	   5.7887	 1.000
05/26/2020 05:01:43 - INFO - __main__ -   	Step	VALID	0006	6	 106.5692	 100.4419	   6.1272	 1.000
05/26/2020 05:01:45 - INFO - __main__ -   	Epoch	VALID	18	50	 107.9958	 101.9577	   6.0381	 1.000
05/26/2020 05:01:49 - INFO - __main__ -   	Step	TRAIN	0000	82	 100.9351	  94.2069	   6.7282	 1.000
05/26/2020 05:01:56 - INFO - __main__ -   	Step	TRAIN	0050	82	 102.4731	  95.6900	   6.7831	 1.000
05/26/2020 05:02:01 - INFO - __main__ -   	Step	TRAIN	0082	82	 100.3416	  93.7704	   6.5713	 1.000
05/26/2020 05:02:02 - INFO - __main__ -   	Epoch	TRAIN	19	50	 100.6348	  93.9256	   6.7092	 1.000
05/26/2020 05:02:13 - INFO - __main__ -   	Step	VALID	0000	6	 118.7801	 112.8065	   5.9736	 1.000
05/26/2020 05:02:17 - INFO - __main__ -   	Step	VALID	0006	6	 106.4968	 100.2931	   6.2037	 1.000
05/26/2020 05:02:18 - INFO - __main__ -   	Epoch	VALID	19	50	 107.8735	 101.6999	   6.1736	 1.000
05/26/2020 05:02:23 - INFO - __main__ -   	Step	TRAIN	0000	82	  97.9973	  91.3361	   6.6612	 1.000
05/26/2020 05:02:30 - INFO - __main__ -   	Step	TRAIN	0050	82	  99.0921	  92.2478	   6.8443	 1.000
05/26/2020 05:02:35 - INFO - __main__ -   	Step	TRAIN	0082	82	 104.5861	  97.5001	   7.0860	 1.000
05/26/2020 05:02:36 - INFO - __main__ -   	Epoch	TRAIN	20	50	 100.0848	  93.2926	   6.7922	 1.000
05/26/2020 05:02:39 - INFO - __main__ -   	Step	VALID	0000	6	 118.7877	 112.8299	   5.9578	 1.000
05/26/2020 05:02:42 - INFO - __main__ -   	Step	VALID	0006	6	 106.3629	 100.0507	   6.3123	 1.000
05/26/2020 05:02:44 - INFO - __main__ -   	Epoch	VALID	20	50	 107.7080	 101.4858	   6.2222	 1.000
05/26/2020 05:02:47 - INFO - __main__ -   	Step	TRAIN	0000	82	  97.7711	  91.0940	   6.6771	 1.000
05/26/2020 05:02:55 - INFO - __main__ -   	Step	TRAIN	0050	82	 100.0990	  93.2906	   6.8084	 1.000
05/26/2020 05:02:59 - INFO - __main__ -   	Step	TRAIN	0082	82	 104.1852	  96.9845	   7.2007	 1.000
05/26/2020 05:03:01 - INFO - __main__ -   	Epoch	TRAIN	21	50	  99.5367	  92.6507	   6.8860	 1.000
05/26/2020 05:03:03 - INFO - __main__ -   	Step	VALID	0000	6	 118.6916	 112.6827	   6.0089	 1.000
05/26/2020 05:03:06 - INFO - __main__ -   	Step	VALID	0006	6	 106.5177	 100.2472	   6.2705	 1.000
05/26/2020 05:03:08 - INFO - __main__ -   	Epoch	VALID	21	50	 107.6467	 101.4062	   6.2405	 1.000
05/26/2020 05:03:11 - INFO - __main__ -   	Step	TRAIN	0000	82	  98.6002	  91.8883	   6.7118	 1.000
05/26/2020 05:03:19 - INFO - __main__ -   	Step	TRAIN	0050	82	  96.4286	  89.7606	   6.6679	 1.000
05/26/2020 05:03:23 - INFO - __main__ -   	Step	TRAIN	0082	82	  97.9252	  91.1008	   6.8244	 1.000
05/26/2020 05:03:25 - INFO - __main__ -   	Epoch	TRAIN	22	50	  98.8825	  91.9784	   6.9041	 1.000
05/26/2020 05:03:34 - INFO - __main__ -   	Step	VALID	0000	6	 118.3937	 112.2654	   6.1283	 1.000
05/26/2020 05:03:37 - INFO - __main__ -   	Step	VALID	0006	6	 106.3089	  99.9593	   6.3496	 1.000
05/26/2020 05:03:39 - INFO - __main__ -   	Epoch	VALID	22	50	 107.5355	 101.2488	   6.2867	 1.000
05/26/2020 05:03:43 - INFO - __main__ -   	Step	TRAIN	0000	82	 100.0022	  92.9384	   7.0639	 1.000
05/26/2020 05:03:50 - INFO - __main__ -   	Step	TRAIN	0050	82	  97.2347	  90.4817	   6.7530	 1.000
05/26/2020 05:03:55 - INFO - __main__ -   	Step	TRAIN	0082	82	 100.3057	  93.4339	   6.8718	 1.000
05/26/2020 05:03:56 - INFO - __main__ -   	Epoch	TRAIN	23	50	  98.3640	  91.3926	   6.9714	 1.000
05/26/2020 05:04:00 - INFO - __main__ -   	Step	VALID	0000	6	 118.5084	 112.2615	   6.2469	 1.000
05/26/2020 05:04:03 - INFO - __main__ -   	Step	VALID	0006	6	 106.0813	  99.5930	   6.4883	 1.000
05/26/2020 05:04:05 - INFO - __main__ -   	Epoch	VALID	23	50	 107.4299	 101.0051	   6.4247	 1.000
05/26/2020 05:04:08 - INFO - __main__ -   	Step	TRAIN	0000	82	  99.0661	  92.0451	   7.0210	 1.000
05/26/2020 05:04:16 - INFO - __main__ -   	Step	TRAIN	0050	82	  98.2304	  91.2842	   6.9461	 1.000
05/26/2020 05:04:20 - INFO - __main__ -   	Step	TRAIN	0082	82	 100.2649	  93.1214	   7.1435	 1.000
05/26/2020 05:04:22 - INFO - __main__ -   	Epoch	TRAIN	24	50	  97.8859	  90.8570	   7.0289	 1.000
05/26/2020 05:04:27 - INFO - __main__ -   	Step	VALID	0000	6	 118.3273	 112.1243	   6.2030	 1.000
05/26/2020 05:04:30 - INFO - __main__ -   	Step	VALID	0006	6	 106.1512	  99.7149	   6.4363	 1.000
05/26/2020 05:04:32 - INFO - __main__ -   	Epoch	VALID	24	50	 107.2803	 100.8990	   6.3813	 1.000
05/26/2020 05:04:36 - INFO - __main__ -   	Step	TRAIN	0000	82	 100.8317	  93.9062	   6.9255	 1.000
05/26/2020 05:04:43 - INFO - __main__ -   	Step	TRAIN	0050	82	 102.0057	  94.7060	   7.2997	 1.000
05/26/2020 05:04:48 - INFO - __main__ -   	Step	TRAIN	0082	82	  98.4197	  91.5552	   6.8645	 1.000
05/26/2020 05:04:49 - INFO - __main__ -   	Epoch	TRAIN	25	50	  97.3594	  90.2952	   7.0642	 1.000
05/26/2020 05:04:51 - INFO - __main__ -   	Step	VALID	0000	6	 118.3961	 112.0903	   6.3059	 1.000
05/26/2020 05:04:55 - INFO - __main__ -   	Step	VALID	0006	6	 105.9661	  99.4640	   6.5022	 1.000
05/26/2020 05:04:56 - INFO - __main__ -   	Epoch	VALID	25	50	 107.2516	 100.7971	   6.4545	 1.000
05/26/2020 05:04:59 - INFO - __main__ -   	Step	TRAIN	0000	82	  99.2939	  92.0485	   7.2454	 1.000
05/26/2020 05:05:07 - INFO - __main__ -   	Step	TRAIN	0050	82	  92.6998	  85.6315	   7.0683	 1.000
05/26/2020 05:05:11 - INFO - __main__ -   	Step	TRAIN	0082	82	 102.5541	  95.0467	   7.5075	 1.000
05/26/2020 05:05:13 - INFO - __main__ -   	Epoch	TRAIN	26	50	  96.9381	  89.7986	   7.1395	 1.000
05/26/2020 05:05:16 - INFO - __main__ -   	Step	VALID	0000	6	 118.1713	 111.7881	   6.3832	 1.000
05/26/2020 05:05:20 - INFO - __main__ -   	Step	VALID	0006	6	 105.8543	  99.2261	   6.6282	 1.000
05/26/2020 05:05:22 - INFO - __main__ -   	Epoch	VALID	26	50	 107.2221	 100.6722	   6.5498	 1.000
05/26/2020 05:05:25 - INFO - __main__ -   	Step	TRAIN	0000	82	  96.9305	  89.6632	   7.2672	 1.000
05/26/2020 05:05:32 - INFO - __main__ -   	Step	TRAIN	0050	82	  95.1500	  88.0362	   7.1138	 1.000
05/26/2020 05:05:37 - INFO - __main__ -   	Step	TRAIN	0082	82	 103.5244	  96.2570	   7.2674	 1.000
05/26/2020 05:05:38 - INFO - __main__ -   	Epoch	TRAIN	27	50	  96.4746	  89.2936	   7.1811	 1.000
05/26/2020 05:05:43 - INFO - __main__ -   	Step	VALID	0000	6	 118.4120	 112.1214	   6.2906	 1.000
05/26/2020 05:05:46 - INFO - __main__ -   	Step	VALID	0006	6	 105.8090	  99.3237	   6.4852	 1.000
05/26/2020 05:05:48 - INFO - __main__ -   	Epoch	VALID	27	50	 107.1869	 100.7507	   6.4362	 1.000
05/26/2020 05:05:52 - INFO - __main__ -   	Step	TRAIN	0000	82	  93.4564	  86.5016	   6.9548	 1.000
05/26/2020 05:05:59 - INFO - __main__ -   	Step	TRAIN	0050	82	  95.8304	  88.3151	   7.5153	 1.000
05/26/2020 05:06:04 - INFO - __main__ -   	Step	TRAIN	0082	82	 110.4250	 103.0108	   7.4142	 1.000
05/26/2020 05:06:05 - INFO - __main__ -   	Epoch	TRAIN	28	50	  96.1167	  88.9172	   7.1995	 1.000
05/26/2020 05:06:19 - INFO - __main__ -   	Step	VALID	0000	6	 118.1555	 111.6694	   6.4861	 1.000
05/26/2020 05:06:22 - INFO - __main__ -   	Step	VALID	0006	6	 105.6421	  98.9547	   6.6874	 1.000
05/26/2020 05:06:24 - INFO - __main__ -   	Epoch	VALID	28	50	 107.0663	 100.4515	   6.6148	 1.000
05/26/2020 05:06:27 - INFO - __main__ -   	Step	TRAIN	0000	82	  93.9279	  86.7388	   7.1891	 1.000
05/26/2020 05:06:35 - INFO - __main__ -   	Step	TRAIN	0050	82	  94.9533	  87.9223	   7.0310	 1.000
05/26/2020 05:06:39 - INFO - __main__ -   	Step	TRAIN	0082	82	  98.9214	  91.5391	   7.3822	 1.000
05/26/2020 05:06:41 - INFO - __main__ -   	Epoch	TRAIN	29	50	  95.5923	  88.3293	   7.2630	 1.000
05/26/2020 05:06:47 - INFO - __main__ -   	Step	VALID	0000	6	 118.5517	 112.1493	   6.4024	 1.000
05/26/2020 05:06:50 - INFO - __main__ -   	Step	VALID	0006	6	 105.8195	  99.1866	   6.6329	 1.000
05/26/2020 05:06:52 - INFO - __main__ -   	Epoch	VALID	29	50	 107.1733	 100.6354	   6.5379	 1.000
05/26/2020 05:06:55 - INFO - __main__ -   	Step	TRAIN	0000	82	  95.8423	  88.5135	   7.3288	 1.000
05/26/2020 05:07:03 - INFO - __main__ -   	Step	TRAIN	0050	82	  97.5662	  90.2895	   7.2767	 1.000
05/26/2020 05:07:07 - INFO - __main__ -   	Step	TRAIN	0082	82	  99.6894	  92.3582	   7.3313	 1.000
05/26/2020 05:07:09 - INFO - __main__ -   	Epoch	TRAIN	30	50	  95.2284	  87.9045	   7.3239	 1.000
05/26/2020 05:07:14 - INFO - __main__ -   	Step	VALID	0000	6	 118.5932	 112.0246	   6.5685	 1.000
05/26/2020 05:07:17 - INFO - __main__ -   	Step	VALID	0006	6	 105.7350	  98.9669	   6.7681	 1.000
05/26/2020 05:07:19 - INFO - __main__ -   	Epoch	VALID	30	50	 107.1289	 100.4275	   6.7014	 1.000
05/26/2020 05:07:24 - INFO - __main__ -   	Step	TRAIN	0000	82	  94.5493	  87.2178	   7.3315	 1.000
05/26/2020 05:07:31 - INFO - __main__ -   	Step	TRAIN	0050	82	  97.7809	  90.2120	   7.5688	 1.000
05/26/2020 05:07:36 - INFO - __main__ -   	Step	TRAIN	0082	82	  82.0932	  75.2694	   6.8238	 1.000
05/26/2020 05:07:38 - INFO - __main__ -   	Epoch	TRAIN	31	50	  94.6271	  87.2982	   7.3289	 1.000
05/26/2020 05:07:44 - INFO - __main__ -   	Step	VALID	0000	6	 118.5338	 112.0305	   6.5033	 1.000
05/26/2020 05:07:48 - INFO - __main__ -   	Step	VALID	0006	6	 105.2298	  98.5387	   6.6911	 1.000
05/26/2020 05:07:50 - INFO - __main__ -   	Epoch	VALID	31	50	 107.0618	 100.4087	   6.6531	 1.000
05/26/2020 05:07:54 - INFO - __main__ -   	Step	TRAIN	0000	82	  94.2014	  86.6974	   7.5040	 1.000
05/26/2020 05:08:02 - INFO - __main__ -   	Step	TRAIN	0050	82	  96.8365	  89.3745	   7.4621	 1.000
05/26/2020 05:08:06 - INFO - __main__ -   	Step	TRAIN	0082	82	  93.4943	  86.1254	   7.3689	 1.000
05/26/2020 05:08:08 - INFO - __main__ -   	Epoch	TRAIN	32	50	  94.3700	  86.9549	   7.4151	 1.000
05/26/2020 05:08:14 - INFO - __main__ -   	Step	VALID	0000	6	 118.3541	 111.9894	   6.3647	 1.000
05/26/2020 05:08:18 - INFO - __main__ -   	Step	VALID	0006	6	 105.3135	  98.7561	   6.5574	 1.000
05/26/2020 05:08:20 - INFO - __main__ -   	Epoch	VALID	32	50	 107.0622	 100.5575	   6.5046	 1.000
05/26/2020 05:08:24 - INFO - __main__ -   	Step	TRAIN	0000	82	  94.1552	  86.9967	   7.1586	 1.000
05/26/2020 05:08:32 - INFO - __main__ -   	Step	TRAIN	0050	82	  95.3704	  87.6308	   7.7396	 1.000
05/26/2020 05:08:36 - INFO - __main__ -   	Step	TRAIN	0082	82	  92.6981	  85.1410	   7.5571	 1.000
05/26/2020 05:08:38 - INFO - __main__ -   	Epoch	TRAIN	33	50	  93.9922	  86.5562	   7.4360	 1.000
05/26/2020 05:08:43 - INFO - __main__ -   	Step	VALID	0000	6	 118.6233	 111.9921	   6.6312	 1.000
05/26/2020 05:08:46 - INFO - __main__ -   	Step	VALID	0006	6	 105.3005	  98.4843	   6.8162	 1.000
05/26/2020 05:08:48 - INFO - __main__ -   	Epoch	VALID	33	50	 107.0362	 100.2946	   6.7416	 1.000
05/26/2020 05:08:52 - INFO - __main__ -   	Step	TRAIN	0000	82	  90.9526	  83.5407	   7.4119	 1.000
05/26/2020 05:08:59 - INFO - __main__ -   	Step	TRAIN	0050	82	  94.2531	  86.9315	   7.3216	 1.000
05/26/2020 05:09:04 - INFO - __main__ -   	Step	TRAIN	0082	82	  92.0998	  84.7627	   7.3371	 1.000
05/26/2020 05:09:05 - INFO - __main__ -   	Epoch	TRAIN	34	50	  93.6341	  86.1771	   7.4570	 1.000
05/26/2020 05:09:14 - INFO - __main__ -   	Step	VALID	0000	6	 118.4137	 111.9282	   6.4855	 1.000
05/26/2020 05:09:17 - INFO - __main__ -   	Step	VALID	0006	6	 105.7057	  99.0771	   6.6287	 1.000
05/26/2020 05:09:19 - INFO - __main__ -   	Epoch	VALID	34	50	 107.1423	 100.5646	   6.5777	 1.000
05/26/2020 05:09:22 - INFO - __main__ -   	Step	TRAIN	0000	82	  93.1084	  85.7640	   7.3444	 1.000
05/26/2020 05:09:30 - INFO - __main__ -   	Step	TRAIN	0050	82	  92.4536	  84.9501	   7.5035	 1.000
05/26/2020 05:09:34 - INFO - __main__ -   	Step	TRAIN	0082	82	  97.9671	  90.6309	   7.3362	 1.000
05/26/2020 05:09:36 - INFO - __main__ -   	Epoch	TRAIN	35	50	  93.3520	  85.8537	   7.4983	 1.000
05/26/2020 05:09:43 - INFO - __main__ -   	Step	VALID	0000	6	 118.4900	 111.9044	   6.5856	 1.000
05/26/2020 05:09:47 - INFO - __main__ -   	Step	VALID	0006	6	 105.3043	  98.5729	   6.7314	 1.000
05/26/2020 05:09:49 - INFO - __main__ -   	Epoch	VALID	35	50	 107.0815	 100.4064	   6.6751	 1.000
05/26/2020 05:09:53 - INFO - __main__ -   	Step	TRAIN	0000	82	  94.8049	  87.4217	   7.3833	 1.000
05/26/2020 05:10:01 - INFO - __main__ -   	Step	TRAIN	0050	82	  93.6481	  86.2106	   7.4375	 1.000
05/26/2020 05:10:05 - INFO - __main__ -   	Step	TRAIN	0082	82	 103.1932	  95.1917	   8.0015	 1.000
05/26/2020 05:10:07 - INFO - __main__ -   	Epoch	TRAIN	36	50	  93.0720	  85.5353	   7.5367	 1.000
05/26/2020 05:10:11 - INFO - __main__ -   	Step	VALID	0000	6	 118.5164	 111.8638	   6.6525	 1.000
05/26/2020 05:10:14 - INFO - __main__ -   	Step	VALID	0006	6	 105.3006	  98.4364	   6.8642	 1.000
05/26/2020 05:10:16 - INFO - __main__ -   	Epoch	VALID	36	50	 107.0744	 100.2750	   6.7994	 1.000
05/26/2020 05:10:19 - INFO - __main__ -   	Step	TRAIN	0000	82	  91.0811	  83.4728	   7.6083	 1.000
05/26/2020 05:10:27 - INFO - __main__ -   	Step	TRAIN	0050	82	  92.7827	  85.1375	   7.6452	 1.000
05/26/2020 05:10:31 - INFO - __main__ -   	Step	TRAIN	0082	82	 102.7938	  94.7324	   8.0615	 1.000
05/26/2020 05:10:33 - INFO - __main__ -   	Epoch	TRAIN	37	50	  92.7608	  85.1838	   7.5770	 1.000
05/26/2020 05:10:41 - INFO - __main__ -   	Step	VALID	0000	6	 118.6739	 111.9351	   6.7388	 1.000
05/26/2020 05:10:44 - INFO - __main__ -   	Step	VALID	0006	6	 105.6392	  98.7750	   6.8642	 1.000
05/26/2020 05:10:46 - INFO - __main__ -   	Epoch	VALID	37	50	 107.0351	 100.2328	   6.8023	 1.000
05/26/2020 05:10:49 - INFO - __main__ -   	Step	TRAIN	0000	82	  90.4099	  82.8774	   7.5326	 1.000
05/26/2020 05:10:57 - INFO - __main__ -   	Step	TRAIN	0050	82	  90.5668	  83.1242	   7.4426	 1.000
05/26/2020 05:11:01 - INFO - __main__ -   	Step	TRAIN	0082	82	  87.4851	  80.3808	   7.1043	 1.000
05/26/2020 05:11:03 - INFO - __main__ -   	Epoch	TRAIN	38	50	  92.2984	  84.6912	   7.6071	 1.000
05/26/2020 05:11:10 - INFO - __main__ -   	Step	VALID	0000	6	 118.6407	 111.9117	   6.7291	 1.000
05/26/2020 05:11:13 - INFO - __main__ -   	Step	VALID	0006	6	 105.5420	  98.6764	   6.8656	 1.000
05/26/2020 05:11:15 - INFO - __main__ -   	Epoch	VALID	38	50	 107.0529	 100.2458	   6.8071	 1.000
05/26/2020 05:11:18 - INFO - __main__ -   	Step	TRAIN	0000	82	  90.0783	  82.4522	   7.6261	 1.000
05/26/2020 05:11:26 - INFO - __main__ -   	Step	TRAIN	0050	82	  93.9634	  86.3541	   7.6093	 1.000
05/26/2020 05:11:30 - INFO - __main__ -   	Step	TRAIN	0082	82	 101.7696	  94.1007	   7.6689	 1.000
05/26/2020 05:11:32 - INFO - __main__ -   	Epoch	TRAIN	39	50	  92.1108	  84.4626	   7.6482	 1.000
05/26/2020 05:11:36 - INFO - __main__ -   	Step	VALID	0000	6	 118.6181	 111.9860	   6.6321	 1.000
05/26/2020 05:11:39 - INFO - __main__ -   	Step	VALID	0006	6	 105.6738	  98.8723	   6.8015	 1.000
05/26/2020 05:11:41 - INFO - __main__ -   	Epoch	VALID	39	50	 107.0975	 100.3778	   6.7196	 1.000
05/26/2020 05:11:45 - INFO - __main__ -   	Step	TRAIN	0000	82	  90.7187	  83.1327	   7.5859	 1.000
05/26/2020 05:11:53 - INFO - __main__ -   	Step	TRAIN	0050	82	  93.9816	  86.2160	   7.7656	 1.000
05/26/2020 05:11:57 - INFO - __main__ -   	Step	TRAIN	0082	82	  94.0022	  86.3162	   7.6859	 1.000
05/26/2020 05:11:59 - INFO - __main__ -   	Epoch	TRAIN	40	50	  91.7471	  84.0607	   7.6864	 1.000
05/26/2020 05:12:05 - INFO - __main__ -   	Step	VALID	0000	6	 118.9761	 112.2555	   6.7206	 1.000
05/26/2020 05:12:08 - INFO - __main__ -   	Step	VALID	0006	6	 105.6016	  98.7657	   6.8359	 1.000
05/26/2020 05:12:10 - INFO - __main__ -   	Epoch	VALID	40	50	 107.2262	 100.4654	   6.7609	 1.000
05/26/2020 05:12:14 - INFO - __main__ -   	Step	TRAIN	0000	82	  90.2164	  82.5688	   7.6476	 1.000
05/26/2020 05:12:22 - INFO - __main__ -   	Step	TRAIN	0050	82	  92.8659	  85.1259	   7.7399	 1.000
05/26/2020 05:12:26 - INFO - __main__ -   	Step	TRAIN	0082	82	  96.0109	  87.5518	   8.4591	 1.000
05/26/2020 05:12:27 - INFO - __main__ -   	Epoch	TRAIN	41	50	  91.4776	  83.7822	   7.6954	 1.000
05/26/2020 05:12:32 - INFO - __main__ -   	Step	VALID	0000	6	 118.9233	 112.1639	   6.7594	 1.000
05/26/2020 05:12:35 - INFO - __main__ -   	Step	VALID	0006	6	 105.5207	  98.6113	   6.9094	 1.000
05/26/2020 05:12:37 - INFO - __main__ -   	Epoch	VALID	41	50	 107.2689	 100.4455	   6.8233	 1.000
05/26/2020 05:12:41 - INFO - __main__ -   	Step	TRAIN	0000	82	  91.4108	  83.8589	   7.5519	 1.000
05/26/2020 05:12:49 - INFO - __main__ -   	Step	TRAIN	0050	82	  89.0727	  81.5641	   7.5086	 1.000
05/26/2020 05:12:54 - INFO - __main__ -   	Step	TRAIN	0082	82	  95.5725	  87.5980	   7.9744	 1.000
05/26/2020 05:12:55 - INFO - __main__ -   	Epoch	TRAIN	42	50	  91.1781	  83.4603	   7.7177	 1.000
05/26/2020 05:13:14 - INFO - __main__ -   	Step	VALID	0000	6	 118.8901	 112.2010	   6.6891	 1.000
05/26/2020 05:13:18 - INFO - __main__ -   	Step	VALID	0006	6	 105.7017	  98.8732	   6.8285	 1.000
05/26/2020 05:13:20 - INFO - __main__ -   	Epoch	VALID	42	50	 107.2210	 100.4711	   6.7499	 1.000
05/26/2020 05:13:25 - INFO - __main__ -   	Step	TRAIN	0000	82	  90.8648	  83.1113	   7.7535	 1.000
05/26/2020 05:13:32 - INFO - __main__ -   	Step	TRAIN	0050	82	  90.4472	  82.7913	   7.6558	 1.000
05/26/2020 05:13:37 - INFO - __main__ -   	Step	TRAIN	0082	82	 103.4015	  95.1564	   8.2451	 1.000
05/26/2020 05:13:38 - INFO - __main__ -   	Epoch	TRAIN	43	50	  90.9911	  83.2481	   7.7430	 1.000
05/26/2020 05:14:02 - INFO - __main__ -   	Step	VALID	0000	6	 118.8363	 112.0433	   6.7930	 1.000
05/26/2020 05:14:05 - INFO - __main__ -   	Step	VALID	0006	6	 105.7707	  98.8181	   6.9526	 1.000
05/26/2020 05:14:07 - INFO - __main__ -   	Epoch	VALID	43	50	 107.2501	 100.3999	   6.8502	 1.000
05/26/2020 05:14:11 - INFO - __main__ -   	Step	TRAIN	0000	82	  89.5466	  81.8317	   7.7149	 1.000
05/26/2020 05:14:18 - INFO - __main__ -   	Step	TRAIN	0050	82	  91.5983	  83.9348	   7.6635	 1.000
05/26/2020 05:14:23 - INFO - __main__ -   	Step	TRAIN	0082	82	  84.9097	  77.3176	   7.5921	 1.000
05/26/2020 05:14:24 - INFO - __main__ -   	Epoch	TRAIN	44	50	  90.5584	  82.7852	   7.7732	 1.000
05/26/2020 05:14:29 - INFO - __main__ -   	Step	VALID	0000	6	 119.0702	 112.2182	   6.8520	 1.000
05/26/2020 05:14:33 - INFO - __main__ -   	Step	VALID	0006	6	 105.9289	  98.9650	   6.9640	 1.000
05/26/2020 05:14:34 - INFO - __main__ -   	Epoch	VALID	44	50	 107.3897	 100.4970	   6.8927	 1.000
05/26/2020 05:14:38 - INFO - __main__ -   	Step	TRAIN	0000	82	  88.2138	  80.4654	   7.7484	 1.000
05/26/2020 05:14:46 - INFO - __main__ -   	Step	TRAIN	0050	82	  90.2859	  82.3676	   7.9183	 1.000
05/26/2020 05:14:50 - INFO - __main__ -   	Step	TRAIN	0082	82	  93.0256	  85.0665	   7.9591	 1.000
05/26/2020 05:14:52 - INFO - __main__ -   	Epoch	TRAIN	45	50	  90.3870	  82.5718	   7.8152	 1.000
05/26/2020 05:14:58 - INFO - __main__ -   	Step	VALID	0000	6	 119.0190	 112.1478	   6.8712	 1.000
05/26/2020 05:15:01 - INFO - __main__ -   	Step	VALID	0006	6	 106.1548	  99.1336	   7.0212	 1.000
05/26/2020 05:15:03 - INFO - __main__ -   	Epoch	VALID	45	50	 107.4119	 100.4754	   6.9365	 1.000
05/26/2020 05:15:07 - INFO - __main__ -   	Step	TRAIN	0000	82	  84.2897	  76.7397	   7.5500	 1.000
05/26/2020 05:15:14 - INFO - __main__ -   	Step	TRAIN	0050	82	  93.9164	  85.8349	   8.0815	 1.000
05/26/2020 05:15:19 - INFO - __main__ -   	Step	TRAIN	0082	82	 102.2585	  94.1302	   8.1283	 1.000
05/26/2020 05:15:20 - INFO - __main__ -   	Epoch	TRAIN	46	50	  90.2153	  82.3807	   7.8346	 1.000
05/26/2020 05:15:30 - INFO - __main__ -   	Step	VALID	0000	6	 119.4031	 112.5775	   6.8256	 1.000
05/26/2020 05:15:33 - INFO - __main__ -   	Step	VALID	0006	6	 105.3867	  98.4922	   6.8945	 1.000
05/26/2020 05:15:35 - INFO - __main__ -   	Epoch	VALID	46	50	 107.4341	 100.6009	   6.8332	 1.000
05/26/2020 05:15:39 - INFO - __main__ -   	Step	TRAIN	0000	82	  88.9575	  81.2043	   7.7532	 1.000
05/26/2020 05:15:46 - INFO - __main__ -   	Step	TRAIN	0050	82	  90.4463	  82.5578	   7.8885	 1.000
05/26/2020 05:15:51 - INFO - __main__ -   	Step	TRAIN	0082	82	  96.2409	  87.8395	   8.4013	 1.000
05/26/2020 05:15:53 - INFO - __main__ -   	Epoch	TRAIN	47	50	  89.9356	  82.0729	   7.8627	 1.000
05/26/2020 05:15:57 - INFO - __main__ -   	Step	VALID	0000	6	 119.2089	 112.2833	   6.9256	 1.000
05/26/2020 05:16:00 - INFO - __main__ -   	Step	VALID	0006	6	 105.9446	  98.9094	   7.0353	 1.000
05/26/2020 05:16:02 - INFO - __main__ -   	Epoch	VALID	47	50	 107.4908	 100.5379	   6.9530	 1.000
05/26/2020 05:16:07 - INFO - __main__ -   	Step	TRAIN	0000	82	  90.0789	  82.1090	   7.9698	 1.000
05/26/2020 05:16:14 - INFO - __main__ -   	Step	TRAIN	0050	82	  90.4853	  82.3303	   8.1550	 1.000
05/26/2020 05:16:19 - INFO - __main__ -   	Step	TRAIN	0082	82	  89.8452	  82.3057	   7.5396	 1.000
05/26/2020 05:16:20 - INFO - __main__ -   	Epoch	TRAIN	48	50	  89.5771	  81.7128	   7.8643	 1.000
05/26/2020 05:16:29 - INFO - __main__ -   	Step	VALID	0000	6	 119.3070	 112.4834	   6.8236	 1.000
05/26/2020 05:16:33 - INFO - __main__ -   	Step	VALID	0006	6	 105.7074	  98.7903	   6.9171	 1.000
05/26/2020 05:16:34 - INFO - __main__ -   	Epoch	VALID	48	50	 107.5699	 100.7191	   6.8508	 1.000
05/26/2020 05:16:38 - INFO - __main__ -   	Step	TRAIN	0000	82	  91.8026	  83.9555	   7.8471	 1.000
05/26/2020 05:16:45 - INFO - __main__ -   	Step	TRAIN	0050	82	  91.6236	  83.6715	   7.9520	 1.000
05/26/2020 05:16:50 - INFO - __main__ -   	Step	TRAIN	0082	82	  88.2419	  80.9926	   7.2493	 1.000
05/26/2020 05:16:51 - INFO - __main__ -   	Epoch	TRAIN	49	50	  89.3678	  81.4576	   7.9102	 1.000
05/26/2020 05:16:54 - INFO - __main__ -   	Step	VALID	0000	6	 119.4929	 112.5499	   6.9431	 1.000
05/26/2020 05:16:58 - INFO - __main__ -   	Step	VALID	0006	6	 105.7681	  98.7105	   7.0576	 1.000
05/26/2020 05:16:59 - INFO - __main__ -   	Epoch	VALID	49	50	 107.5264	 100.5503	   6.9761	 1.000
