05/26/2020 03:13:45 - INFO - __main__ -   	Step	TRAIN	0000	82	 215.7549	 215.3710	   0.3839	 1.000
05/26/2020 03:13:52 - INFO - __main__ -   	Step	TRAIN	0050	82	 141.9026	 141.8879	   0.0147	 1.000
05/26/2020 03:13:57 - INFO - __main__ -   	Step	TRAIN	0082	82	 138.0367	 138.0269	   0.0098	 1.000
05/26/2020 03:13:58 - INFO - __main__ -   	Epoch	TRAIN	00	50	 152.8160	 152.7676	   0.0483	 1.000
05/26/2020 03:14:06 - INFO - __main__ -   	Step	VALID	0000	6	 141.4818	 141.4725	   0.0093	 1.000
05/26/2020 03:14:10 - INFO - __main__ -   	Step	VALID	0006	6	 134.4218	 134.4129	   0.0089	 1.000
05/26/2020 03:14:12 - INFO - __main__ -   	Epoch	VALID	00	50	 134.4131	 134.4038	   0.0093	 1.000
05/26/2020 03:14:15 - INFO - __main__ -   	Step	TRAIN	0000	82	 138.1876	 138.1785	   0.0092	 1.000
05/26/2020 03:14:23 - INFO - __main__ -   	Step	TRAIN	0050	82	 130.7231	 130.7163	   0.0068	 1.000
05/26/2020 03:14:27 - INFO - __main__ -   	Step	TRAIN	0082	82	 121.0459	 121.0368	   0.0092	 1.000
05/26/2020 03:14:29 - INFO - __main__ -   	Epoch	TRAIN	01	50	 133.2599	 133.2522	   0.0077	 1.000
05/26/2020 03:14:40 - INFO - __main__ -   	Step	VALID	0000	6	 134.6182	 134.6093	   0.0090	 1.000
05/26/2020 03:14:43 - INFO - __main__ -   	Step	VALID	0006	6	 126.4667	 126.4574	   0.0093	 1.000
05/26/2020 03:14:45 - INFO - __main__ -   	Epoch	VALID	01	50	 126.9342	 126.9244	   0.0098	 1.000
05/26/2020 03:14:49 - INFO - __main__ -   	Step	TRAIN	0000	82	 130.4600	 130.4504	   0.0096	 1.000
05/26/2020 03:14:57 - INFO - __main__ -   	Step	TRAIN	0050	82	 130.5406	 130.5294	   0.0112	 1.000
05/26/2020 03:15:02 - INFO - __main__ -   	Step	TRAIN	0082	82	 120.6165	 120.6027	   0.0138	 1.000
05/26/2020 03:15:03 - INFO - __main__ -   	Epoch	TRAIN	02	50	 127.3139	 127.3028	   0.0110	 1.000
05/26/2020 03:15:11 - INFO - __main__ -   	Step	VALID	0000	6	 130.6693	 130.6544	   0.0149	 1.000
05/26/2020 03:15:15 - INFO - __main__ -   	Step	VALID	0006	6	 122.0430	 122.0271	   0.0158	 1.000
05/26/2020 03:15:17 - INFO - __main__ -   	Epoch	VALID	02	50	 122.6064	 122.5897	   0.0168	 1.000
05/26/2020 03:15:21 - INFO - __main__ -   	Step	TRAIN	0000	82	 127.7784	 127.7624	   0.0160	 1.000
05/26/2020 03:15:28 - INFO - __main__ -   	Step	TRAIN	0050	82	 123.2212	 123.2011	   0.0202	 1.000
05/26/2020 03:15:33 - INFO - __main__ -   	Step	TRAIN	0082	82	 117.5229	 117.4947	   0.0282	 1.000
05/26/2020 03:15:34 - INFO - __main__ -   	Epoch	TRAIN	03	50	 123.3847	 123.3649	   0.0199	 1.000
05/26/2020 03:15:41 - INFO - __main__ -   	Step	VALID	0000	6	 128.2485	 128.2238	   0.0247	 1.000
05/26/2020 03:15:44 - INFO - __main__ -   	Step	VALID	0006	6	 118.9901	 118.9640	   0.0261	 1.000
05/26/2020 03:15:46 - INFO - __main__ -   	Epoch	VALID	03	50	 119.6736	 119.6453	   0.0283	 1.000
05/26/2020 03:15:51 - INFO - __main__ -   	Step	TRAIN	0000	82	 122.4601	 122.4318	   0.0283	 1.000
05/26/2020 03:15:58 - INFO - __main__ -   	Step	TRAIN	0050	82	 121.2266	 121.1943	   0.0323	 1.000
05/26/2020 03:16:03 - INFO - __main__ -   	Step	TRAIN	0082	82	 114.5545	 114.5008	   0.0537	 1.000
05/26/2020 03:16:04 - INFO - __main__ -   	Epoch	TRAIN	04	50	 120.4437	 120.4078	   0.0359	 1.000
05/26/2020 03:16:10 - INFO - __main__ -   	Step	VALID	0000	6	 126.3364	 126.2910	   0.0454	 1.000
05/26/2020 03:16:14 - INFO - __main__ -   	Step	VALID	0006	6	 116.9379	 116.8822	   0.0557	 1.000
05/26/2020 03:16:15 - INFO - __main__ -   	Epoch	VALID	04	50	 117.5835	 117.5253	   0.0582	 1.000
05/26/2020 03:16:20 - INFO - __main__ -   	Step	TRAIN	0000	82	 117.8166	 117.7571	   0.0595	 1.000
05/26/2020 03:16:27 - INFO - __main__ -   	Step	TRAIN	0050	82	 111.9953	 111.9038	   0.0915	 1.000
05/26/2020 03:16:32 - INFO - __main__ -   	Step	TRAIN	0082	82	 122.5352	 122.3486	   0.1866	 1.000
05/26/2020 03:16:33 - INFO - __main__ -   	Epoch	TRAIN	05	50	 118.1753	 118.0850	   0.0903	 1.000
05/26/2020 03:16:36 - INFO - __main__ -   	Step	VALID	0000	6	 125.0916	 124.9361	   0.1554	 1.000
05/26/2020 03:16:39 - INFO - __main__ -   	Step	VALID	0006	6	 115.1891	 115.0757	   0.1135	 1.000
05/26/2020 03:16:41 - INFO - __main__ -   	Epoch	VALID	05	50	 115.9714	 115.8388	   0.1325	 1.000
05/26/2020 03:16:45 - INFO - __main__ -   	Step	TRAIN	0000	82	 114.7709	 114.6126	   0.1583	 1.000
05/26/2020 03:16:53 - INFO - __main__ -   	Step	TRAIN	0050	82	 117.4127	 117.2298	   0.1829	 1.000
05/26/2020 03:16:57 - INFO - __main__ -   	Step	TRAIN	0082	82	 112.8347	 112.5931	   0.2416	 1.000
05/26/2020 03:16:59 - INFO - __main__ -   	Epoch	TRAIN	06	50	 116.0950	 115.9115	   0.1834	 1.000
05/26/2020 03:17:02 - INFO - __main__ -   	Step	VALID	0000	6	 124.0601	 123.8140	   0.2460	 1.000
05/26/2020 03:17:06 - INFO - __main__ -   	Step	VALID	0006	6	 113.7656	 113.5672	   0.1983	 1.000
05/26/2020 03:17:07 - INFO - __main__ -   	Epoch	VALID	06	50	 114.6738	 114.4516	   0.2222	 1.000
05/26/2020 03:17:11 - INFO - __main__ -   	Step	TRAIN	0000	82	 111.3201	 111.0461	   0.2740	 1.000
05/26/2020 03:17:19 - INFO - __main__ -   	Step	TRAIN	0050	82	 112.9864	 112.7406	   0.2458	 1.000
05/26/2020 03:17:24 - INFO - __main__ -   	Step	TRAIN	0082	82	 114.1477	 113.8678	   0.2799	 1.000
05/26/2020 03:17:25 - INFO - __main__ -   	Epoch	TRAIN	07	50	 114.3948	 114.1256	   0.2691	 1.000
05/26/2020 03:17:33 - INFO - __main__ -   	Step	VALID	0000	6	 123.1312	 122.8759	   0.2553	 1.000
05/26/2020 03:17:36 - INFO - __main__ -   	Step	VALID	0006	6	 112.7163	 112.4989	   0.2174	 1.000
05/26/2020 03:17:38 - INFO - __main__ -   	Epoch	VALID	07	50	 113.5868	 113.3481	   0.2387	 1.000
05/26/2020 03:17:42 - INFO - __main__ -   	Step	TRAIN	0000	82	 111.4806	 111.2046	   0.2760	 1.000
05/26/2020 03:17:50 - INFO - __main__ -   	Step	TRAIN	0050	82	 115.2425	 114.8424	   0.4001	 1.000
05/26/2020 03:17:54 - INFO - __main__ -   	Step	TRAIN	0082	82	 107.1212	 106.7984	   0.3227	 1.000
05/26/2020 03:17:56 - INFO - __main__ -   	Epoch	TRAIN	08	50	 112.8105	 112.4816	   0.3289	 1.000
05/26/2020 03:18:02 - INFO - __main__ -   	Step	VALID	0000	6	 122.3074	 122.0042	   0.3032	 1.000
05/26/2020 03:18:05 - INFO - __main__ -   	Step	VALID	0006	6	 111.6351	 111.3330	   0.3020	 1.000
05/26/2020 03:18:07 - INFO - __main__ -   	Epoch	VALID	08	50	 112.5782	 112.2710	   0.3072	 1.000
05/26/2020 03:18:11 - INFO - __main__ -   	Step	TRAIN	0000	82	 109.9870	 109.6488	   0.3382	 1.000
05/26/2020 03:18:18 - INFO - __main__ -   	Step	TRAIN	0050	82	 113.0569	 112.6046	   0.4523	 1.000
05/26/2020 03:18:23 - INFO - __main__ -   	Step	TRAIN	0082	82	 105.5053	 105.0797	   0.4255	 1.000
05/26/2020 03:18:24 - INFO - __main__ -   	Epoch	TRAIN	09	50	 111.4191	 111.0478	   0.3713	 1.000
05/26/2020 03:18:27 - INFO - __main__ -   	Step	VALID	0000	6	 121.7228	 121.3639	   0.3588	 1.000
05/26/2020 03:18:30 - INFO - __main__ -   	Step	VALID	0006	6	 111.0210	 110.7076	   0.3134	 1.000
05/26/2020 03:18:32 - INFO - __main__ -   	Epoch	VALID	09	50	 111.8342	 111.5011	   0.3331	 1.000
05/26/2020 03:18:36 - INFO - __main__ -   	Step	TRAIN	0000	82	 110.2682	 109.8575	   0.4107	 1.000
05/26/2020 03:18:44 - INFO - __main__ -   	Step	TRAIN	0050	82	 109.2236	 108.7622	   0.4614	 1.000
05/26/2020 03:18:48 - INFO - __main__ -   	Step	TRAIN	0082	82	 110.0382	 109.5688	   0.4694	 1.000
05/26/2020 03:18:50 - INFO - __main__ -   	Epoch	TRAIN	10	50	 110.2274	 109.8090	   0.4184	 1.000
05/26/2020 03:18:53 - INFO - __main__ -   	Step	VALID	0000	6	 121.1652	 120.6629	   0.5023	 1.000
05/26/2020 03:18:56 - INFO - __main__ -   	Step	VALID	0006	6	 110.1613	 109.8182	   0.3431	 1.000
05/26/2020 03:18:58 - INFO - __main__ -   	Epoch	VALID	10	50	 111.1639	 110.7795	   0.3844	 1.000
05/26/2020 03:19:02 - INFO - __main__ -   	Step	TRAIN	0000	82	 111.9404	 111.4545	   0.4859	 1.000
05/26/2020 03:19:10 - INFO - __main__ -   	Step	TRAIN	0050	82	 110.4223	 109.9275	   0.4948	 1.000
05/26/2020 03:19:14 - INFO - __main__ -   	Step	TRAIN	0082	82	 100.0514	  99.5702	   0.4812	 1.000
05/26/2020 03:19:16 - INFO - __main__ -   	Epoch	TRAIN	11	50	 108.9742	 108.5016	   0.4726	 1.000
05/26/2020 03:19:23 - INFO - __main__ -   	Step	VALID	0000	6	 120.5558	 120.0993	   0.4566	 1.000
05/26/2020 03:19:27 - INFO - __main__ -   	Step	VALID	0006	6	 109.6105	 109.1906	   0.4198	 1.000
05/26/2020 03:19:28 - INFO - __main__ -   	Epoch	VALID	11	50	 110.5023	 110.0613	   0.4409	 1.000
05/26/2020 03:19:33 - INFO - __main__ -   	Step	TRAIN	0000	82	 111.4273	 110.8834	   0.5439	 1.000
05/26/2020 03:19:40 - INFO - __main__ -   	Step	TRAIN	0050	82	 103.3558	 102.8482	   0.5076	 1.000
05/26/2020 03:19:45 - INFO - __main__ -   	Step	TRAIN	0082	82	 109.4777	 108.8625	   0.6152	 1.000
05/26/2020 03:19:46 - INFO - __main__ -   	Epoch	TRAIN	12	50	 107.9660	 107.4355	   0.5305	 1.000
05/26/2020 03:19:52 - INFO - __main__ -   	Step	VALID	0000	6	 120.2192	 119.7011	   0.5181	 1.000
05/26/2020 03:19:55 - INFO - __main__ -   	Step	VALID	0006	6	 109.0515	 108.5721	   0.4794	 1.000
05/26/2020 03:19:57 - INFO - __main__ -   	Epoch	VALID	12	50	 110.0093	 109.5118	   0.4975	 1.000
05/26/2020 03:20:01 - INFO - __main__ -   	Step	TRAIN	0000	82	 106.5219	 105.9112	   0.6107	 1.000
05/26/2020 03:20:09 - INFO - __main__ -   	Step	TRAIN	0050	82	 105.2124	 104.5532	   0.6592	 1.000
05/26/2020 03:20:13 - INFO - __main__ -   	Step	TRAIN	0082	82	 108.3674	 107.8584	   0.5090	 1.000
05/26/2020 03:20:15 - INFO - __main__ -   	Epoch	TRAIN	13	50	 106.9323	 106.3280	   0.6044	 1.000
05/26/2020 03:20:21 - INFO - __main__ -   	Step	VALID	0000	6	 119.8655	 119.2447	   0.6208	 1.000
05/26/2020 03:20:24 - INFO - __main__ -   	Step	VALID	0006	6	 108.5918	 108.0754	   0.5165	 1.000
05/26/2020 03:20:26 - INFO - __main__ -   	Epoch	VALID	13	50	 109.5157	 108.9749	   0.5408	 1.000
05/26/2020 03:20:30 - INFO - __main__ -   	Step	TRAIN	0000	82	 108.1818	 107.5307	   0.6511	 1.000
05/26/2020 03:20:37 - INFO - __main__ -   	Step	TRAIN	0050	82	 102.4846	 101.8433	   0.6412	 1.000
05/26/2020 03:20:42 - INFO - __main__ -   	Step	TRAIN	0082	82	 106.7055	 106.0477	   0.6578	 1.000
05/26/2020 03:20:43 - INFO - __main__ -   	Epoch	TRAIN	14	50	 105.9185	 105.2452	   0.6733	 1.000
05/26/2020 03:20:48 - INFO - __main__ -   	Step	VALID	0000	6	 119.2821	 118.6242	   0.6580	 1.000
05/26/2020 03:20:51 - INFO - __main__ -   	Step	VALID	0006	6	 108.0018	 107.4316	   0.5702	 1.000
05/26/2020 03:20:53 - INFO - __main__ -   	Epoch	VALID	14	50	 108.9744	 108.3779	   0.5965	 1.000
05/26/2020 03:20:57 - INFO - __main__ -   	Step	TRAIN	0000	82	 107.6711	 106.9951	   0.6760	 1.000
05/26/2020 03:21:04 - INFO - __main__ -   	Step	TRAIN	0050	82	 103.2528	 102.5014	   0.7515	 1.000
05/26/2020 03:21:09 - INFO - __main__ -   	Step	TRAIN	0082	82	 109.4887	 108.8280	   0.6607	 1.000
05/26/2020 03:21:11 - INFO - __main__ -   	Epoch	TRAIN	15	50	 105.0832	 104.3665	   0.7167	 1.000
05/26/2020 03:21:16 - INFO - __main__ -   	Step	VALID	0000	6	 119.1195	 118.3994	   0.7201	 1.000
05/26/2020 03:21:19 - INFO - __main__ -   	Step	VALID	0006	6	 107.6515	 107.0374	   0.6141	 1.000
05/26/2020 03:21:21 - INFO - __main__ -   	Epoch	VALID	15	50	 108.6325	 107.9838	   0.6486	 1.000
05/26/2020 03:21:25 - INFO - __main__ -   	Step	TRAIN	0000	82	 107.9662	 107.2367	   0.7295	 1.000
05/26/2020 03:21:32 - INFO - __main__ -   	Step	TRAIN	0050	82	 106.1706	 105.3537	   0.8169	 1.000
05/26/2020 03:21:37 - INFO - __main__ -   	Step	TRAIN	0082	82	  97.9671	  97.2837	   0.6834	 1.000
05/26/2020 03:21:38 - INFO - __main__ -   	Epoch	TRAIN	16	50	 104.1420	 103.3768	   0.7653	 1.000
05/26/2020 03:21:44 - INFO - __main__ -   	Step	VALID	0000	6	 118.9671	 118.2581	   0.7090	 1.000
05/26/2020 03:21:47 - INFO - __main__ -   	Step	VALID	0006	6	 107.4628	 106.8202	   0.6426	 1.000
05/26/2020 03:21:49 - INFO - __main__ -   	Epoch	VALID	16	50	 108.3598	 107.6806	   0.6792	 1.000
05/26/2020 03:21:54 - INFO - __main__ -   	Step	TRAIN	0000	82	 102.0067	 101.2161	   0.7906	 1.000
05/26/2020 03:22:01 - INFO - __main__ -   	Step	TRAIN	0050	82	 104.7833	 103.9110	   0.8723	 1.000
05/26/2020 03:22:06 - INFO - __main__ -   	Step	TRAIN	0082	82	 113.3991	 112.5367	   0.8625	 1.000
05/26/2020 03:22:07 - INFO - __main__ -   	Epoch	TRAIN	17	50	 103.5313	 102.7205	   0.8108	 1.000
05/26/2020 03:22:10 - INFO - __main__ -   	Step	VALID	0000	6	 118.7641	 117.9514	   0.8128	 1.000
05/26/2020 03:22:13 - INFO - __main__ -   	Step	VALID	0006	6	 107.1436	 106.4041	   0.7395	 1.000
05/26/2020 03:22:15 - INFO - __main__ -   	Epoch	VALID	17	50	 108.0696	 107.3027	   0.7669	 1.000
05/26/2020 03:22:19 - INFO - __main__ -   	Step	TRAIN	0000	82	 103.1222	 102.2280	   0.8942	 1.000
05/26/2020 03:22:26 - INFO - __main__ -   	Step	TRAIN	0050	82	 102.7555	 101.9008	   0.8547	 1.000
05/26/2020 03:22:30 - INFO - __main__ -   	Step	TRAIN	0082	82	 106.6813	 105.8096	   0.8718	 1.000
05/26/2020 03:22:32 - INFO - __main__ -   	Epoch	TRAIN	18	50	 102.7326	 101.8884	   0.8441	 1.000
05/26/2020 03:22:37 - INFO - __main__ -   	Step	VALID	0000	6	 118.6116	 117.8027	   0.8089	 1.000
05/26/2020 03:22:40 - INFO - __main__ -   	Step	VALID	0006	6	 106.8804	 106.1514	   0.7290	 1.000
05/26/2020 03:22:42 - INFO - __main__ -   	Epoch	VALID	18	50	 107.8309	 107.0840	   0.7470	 1.000
05/26/2020 03:22:47 - INFO - __main__ -   	Step	TRAIN	0000	82	 100.1239	  99.3065	   0.8175	 1.000
05/26/2020 03:22:54 - INFO - __main__ -   	Step	TRAIN	0050	82	 100.8484	 100.0136	   0.8348	 1.000
05/26/2020 03:22:59 - INFO - __main__ -   	Step	TRAIN	0082	82	 112.5026	 111.6194	   0.8832	 1.000
05/26/2020 03:23:00 - INFO - __main__ -   	Epoch	TRAIN	19	50	 102.0875	 101.2080	   0.8795	 1.000
05/26/2020 03:23:05 - INFO - __main__ -   	Step	VALID	0000	6	 118.6449	 117.8234	   0.8215	 1.000
05/26/2020 03:23:09 - INFO - __main__ -   	Step	VALID	0006	6	 106.7903	 106.0029	   0.7873	 1.000
05/26/2020 03:23:11 - INFO - __main__ -   	Epoch	VALID	19	50	 107.7251	 106.9331	   0.7920	 1.000
05/26/2020 03:23:15 - INFO - __main__ -   	Step	TRAIN	0000	82	  98.6117	  97.7126	   0.8992	 1.000
05/26/2020 03:23:22 - INFO - __main__ -   	Step	TRAIN	0050	82	  96.1450	  95.2117	   0.9333	 1.000
05/26/2020 03:23:27 - INFO - __main__ -   	Step	TRAIN	0082	82	  94.7756	  93.6553	   1.1203	 1.000
05/26/2020 03:23:29 - INFO - __main__ -   	Epoch	TRAIN	20	50	 101.2489	 100.3324	   0.9165	 1.000
05/26/2020 03:23:33 - INFO - __main__ -   	Step	VALID	0000	6	 118.3386	 117.4946	   0.8440	 1.000
05/26/2020 03:23:37 - INFO - __main__ -   	Step	VALID	0006	6	 106.6510	 105.8656	   0.7854	 1.000
05/26/2020 03:23:39 - INFO - __main__ -   	Epoch	VALID	20	50	 107.4633	 106.6523	   0.8110	 1.000
05/26/2020 03:23:43 - INFO - __main__ -   	Step	TRAIN	0000	82	  99.7583	  98.8493	   0.9090	 1.000
05/26/2020 03:23:50 - INFO - __main__ -   	Step	TRAIN	0050	82	 100.8610	  99.9041	   0.9569	 1.000
05/26/2020 03:23:55 - INFO - __main__ -   	Step	TRAIN	0082	82	 104.1786	 103.1986	   0.9800	 1.000
05/26/2020 03:23:56 - INFO - __main__ -   	Epoch	TRAIN	21	50	 100.7012	  99.7531	   0.9481	 1.000
05/26/2020 03:24:02 - INFO - __main__ -   	Step	VALID	0000	6	 118.1995	 117.3014	   0.8981	 1.000
05/26/2020 03:24:06 - INFO - __main__ -   	Step	VALID	0006	6	 106.2475	 105.4189	   0.8285	 1.000
05/26/2020 03:24:07 - INFO - __main__ -   	Epoch	VALID	21	50	 107.2454	 106.3893	   0.8561	 1.000
05/26/2020 03:24:11 - INFO - __main__ -   	Step	TRAIN	0000	82	  99.4497	  98.4408	   1.0089	 1.000
05/26/2020 03:24:19 - INFO - __main__ -   	Step	TRAIN	0050	82	 104.3363	 103.3494	   0.9869	 1.000
05/26/2020 03:24:24 - INFO - __main__ -   	Step	TRAIN	0082	82	  98.9950	  97.9727	   1.0223	 1.000
05/26/2020 03:24:25 - INFO - __main__ -   	Epoch	TRAIN	22	50	 100.0586	  99.0727	   0.9859	 1.000
05/26/2020 03:24:33 - INFO - __main__ -   	Step	VALID	0000	6	 118.1801	 117.2739	   0.9062	 1.000
05/26/2020 03:24:37 - INFO - __main__ -   	Step	VALID	0006	6	 106.1941	 105.3084	   0.8858	 1.000
05/26/2020 03:24:38 - INFO - __main__ -   	Epoch	VALID	22	50	 107.1577	 106.2726	   0.8850	 1.000
05/26/2020 03:24:43 - INFO - __main__ -   	Step	TRAIN	0000	82	 100.6606	  99.6464	   1.0142	 1.000
05/26/2020 03:24:50 - INFO - __main__ -   	Step	TRAIN	0050	82	 102.3301	 101.3395	   0.9906	 1.000
05/26/2020 03:24:55 - INFO - __main__ -   	Step	TRAIN	0082	82	  94.4969	  93.4892	   1.0077	 1.000
05/26/2020 03:24:56 - INFO - __main__ -   	Epoch	TRAIN	23	50	  99.4369	  98.4235	   1.0133	 1.000
05/26/2020 03:24:59 - INFO - __main__ -   	Step	VALID	0000	6	 118.1393	 117.2055	   0.9338	 1.000
05/26/2020 03:25:03 - INFO - __main__ -   	Step	VALID	0006	6	 106.0668	 105.1545	   0.9123	 1.000
05/26/2020 03:25:05 - INFO - __main__ -   	Epoch	VALID	23	50	 107.0565	 106.1401	   0.9164	 1.000
05/26/2020 03:25:09 - INFO - __main__ -   	Step	TRAIN	0000	82	  97.5632	  96.5713	   0.9919	 1.000
05/26/2020 03:25:16 - INFO - __main__ -   	Step	TRAIN	0050	82	  97.9538	  96.8797	   1.0741	 1.000
05/26/2020 03:25:21 - INFO - __main__ -   	Step	TRAIN	0082	82	 104.1129	 102.9538	   1.1591	 1.000
05/26/2020 03:25:22 - INFO - __main__ -   	Epoch	TRAIN	24	50	  98.9796	  97.9255	   1.0542	 1.000
05/26/2020 03:25:26 - INFO - __main__ -   	Step	VALID	0000	6	 118.2708	 117.2871	   0.9837	 1.000
05/26/2020 03:25:29 - INFO - __main__ -   	Step	VALID	0006	6	 106.1915	 105.2630	   0.9286	 1.000
05/26/2020 03:25:31 - INFO - __main__ -   	Epoch	VALID	24	50	 106.9827	 106.0470	   0.9357	 1.000
05/26/2020 03:25:35 - INFO - __main__ -   	Step	TRAIN	0000	82	  97.1120	  96.0270	   1.0850	 1.000
05/26/2020 03:25:43 - INFO - __main__ -   	Step	TRAIN	0050	82	  98.7234	  97.6527	   1.0707	 1.000
05/26/2020 03:25:48 - INFO - __main__ -   	Step	TRAIN	0082	82	 109.1168	 107.9794	   1.1375	 1.000
05/26/2020 03:25:49 - INFO - __main__ -   	Epoch	TRAIN	25	50	  98.4753	  97.3972	   1.0782	 1.000
05/26/2020 03:25:53 - INFO - __main__ -   	Step	VALID	0000	6	 118.1340	 117.1047	   1.0293	 1.000
05/26/2020 03:25:57 - INFO - __main__ -   	Step	VALID	0006	6	 106.0915	 105.1136	   0.9779	 1.000
05/26/2020 03:25:58 - INFO - __main__ -   	Epoch	VALID	25	50	 106.9729	 105.9833	   0.9896	 1.000
05/26/2020 03:26:02 - INFO - __main__ -   	Step	TRAIN	0000	82	  99.7819	  98.6842	   1.0977	 1.000
05/26/2020 03:26:09 - INFO - __main__ -   	Step	TRAIN	0050	82	  99.5212	  98.4298	   1.0914	 1.000
05/26/2020 03:26:14 - INFO - __main__ -   	Step	TRAIN	0082	82	 101.8615	 100.7385	   1.1230	 1.000
05/26/2020 03:26:15 - INFO - __main__ -   	Epoch	TRAIN	26	50	  97.9166	  96.8041	   1.1125	 1.000
05/26/2020 03:26:23 - INFO - __main__ -   	Step	VALID	0000	6	 118.0127	 116.9672	   1.0455	 1.000
05/26/2020 03:26:26 - INFO - __main__ -   	Step	VALID	0006	6	 105.9432	 104.9054	   1.0378	 1.000
05/26/2020 03:26:28 - INFO - __main__ -   	Epoch	VALID	26	50	 106.8186	 105.7846	   1.0339	 1.000
05/26/2020 03:26:31 - INFO - __main__ -   	Step	TRAIN	0000	82	  96.3242	  95.1809	   1.1433	 1.000
05/26/2020 03:26:39 - INFO - __main__ -   	Step	TRAIN	0050	82	  93.9383	  92.8496	   1.0887	 1.000
05/26/2020 03:26:43 - INFO - __main__ -   	Step	TRAIN	0082	82	  96.3033	  95.1756	   1.1277	 1.000
05/26/2020 03:26:45 - INFO - __main__ -   	Epoch	TRAIN	27	50	  97.3676	  96.2144	   1.1531	 1.000
05/26/2020 03:26:49 - INFO - __main__ -   	Step	VALID	0000	6	 118.1634	 117.1611	   1.0023	 1.000
05/26/2020 03:26:53 - INFO - __main__ -   	Step	VALID	0006	6	 105.9499	 104.9393	   1.0106	 1.000
05/26/2020 03:26:55 - INFO - __main__ -   	Epoch	VALID	27	50	 106.7843	 105.7832	   1.0011	 1.000
05/26/2020 03:26:59 - INFO - __main__ -   	Step	TRAIN	0000	82	  98.6263	  97.4762	   1.1501	 1.000
05/26/2020 03:27:07 - INFO - __main__ -   	Step	TRAIN	0050	82	  99.7075	  98.4888	   1.2187	 1.000
05/26/2020 03:27:11 - INFO - __main__ -   	Step	TRAIN	0082	82	 102.7521	 101.5701	   1.1820	 1.000
05/26/2020 03:27:13 - INFO - __main__ -   	Epoch	TRAIN	28	50	  96.9547	  95.7655	   1.1892	 1.000
05/26/2020 03:27:19 - INFO - __main__ -   	Step	VALID	0000	6	 118.1667	 117.1117	   1.0550	 1.000
05/26/2020 03:27:22 - INFO - __main__ -   	Step	VALID	0006	6	 105.8448	 104.7589	   1.0859	 1.000
05/26/2020 03:27:24 - INFO - __main__ -   	Epoch	VALID	28	50	 106.7382	 105.6588	   1.0793	 1.000
05/26/2020 03:27:29 - INFO - __main__ -   	Step	TRAIN	0000	82	  96.7103	  95.4862	   1.2241	 1.000
05/26/2020 03:27:37 - INFO - __main__ -   	Step	TRAIN	0050	82	  98.6000	  97.4187	   1.1813	 1.000
05/26/2020 03:27:41 - INFO - __main__ -   	Step	TRAIN	0082	82	  94.2476	  93.0149	   1.2327	 1.000
05/26/2020 03:27:43 - INFO - __main__ -   	Epoch	TRAIN	29	50	  96.4376	  95.2102	   1.2273	 1.000
05/26/2020 03:27:46 - INFO - __main__ -   	Step	VALID	0000	6	 118.1560	 117.0820	   1.0740	 1.000
05/26/2020 03:27:50 - INFO - __main__ -   	Step	VALID	0006	6	 105.9125	 104.8665	   1.0461	 1.000
05/26/2020 03:27:51 - INFO - __main__ -   	Epoch	VALID	29	50	 106.7358	 105.6885	   1.0473	 1.000
05/26/2020 03:27:56 - INFO - __main__ -   	Step	TRAIN	0000	82	  98.5455	  97.2769	   1.2687	 1.000
05/26/2020 03:28:03 - INFO - __main__ -   	Step	TRAIN	0050	82	  97.5660	  96.2965	   1.2696	 1.000
05/26/2020 03:28:08 - INFO - __main__ -   	Step	TRAIN	0082	82	 105.9650	 104.5672	   1.3978	 1.000
05/26/2020 03:28:09 - INFO - __main__ -   	Epoch	TRAIN	30	50	  96.0669	  94.8182	   1.2486	 1.000
05/26/2020 03:28:13 - INFO - __main__ -   	Step	VALID	0000	6	 118.2060	 117.1008	   1.1052	 1.000
05/26/2020 03:28:16 - INFO - __main__ -   	Step	VALID	0006	6	 105.6751	 104.5467	   1.1284	 1.000
05/26/2020 03:28:18 - INFO - __main__ -   	Epoch	VALID	30	50	 106.6585	 105.5370	   1.1215	 1.000
05/26/2020 03:28:22 - INFO - __main__ -   	Step	TRAIN	0000	82	  97.8003	  96.5065	   1.2938	 1.000
05/26/2020 03:28:30 - INFO - __main__ -   	Step	TRAIN	0050	82	  97.6389	  96.3023	   1.3366	 1.000
05/26/2020 03:28:34 - INFO - __main__ -   	Step	TRAIN	0082	82	  94.5445	  93.2679	   1.2766	 1.000
05/26/2020 03:28:36 - INFO - __main__ -   	Epoch	TRAIN	31	50	  95.5385	  94.2430	   1.2955	 1.000
05/26/2020 03:28:45 - INFO - __main__ -   	Step	VALID	0000	6	 118.2286	 117.0904	   1.1382	 1.000
05/26/2020 03:28:48 - INFO - __main__ -   	Step	VALID	0006	6	 105.7237	 104.6163	   1.1074	 1.000
05/26/2020 03:28:50 - INFO - __main__ -   	Epoch	VALID	31	50	 106.6815	 105.5766	   1.1049	 1.000
05/26/2020 03:28:54 - INFO - __main__ -   	Step	TRAIN	0000	82	  93.7987	  92.5276	   1.2711	 1.000
05/26/2020 03:29:01 - INFO - __main__ -   	Step	TRAIN	0050	82	  94.5152	  93.1353	   1.3798	 1.000
05/26/2020 03:29:06 - INFO - __main__ -   	Step	TRAIN	0082	82	  89.6728	  88.2868	   1.3860	 1.000
05/26/2020 03:29:07 - INFO - __main__ -   	Epoch	TRAIN	32	50	  95.0560	  93.7246	   1.3314	 1.000
05/26/2020 03:29:11 - INFO - __main__ -   	Step	VALID	0000	6	 118.3363	 117.1551	   1.1813	 1.000
05/26/2020 03:29:15 - INFO - __main__ -   	Step	VALID	0006	6	 105.8911	 104.6817	   1.2093	 1.000
05/26/2020 03:29:16 - INFO - __main__ -   	Epoch	VALID	32	50	 106.6823	 105.4874	   1.1949	 1.000
05/26/2020 03:29:20 - INFO - __main__ -   	Step	TRAIN	0000	82	  91.9236	  90.5608	   1.3628	 1.000
05/26/2020 03:29:28 - INFO - __main__ -   	Step	TRAIN	0050	82	  95.6922	  94.2427	   1.4496	 1.000
05/26/2020 03:29:32 - INFO - __main__ -   	Step	TRAIN	0082	82	  95.3043	  94.0104	   1.2940	 1.000
05/26/2020 03:29:34 - INFO - __main__ -   	Epoch	TRAIN	33	50	  94.6979	  93.3288	   1.3691	 1.000
05/26/2020 03:29:39 - INFO - __main__ -   	Step	VALID	0000	6	 118.1057	 116.9150	   1.1907	 1.000
05/26/2020 03:29:42 - INFO - __main__ -   	Step	VALID	0006	6	 105.6252	 104.4295	   1.1956	 1.000
05/26/2020 03:29:44 - INFO - __main__ -   	Epoch	VALID	33	50	 106.6057	 105.4217	   1.1839	 1.000
05/26/2020 03:29:48 - INFO - __main__ -   	Step	TRAIN	0000	82	  93.7241	  92.3749	   1.3492	 1.000
05/26/2020 03:29:55 - INFO - __main__ -   	Step	TRAIN	0050	82	  93.3325	  91.9430	   1.3895	 1.000
05/26/2020 03:30:00 - INFO - __main__ -   	Step	TRAIN	0082	82	  97.5371	  96.1233	   1.4138	 1.000
05/26/2020 03:30:01 - INFO - __main__ -   	Epoch	TRAIN	34	50	  94.3824	  92.9621	   1.4203	 1.000
05/26/2020 03:30:05 - INFO - __main__ -   	Step	VALID	0000	6	 118.4250	 117.1223	   1.3027	 1.000
05/26/2020 03:30:08 - INFO - __main__ -   	Step	VALID	0006	6	 105.7305	 104.4226	   1.3079	 1.000
05/26/2020 03:30:10 - INFO - __main__ -   	Epoch	VALID	34	50	 106.6871	 105.3895	   1.2976	 1.000
05/26/2020 03:30:16 - INFO - __main__ -   	Step	TRAIN	0000	82	  90.5956	  89.1381	   1.4574	 1.000
05/26/2020 03:30:24 - INFO - __main__ -   	Step	TRAIN	0050	82	  93.6540	  92.2551	   1.3989	 1.000
05/26/2020 03:30:28 - INFO - __main__ -   	Step	TRAIN	0082	82	  87.4809	  86.0626	   1.4184	 1.000
05/26/2020 03:30:30 - INFO - __main__ -   	Epoch	TRAIN	35	50	  93.8577	  92.3879	   1.4697	 1.000
05/26/2020 03:30:47 - INFO - __main__ -   	Step	VALID	0000	6	 118.4382	 117.1115	   1.3267	 1.000
05/26/2020 03:30:50 - INFO - __main__ -   	Step	VALID	0006	6	 105.5709	 104.2333	   1.3375	 1.000
05/26/2020 03:30:52 - INFO - __main__ -   	Epoch	VALID	35	50	 106.6864	 105.3695	   1.3168	 1.000
05/26/2020 03:30:55 - INFO - __main__ -   	Step	TRAIN	0000	82	  93.0210	  91.4760	   1.5450	 1.000
05/26/2020 03:31:02 - INFO - __main__ -   	Step	TRAIN	0050	82	  91.5453	  90.0324	   1.5129	 1.000
05/26/2020 03:31:07 - INFO - __main__ -   	Step	TRAIN	0082	82	  97.8209	  96.1315	   1.6894	 1.000
05/26/2020 03:31:09 - INFO - __main__ -   	Epoch	TRAIN	36	50	  93.5963	  92.0709	   1.5254	 1.000
05/26/2020 03:31:14 - INFO - __main__ -   	Step	VALID	0000	6	 118.4523	 117.1415	   1.3108	 1.000
05/26/2020 03:31:18 - INFO - __main__ -   	Step	VALID	0006	6	 105.5838	 104.2740	   1.3098	 1.000
05/26/2020 03:31:19 - INFO - __main__ -   	Epoch	VALID	36	50	 106.6384	 105.3349	   1.3035	 1.000
05/26/2020 03:31:24 - INFO - __main__ -   	Step	TRAIN	0000	82	  93.3943	  91.8884	   1.5059	 1.000
05/26/2020 03:31:31 - INFO - __main__ -   	Step	TRAIN	0050	82	  93.9310	  92.3256	   1.6054	 1.000
05/26/2020 03:31:36 - INFO - __main__ -   	Step	TRAIN	0082	82	 105.7436	 104.1277	   1.6160	 1.000
05/26/2020 03:31:37 - INFO - __main__ -   	Epoch	TRAIN	37	50	  93.3325	  91.7724	   1.5600	 1.000
05/26/2020 03:31:46 - INFO - __main__ -   	Step	VALID	0000	6	 118.4267	 117.0518	   1.3749	 1.000
05/26/2020 03:31:50 - INFO - __main__ -   	Step	VALID	0006	6	 105.5305	 104.1340	   1.3965	 1.000
05/26/2020 03:31:51 - INFO - __main__ -   	Epoch	VALID	37	50	 106.6107	 105.2415	   1.3692	 1.000
05/26/2020 03:31:56 - INFO - __main__ -   	Step	TRAIN	0000	82	  90.6718	  89.1542	   1.5176	 1.000
05/26/2020 03:32:04 - INFO - __main__ -   	Step	TRAIN	0050	82	  91.1828	  89.7034	   1.4794	 1.000
05/26/2020 03:32:08 - INFO - __main__ -   	Step	TRAIN	0082	82	  82.6262	  80.9963	   1.6298	 1.000
05/26/2020 03:32:10 - INFO - __main__ -   	Epoch	TRAIN	38	50	  92.7226	  91.1255	   1.5971	 1.000
05/26/2020 03:32:18 - INFO - __main__ -   	Step	VALID	0000	6	 118.4759	 117.0285	   1.4474	 1.000
05/26/2020 03:32:21 - INFO - __main__ -   	Step	VALID	0006	6	 105.5415	 104.0777	   1.4638	 1.000
05/26/2020 03:32:23 - INFO - __main__ -   	Epoch	VALID	38	50	 106.6309	 105.1946	   1.4363	 1.000
05/26/2020 03:32:27 - INFO - __main__ -   	Step	TRAIN	0000	82	  89.4498	  87.8387	   1.6111	 1.000
05/26/2020 03:32:34 - INFO - __main__ -   	Step	TRAIN	0050	82	  86.9951	  85.4254	   1.5697	 1.000
05/26/2020 03:32:39 - INFO - __main__ -   	Step	TRAIN	0082	82	  93.4419	  91.8338	   1.6081	 1.000
05/26/2020 03:32:40 - INFO - __main__ -   	Epoch	TRAIN	39	50	  92.4636	  90.8295	   1.6342	 1.000
05/26/2020 03:32:44 - INFO - __main__ -   	Step	VALID	0000	6	 118.5628	 117.1336	   1.4292	 1.000
05/26/2020 03:32:47 - INFO - __main__ -   	Step	VALID	0006	6	 105.7138	 104.2695	   1.4443	 1.000
05/26/2020 03:32:49 - INFO - __main__ -   	Epoch	VALID	39	50	 106.6933	 105.2843	   1.4090	 1.000
05/26/2020 03:32:53 - INFO - __main__ -   	Step	TRAIN	0000	82	  90.3849	  88.6951	   1.6898	 1.000
05/26/2020 03:33:01 - INFO - __main__ -   	Step	TRAIN	0050	82	  90.0951	  88.4089	   1.6862	 1.000
05/26/2020 03:33:05 - INFO - __main__ -   	Step	TRAIN	0082	82	  96.6774	  94.8160	   1.8614	 1.000
05/26/2020 03:33:07 - INFO - __main__ -   	Epoch	TRAIN	40	50	  92.1872	  90.5151	   1.6721	 1.000
05/26/2020 03:33:10 - INFO - __main__ -   	Step	VALID	0000	6	 118.5643	 117.1155	   1.4488	 1.000
05/26/2020 03:33:13 - INFO - __main__ -   	Step	VALID	0006	6	 105.6610	 104.1672	   1.4937	 1.000
05/26/2020 03:33:15 - INFO - __main__ -   	Epoch	VALID	40	50	 106.7321	 105.2810	   1.4511	 1.000
05/26/2020 03:33:19 - INFO - __main__ -   	Step	TRAIN	0000	82	  91.5658	  89.8765	   1.6892	 1.000
05/26/2020 03:33:26 - INFO - __main__ -   	Step	TRAIN	0050	82	  93.7234	  91.9635	   1.7600	 1.000
05/26/2020 03:33:31 - INFO - __main__ -   	Step	TRAIN	0082	82	  89.6009	  87.9175	   1.6834	 1.000
05/26/2020 03:33:32 - INFO - __main__ -   	Epoch	TRAIN	41	50	  91.7902	  90.0928	   1.6974	 1.000
05/26/2020 03:33:40 - INFO - __main__ -   	Step	VALID	0000	6	 118.7498	 117.2289	   1.5209	 1.000
05/26/2020 03:33:44 - INFO - __main__ -   	Step	VALID	0006	6	 105.7340	 104.2166	   1.5175	 1.000
05/26/2020 03:33:45 - INFO - __main__ -   	Epoch	VALID	41	50	 106.8046	 105.3126	   1.4921	 1.000
05/26/2020 03:33:49 - INFO - __main__ -   	Step	TRAIN	0000	82	  87.4846	  85.7833	   1.7013	 1.000
05/26/2020 03:33:57 - INFO - __main__ -   	Step	TRAIN	0050	82	  94.4264	  92.6006	   1.8258	 1.000
05/26/2020 03:34:01 - INFO - __main__ -   	Step	TRAIN	0082	82	  89.2272	  87.4669	   1.7602	 1.000
05/26/2020 03:34:03 - INFO - __main__ -   	Epoch	TRAIN	42	50	  91.4813	  89.7474	   1.7338	 1.000
05/26/2020 03:34:10 - INFO - __main__ -   	Step	VALID	0000	6	 118.7900	 117.2631	   1.5270	 1.000
05/26/2020 03:34:14 - INFO - __main__ -   	Step	VALID	0006	6	 105.7695	 104.2399	   1.5296	 1.000
05/26/2020 03:34:15 - INFO - __main__ -   	Epoch	VALID	42	50	 106.8065	 105.3095	   1.4970	 1.000
05/26/2020 03:34:19 - INFO - __main__ -   	Step	TRAIN	0000	82	  92.7554	  91.0426	   1.7129	 1.000
05/26/2020 03:34:27 - INFO - __main__ -   	Step	TRAIN	0050	82	  92.7038	  90.9638	   1.7400	 1.000
05/26/2020 03:34:31 - INFO - __main__ -   	Step	TRAIN	0082	82	  82.8024	  81.0312	   1.7712	 1.000
05/26/2020 03:34:33 - INFO - __main__ -   	Epoch	TRAIN	43	50	  91.1064	  89.3489	   1.7574	 1.000
05/26/2020 03:34:40 - INFO - __main__ -   	Step	VALID	0000	6	 118.9372	 117.3639	   1.5733	 1.000
05/26/2020 03:34:44 - INFO - __main__ -   	Step	VALID	0006	6	 105.6823	 104.1031	   1.5792	 1.000
05/26/2020 03:34:46 - INFO - __main__ -   	Epoch	VALID	43	50	 106.8318	 105.2762	   1.5557	 1.000
05/26/2020 03:34:50 - INFO - __main__ -   	Step	TRAIN	0000	82	  89.1742	  87.3653	   1.8089	 1.000
05/26/2020 03:34:57 - INFO - __main__ -   	Step	TRAIN	0050	82	  90.0344	  88.2329	   1.8014	 1.000
05/26/2020 03:35:02 - INFO - __main__ -   	Step	TRAIN	0082	82	  90.8607	  89.0554	   1.8053	 1.000
05/26/2020 03:35:03 - INFO - __main__ -   	Epoch	TRAIN	44	50	  90.9021	  89.1253	   1.7768	 1.000
05/26/2020 03:35:10 - INFO - __main__ -   	Step	VALID	0000	6	 119.0683	 117.5124	   1.5559	 1.000
05/26/2020 03:35:13 - INFO - __main__ -   	Step	VALID	0006	6	 105.7530	 104.1627	   1.5902	 1.000
05/26/2020 03:35:15 - INFO - __main__ -   	Epoch	VALID	44	50	 106.8969	 105.3469	   1.5500	 1.000
05/26/2020 03:35:19 - INFO - __main__ -   	Step	TRAIN	0000	82	  91.7128	  89.9134	   1.7995	 1.000
05/26/2020 03:35:26 - INFO - __main__ -   	Step	TRAIN	0050	82	  92.5318	  90.7382	   1.7936	 1.000
05/26/2020 03:35:31 - INFO - __main__ -   	Step	TRAIN	0082	82	  93.8553	  92.0113	   1.8439	 1.000
05/26/2020 03:35:32 - INFO - __main__ -   	Epoch	TRAIN	45	50	  90.6352	  88.8354	   1.7998	 1.000
05/26/2020 03:35:36 - INFO - __main__ -   	Step	VALID	0000	6	 119.2181	 117.6196	   1.5986	 1.000
05/26/2020 03:35:40 - INFO - __main__ -   	Step	VALID	0006	6	 105.7230	 104.1101	   1.6129	 1.000
05/26/2020 03:35:41 - INFO - __main__ -   	Epoch	VALID	45	50	 106.9569	 105.3738	   1.5830	 1.000
05/26/2020 03:35:46 - INFO - __main__ -   	Step	TRAIN	0000	82	  88.9976	  87.2602	   1.7374	 1.000
05/26/2020 03:35:53 - INFO - __main__ -   	Step	TRAIN	0050	82	  90.6200	  88.7584	   1.8616	 1.000
05/26/2020 03:35:58 - INFO - __main__ -   	Step	TRAIN	0082	82	  91.7031	  90.0638	   1.6393	 1.000
05/26/2020 03:35:59 - INFO - __main__ -   	Epoch	TRAIN	46	50	  90.3414	  88.5160	   1.8254	 1.000
05/26/2020 03:36:10 - INFO - __main__ -   	Step	VALID	0000	6	 119.2322	 117.5927	   1.6396	 1.000
05/26/2020 03:36:14 - INFO - __main__ -   	Step	VALID	0006	6	 105.8191	 104.1989	   1.6202	 1.000
05/26/2020 03:36:16 - INFO - __main__ -   	Epoch	VALID	46	50	 107.0080	 105.4167	   1.5913	 1.000
05/26/2020 03:36:20 - INFO - __main__ -   	Step	TRAIN	0000	82	  86.8268	  85.0529	   1.7739	 1.000
05/26/2020 03:36:27 - INFO - __main__ -   	Step	TRAIN	0050	82	  89.4729	  87.6605	   1.8124	 1.000
05/26/2020 03:36:32 - INFO - __main__ -   	Step	TRAIN	0082	82	  84.9908	  83.1673	   1.8235	 1.000
05/26/2020 03:36:34 - INFO - __main__ -   	Epoch	TRAIN	47	50	  89.9816	  88.1399	   1.8417	 1.000
05/26/2020 03:36:40 - INFO - __main__ -   	Step	VALID	0000	6	 119.2181	 117.5387	   1.6793	 1.000
05/26/2020 03:36:43 - INFO - __main__ -   	Step	VALID	0006	6	 105.7755	 104.1279	   1.6476	 1.000
05/26/2020 03:36:45 - INFO - __main__ -   	Epoch	VALID	47	50	 106.9952	 105.3804	   1.6148	 1.000
05/26/2020 03:36:48 - INFO - __main__ -   	Step	TRAIN	0000	82	  86.6574	  84.7950	   1.8623	 1.000
05/26/2020 03:36:56 - INFO - __main__ -   	Step	TRAIN	0050	82	  90.3924	  88.4952	   1.8972	 1.000
05/26/2020 03:37:01 - INFO - __main__ -   	Step	TRAIN	0082	82	  87.5842	  85.7585	   1.8257	 1.000
05/26/2020 03:37:02 - INFO - __main__ -   	Epoch	TRAIN	48	50	  89.7427	  87.8900	   1.8526	 1.000
05/26/2020 03:37:10 - INFO - __main__ -   	Step	VALID	0000	6	 119.3303	 117.6695	   1.6608	 1.000
05/26/2020 03:37:13 - INFO - __main__ -   	Step	VALID	0006	6	 105.8945	 104.2398	   1.6547	 1.000
05/26/2020 03:37:15 - INFO - __main__ -   	Epoch	VALID	48	50	 107.1006	 105.4872	   1.6134	 1.000
05/26/2020 03:37:19 - INFO - __main__ -   	Step	TRAIN	0000	82	  87.2432	  85.4285	   1.8147	 1.000
05/26/2020 03:37:27 - INFO - __main__ -   	Step	TRAIN	0050	82	  88.8425	  86.9874	   1.8551	 1.000
05/26/2020 03:37:32 - INFO - __main__ -   	Step	TRAIN	0082	82	  89.9511	  87.9963	   1.9548	 1.000
05/26/2020 03:37:33 - INFO - __main__ -   	Epoch	TRAIN	49	50	  89.4982	  87.6157	   1.8824	 1.000
05/26/2020 03:37:40 - INFO - __main__ -   	Step	VALID	0000	6	 119.4438	 117.7559	   1.6879	 1.000
05/26/2020 03:37:43 - INFO - __main__ -   	Step	VALID	0006	6	 106.0829	 104.4317	   1.6511	 1.000
05/26/2020 03:37:45 - INFO - __main__ -   	Epoch	VALID	49	50	 107.1896	 105.5638	   1.6259	 1.000
