05/26/2020 03:37:59 - INFO - __main__ -   	Step	TRAIN	0000	82	 210.2050	 209.4532	   0.3759	 2.000
05/26/2020 03:38:06 - INFO - __main__ -   	Step	TRAIN	0050	82	 141.5488	 141.5265	   0.0112	 2.000
05/26/2020 03:38:11 - INFO - __main__ -   	Step	TRAIN	0082	82	 143.2465	 143.2342	   0.0061	 2.000
05/26/2020 03:38:12 - INFO - __main__ -   	Epoch	TRAIN	00	50	 152.6527	 152.5659	   0.0434	 2.000
05/26/2020 03:38:15 - INFO - __main__ -   	Step	VALID	0000	6	 141.8265	 141.8198	   0.0067	 2.000
05/26/2020 03:38:19 - INFO - __main__ -   	Step	VALID	0006	6	 134.8567	 134.8503	   0.0064	 2.000
05/26/2020 03:38:20 - INFO - __main__ -   	Epoch	VALID	00	50	 134.8101	 134.8037	   0.0065	 2.000
05/26/2020 03:38:25 - INFO - __main__ -   	Step	TRAIN	0000	82	 138.4544	 138.4423	   0.0060	 2.000
05/26/2020 03:38:32 - INFO - __main__ -   	Step	TRAIN	0050	82	 134.3568	 134.3484	   0.0042	 2.000
05/26/2020 03:38:37 - INFO - __main__ -   	Step	TRAIN	0082	82	 135.3982	 135.3922	   0.0030	 2.000
05/26/2020 03:38:38 - INFO - __main__ -   	Epoch	TRAIN	01	50	 133.8064	 133.7976	   0.0044	 2.000
05/26/2020 03:38:41 - INFO - __main__ -   	Step	VALID	0000	6	 134.9009	 134.8971	   0.0038	 2.000
05/26/2020 03:38:44 - INFO - __main__ -   	Step	VALID	0006	6	 126.8754	 126.8717	   0.0037	 2.000
05/26/2020 03:38:46 - INFO - __main__ -   	Epoch	VALID	01	50	 127.2919	 127.2882	   0.0037	 2.000
05/26/2020 03:38:50 - INFO - __main__ -   	Step	TRAIN	0000	82	 130.8601	 130.8529	   0.0036	 2.000
05/26/2020 03:38:57 - INFO - __main__ -   	Step	TRAIN	0050	82	 128.2049	 128.1991	   0.0029	 2.000
05/26/2020 03:39:02 - INFO - __main__ -   	Step	TRAIN	0082	82	 129.8058	 129.8000	   0.0029	 2.000
05/26/2020 03:39:03 - INFO - __main__ -   	Epoch	TRAIN	02	50	 127.8782	 127.8725	   0.0029	 2.000
05/26/2020 03:39:14 - INFO - __main__ -   	Step	VALID	0000	6	 131.1998	 131.1961	   0.0037	 2.000
05/26/2020 03:39:17 - INFO - __main__ -   	Step	VALID	0006	6	 122.3583	 122.3545	   0.0038	 2.000
05/26/2020 03:39:19 - INFO - __main__ -   	Epoch	VALID	02	50	 122.9973	 122.9934	   0.0039	 2.000
05/26/2020 03:39:23 - INFO - __main__ -   	Step	TRAIN	0000	82	 123.7962	 123.7884	   0.0039	 2.000
05/26/2020 03:39:30 - INFO - __main__ -   	Step	TRAIN	0050	82	 125.8478	 125.8416	   0.0031	 2.000
05/26/2020 03:39:35 - INFO - __main__ -   	Step	TRAIN	0082	82	 114.2401	 114.2340	   0.0030	 2.000
05/26/2020 03:39:37 - INFO - __main__ -   	Epoch	TRAIN	03	50	 123.7966	 123.7905	   0.0031	 2.000
05/26/2020 03:39:41 - INFO - __main__ -   	Step	VALID	0000	6	 128.7187	 128.7152	   0.0035	 2.000
05/26/2020 03:39:45 - INFO - __main__ -   	Step	VALID	0006	6	 119.2515	 119.2481	   0.0034	 2.000
05/26/2020 03:39:47 - INFO - __main__ -   	Epoch	VALID	03	50	 120.0139	 120.0105	   0.0035	 2.000
05/26/2020 03:39:51 - INFO - __main__ -   	Step	TRAIN	0000	82	 118.5988	 118.5917	   0.0036	 2.000
05/26/2020 03:39:59 - INFO - __main__ -   	Step	TRAIN	0050	82	 119.6929	 119.6861	   0.0034	 2.000
05/26/2020 03:40:03 - INFO - __main__ -   	Step	TRAIN	0082	82	 120.1447	 120.1382	   0.0033	 2.000
05/26/2020 03:40:05 - INFO - __main__ -   	Epoch	TRAIN	04	50	 120.9311	 120.9245	   0.0033	 2.000
05/26/2020 03:40:08 - INFO - __main__ -   	Step	VALID	0000	6	 126.8470	 126.8438	   0.0032	 2.000
05/26/2020 03:40:12 - INFO - __main__ -   	Step	VALID	0006	6	 117.0764	 117.0728	   0.0035	 2.000
05/26/2020 03:40:13 - INFO - __main__ -   	Epoch	VALID	04	50	 117.8858	 117.8822	   0.0036	 2.000
05/26/2020 03:40:18 - INFO - __main__ -   	Step	TRAIN	0000	82	 121.3464	 121.3392	   0.0036	 2.000
05/26/2020 03:40:25 - INFO - __main__ -   	Step	TRAIN	0050	82	 118.5350	 118.5291	   0.0029	 2.000
05/26/2020 03:40:30 - INFO - __main__ -   	Step	TRAIN	0082	82	 111.6218	 111.6146	   0.0036	 2.000
05/26/2020 03:40:31 - INFO - __main__ -   	Epoch	TRAIN	05	50	 118.4620	 118.4558	   0.0031	 2.000
05/26/2020 03:40:35 - INFO - __main__ -   	Step	VALID	0000	6	 125.4738	 125.4709	   0.0029	 2.000
05/26/2020 03:40:39 - INFO - __main__ -   	Step	VALID	0006	6	 115.5013	 115.4983	   0.0030	 2.000
05/26/2020 03:40:41 - INFO - __main__ -   	Epoch	VALID	05	50	 116.2580	 116.2549	   0.0031	 2.000
05/26/2020 03:40:45 - INFO - __main__ -   	Step	TRAIN	0000	82	 118.0530	 118.0467	   0.0031	 2.000
05/26/2020 03:40:52 - INFO - __main__ -   	Step	TRAIN	0050	82	 117.7714	 117.7656	   0.0029	 2.000
05/26/2020 03:40:57 - INFO - __main__ -   	Step	TRAIN	0082	82	 120.1484	 120.1439	   0.0023	 2.000
05/26/2020 03:40:58 - INFO - __main__ -   	Epoch	TRAIN	06	50	 116.5388	 116.5332	   0.0028	 2.000
05/26/2020 03:41:03 - INFO - __main__ -   	Step	VALID	0000	6	 124.2389	 124.2364	   0.0025	 2.000
05/26/2020 03:41:07 - INFO - __main__ -   	Step	VALID	0006	6	 114.0909	 114.0885	   0.0023	 2.000
05/26/2020 03:41:09 - INFO - __main__ -   	Epoch	VALID	06	50	 114.8493	 114.8468	   0.0026	 2.000
05/26/2020 03:41:13 - INFO - __main__ -   	Step	TRAIN	0000	82	 111.2151	 111.2095	   0.0028	 2.000
05/26/2020 03:41:20 - INFO - __main__ -   	Step	TRAIN	0050	82	 111.7456	 111.7413	   0.0022	 2.000
05/26/2020 03:41:25 - INFO - __main__ -   	Step	TRAIN	0082	82	 113.6205	 113.6164	   0.0020	 2.000
05/26/2020 03:41:26 - INFO - __main__ -   	Epoch	TRAIN	07	50	 114.7181	 114.7134	   0.0023	 2.000
05/26/2020 03:41:31 - INFO - __main__ -   	Step	VALID	0000	6	 123.3772	 123.3750	   0.0022	 2.000
05/26/2020 03:41:35 - INFO - __main__ -   	Step	VALID	0006	6	 112.7504	 112.7482	   0.0022	 2.000
05/26/2020 03:41:36 - INFO - __main__ -   	Epoch	VALID	07	50	 113.6928	 113.6904	   0.0024	 2.000
05/26/2020 03:41:41 - INFO - __main__ -   	Step	TRAIN	0000	82	 115.3018	 115.2970	   0.0024	 2.000
05/26/2020 03:41:48 - INFO - __main__ -   	Step	TRAIN	0050	82	 114.0810	 114.0778	   0.0016	 2.000
05/26/2020 03:41:53 - INFO - __main__ -   	Step	TRAIN	0082	82	 115.3201	 115.3164	   0.0019	 2.000
05/26/2020 03:41:54 - INFO - __main__ -   	Epoch	TRAIN	08	50	 113.1895	 113.1856	   0.0019	 2.000
05/26/2020 03:42:03 - INFO - __main__ -   	Step	VALID	0000	6	 122.6141	 122.6123	   0.0018	 2.000
05/26/2020 03:42:07 - INFO - __main__ -   	Step	VALID	0006	6	 111.8387	 111.8369	   0.0018	 2.000
05/26/2020 03:42:08 - INFO - __main__ -   	Epoch	VALID	08	50	 112.6813	 112.6794	   0.0019	 2.000
05/26/2020 03:42:13 - INFO - __main__ -   	Step	TRAIN	0000	82	 107.8792	 107.8755	   0.0019	 2.000
05/26/2020 03:42:20 - INFO - __main__ -   	Step	TRAIN	0050	82	 113.8362	 113.8323	   0.0020	 2.000
05/26/2020 03:42:25 - INFO - __main__ -   	Step	TRAIN	0082	82	 107.7979	 107.7943	   0.0018	 2.000
05/26/2020 03:42:26 - INFO - __main__ -   	Epoch	TRAIN	09	50	 111.7357	 111.7320	   0.0019	 2.000
05/26/2020 03:42:34 - INFO - __main__ -   	Step	VALID	0000	6	 122.1411	 122.1394	   0.0018	 2.000
05/26/2020 03:42:37 - INFO - __main__ -   	Step	VALID	0006	6	 110.9525	 110.9507	   0.0017	 2.000
05/26/2020 03:42:39 - INFO - __main__ -   	Epoch	VALID	09	50	 111.9199	 111.9181	   0.0019	 2.000
05/26/2020 03:42:43 - INFO - __main__ -   	Step	TRAIN	0000	82	 110.4687	 110.4648	   0.0020	 2.000
05/26/2020 03:42:51 - INFO - __main__ -   	Step	TRAIN	0050	82	 112.9448	 112.9417	   0.0015	 2.000
05/26/2020 03:42:56 - INFO - __main__ -   	Step	TRAIN	0082	82	 109.0235	 109.0204	   0.0016	 2.000
05/26/2020 03:42:57 - INFO - __main__ -   	Epoch	TRAIN	10	50	 110.4885	 110.4853	   0.0016	 2.000
05/26/2020 03:43:04 - INFO - __main__ -   	Step	VALID	0000	6	 121.6046	 121.6032	   0.0014	 2.000
05/26/2020 03:43:07 - INFO - __main__ -   	Step	VALID	0006	6	 110.2810	 110.2796	   0.0014	 2.000
05/26/2020 03:43:09 - INFO - __main__ -   	Epoch	VALID	10	50	 111.2991	 111.2976	   0.0015	 2.000
05/26/2020 03:43:13 - INFO - __main__ -   	Step	TRAIN	0000	82	 109.3259	 109.3228	   0.0015	 2.000
05/26/2020 03:43:20 - INFO - __main__ -   	Step	TRAIN	0050	82	 113.1399	 113.1369	   0.0015	 2.000
05/26/2020 03:43:25 - INFO - __main__ -   	Step	TRAIN	0082	82	 114.3211	 114.3185	   0.0013	 2.000
05/26/2020 03:43:26 - INFO - __main__ -   	Epoch	TRAIN	11	50	 109.3939	 109.3910	   0.0014	 2.000
05/26/2020 03:43:44 - INFO - __main__ -   	Step	VALID	0000	6	 121.1684	 121.1671	   0.0013	 2.000
05/26/2020 03:43:47 - INFO - __main__ -   	Step	VALID	0006	6	 109.7032	 109.7020	   0.0012	 2.000
05/26/2020 03:43:49 - INFO - __main__ -   	Epoch	VALID	11	50	 110.7049	 110.7036	   0.0013	 2.000
05/26/2020 03:43:53 - INFO - __main__ -   	Step	TRAIN	0000	82	 107.2812	 107.2785	   0.0014	 2.000
05/26/2020 03:44:01 - INFO - __main__ -   	Step	TRAIN	0050	82	 106.8215	 106.8192	   0.0012	 2.000
05/26/2020 03:44:05 - INFO - __main__ -   	Step	TRAIN	0082	82	 102.6388	 102.6370	   0.0009	 2.000
05/26/2020 03:44:07 - INFO - __main__ -   	Epoch	TRAIN	12	50	 108.1854	 108.1830	   0.0012	 2.000
05/26/2020 03:44:14 - INFO - __main__ -   	Step	VALID	0000	6	 120.6358	 120.6346	   0.0011	 2.000
05/26/2020 03:44:17 - INFO - __main__ -   	Step	VALID	0006	6	 109.1263	 109.1249	   0.0014	 2.000
05/26/2020 03:44:19 - INFO - __main__ -   	Epoch	VALID	12	50	 110.1422	 110.1409	   0.0013	 2.000
05/26/2020 03:44:23 - INFO - __main__ -   	Step	TRAIN	0000	82	 104.4230	 104.4204	   0.0013	 2.000
05/26/2020 03:44:30 - INFO - __main__ -   	Step	TRAIN	0050	82	 108.4367	 108.4347	   0.0010	 2.000
05/26/2020 03:44:35 - INFO - __main__ -   	Step	TRAIN	0082	82	 106.1364	 106.1345	   0.0009	 2.000
05/26/2020 03:44:36 - INFO - __main__ -   	Epoch	TRAIN	13	50	 107.2305	 107.2285	   0.0010	 2.000
05/26/2020 03:44:39 - INFO - __main__ -   	Step	VALID	0000	6	 120.4296	 120.4285	   0.0011	 2.000
05/26/2020 03:44:43 - INFO - __main__ -   	Step	VALID	0006	6	 108.5757	 108.5746	   0.0011	 2.000
05/26/2020 03:44:44 - INFO - __main__ -   	Epoch	VALID	13	50	 109.6903	 109.6892	   0.0011	 2.000
05/26/2020 03:44:49 - INFO - __main__ -   	Step	TRAIN	0000	82	 103.1888	 103.1866	   0.0011	 2.000
05/26/2020 03:44:56 - INFO - __main__ -   	Step	TRAIN	0050	82	 103.5981	 103.5962	   0.0010	 2.000
05/26/2020 03:45:01 - INFO - __main__ -   	Step	TRAIN	0082	82	 110.7043	 110.7027	   0.0008	 2.000
05/26/2020 03:45:02 - INFO - __main__ -   	Epoch	TRAIN	14	50	 106.3377	 106.3357	   0.0010	 2.000
05/26/2020 03:45:18 - INFO - __main__ -   	Step	VALID	0000	6	 120.1257	 120.1248	   0.0009	 2.000
05/26/2020 03:45:21 - INFO - __main__ -   	Step	VALID	0006	6	 108.2821	 108.2813	   0.0008	 2.000
05/26/2020 03:45:23 - INFO - __main__ -   	Epoch	VALID	14	50	 109.3374	 109.3366	   0.0009	 2.000
05/26/2020 03:45:27 - INFO - __main__ -   	Step	TRAIN	0000	82	 103.2790	 103.2772	   0.0009	 2.000
05/26/2020 03:45:35 - INFO - __main__ -   	Step	TRAIN	0050	82	 107.3157	 107.3143	   0.0007	 2.000
05/26/2020 03:45:39 - INFO - __main__ -   	Step	TRAIN	0082	82	 104.3050	 104.3034	   0.0008	 2.000
05/26/2020 03:45:41 - INFO - __main__ -   	Epoch	TRAIN	15	50	 105.3884	 105.3867	   0.0008	 2.000
05/26/2020 03:45:46 - INFO - __main__ -   	Step	VALID	0000	6	 119.9115	 119.9105	   0.0010	 2.000
05/26/2020 03:45:49 - INFO - __main__ -   	Step	VALID	0006	6	 107.9071	 107.9062	   0.0010	 2.000
05/26/2020 03:45:51 - INFO - __main__ -   	Epoch	VALID	15	50	 108.9924	 108.9914	   0.0010	 2.000
05/26/2020 03:45:55 - INFO - __main__ -   	Step	TRAIN	0000	82	 101.8338	 101.8317	   0.0010	 2.000
05/26/2020 03:46:03 - INFO - __main__ -   	Step	TRAIN	0050	82	 103.0134	 103.0118	   0.0008	 2.000
05/26/2020 03:46:07 - INFO - __main__ -   	Step	TRAIN	0082	82	 108.3112	 108.3095	   0.0008	 2.000
05/26/2020 03:46:09 - INFO - __main__ -   	Epoch	TRAIN	16	50	 104.5969	 104.5953	   0.0008	 2.000
05/26/2020 03:46:13 - INFO - __main__ -   	Step	VALID	0000	6	 119.6853	 119.6844	   0.0009	 2.000
05/26/2020 03:46:17 - INFO - __main__ -   	Step	VALID	0006	6	 107.5686	 107.5676	   0.0010	 2.000
05/26/2020 03:46:19 - INFO - __main__ -   	Epoch	VALID	16	50	 108.6912	 108.6902	   0.0010	 2.000
05/26/2020 03:46:22 - INFO - __main__ -   	Step	TRAIN	0000	82	 103.3566	 103.3547	   0.0009	 2.000
05/26/2020 03:46:30 - INFO - __main__ -   	Step	TRAIN	0050	82	 104.4212	 104.4196	   0.0008	 2.000
05/26/2020 03:46:34 - INFO - __main__ -   	Step	TRAIN	0082	82	 106.4116	 106.4101	   0.0007	 2.000
05/26/2020 03:46:36 - INFO - __main__ -   	Epoch	TRAIN	17	50	 103.8213	 103.8198	   0.0007	 2.000
05/26/2020 03:46:42 - INFO - __main__ -   	Step	VALID	0000	6	 119.5170	 119.5160	   0.0010	 2.000
05/26/2020 03:46:46 - INFO - __main__ -   	Step	VALID	0006	6	 107.2763	 107.2753	   0.0010	 2.000
05/26/2020 03:46:48 - INFO - __main__ -   	Epoch	VALID	17	50	 108.4522	 108.4512	   0.0010	 2.000
05/26/2020 03:46:52 - INFO - __main__ -   	Step	TRAIN	0000	82	 103.4836	 103.4815	   0.0011	 2.000
05/26/2020 03:46:59 - INFO - __main__ -   	Step	TRAIN	0050	82	 104.7603	 104.7590	   0.0006	 2.000
05/26/2020 03:47:04 - INFO - __main__ -   	Step	TRAIN	0082	82	 109.0497	 109.0487	   0.0005	 2.000
05/26/2020 03:47:05 - INFO - __main__ -   	Epoch	TRAIN	18	50	 103.0966	 103.0953	   0.0006	 2.000
05/26/2020 03:47:08 - INFO - __main__ -   	Step	VALID	0000	6	 119.3819	 119.3811	   0.0008	 2.000
05/26/2020 03:47:11 - INFO - __main__ -   	Step	VALID	0006	6	 106.9492	 106.9484	   0.0008	 2.000
05/26/2020 03:47:13 - INFO - __main__ -   	Epoch	VALID	18	50	 108.1469	 108.1461	   0.0008	 2.000
05/26/2020 03:47:16 - INFO - __main__ -   	Step	TRAIN	0000	82	 100.1945	 100.1929	   0.0008	 2.000
05/26/2020 03:47:24 - INFO - __main__ -   	Step	TRAIN	0050	82	 101.3828	 101.3816	   0.0006	 2.000
05/26/2020 03:47:28 - INFO - __main__ -   	Step	TRAIN	0082	82	 106.2326	 106.2315	   0.0006	 2.000
05/26/2020 03:47:30 - INFO - __main__ -   	Epoch	TRAIN	19	50	 102.3613	 102.3601	   0.0006	 2.000
05/26/2020 03:47:34 - INFO - __main__ -   	Step	VALID	0000	6	 119.3305	 119.3299	   0.0005	 2.000
05/26/2020 03:47:37 - INFO - __main__ -   	Step	VALID	0006	6	 106.8172	 106.8166	   0.0006	 2.000
05/26/2020 03:47:39 - INFO - __main__ -   	Epoch	VALID	19	50	 108.0089	 108.0083	   0.0006	 2.000
05/26/2020 03:47:43 - INFO - __main__ -   	Step	TRAIN	0000	82	 104.6439	 104.6427	   0.0006	 2.000
05/26/2020 03:47:50 - INFO - __main__ -   	Step	TRAIN	0050	82	  99.5132	  99.5121	   0.0005	 2.000
05/26/2020 03:47:55 - INFO - __main__ -   	Step	TRAIN	0082	82	  98.6049	  98.6038	   0.0005	 2.000
05/26/2020 03:47:57 - INFO - __main__ -   	Epoch	TRAIN	20	50	 101.6219	 101.6207	   0.0006	 2.000
05/26/2020 03:48:07 - INFO - __main__ -   	Step	VALID	0000	6	 119.3257	 119.3250	   0.0007	 2.000
05/26/2020 03:48:10 - INFO - __main__ -   	Step	VALID	0006	6	 106.6105	 106.6098	   0.0007	 2.000
05/26/2020 03:48:12 - INFO - __main__ -   	Epoch	VALID	20	50	 107.8529	 107.8522	   0.0007	 2.000
05/26/2020 03:48:16 - INFO - __main__ -   	Step	TRAIN	0000	82	 102.8099	 102.8085	   0.0007	 2.000
05/26/2020 03:48:23 - INFO - __main__ -   	Step	TRAIN	0050	82	 101.2821	 101.2809	   0.0006	 2.000
05/26/2020 03:48:28 - INFO - __main__ -   	Step	TRAIN	0082	82	 104.0095	 104.0082	   0.0006	 2.000
05/26/2020 03:48:29 - INFO - __main__ -   	Epoch	TRAIN	21	50	 101.0509	 101.0497	   0.0006	 2.000
05/26/2020 03:48:34 - INFO - __main__ -   	Step	VALID	0000	6	 119.1692	 119.1686	   0.0006	 2.000
05/26/2020 03:48:38 - INFO - __main__ -   	Step	VALID	0006	6	 106.4896	 106.4890	   0.0006	 2.000
05/26/2020 03:48:40 - INFO - __main__ -   	Epoch	VALID	21	50	 107.6712	 107.6706	   0.0006	 2.000
05/26/2020 03:48:44 - INFO - __main__ -   	Step	TRAIN	0000	82	 100.6953	 100.6941	   0.0006	 2.000
05/26/2020 03:48:51 - INFO - __main__ -   	Step	TRAIN	0050	82	  97.4359	  97.4349	   0.0005	 2.000
05/26/2020 03:48:56 - INFO - __main__ -   	Step	TRAIN	0082	82	 104.8851	 104.8840	   0.0006	 2.000
05/26/2020 03:48:57 - INFO - __main__ -   	Epoch	TRAIN	22	50	 100.4428	 100.4417	   0.0005	 2.000
05/26/2020 03:49:04 - INFO - __main__ -   	Step	VALID	0000	6	 119.1285	 119.1278	   0.0006	 2.000
05/26/2020 03:49:08 - INFO - __main__ -   	Step	VALID	0006	6	 106.2000	 106.1993	   0.0007	 2.000
05/26/2020 03:49:09 - INFO - __main__ -   	Epoch	VALID	22	50	 107.5302	 107.5295	   0.0007	 2.000
05/26/2020 03:49:13 - INFO - __main__ -   	Step	TRAIN	0000	82	  98.1541	  98.1527	   0.0007	 2.000
05/26/2020 03:49:21 - INFO - __main__ -   	Step	TRAIN	0050	82	  99.4898	  99.4889	   0.0004	 2.000
05/26/2020 03:49:25 - INFO - __main__ -   	Step	TRAIN	0082	82	 103.9956	 103.9943	   0.0006	 2.000
05/26/2020 03:49:27 - INFO - __main__ -   	Epoch	TRAIN	23	50	  99.8672	  99.8661	   0.0005	 2.000
05/26/2020 03:49:34 - INFO - __main__ -   	Step	VALID	0000	6	 119.1236	 119.1230	   0.0006	 2.000
05/26/2020 03:49:38 - INFO - __main__ -   	Step	VALID	0006	6	 106.2357	 106.2351	   0.0006	 2.000
05/26/2020 03:49:40 - INFO - __main__ -   	Epoch	VALID	23	50	 107.5301	 107.5295	   0.0006	 2.000
05/26/2020 03:49:44 - INFO - __main__ -   	Step	TRAIN	0000	82	 102.1113	 102.1101	   0.0006	 2.000
05/26/2020 03:49:51 - INFO - __main__ -   	Step	TRAIN	0050	82	 100.4373	 100.4364	   0.0005	 2.000
05/26/2020 03:49:56 - INFO - __main__ -   	Step	TRAIN	0082	82	  99.8906	  99.8896	   0.0005	 2.000
05/26/2020 03:49:57 - INFO - __main__ -   	Epoch	TRAIN	24	50	  99.2731	  99.2721	   0.0005	 2.000
05/26/2020 03:50:04 - INFO - __main__ -   	Step	VALID	0000	6	 119.0470	 119.0464	   0.0005	 2.000
05/26/2020 03:50:07 - INFO - __main__ -   	Step	VALID	0006	6	 106.1445	 106.1440	   0.0005	 2.000
05/26/2020 03:50:09 - INFO - __main__ -   	Epoch	VALID	24	50	 107.3786	 107.3780	   0.0005	 2.000
05/26/2020 03:50:14 - INFO - __main__ -   	Step	TRAIN	0000	82	  97.3750	  97.3739	   0.0005	 2.000
05/26/2020 03:50:21 - INFO - __main__ -   	Step	TRAIN	0050	82	  96.7794	  96.7786	   0.0004	 2.000
05/26/2020 03:50:26 - INFO - __main__ -   	Step	TRAIN	0082	82	  98.5111	  98.5102	   0.0004	 2.000
05/26/2020 03:50:28 - INFO - __main__ -   	Epoch	TRAIN	25	50	  98.7496	  98.7487	   0.0005	 2.000
05/26/2020 03:50:33 - INFO - __main__ -   	Step	VALID	0000	6	 119.1152	 119.1146	   0.0006	 2.000
05/26/2020 03:50:37 - INFO - __main__ -   	Step	VALID	0006	6	 105.8993	 105.8987	   0.0006	 2.000
05/26/2020 03:50:39 - INFO - __main__ -   	Epoch	VALID	25	50	 107.2743	 107.2737	   0.0006	 2.000
05/26/2020 03:50:43 - INFO - __main__ -   	Step	TRAIN	0000	82	  96.1154	  96.1142	   0.0006	 2.000
05/26/2020 03:50:51 - INFO - __main__ -   	Step	TRAIN	0050	82	  98.9685	  98.9675	   0.0005	 2.000
05/26/2020 03:50:55 - INFO - __main__ -   	Step	TRAIN	0082	82	 103.8070	 103.8061	   0.0004	 2.000
05/26/2020 03:50:57 - INFO - __main__ -   	Epoch	TRAIN	26	50	  98.2543	  98.2533	   0.0005	 2.000
05/26/2020 03:51:04 - INFO - __main__ -   	Step	VALID	0000	6	 119.0559	 119.0553	   0.0006	 2.000
05/26/2020 03:51:08 - INFO - __main__ -   	Step	VALID	0006	6	 105.9278	 105.9273	   0.0005	 2.000
05/26/2020 03:51:09 - INFO - __main__ -   	Epoch	VALID	26	50	 107.2235	 107.2230	   0.0006	 2.000
05/26/2020 03:51:13 - INFO - __main__ -   	Step	TRAIN	0000	82	  98.6895	  98.6883	   0.0006	 2.000
05/26/2020 03:51:21 - INFO - __main__ -   	Step	TRAIN	0050	82	  98.2578	  98.2569	   0.0004	 2.000
05/26/2020 03:51:25 - INFO - __main__ -   	Step	TRAIN	0082	82	  99.1097	  99.1087	   0.0005	 2.000
05/26/2020 03:51:27 - INFO - __main__ -   	Epoch	TRAIN	27	50	  97.7167	  97.7158	   0.0004	 2.000
05/26/2020 03:51:32 - INFO - __main__ -   	Step	VALID	0000	6	 119.0886	 119.0881	   0.0005	 2.000
05/26/2020 03:51:36 - INFO - __main__ -   	Step	VALID	0006	6	 105.7492	 105.7487	   0.0005	 2.000
05/26/2020 03:51:38 - INFO - __main__ -   	Epoch	VALID	27	50	 107.1930	 107.1925	   0.0005	 2.000
05/26/2020 03:51:42 - INFO - __main__ -   	Step	TRAIN	0000	82	 101.9667	 101.9656	   0.0005	 2.000
05/26/2020 03:51:49 - INFO - __main__ -   	Step	TRAIN	0050	82	  96.8518	  96.8510	   0.0004	 2.000
05/26/2020 03:51:54 - INFO - __main__ -   	Step	TRAIN	0082	82	  95.2221	  95.2212	   0.0004	 2.000
05/26/2020 03:51:55 - INFO - __main__ -   	Epoch	TRAIN	28	50	  97.2045	  97.2036	   0.0004	 2.000
05/26/2020 03:51:59 - INFO - __main__ -   	Step	VALID	0000	6	 119.1218	 119.1214	   0.0004	 2.000
05/26/2020 03:52:03 - INFO - __main__ -   	Step	VALID	0006	6	 105.8598	 105.8593	   0.0005	 2.000
05/26/2020 03:52:04 - INFO - __main__ -   	Epoch	VALID	28	50	 107.1316	 107.1311	   0.0005	 2.000
05/26/2020 03:52:08 - INFO - __main__ -   	Step	TRAIN	0000	82	  98.1083	  98.1074	   0.0005	 2.000
05/26/2020 03:52:16 - INFO - __main__ -   	Step	TRAIN	0050	82	  96.8167	  96.8159	   0.0004	 2.000
05/26/2020 03:52:20 - INFO - __main__ -   	Step	TRAIN	0082	82	  96.9648	  96.9638	   0.0005	 2.000
05/26/2020 03:52:22 - INFO - __main__ -   	Epoch	TRAIN	29	50	  96.7628	  96.7619	   0.0004	 2.000
05/26/2020 03:52:27 - INFO - __main__ -   	Step	VALID	0000	6	 119.1846	 119.1841	   0.0005	 2.000
05/26/2020 03:52:31 - INFO - __main__ -   	Step	VALID	0006	6	 105.8283	 105.8278	   0.0005	 2.000
05/26/2020 03:52:32 - INFO - __main__ -   	Epoch	VALID	29	50	 107.1463	 107.1458	   0.0005	 2.000
05/26/2020 03:52:37 - INFO - __main__ -   	Step	TRAIN	0000	82	  92.9770	  92.9760	   0.0005	 2.000
05/26/2020 03:52:44 - INFO - __main__ -   	Step	TRAIN	0050	82	  98.1629	  98.1623	   0.0003	 2.000
05/26/2020 03:52:49 - INFO - __main__ -   	Step	TRAIN	0082	82	  92.9501	  92.9494	   0.0003	 2.000
05/26/2020 03:52:50 - INFO - __main__ -   	Epoch	TRAIN	30	50	  96.2853	  96.2845	   0.0004	 2.000
05/26/2020 03:52:57 - INFO - __main__ -   	Step	VALID	0000	6	 119.1014	 119.1010	   0.0004	 2.000
05/26/2020 03:53:01 - INFO - __main__ -   	Step	VALID	0006	6	 105.8601	 105.8597	   0.0004	 2.000
05/26/2020 03:53:02 - INFO - __main__ -   	Epoch	VALID	30	50	 107.0968	 107.0964	   0.0004	 2.000
05/26/2020 03:53:07 - INFO - __main__ -   	Step	TRAIN	0000	82	  94.1558	  94.1550	   0.0004	 2.000
05/26/2020 03:53:14 - INFO - __main__ -   	Step	TRAIN	0050	82	  94.4030	  94.4023	   0.0003	 2.000
05/26/2020 03:53:19 - INFO - __main__ -   	Step	TRAIN	0082	82	  90.6259	  90.6253	   0.0003	 2.000
05/26/2020 03:53:20 - INFO - __main__ -   	Epoch	TRAIN	31	50	  95.8733	  95.8726	   0.0003	 2.000
05/26/2020 03:53:30 - INFO - __main__ -   	Step	VALID	0000	6	 119.1984	 119.1980	   0.0004	 2.000
05/26/2020 03:53:34 - INFO - __main__ -   	Step	VALID	0006	6	 105.7416	 105.7412	   0.0004	 2.000
05/26/2020 03:53:36 - INFO - __main__ -   	Epoch	VALID	31	50	 107.0940	 107.0936	   0.0004	 2.000
05/26/2020 03:53:40 - INFO - __main__ -   	Step	TRAIN	0000	82	  89.5578	  89.5569	   0.0004	 2.000
05/26/2020 03:53:47 - INFO - __main__ -   	Step	TRAIN	0050	82	  96.7728	  96.7721	   0.0003	 2.000
05/26/2020 03:53:52 - INFO - __main__ -   	Step	TRAIN	0082	82	  96.9940	  96.9933	   0.0003	 2.000
05/26/2020 03:53:53 - INFO - __main__ -   	Epoch	TRAIN	32	50	  95.4915	  95.4907	   0.0004	 2.000
05/26/2020 03:54:00 - INFO - __main__ -   	Step	VALID	0000	6	 119.2084	 119.2080	   0.0004	 2.000
05/26/2020 03:54:03 - INFO - __main__ -   	Step	VALID	0006	6	 105.6776	 105.6771	   0.0004	 2.000
05/26/2020 03:54:05 - INFO - __main__ -   	Epoch	VALID	32	50	 107.0482	 107.0478	   0.0004	 2.000
05/26/2020 03:54:09 - INFO - __main__ -   	Step	TRAIN	0000	82	  92.9794	  92.9785	   0.0004	 2.000
05/26/2020 03:54:17 - INFO - __main__ -   	Step	TRAIN	0050	82	  96.3591	  96.3583	   0.0004	 2.000
05/26/2020 03:54:22 - INFO - __main__ -   	Step	TRAIN	0082	82	  93.7332	  93.7325	   0.0003	 2.000
05/26/2020 03:54:23 - INFO - __main__ -   	Epoch	TRAIN	33	50	  95.0558	  95.0551	   0.0004	 2.000
05/26/2020 03:54:30 - INFO - __main__ -   	Step	VALID	0000	6	 119.1941	 119.1937	   0.0004	 2.000
05/26/2020 03:54:33 - INFO - __main__ -   	Step	VALID	0006	6	 105.6505	 105.6500	   0.0005	 2.000
05/26/2020 03:54:35 - INFO - __main__ -   	Epoch	VALID	33	50	 107.0929	 107.0925	   0.0005	 2.000
05/26/2020 03:54:39 - INFO - __main__ -   	Step	TRAIN	0000	82	  94.8423	  94.8415	   0.0004	 2.000
05/26/2020 03:54:46 - INFO - __main__ -   	Step	TRAIN	0050	82	  94.7732	  94.7724	   0.0004	 2.000
05/26/2020 03:54:51 - INFO - __main__ -   	Step	TRAIN	0082	82	  96.1127	  96.1121	   0.0003	 2.000
05/26/2020 03:54:52 - INFO - __main__ -   	Epoch	TRAIN	34	50	  94.7079	  94.7072	   0.0004	 2.000
05/26/2020 03:54:57 - INFO - __main__ -   	Step	VALID	0000	6	 119.3002	 119.2997	   0.0005	 2.000
05/26/2020 03:55:01 - INFO - __main__ -   	Step	VALID	0006	6	 105.6264	 105.6260	   0.0005	 2.000
05/26/2020 03:55:02 - INFO - __main__ -   	Epoch	VALID	34	50	 107.0702	 107.0697	   0.0005	 2.000
05/26/2020 03:55:07 - INFO - __main__ -   	Step	TRAIN	0000	82	  94.4996	  94.4986	   0.0005	 2.000
05/26/2020 03:55:14 - INFO - __main__ -   	Step	TRAIN	0050	82	  94.1700	  94.1694	   0.0003	 2.000
05/26/2020 03:55:19 - INFO - __main__ -   	Step	TRAIN	0082	82	  86.2701	  86.2694	   0.0003	 2.000
05/26/2020 03:55:20 - INFO - __main__ -   	Epoch	TRAIN	35	50	  94.2014	  94.2008	   0.0003	 2.000
05/26/2020 03:55:26 - INFO - __main__ -   	Step	VALID	0000	6	 119.2686	 119.2682	   0.0004	 2.000
05/26/2020 03:55:29 - INFO - __main__ -   	Step	VALID	0006	6	 105.6687	 105.6683	   0.0004	 2.000
05/26/2020 03:55:31 - INFO - __main__ -   	Epoch	VALID	35	50	 107.1000	 107.0996	   0.0004	 2.000
05/26/2020 03:55:35 - INFO - __main__ -   	Step	TRAIN	0000	82	  91.5509	  91.5500	   0.0004	 2.000
05/26/2020 03:55:42 - INFO - __main__ -   	Step	TRAIN	0050	82	  94.6672	  94.6665	   0.0003	 2.000
05/26/2020 03:55:47 - INFO - __main__ -   	Step	TRAIN	0082	82	 103.1793	 103.1786	   0.0003	 2.000
05/26/2020 03:55:48 - INFO - __main__ -   	Epoch	TRAIN	36	50	  94.0272	  94.0265	   0.0003	 2.000
05/26/2020 03:55:51 - INFO - __main__ -   	Step	VALID	0000	6	 119.4283	 119.4279	   0.0004	 2.000
05/26/2020 03:55:54 - INFO - __main__ -   	Step	VALID	0006	6	 105.7050	 105.7046	   0.0004	 2.000
05/26/2020 03:55:56 - INFO - __main__ -   	Epoch	VALID	36	50	 107.1810	 107.1806	   0.0004	 2.000
05/26/2020 03:56:00 - INFO - __main__ -   	Step	TRAIN	0000	82	  92.1801	  92.1792	   0.0004	 2.000
05/26/2020 03:56:07 - INFO - __main__ -   	Step	TRAIN	0050	82	  94.0804	  94.0797	   0.0003	 2.000
05/26/2020 03:56:12 - INFO - __main__ -   	Step	TRAIN	0082	82	  97.3352	  97.3346	   0.0003	 2.000
05/26/2020 03:56:13 - INFO - __main__ -   	Epoch	TRAIN	37	50	  93.6300	  93.6294	   0.0003	 2.000
05/26/2020 03:56:17 - INFO - __main__ -   	Step	VALID	0000	6	 119.5078	 119.5072	   0.0006	 2.000
05/26/2020 03:56:21 - INFO - __main__ -   	Step	VALID	0006	6	 105.8079	 105.8073	   0.0006	 2.000
05/26/2020 03:56:23 - INFO - __main__ -   	Epoch	VALID	37	50	 107.2009	 107.2003	   0.0006	 2.000
05/26/2020 03:56:27 - INFO - __main__ -   	Step	TRAIN	0000	82	  93.0804	  93.0792	   0.0006	 2.000
05/26/2020 03:56:34 - INFO - __main__ -   	Step	TRAIN	0050	82	  94.3728	  94.3721	   0.0003	 2.000
05/26/2020 03:56:39 - INFO - __main__ -   	Step	TRAIN	0082	82	  87.7481	  87.7477	   0.0002	 2.000
05/26/2020 03:56:40 - INFO - __main__ -   	Epoch	TRAIN	38	50	  93.2005	  93.1999	   0.0003	 2.000
05/26/2020 03:56:58 - INFO - __main__ -   	Step	VALID	0000	6	 119.4848	 119.4845	   0.0003	 2.000
05/26/2020 03:57:01 - INFO - __main__ -   	Step	VALID	0006	6	 105.5862	 105.5859	   0.0003	 2.000
05/26/2020 03:57:03 - INFO - __main__ -   	Epoch	VALID	38	50	 107.1321	 107.1318	   0.0003	 2.000
05/26/2020 03:57:08 - INFO - __main__ -   	Step	TRAIN	0000	82	  93.5569	  93.5563	   0.0003	 2.000
05/26/2020 03:57:15 - INFO - __main__ -   	Step	TRAIN	0050	82	  92.9102	  92.9097	   0.0003	 2.000
05/26/2020 03:57:20 - INFO - __main__ -   	Step	TRAIN	0082	82	  87.9573	  87.9567	   0.0003	 2.000
05/26/2020 03:57:21 - INFO - __main__ -   	Epoch	TRAIN	39	50	  92.8503	  92.8497	   0.0003	 2.000
05/26/2020 03:57:25 - INFO - __main__ -   	Step	VALID	0000	6	 119.6501	 119.6499	   0.0003	 2.000
05/26/2020 03:57:29 - INFO - __main__ -   	Step	VALID	0006	6	 105.7937	 105.7934	   0.0003	 2.000
05/26/2020 03:57:31 - INFO - __main__ -   	Epoch	VALID	39	50	 107.2248	 107.2245	   0.0003	 2.000
05/26/2020 03:57:35 - INFO - __main__ -   	Step	TRAIN	0000	82	  92.6594	  92.6588	   0.0003	 2.000
05/26/2020 03:57:42 - INFO - __main__ -   	Step	TRAIN	0050	82	  92.7110	  92.7102	   0.0004	 2.000
05/26/2020 03:57:47 - INFO - __main__ -   	Step	TRAIN	0082	82	  96.8652	  96.8646	   0.0003	 2.000
05/26/2020 03:57:48 - INFO - __main__ -   	Epoch	TRAIN	40	50	  92.6242	  92.6236	   0.0003	 2.000
05/26/2020 03:57:52 - INFO - __main__ -   	Step	VALID	0000	6	 119.8019	 119.8016	   0.0004	 2.000
05/26/2020 03:57:55 - INFO - __main__ -   	Step	VALID	0006	6	 105.7274	 105.7270	   0.0004	 2.000
05/26/2020 03:57:57 - INFO - __main__ -   	Epoch	VALID	40	50	 107.2647	 107.2643	   0.0004	 2.000
05/26/2020 03:58:01 - INFO - __main__ -   	Step	TRAIN	0000	82	  90.6802	  90.6794	   0.0004	 2.000
05/26/2020 03:58:09 - INFO - __main__ -   	Step	TRAIN	0050	82	  90.3970	  90.3964	   0.0003	 2.000
05/26/2020 03:58:13 - INFO - __main__ -   	Step	TRAIN	0082	82	  92.7611	  92.7605	   0.0003	 2.000
05/26/2020 03:58:15 - INFO - __main__ -   	Epoch	TRAIN	41	50	  92.2465	  92.2458	   0.0003	 2.000
05/26/2020 03:58:22 - INFO - __main__ -   	Step	VALID	0000	6	 119.6759	 119.6755	   0.0004	 2.000
05/26/2020 03:58:25 - INFO - __main__ -   	Step	VALID	0006	6	 105.8123	 105.8119	   0.0004	 2.000
05/26/2020 03:58:27 - INFO - __main__ -   	Epoch	VALID	41	50	 107.2735	 107.2731	   0.0004	 2.000
05/26/2020 03:58:31 - INFO - __main__ -   	Step	TRAIN	0000	82	  91.4067	  91.4059	   0.0004	 2.000
05/26/2020 03:58:39 - INFO - __main__ -   	Step	TRAIN	0050	82	  89.6000	  89.5994	   0.0003	 2.000
05/26/2020 03:58:43 - INFO - __main__ -   	Step	TRAIN	0082	82	  93.4393	  93.4387	   0.0003	 2.000
05/26/2020 03:58:44 - INFO - __main__ -   	Epoch	TRAIN	42	50	  91.9544	  91.9538	   0.0003	 2.000
05/26/2020 03:58:50 - INFO - __main__ -   	Step	VALID	0000	6	 119.7946	 119.7942	   0.0004	 2.000
05/26/2020 03:58:53 - INFO - __main__ -   	Step	VALID	0006	6	 105.7935	 105.7931	   0.0005	 2.000
05/26/2020 03:58:55 - INFO - __main__ -   	Epoch	VALID	42	50	 107.3203	 107.3199	   0.0004	 2.000
05/26/2020 03:58:59 - INFO - __main__ -   	Step	TRAIN	0000	82	  90.3474	  90.3465	   0.0004	 2.000
05/26/2020 03:59:07 - INFO - __main__ -   	Step	TRAIN	0050	82	  92.5704	  92.5697	   0.0003	 2.000
05/26/2020 03:59:11 - INFO - __main__ -   	Step	TRAIN	0082	82	  93.7089	  93.7082	   0.0003	 2.000
05/26/2020 03:59:13 - INFO - __main__ -   	Epoch	TRAIN	43	50	  91.6448	  91.6442	   0.0003	 2.000
05/26/2020 03:59:32 - INFO - __main__ -   	Step	VALID	0000	6	 119.8958	 119.8954	   0.0005	 2.000
05/26/2020 03:59:35 - INFO - __main__ -   	Step	VALID	0006	6	 105.8494	 105.8490	   0.0004	 2.000
05/26/2020 03:59:37 - INFO - __main__ -   	Epoch	VALID	43	50	 107.3579	 107.3574	   0.0004	 2.000
05/26/2020 03:59:41 - INFO - __main__ -   	Step	TRAIN	0000	82	  87.2871	  87.2862	   0.0004	 2.000
05/26/2020 03:59:49 - INFO - __main__ -   	Step	TRAIN	0050	82	  86.8420	  86.8413	   0.0003	 2.000
05/26/2020 03:59:53 - INFO - __main__ -   	Step	TRAIN	0082	82	  88.6974	  88.6967	   0.0003	 2.000
05/26/2020 03:59:55 - INFO - __main__ -   	Epoch	TRAIN	44	50	  91.3422	  91.3415	   0.0003	 2.000
05/26/2020 04:00:02 - INFO - __main__ -   	Step	VALID	0000	6	 119.9523	 119.9520	   0.0004	 2.000
05/26/2020 04:00:06 - INFO - __main__ -   	Step	VALID	0006	6	 105.9444	 105.9440	   0.0004	 2.000
05/26/2020 04:00:08 - INFO - __main__ -   	Epoch	VALID	44	50	 107.3947	 107.3943	   0.0004	 2.000
05/26/2020 04:00:12 - INFO - __main__ -   	Step	TRAIN	0000	82	  91.4432	  91.4424	   0.0004	 2.000
05/26/2020 04:00:19 - INFO - __main__ -   	Step	TRAIN	0050	82	  92.8765	  92.8759	   0.0003	 2.000
05/26/2020 04:00:24 - INFO - __main__ -   	Step	TRAIN	0082	82	  95.6697	  95.6690	   0.0003	 2.000
05/26/2020 04:00:25 - INFO - __main__ -   	Epoch	TRAIN	45	50	  91.1035	  91.1029	   0.0003	 2.000
05/26/2020 04:00:40 - INFO - __main__ -   	Step	VALID	0000	6	 120.1588	 120.1584	   0.0004	 2.000
05/26/2020 04:00:43 - INFO - __main__ -   	Step	VALID	0006	6	 105.9441	 105.9438	   0.0004	 2.000
05/26/2020 04:00:45 - INFO - __main__ -   	Epoch	VALID	45	50	 107.4687	 107.4683	   0.0004	 2.000
05/26/2020 04:00:49 - INFO - __main__ -   	Step	TRAIN	0000	82	  93.2494	  93.2486	   0.0004	 2.000
05/26/2020 04:00:57 - INFO - __main__ -   	Step	TRAIN	0050	82	  84.3733	  84.3727	   0.0003	 2.000
05/26/2020 04:01:02 - INFO - __main__ -   	Step	TRAIN	0082	82	  87.8269	  87.8262	   0.0003	 2.000
05/26/2020 04:01:03 - INFO - __main__ -   	Epoch	TRAIN	46	50	  90.7768	  90.7761	   0.0003	 2.000
05/26/2020 04:01:12 - INFO - __main__ -   	Step	VALID	0000	6	 120.1479	 120.1474	   0.0004	 2.000
05/26/2020 04:01:16 - INFO - __main__ -   	Step	VALID	0006	6	 105.8423	 105.8418	   0.0005	 2.000
05/26/2020 04:01:18 - INFO - __main__ -   	Epoch	VALID	46	50	 107.4856	 107.4851	   0.0005	 2.000
05/26/2020 04:01:22 - INFO - __main__ -   	Step	TRAIN	0000	82	  86.9917	  86.9907	   0.0005	 2.000
05/26/2020 04:01:29 - INFO - __main__ -   	Step	TRAIN	0050	82	  90.1932	  90.1926	   0.0003	 2.000
05/26/2020 04:01:34 - INFO - __main__ -   	Step	TRAIN	0082	82	  99.7307	  99.7301	   0.0003	 2.000
05/26/2020 04:01:35 - INFO - __main__ -   	Epoch	TRAIN	47	50	  90.5937	  90.5931	   0.0003	 2.000
05/26/2020 04:01:42 - INFO - __main__ -   	Step	VALID	0000	6	 120.2008	 120.2005	   0.0003	 2.000
05/26/2020 04:01:45 - INFO - __main__ -   	Step	VALID	0006	6	 105.9086	 105.9083	   0.0003	 2.000
05/26/2020 04:01:47 - INFO - __main__ -   	Epoch	VALID	47	50	 107.5363	 107.5359	   0.0003	 2.000
05/26/2020 04:01:51 - INFO - __main__ -   	Step	TRAIN	0000	82	  87.3650	  87.3643	   0.0003	 2.000
05/26/2020 04:01:58 - INFO - __main__ -   	Step	TRAIN	0050	82	  93.3876	  93.3869	   0.0003	 2.000
05/26/2020 04:02:03 - INFO - __main__ -   	Step	TRAIN	0082	82	  91.6348	  91.6343	   0.0002	 2.000
05/26/2020 04:02:04 - INFO - __main__ -   	Epoch	TRAIN	48	50	  90.2440	  90.2434	   0.0003	 2.000
05/26/2020 04:02:08 - INFO - __main__ -   	Step	VALID	0000	6	 120.2527	 120.2524	   0.0003	 2.000
05/26/2020 04:02:11 - INFO - __main__ -   	Step	VALID	0006	6	 106.0476	 106.0472	   0.0003	 2.000
05/26/2020 04:02:13 - INFO - __main__ -   	Epoch	VALID	48	50	 107.6036	 107.6033	   0.0003	 2.000
05/26/2020 04:02:17 - INFO - __main__ -   	Step	TRAIN	0000	82	  93.7767	  93.7760	   0.0003	 2.000
05/26/2020 04:02:24 - INFO - __main__ -   	Step	TRAIN	0050	82	  90.3390	  90.3383	   0.0003	 2.000
05/26/2020 04:02:29 - INFO - __main__ -   	Step	TRAIN	0082	82	  85.8787	  85.8781	   0.0003	 2.000
05/26/2020 04:02:30 - INFO - __main__ -   	Epoch	TRAIN	49	50	  89.9474	  89.9468	   0.0003	 2.000
05/26/2020 04:02:35 - INFO - __main__ -   	Step	VALID	0000	6	 120.3671	 120.3667	   0.0004	 2.000
05/26/2020 04:02:38 - INFO - __main__ -   	Step	VALID	0006	6	 106.0551	 106.0547	   0.0004	 2.000
05/26/2020 04:02:40 - INFO - __main__ -   	Epoch	VALID	49	50	 107.6359	 107.6355	   0.0004	 2.000
