05/26/2020 04:02:53 - INFO - __main__ -   	Step	TRAIN	0000	82	 215.2194	 213.6463	   0.3933	 4.000
05/26/2020 04:03:01 - INFO - __main__ -   	Step	TRAIN	0050	82	 147.3009	 147.2596	   0.0103	 4.000
05/26/2020 04:03:06 - INFO - __main__ -   	Step	TRAIN	0082	82	 147.0244	 147.0022	   0.0055	 4.000
05/26/2020 04:03:07 - INFO - __main__ -   	Epoch	TRAIN	00	50	 153.3501	 153.1847	   0.0414	 4.000
05/26/2020 04:03:20 - INFO - __main__ -   	Step	VALID	0000	6	 142.1351	 142.1293	   0.0057	 4.000
05/26/2020 04:03:23 - INFO - __main__ -   	Step	VALID	0006	6	 135.3642	 135.3591	   0.0051	 4.000
05/26/2020 04:03:25 - INFO - __main__ -   	Epoch	VALID	00	50	 135.2682	 135.2629	   0.0053	 4.000
05/26/2020 04:03:28 - INFO - __main__ -   	Step	TRAIN	0000	82	 136.6081	 136.5874	   0.0052	 4.000
05/26/2020 04:03:36 - INFO - __main__ -   	Step	TRAIN	0050	82	 133.1523	 133.1422	   0.0025	 4.000
05/26/2020 04:03:41 - INFO - __main__ -   	Step	TRAIN	0082	82	 133.0079	 133.0001	   0.0020	 4.000
05/26/2020 04:03:42 - INFO - __main__ -   	Epoch	TRAIN	01	50	 133.9161	 133.9039	   0.0031	 4.000
05/26/2020 04:03:47 - INFO - __main__ -   	Step	VALID	0000	6	 134.9568	 134.9547	   0.0022	 4.000
05/26/2020 04:03:50 - INFO - __main__ -   	Step	VALID	0006	6	 127.1114	 127.1093	   0.0021	 4.000
05/26/2020 04:03:52 - INFO - __main__ -   	Epoch	VALID	01	50	 127.3129	 127.3108	   0.0021	 4.000
05/26/2020 04:03:56 - INFO - __main__ -   	Step	TRAIN	0000	82	 131.1243	 131.1161	   0.0021	 4.000
05/26/2020 04:04:03 - INFO - __main__ -   	Step	TRAIN	0050	82	 128.4866	 128.4815	   0.0013	 4.000
05/26/2020 04:04:08 - INFO - __main__ -   	Step	TRAIN	0082	82	 128.3770	 128.3720	   0.0012	 4.000
05/26/2020 04:04:09 - INFO - __main__ -   	Epoch	TRAIN	02	50	 127.7788	 127.7730	   0.0015	 4.000
05/26/2020 04:04:12 - INFO - __main__ -   	Step	VALID	0000	6	 130.7933	 130.7921	   0.0012	 4.000
05/26/2020 04:04:16 - INFO - __main__ -   	Step	VALID	0006	6	 122.1636	 122.1623	   0.0012	 4.000
05/26/2020 04:04:17 - INFO - __main__ -   	Epoch	VALID	02	50	 122.7388	 122.7376	   0.0012	 4.000
05/26/2020 04:04:21 - INFO - __main__ -   	Step	TRAIN	0000	82	 126.2522	 126.2475	   0.0012	 4.000
05/26/2020 04:04:28 - INFO - __main__ -   	Step	TRAIN	0050	82	 122.1504	 122.1464	   0.0010	 4.000
05/26/2020 04:04:33 - INFO - __main__ -   	Step	TRAIN	0082	82	 114.8215	 114.8178	   0.0009	 4.000
05/26/2020 04:04:35 - INFO - __main__ -   	Epoch	TRAIN	03	50	 123.6728	 123.6686	   0.0011	 4.000
05/26/2020 04:04:40 - INFO - __main__ -   	Step	VALID	0000	6	 128.3806	 128.3797	   0.0010	 4.000
05/26/2020 04:04:43 - INFO - __main__ -   	Step	VALID	0006	6	 119.0558	 119.0548	   0.0010	 4.000
05/26/2020 04:04:45 - INFO - __main__ -   	Epoch	VALID	03	50	 119.8549	 119.8539	   0.0010	 4.000
05/26/2020 04:04:48 - INFO - __main__ -   	Step	TRAIN	0000	82	 121.3898	 121.3859	   0.0010	 4.000
05/26/2020 04:04:55 - INFO - __main__ -   	Step	TRAIN	0050	82	 126.3557	 126.3525	   0.0008	 4.000
05/26/2020 04:05:00 - INFO - __main__ -   	Step	TRAIN	0082	82	 112.5077	 112.5050	   0.0007	 4.000
05/26/2020 04:05:01 - INFO - __main__ -   	Epoch	TRAIN	04	50	 120.7230	 120.7197	   0.0008	 4.000
05/26/2020 04:05:16 - INFO - __main__ -   	Step	VALID	0000	6	 126.5624	 126.5615	   0.0009	 4.000
05/26/2020 04:05:20 - INFO - __main__ -   	Step	VALID	0006	6	 116.9978	 116.9969	   0.0009	 4.000
05/26/2020 04:05:21 - INFO - __main__ -   	Epoch	VALID	04	50	 117.7278	 117.7269	   0.0009	 4.000
05/26/2020 04:05:25 - INFO - __main__ -   	Step	TRAIN	0000	82	 124.0227	 124.0190	   0.0009	 4.000
05/26/2020 04:05:33 - INFO - __main__ -   	Step	TRAIN	0050	82	 117.1012	 117.0984	   0.0007	 4.000
05/26/2020 04:05:38 - INFO - __main__ -   	Step	TRAIN	0082	82	 122.8960	 122.8935	   0.0006	 4.000
05/26/2020 04:05:39 - INFO - __main__ -   	Epoch	TRAIN	05	50	 118.4545	 118.4516	   0.0007	 4.000
05/26/2020 04:05:48 - INFO - __main__ -   	Step	VALID	0000	6	 125.0106	 125.0099	   0.0008	 4.000
05/26/2020 04:05:52 - INFO - __main__ -   	Step	VALID	0006	6	 115.1492	 115.1485	   0.0007	 4.000
05/26/2020 04:05:53 - INFO - __main__ -   	Epoch	VALID	05	50	 116.0413	 116.0405	   0.0007	 4.000
05/26/2020 04:05:57 - INFO - __main__ -   	Step	TRAIN	0000	82	 115.9003	 115.8973	   0.0008	 4.000
05/26/2020 04:06:05 - INFO - __main__ -   	Step	TRAIN	0050	82	 120.4179	 120.4156	   0.0006	 4.000
05/26/2020 04:06:09 - INFO - __main__ -   	Step	TRAIN	0082	82	 116.3171	 116.3149	   0.0006	 4.000
05/26/2020 04:06:10 - INFO - __main__ -   	Epoch	TRAIN	06	50	 116.3780	 116.3755	   0.0006	 4.000
05/26/2020 04:06:16 - INFO - __main__ -   	Step	VALID	0000	6	 123.8810	 123.8803	   0.0008	 4.000
05/26/2020 04:06:20 - INFO - __main__ -   	Step	VALID	0006	6	 113.7111	 113.7104	   0.0007	 4.000
05/26/2020 04:06:22 - INFO - __main__ -   	Epoch	VALID	06	50	 114.6383	 114.6376	   0.0007	 4.000
05/26/2020 04:06:26 - INFO - __main__ -   	Step	TRAIN	0000	82	 115.9191	 115.9162	   0.0007	 4.000
05/26/2020 04:06:33 - INFO - __main__ -   	Step	TRAIN	0050	82	 116.5462	 116.5442	   0.0005	 4.000
05/26/2020 04:06:38 - INFO - __main__ -   	Step	TRAIN	0082	82	 108.0855	 108.0834	   0.0005	 4.000
05/26/2020 04:06:39 - INFO - __main__ -   	Epoch	TRAIN	07	50	 114.5564	 114.5542	   0.0005	 4.000
05/26/2020 04:06:50 - INFO - __main__ -   	Step	VALID	0000	6	 122.8757	 122.8751	   0.0006	 4.000
05/26/2020 04:06:54 - INFO - __main__ -   	Step	VALID	0006	6	 112.7115	 112.7108	   0.0007	 4.000
05/26/2020 04:06:56 - INFO - __main__ -   	Epoch	VALID	07	50	 113.5471	 113.5465	   0.0007	 4.000
05/26/2020 04:06:59 - INFO - __main__ -   	Step	TRAIN	0000	82	 115.1693	 115.1666	   0.0007	 4.000
05/26/2020 04:07:07 - INFO - __main__ -   	Step	TRAIN	0050	82	 111.4900	 111.4883	   0.0004	 4.000
05/26/2020 04:07:11 - INFO - __main__ -   	Step	TRAIN	0082	82	 113.4346	 113.4327	   0.0005	 4.000
05/26/2020 04:07:12 - INFO - __main__ -   	Epoch	TRAIN	08	50	 113.0543	 113.0526	   0.0004	 4.000
05/26/2020 04:07:18 - INFO - __main__ -   	Step	VALID	0000	6	 122.3466	 122.3463	   0.0003	 4.000
05/26/2020 04:07:22 - INFO - __main__ -   	Step	VALID	0006	6	 111.8264	 111.8261	   0.0003	 4.000
05/26/2020 04:07:24 - INFO - __main__ -   	Epoch	VALID	08	50	 112.6292	 112.6289	   0.0003	 4.000
05/26/2020 04:07:27 - INFO - __main__ -   	Step	TRAIN	0000	82	 114.9668	 114.9654	   0.0004	 4.000
05/26/2020 04:07:34 - INFO - __main__ -   	Step	TRAIN	0050	82	 114.0512	 114.0497	   0.0004	 4.000
05/26/2020 04:07:39 - INFO - __main__ -   	Step	TRAIN	0082	82	 112.3077	 112.3064	   0.0003	 4.000
05/26/2020 04:07:40 - INFO - __main__ -   	Epoch	TRAIN	09	50	 111.6875	 111.6860	   0.0004	 4.000
05/26/2020 04:07:50 - INFO - __main__ -   	Step	VALID	0000	6	 121.7178	 121.7175	   0.0003	 4.000
05/26/2020 04:07:53 - INFO - __main__ -   	Step	VALID	0006	6	 110.9820	 110.9816	   0.0004	 4.000
05/26/2020 04:07:55 - INFO - __main__ -   	Epoch	VALID	09	50	 111.8806	 111.8803	   0.0004	 4.000
05/26/2020 04:07:59 - INFO - __main__ -   	Step	TRAIN	0000	82	 109.2973	 109.2958	   0.0004	 4.000
05/26/2020 04:08:07 - INFO - __main__ -   	Step	TRAIN	0050	82	 110.6322	 110.6309	   0.0003	 4.000
05/26/2020 04:08:11 - INFO - __main__ -   	Step	TRAIN	0082	82	 105.9448	 105.9436	   0.0003	 4.000
05/26/2020 04:08:13 - INFO - __main__ -   	Epoch	TRAIN	10	50	 110.3533	 110.3518	   0.0004	 4.000
05/26/2020 04:08:18 - INFO - __main__ -   	Step	VALID	0000	6	 121.1257	 121.1253	   0.0004	 4.000
05/26/2020 04:08:22 - INFO - __main__ -   	Step	VALID	0006	6	 110.2089	 110.2085	   0.0004	 4.000
05/26/2020 04:08:23 - INFO - __main__ -   	Epoch	VALID	10	50	 111.0994	 111.0990	   0.0004	 4.000
05/26/2020 04:08:27 - INFO - __main__ -   	Step	TRAIN	0000	82	 106.4107	 106.4091	   0.0004	 4.000
05/26/2020 04:08:34 - INFO - __main__ -   	Step	TRAIN	0050	82	 111.4016	 111.4007	   0.0002	 4.000
05/26/2020 04:08:39 - INFO - __main__ -   	Step	TRAIN	0082	82	 103.9902	 103.9890	   0.0003	 4.000
05/26/2020 04:08:41 - INFO - __main__ -   	Epoch	TRAIN	11	50	 109.1921	 109.1909	   0.0003	 4.000
05/26/2020 04:08:48 - INFO - __main__ -   	Step	VALID	0000	6	 120.8083	 120.8077	   0.0006	 4.000
05/26/2020 04:08:51 - INFO - __main__ -   	Step	VALID	0006	6	 109.6919	 109.6913	   0.0006	 4.000
05/26/2020 04:08:53 - INFO - __main__ -   	Epoch	VALID	11	50	 110.5962	 110.5956	   0.0006	 4.000
05/26/2020 04:08:57 - INFO - __main__ -   	Step	TRAIN	0000	82	 106.0534	 106.0511	   0.0006	 4.000
05/26/2020 04:09:05 - INFO - __main__ -   	Step	TRAIN	0050	82	 112.7855	 112.7845	   0.0003	 4.000
05/26/2020 04:09:09 - INFO - __main__ -   	Step	TRAIN	0082	82	 112.4652	 112.4643	   0.0002	 4.000
05/26/2020 04:09:11 - INFO - __main__ -   	Epoch	TRAIN	12	50	 108.1897	 108.1885	   0.0003	 4.000
05/26/2020 04:09:18 - INFO - __main__ -   	Step	VALID	0000	6	 120.3112	 120.3109	   0.0003	 4.000
05/26/2020 04:09:22 - INFO - __main__ -   	Step	VALID	0006	6	 109.0442	 109.0439	   0.0003	 4.000
05/26/2020 04:09:23 - INFO - __main__ -   	Epoch	VALID	12	50	 109.9991	 109.9988	   0.0003	 4.000
05/26/2020 04:09:27 - INFO - __main__ -   	Step	TRAIN	0000	82	 104.7645	 104.7632	   0.0003	 4.000
05/26/2020 04:09:34 - INFO - __main__ -   	Step	TRAIN	0050	82	 107.4811	 107.4801	   0.0002	 4.000
05/26/2020 04:09:39 - INFO - __main__ -   	Step	TRAIN	0082	82	 105.9730	 105.9716	   0.0004	 4.000
05/26/2020 04:09:40 - INFO - __main__ -   	Epoch	TRAIN	13	50	 107.1311	 107.1300	   0.0003	 4.000
05/26/2020 04:09:43 - INFO - __main__ -   	Step	VALID	0000	6	 120.0427	 120.0423	   0.0004	 4.000
05/26/2020 04:09:47 - INFO - __main__ -   	Step	VALID	0006	6	 108.6601	 108.6597	   0.0004	 4.000
05/26/2020 04:09:48 - INFO - __main__ -   	Epoch	VALID	13	50	 109.5555	 109.5550	   0.0004	 4.000
05/26/2020 04:09:52 - INFO - __main__ -   	Step	TRAIN	0000	82	 103.2102	 103.2085	   0.0004	 4.000
05/26/2020 04:10:00 - INFO - __main__ -   	Step	TRAIN	0050	82	 110.0812	 110.0804	   0.0002	 4.000
05/26/2020 04:10:05 - INFO - __main__ -   	Step	TRAIN	0082	82	 106.7413	 106.7404	   0.0002	 4.000
05/26/2020 04:10:06 - INFO - __main__ -   	Epoch	TRAIN	14	50	 106.1808	 106.1799	   0.0002	 4.000
05/26/2020 04:10:10 - INFO - __main__ -   	Step	VALID	0000	6	 119.6903	 119.6900	   0.0003	 4.000
05/26/2020 04:10:14 - INFO - __main__ -   	Step	VALID	0006	6	 108.0734	 108.0731	   0.0003	 4.000
05/26/2020 04:10:15 - INFO - __main__ -   	Epoch	VALID	14	50	 109.1046	 109.1043	   0.0003	 4.000
05/26/2020 04:10:19 - INFO - __main__ -   	Step	TRAIN	0000	82	 105.0303	 105.0290	   0.0003	 4.000
05/26/2020 04:10:26 - INFO - __main__ -   	Step	TRAIN	0050	82	 104.6002	 104.5994	   0.0002	 4.000
05/26/2020 04:10:31 - INFO - __main__ -   	Step	TRAIN	0082	82	 110.9219	 110.9209	   0.0003	 4.000
05/26/2020 04:10:32 - INFO - __main__ -   	Epoch	TRAIN	15	50	 105.3451	 105.3441	   0.0002	 4.000
05/26/2020 04:10:40 - INFO - __main__ -   	Step	VALID	0000	6	 119.6242	 119.6239	   0.0002	 4.000
05/26/2020 04:10:43 - INFO - __main__ -   	Step	VALID	0006	6	 107.7820	 107.7818	   0.0002	 4.000
05/26/2020 04:10:45 - INFO - __main__ -   	Epoch	VALID	15	50	 108.7829	 108.7827	   0.0002	 4.000
05/26/2020 04:10:49 - INFO - __main__ -   	Step	TRAIN	0000	82	 105.3984	 105.3974	   0.0002	 4.000
05/26/2020 04:10:57 - INFO - __main__ -   	Step	TRAIN	0050	82	 105.8912	 105.8904	   0.0002	 4.000
05/26/2020 04:11:01 - INFO - __main__ -   	Step	TRAIN	0082	82	  99.2191	  99.2184	   0.0002	 4.000
05/26/2020 04:11:03 - INFO - __main__ -   	Epoch	TRAIN	16	50	 104.4197	 104.4189	   0.0002	 4.000
05/26/2020 04:11:12 - INFO - __main__ -   	Step	VALID	0000	6	 119.1864	 119.1863	   0.0002	 4.000
05/26/2020 04:11:16 - INFO - __main__ -   	Step	VALID	0006	6	 107.3402	 107.3400	   0.0002	 4.000
05/26/2020 04:11:18 - INFO - __main__ -   	Epoch	VALID	16	50	 108.3570	 108.3568	   0.0002	 4.000
05/26/2020 04:11:22 - INFO - __main__ -   	Step	TRAIN	0000	82	 103.5267	 103.5259	   0.0002	 4.000
05/26/2020 04:11:30 - INFO - __main__ -   	Step	TRAIN	0050	82	 104.5390	 104.5385	   0.0001	 4.000
05/26/2020 04:11:35 - INFO - __main__ -   	Step	TRAIN	0082	82	 103.5939	 103.5933	   0.0002	 4.000
05/26/2020 04:11:36 - INFO - __main__ -   	Epoch	TRAIN	17	50	 103.6680	 103.6673	   0.0002	 4.000
05/26/2020 04:11:43 - INFO - __main__ -   	Step	VALID	0000	6	 119.0173	 119.0171	   0.0002	 4.000
05/26/2020 04:11:47 - INFO - __main__ -   	Step	VALID	0006	6	 107.1771	 107.1769	   0.0002	 4.000
05/26/2020 04:11:48 - INFO - __main__ -   	Epoch	VALID	17	50	 108.1761	 108.1759	   0.0002	 4.000
05/26/2020 04:11:52 - INFO - __main__ -   	Step	TRAIN	0000	82	  95.8849	  95.8841	   0.0002	 4.000
05/26/2020 04:12:00 - INFO - __main__ -   	Step	TRAIN	0050	82	 104.9983	 104.9975	   0.0002	 4.000
05/26/2020 04:12:05 - INFO - __main__ -   	Step	TRAIN	0082	82	  96.7730	  96.7723	   0.0002	 4.000
05/26/2020 04:12:06 - INFO - __main__ -   	Epoch	TRAIN	18	50	 102.8967	 102.8959	   0.0002	 4.000
05/26/2020 04:12:10 - INFO - __main__ -   	Step	VALID	0000	6	 118.9492	 118.9489	   0.0002	 4.000
05/26/2020 04:12:13 - INFO - __main__ -   	Step	VALID	0006	6	 106.9520	 106.9518	   0.0002	 4.000
05/26/2020 04:12:15 - INFO - __main__ -   	Epoch	VALID	18	50	 107.9237	 107.9234	   0.0002	 4.000
05/26/2020 04:12:19 - INFO - __main__ -   	Step	TRAIN	0000	82	 102.7139	 102.7129	   0.0002	 4.000
05/26/2020 04:12:26 - INFO - __main__ -   	Step	TRAIN	0050	82	 102.5194	 102.5187	   0.0002	 4.000
05/26/2020 04:12:31 - INFO - __main__ -   	Step	TRAIN	0082	82	  93.7391	  93.7383	   0.0002	 4.000
05/26/2020 04:12:32 - INFO - __main__ -   	Epoch	TRAIN	19	50	 102.1257	 102.1250	   0.0002	 4.000
05/26/2020 04:12:36 - INFO - __main__ -   	Step	VALID	0000	6	 118.8368	 118.8365	   0.0003	 4.000
05/26/2020 04:12:40 - INFO - __main__ -   	Step	VALID	0006	6	 106.9550	 106.9547	   0.0003	 4.000
05/26/2020 04:12:42 - INFO - __main__ -   	Epoch	VALID	19	50	 107.8113	 107.8110	   0.0003	 4.000
05/26/2020 04:12:46 - INFO - __main__ -   	Step	TRAIN	0000	82	  94.7943	  94.7932	   0.0003	 4.000
05/26/2020 04:12:57 - INFO - __main__ -   	Step	TRAIN	0050	82	 100.3702	 100.3695	   0.0002	 4.000
05/26/2020 04:13:02 - INFO - __main__ -   	Step	TRAIN	0082	82	 106.1260	 106.1254	   0.0001	 4.000
05/26/2020 04:13:03 - INFO - __main__ -   	Epoch	TRAIN	20	50	 101.6183	 101.6176	   0.0002	 4.000
05/26/2020 04:13:08 - INFO - __main__ -   	Step	VALID	0000	6	 118.6890	 118.6888	   0.0002	 4.000
05/26/2020 04:13:11 - INFO - __main__ -   	Step	VALID	0006	6	 106.6458	 106.6456	   0.0002	 4.000
05/26/2020 04:13:13 - INFO - __main__ -   	Epoch	VALID	20	50	 107.5353	 107.5351	   0.0002	 4.000
05/26/2020 04:13:17 - INFO - __main__ -   	Step	TRAIN	0000	82	 103.4607	 103.4600	   0.0002	 4.000
05/26/2020 04:13:24 - INFO - __main__ -   	Step	TRAIN	0050	82	  98.4196	  98.4190	   0.0002	 4.000
05/26/2020 04:13:29 - INFO - __main__ -   	Step	TRAIN	0082	82	 101.3143	 101.3136	   0.0002	 4.000
05/26/2020 04:13:30 - INFO - __main__ -   	Epoch	TRAIN	21	50	 100.9145	 100.9139	   0.0002	 4.000
05/26/2020 04:13:37 - INFO - __main__ -   	Step	VALID	0000	6	 118.6868	 118.6867	   0.0002	 4.000
05/26/2020 04:13:40 - INFO - __main__ -   	Step	VALID	0006	6	 106.4850	 106.4849	   0.0001	 4.000
05/26/2020 04:13:42 - INFO - __main__ -   	Epoch	VALID	21	50	 107.3995	 107.3993	   0.0001	 4.000
05/26/2020 04:13:46 - INFO - __main__ -   	Step	TRAIN	0000	82	  99.4827	  99.4821	   0.0002	 4.000
05/26/2020 04:13:53 - INFO - __main__ -   	Step	TRAIN	0050	82	  99.5469	  99.5462	   0.0002	 4.000
05/26/2020 04:13:58 - INFO - __main__ -   	Step	TRAIN	0082	82	 108.4604	 108.4598	   0.0002	 4.000
05/26/2020 04:13:59 - INFO - __main__ -   	Epoch	TRAIN	22	50	 100.4034	 100.4028	   0.0002	 4.000
05/26/2020 04:14:06 - INFO - __main__ -   	Step	VALID	0000	6	 118.5156	 118.5154	   0.0003	 4.000
05/26/2020 04:14:10 - INFO - __main__ -   	Step	VALID	0006	6	 106.2849	 106.2846	   0.0003	 4.000
05/26/2020 04:14:12 - INFO - __main__ -   	Epoch	VALID	22	50	 107.2134	 107.2131	   0.0003	 4.000
05/26/2020 04:14:15 - INFO - __main__ -   	Step	TRAIN	0000	82	 100.6786	 100.6775	   0.0003	 4.000
05/26/2020 04:14:23 - INFO - __main__ -   	Step	TRAIN	0050	82	 100.9432	 100.9426	   0.0001	 4.000
05/26/2020 04:14:28 - INFO - __main__ -   	Step	TRAIN	0082	82	 102.8058	 102.8051	   0.0002	 4.000
05/26/2020 04:14:29 - INFO - __main__ -   	Epoch	TRAIN	23	50	  99.7211	  99.7205	   0.0001	 4.000
05/26/2020 04:14:33 - INFO - __main__ -   	Step	VALID	0000	6	 118.6441	 118.6440	   0.0001	 4.000
05/26/2020 04:14:36 - INFO - __main__ -   	Step	VALID	0006	6	 106.2891	 106.2890	   0.0002	 4.000
05/26/2020 04:14:38 - INFO - __main__ -   	Epoch	VALID	23	50	 107.1946	 107.1944	   0.0002	 4.000
05/26/2020 04:14:42 - INFO - __main__ -   	Step	TRAIN	0000	82	  99.6896	  99.6890	   0.0001	 4.000
05/26/2020 04:14:50 - INFO - __main__ -   	Step	TRAIN	0050	82	  95.6169	  95.6162	   0.0002	 4.000
05/26/2020 04:14:54 - INFO - __main__ -   	Step	TRAIN	0082	82	  97.1923	  97.1914	   0.0002	 4.000
05/26/2020 04:14:55 - INFO - __main__ -   	Epoch	TRAIN	24	50	  99.1695	  99.1689	   0.0002	 4.000
05/26/2020 04:15:01 - INFO - __main__ -   	Step	VALID	0000	6	 118.4467	 118.4463	   0.0004	 4.000
05/26/2020 04:15:04 - INFO - __main__ -   	Step	VALID	0006	6	 106.1408	 106.1404	   0.0003	 4.000
05/26/2020 04:15:06 - INFO - __main__ -   	Epoch	VALID	24	50	 107.0501	 107.0497	   0.0003	 4.000
05/26/2020 04:15:09 - INFO - __main__ -   	Step	TRAIN	0000	82	 100.6064	 100.6050	   0.0003	 4.000
05/26/2020 04:15:16 - INFO - __main__ -   	Step	TRAIN	0050	82	  98.4899	  98.4893	   0.0001	 4.000
05/26/2020 04:15:21 - INFO - __main__ -   	Step	TRAIN	0082	82	  99.9532	  99.9526	   0.0002	 4.000
05/26/2020 04:15:22 - INFO - __main__ -   	Epoch	TRAIN	25	50	  98.6614	  98.6607	   0.0002	 4.000
05/26/2020 04:15:30 - INFO - __main__ -   	Step	VALID	0000	6	 118.4268	 118.4266	   0.0002	 4.000
05/26/2020 04:15:34 - INFO - __main__ -   	Step	VALID	0006	6	 105.9950	 105.9949	   0.0002	 4.000
05/26/2020 04:15:35 - INFO - __main__ -   	Epoch	VALID	25	50	 106.9311	 106.9310	   0.0002	 4.000
05/26/2020 04:15:40 - INFO - __main__ -   	Step	TRAIN	0000	82	  96.4208	  96.4200	   0.0002	 4.000
05/26/2020 04:15:47 - INFO - __main__ -   	Step	TRAIN	0050	82	  96.4440	  96.4435	   0.0001	 4.000
05/26/2020 04:15:52 - INFO - __main__ -   	Step	TRAIN	0082	82	 103.3895	 103.3888	   0.0002	 4.000
05/26/2020 04:15:53 - INFO - __main__ -   	Epoch	TRAIN	26	50	  98.1700	  98.1694	   0.0001	 4.000
05/26/2020 04:16:02 - INFO - __main__ -   	Step	VALID	0000	6	 118.4384	 118.4381	   0.0003	 4.000
05/26/2020 04:16:06 - INFO - __main__ -   	Step	VALID	0006	6	 105.8635	 105.8633	   0.0002	 4.000
05/26/2020 04:16:08 - INFO - __main__ -   	Epoch	VALID	26	50	 106.8936	 106.8933	   0.0002	 4.000
05/26/2020 04:16:11 - INFO - __main__ -   	Step	TRAIN	0000	82	  96.3656	  96.3646	   0.0003	 4.000
05/26/2020 04:16:19 - INFO - __main__ -   	Step	TRAIN	0050	82	  99.5801	  99.5798	   0.0001	 4.000
05/26/2020 04:16:23 - INFO - __main__ -   	Step	TRAIN	0082	82	  89.8729	  89.8723	   0.0001	 4.000
05/26/2020 04:16:24 - INFO - __main__ -   	Epoch	TRAIN	27	50	  97.5702	  97.5697	   0.0001	 4.000
05/26/2020 04:16:30 - INFO - __main__ -   	Step	VALID	0000	6	 118.6546	 118.6544	   0.0001	 4.000
05/26/2020 04:16:34 - INFO - __main__ -   	Step	VALID	0006	6	 105.8188	 105.8187	   0.0001	 4.000
05/26/2020 04:16:35 - INFO - __main__ -   	Epoch	VALID	27	50	 106.9029	 106.9028	   0.0001	 4.000
05/26/2020 04:16:39 - INFO - __main__ -   	Step	TRAIN	0000	82	  97.1272	  97.1266	   0.0001	 4.000
05/26/2020 04:16:46 - INFO - __main__ -   	Step	TRAIN	0050	82	  98.8529	  98.8524	   0.0001	 4.000
05/26/2020 04:16:51 - INFO - __main__ -   	Step	TRAIN	0082	82	 100.4819	 100.4814	   0.0001	 4.000
05/26/2020 04:16:52 - INFO - __main__ -   	Epoch	TRAIN	28	50	  97.1733	  97.1728	   0.0001	 4.000
05/26/2020 04:17:00 - INFO - __main__ -   	Step	VALID	0000	6	 118.3998	 118.3996	   0.0002	 4.000
05/26/2020 04:17:03 - INFO - __main__ -   	Step	VALID	0006	6	 105.8653	 105.8651	   0.0002	 4.000
05/26/2020 04:17:05 - INFO - __main__ -   	Epoch	VALID	28	50	 106.7623	 106.7621	   0.0002	 4.000
05/26/2020 04:17:08 - INFO - __main__ -   	Step	TRAIN	0000	82	  95.0948	  95.0940	   0.0002	 4.000
05/26/2020 04:17:16 - INFO - __main__ -   	Step	TRAIN	0050	82	  98.4130	  98.4124	   0.0001	 4.000
05/26/2020 04:17:21 - INFO - __main__ -   	Step	TRAIN	0082	82	  96.0632	  96.0627	   0.0001	 4.000
05/26/2020 04:17:22 - INFO - __main__ -   	Epoch	TRAIN	29	50	  96.6886	  96.6880	   0.0001	 4.000
05/26/2020 04:17:27 - INFO - __main__ -   	Step	VALID	0000	6	 118.4760	 118.4758	   0.0002	 4.000
05/26/2020 04:17:31 - INFO - __main__ -   	Step	VALID	0006	6	 105.8042	 105.8040	   0.0002	 4.000
05/26/2020 04:17:32 - INFO - __main__ -   	Epoch	VALID	29	50	 106.8076	 106.8074	   0.0002	 4.000
05/26/2020 04:17:37 - INFO - __main__ -   	Step	TRAIN	0000	82	  97.0263	  97.0256	   0.0002	 4.000
05/26/2020 04:17:44 - INFO - __main__ -   	Step	TRAIN	0050	82	  98.8217	  98.8213	   0.0001	 4.000
05/26/2020 04:17:49 - INFO - __main__ -   	Step	TRAIN	0082	82	  99.2012	  99.2009	   0.0001	 4.000
05/26/2020 04:17:50 - INFO - __main__ -   	Epoch	TRAIN	30	50	  96.2784	  96.2779	   0.0001	 4.000
05/26/2020 04:17:55 - INFO - __main__ -   	Step	VALID	0000	6	 118.5095	 118.5093	   0.0001	 4.000
05/26/2020 04:17:58 - INFO - __main__ -   	Step	VALID	0006	6	 105.6569	 105.6567	   0.0001	 4.000
05/26/2020 04:18:00 - INFO - __main__ -   	Epoch	VALID	30	50	 106.7279	 106.7277	   0.0001	 4.000
05/26/2020 04:18:04 - INFO - __main__ -   	Step	TRAIN	0000	82	  94.6585	  94.6580	   0.0001	 4.000
05/26/2020 04:18:12 - INFO - __main__ -   	Step	TRAIN	0050	82	  92.5121	  92.5117	   0.0001	 4.000
05/26/2020 04:18:16 - INFO - __main__ -   	Step	TRAIN	0082	82	 104.2808	 104.2804	   0.0001	 4.000
05/26/2020 04:18:18 - INFO - __main__ -   	Epoch	TRAIN	31	50	  95.8930	  95.8926	   0.0001	 4.000
05/26/2020 04:18:24 - INFO - __main__ -   	Step	VALID	0000	6	 118.4329	 118.4328	   0.0002	 4.000
05/26/2020 04:18:28 - INFO - __main__ -   	Step	VALID	0006	6	 105.6333	 105.6331	   0.0002	 4.000
05/26/2020 04:18:29 - INFO - __main__ -   	Epoch	VALID	31	50	 106.7340	 106.7338	   0.0002	 4.000
05/26/2020 04:18:33 - INFO - __main__ -   	Step	TRAIN	0000	82	  95.1049	  95.1043	   0.0002	 4.000
05/26/2020 04:18:41 - INFO - __main__ -   	Step	TRAIN	0050	82	  97.2511	  97.2507	   0.0001	 4.000
05/26/2020 04:18:45 - INFO - __main__ -   	Step	TRAIN	0082	82	 103.1013	 103.1010	   0.0001	 4.000
05/26/2020 04:18:46 - INFO - __main__ -   	Epoch	TRAIN	32	50	  95.5091	  95.5087	   0.0001	 4.000
05/26/2020 04:18:53 - INFO - __main__ -   	Step	VALID	0000	6	 118.6231	 118.6230	   0.0001	 4.000
05/26/2020 04:18:57 - INFO - __main__ -   	Step	VALID	0006	6	 105.7486	 105.7485	   0.0001	 4.000
05/26/2020 04:18:58 - INFO - __main__ -   	Epoch	VALID	32	50	 106.7322	 106.7320	   0.0001	 4.000
05/26/2020 04:19:02 - INFO - __main__ -   	Step	TRAIN	0000	82	  92.5786	  92.5780	   0.0001	 4.000
05/26/2020 04:19:09 - INFO - __main__ -   	Step	TRAIN	0050	82	  93.4758	  93.4753	   0.0001	 4.000
05/26/2020 04:19:14 - INFO - __main__ -   	Step	TRAIN	0082	82	  87.2035	  87.2030	   0.0001	 4.000
05/26/2020 04:19:15 - INFO - __main__ -   	Epoch	TRAIN	33	50	  94.9500	  94.9495	   0.0001	 4.000
05/26/2020 04:19:31 - INFO - __main__ -   	Step	VALID	0000	6	 118.5426	 118.5425	   0.0001	 4.000
05/26/2020 04:19:34 - INFO - __main__ -   	Step	VALID	0006	6	 105.6022	 105.6020	   0.0001	 4.000
05/26/2020 04:19:36 - INFO - __main__ -   	Epoch	VALID	33	50	 106.6856	 106.6854	   0.0001	 4.000
05/26/2020 04:19:40 - INFO - __main__ -   	Step	TRAIN	0000	82	  94.5183	  94.5177	   0.0001	 4.000
05/26/2020 04:19:48 - INFO - __main__ -   	Step	TRAIN	0050	82	  94.6554	  94.6550	   0.0001	 4.000
05/26/2020 04:19:52 - INFO - __main__ -   	Step	TRAIN	0082	82	  90.1706	  90.1702	   0.0001	 4.000
05/26/2020 04:19:54 - INFO - __main__ -   	Epoch	TRAIN	34	50	  94.5633	  94.5628	   0.0001	 4.000
05/26/2020 04:19:57 - INFO - __main__ -   	Step	VALID	0000	6	 118.6155	 118.6153	   0.0002	 4.000
05/26/2020 04:20:00 - INFO - __main__ -   	Step	VALID	0006	6	 105.6212	 105.6210	   0.0001	 4.000
05/26/2020 04:20:02 - INFO - __main__ -   	Epoch	VALID	34	50	 106.6756	 106.6754	   0.0001	 4.000
05/26/2020 04:20:05 - INFO - __main__ -   	Step	TRAIN	0000	82	  92.1373	  92.1367	   0.0001	 4.000
05/26/2020 04:20:13 - INFO - __main__ -   	Step	TRAIN	0050	82	  96.3553	  96.3549	   0.0001	 4.000
05/26/2020 04:20:17 - INFO - __main__ -   	Step	TRAIN	0082	82	  91.8955	  91.8951	   0.0001	 4.000
05/26/2020 04:20:18 - INFO - __main__ -   	Epoch	TRAIN	35	50	  94.2109	  94.2104	   0.0001	 4.000
05/26/2020 04:20:22 - INFO - __main__ -   	Step	VALID	0000	6	 118.6843	 118.6842	   0.0001	 4.000
05/26/2020 04:20:25 - INFO - __main__ -   	Step	VALID	0006	6	 105.6609	 105.6607	   0.0001	 4.000
05/26/2020 04:20:27 - INFO - __main__ -   	Epoch	VALID	35	50	 106.7735	 106.7734	   0.0001	 4.000
05/26/2020 04:20:31 - INFO - __main__ -   	Step	TRAIN	0000	82	  90.7299	  90.7294	   0.0001	 4.000
05/26/2020 04:20:38 - INFO - __main__ -   	Step	TRAIN	0050	82	  93.6070	  93.6066	   0.0001	 4.000
05/26/2020 04:20:43 - INFO - __main__ -   	Step	TRAIN	0082	82	  94.8751	  94.8747	   0.0001	 4.000
05/26/2020 04:20:44 - INFO - __main__ -   	Epoch	TRAIN	36	50	  93.8960	  93.8955	   0.0001	 4.000
05/26/2020 04:20:52 - INFO - __main__ -   	Step	VALID	0000	6	 118.7192	 118.7191	   0.0001	 4.000
05/26/2020 04:20:56 - INFO - __main__ -   	Step	VALID	0006	6	 105.6426	 105.6424	   0.0001	 4.000
05/26/2020 04:20:57 - INFO - __main__ -   	Epoch	VALID	36	50	 106.7435	 106.7434	   0.0001	 4.000
05/26/2020 04:21:01 - INFO - __main__ -   	Step	TRAIN	0000	82	  91.6072	  91.6066	   0.0001	 4.000
05/26/2020 04:21:08 - INFO - __main__ -   	Step	TRAIN	0050	82	  96.0045	  96.0039	   0.0002	 4.000
05/26/2020 04:21:13 - INFO - __main__ -   	Step	TRAIN	0082	82	  92.9271	  92.9267	   0.0001	 4.000
05/26/2020 04:21:14 - INFO - __main__ -   	Epoch	TRAIN	37	50	  93.5045	  93.5041	   0.0001	 4.000
05/26/2020 04:21:22 - INFO - __main__ -   	Step	VALID	0000	6	 118.8413	 118.8412	   0.0002	 4.000
05/26/2020 04:21:25 - INFO - __main__ -   	Step	VALID	0006	6	 105.7799	 105.7797	   0.0002	 4.000
05/26/2020 04:21:27 - INFO - __main__ -   	Epoch	VALID	37	50	 106.8088	 106.8086	   0.0002	 4.000
05/26/2020 04:21:30 - INFO - __main__ -   	Step	TRAIN	0000	82	  94.0065	  94.0059	   0.0002	 4.000
05/26/2020 04:21:37 - INFO - __main__ -   	Step	TRAIN	0050	82	  96.2956	  96.2951	   0.0001	 4.000
05/26/2020 04:21:42 - INFO - __main__ -   	Step	TRAIN	0082	82	  94.0641	  94.0638	   0.0001	 4.000
05/26/2020 04:21:44 - INFO - __main__ -   	Epoch	TRAIN	38	50	  93.2216	  93.2211	   0.0001	 4.000
05/26/2020 04:21:49 - INFO - __main__ -   	Step	VALID	0000	6	 118.9403	 118.9401	   0.0001	 4.000
05/26/2020 04:21:52 - INFO - __main__ -   	Step	VALID	0006	6	 105.6043	 105.6042	   0.0001	 4.000
05/26/2020 04:21:54 - INFO - __main__ -   	Epoch	VALID	38	50	 106.8330	 106.8329	   0.0001	 4.000
05/26/2020 04:21:57 - INFO - __main__ -   	Step	TRAIN	0000	82	  93.4062	  93.4058	   0.0001	 4.000
05/26/2020 04:22:04 - INFO - __main__ -   	Step	TRAIN	0050	82	  94.9019	  94.9015	   0.0001	 4.000
05/26/2020 04:22:09 - INFO - __main__ -   	Step	TRAIN	0082	82	  90.3903	  90.3899	   0.0001	 4.000
05/26/2020 04:22:11 - INFO - __main__ -   	Epoch	TRAIN	39	50	  92.8511	  92.8507	   0.0001	 4.000
05/26/2020 04:22:23 - INFO - __main__ -   	Step	VALID	0000	6	 119.0262	 119.0260	   0.0002	 4.000
05/26/2020 04:22:26 - INFO - __main__ -   	Step	VALID	0006	6	 105.6766	 105.6764	   0.0002	 4.000
05/26/2020 04:22:28 - INFO - __main__ -   	Epoch	VALID	39	50	 106.8639	 106.8638	   0.0002	 4.000
05/26/2020 04:22:32 - INFO - __main__ -   	Step	TRAIN	0000	82	  91.6171	  91.6164	   0.0002	 4.000
05/26/2020 04:22:39 - INFO - __main__ -   	Step	TRAIN	0050	82	  94.7612	  94.7610	   0.0001	 4.000
05/26/2020 04:22:44 - INFO - __main__ -   	Step	TRAIN	0082	82	  89.6797	  89.6793	   0.0001	 4.000
05/26/2020 04:22:45 - INFO - __main__ -   	Epoch	TRAIN	40	50	  92.5203	  92.5198	   0.0001	 4.000
05/26/2020 04:22:48 - INFO - __main__ -   	Step	VALID	0000	6	 119.0502	 119.0501	   0.0001	 4.000
05/26/2020 04:22:52 - INFO - __main__ -   	Step	VALID	0006	6	 105.7380	 105.7378	   0.0001	 4.000
05/26/2020 04:22:53 - INFO - __main__ -   	Epoch	VALID	40	50	 106.8638	 106.8637	   0.0001	 4.000
05/26/2020 04:22:57 - INFO - __main__ -   	Step	TRAIN	0000	82	  92.9797	  92.9792	   0.0001	 4.000
05/26/2020 04:23:05 - INFO - __main__ -   	Step	TRAIN	0050	82	  92.2986	  92.2983	   0.0001	 4.000
05/26/2020 04:23:09 - INFO - __main__ -   	Step	TRAIN	0082	82	  96.0389	  96.0385	   0.0001	 4.000
05/26/2020 04:23:11 - INFO - __main__ -   	Epoch	TRAIN	41	50	  92.2544	  92.2540	   0.0001	 4.000
05/26/2020 04:23:22 - INFO - __main__ -   	Step	VALID	0000	6	 119.1884	 119.1883	   0.0001	 4.000
05/26/2020 04:23:25 - INFO - __main__ -   	Step	VALID	0006	6	 105.7985	 105.7984	   0.0001	 4.000
05/26/2020 04:23:27 - INFO - __main__ -   	Epoch	VALID	41	50	 106.9165	 106.9164	   0.0001	 4.000
05/26/2020 04:23:32 - INFO - __main__ -   	Step	TRAIN	0000	82	  90.7344	  90.7340	   0.0001	 4.000
05/26/2020 04:23:39 - INFO - __main__ -   	Step	TRAIN	0050	82	  94.1440	  94.1437	   0.0001	 4.000
05/26/2020 04:23:44 - INFO - __main__ -   	Step	TRAIN	0082	82	  99.2637	  99.2633	   0.0001	 4.000
05/26/2020 04:23:45 - INFO - __main__ -   	Epoch	TRAIN	42	50	  92.0142	  92.0139	   0.0001	 4.000
05/26/2020 04:23:48 - INFO - __main__ -   	Step	VALID	0000	6	 119.2532	 119.2530	   0.0001	 4.000
05/26/2020 04:23:52 - INFO - __main__ -   	Step	VALID	0006	6	 105.7987	 105.7986	   0.0001	 4.000
05/26/2020 04:23:53 - INFO - __main__ -   	Epoch	VALID	42	50	 106.9754	 106.9753	   0.0001	 4.000
05/26/2020 04:23:57 - INFO - __main__ -   	Step	TRAIN	0000	82	  92.0163	  92.0158	   0.0001	 4.000
05/26/2020 04:24:04 - INFO - __main__ -   	Step	TRAIN	0050	82	  90.4929	  90.4926	   0.0001	 4.000
05/26/2020 04:24:09 - INFO - __main__ -   	Step	TRAIN	0082	82	  80.9192	  80.9189	   0.0001	 4.000
05/26/2020 04:24:10 - INFO - __main__ -   	Epoch	TRAIN	43	50	  91.5346	  91.5342	   0.0001	 4.000
05/26/2020 04:24:14 - INFO - __main__ -   	Step	VALID	0000	6	 119.2530	 119.2529	   0.0001	 4.000
05/26/2020 04:24:17 - INFO - __main__ -   	Step	VALID	0006	6	 105.8457	 105.8457	   0.0001	 4.000
05/26/2020 04:24:19 - INFO - __main__ -   	Epoch	VALID	43	50	 107.0283	 107.0282	   0.0001	 4.000
05/26/2020 04:24:22 - INFO - __main__ -   	Step	TRAIN	0000	82	  89.2888	  89.2884	   0.0001	 4.000
05/26/2020 04:24:30 - INFO - __main__ -   	Step	TRAIN	0050	82	  94.1357	  94.1354	   0.0001	 4.000
05/26/2020 04:24:35 - INFO - __main__ -   	Step	TRAIN	0082	82	  93.5308	  93.5305	   0.0001	 4.000
05/26/2020 04:24:36 - INFO - __main__ -   	Epoch	TRAIN	44	50	  91.3395	  91.3391	   0.0001	 4.000
05/26/2020 04:24:43 - INFO - __main__ -   	Step	VALID	0000	6	 119.3783	 119.3781	   0.0001	 4.000
05/26/2020 04:24:46 - INFO - __main__ -   	Step	VALID	0006	6	 105.9387	 105.9385	   0.0001	 4.000
05/26/2020 04:24:48 - INFO - __main__ -   	Epoch	VALID	44	50	 107.0852	 107.0851	   0.0001	 4.000
05/26/2020 04:24:52 - INFO - __main__ -   	Step	TRAIN	0000	82	  89.2996	  89.2992	   0.0001	 4.000
05/26/2020 04:24:59 - INFO - __main__ -   	Step	TRAIN	0050	82	  90.4510	  90.4507	   0.0001	 4.000
05/26/2020 04:25:04 - INFO - __main__ -   	Step	TRAIN	0082	82	  84.2280	  84.2277	   0.0001	 4.000
05/26/2020 04:25:05 - INFO - __main__ -   	Epoch	TRAIN	45	50	  90.9957	  90.9954	   0.0001	 4.000
05/26/2020 04:25:12 - INFO - __main__ -   	Step	VALID	0000	6	 119.3795	 119.3794	   0.0001	 4.000
05/26/2020 04:25:16 - INFO - __main__ -   	Step	VALID	0006	6	 105.8355	 105.8354	   0.0001	 4.000
05/26/2020 04:25:18 - INFO - __main__ -   	Epoch	VALID	45	50	 107.1024	 107.1023	   0.0001	 4.000
05/26/2020 04:25:22 - INFO - __main__ -   	Step	TRAIN	0000	82	  88.2840	  88.2835	   0.0001	 4.000
05/26/2020 04:25:29 - INFO - __main__ -   	Step	TRAIN	0050	82	  89.9613	  89.9610	   0.0001	 4.000
05/26/2020 04:25:35 - INFO - __main__ -   	Step	TRAIN	0082	82	  91.6638	  91.6633	   0.0001	 4.000
05/26/2020 04:25:36 - INFO - __main__ -   	Epoch	TRAIN	46	50	  90.7738	  90.7734	   0.0001	 4.000
05/26/2020 04:25:43 - INFO - __main__ -   	Step	VALID	0000	6	 119.5080	 119.5079	   0.0001	 4.000
05/26/2020 04:25:47 - INFO - __main__ -   	Step	VALID	0006	6	 105.9275	 105.9274	   0.0001	 4.000
05/26/2020 04:25:49 - INFO - __main__ -   	Epoch	VALID	46	50	 107.1849	 107.1848	   0.0001	 4.000
05/26/2020 04:25:52 - INFO - __main__ -   	Step	TRAIN	0000	82	  85.8760	  85.8755	   0.0001	 4.000
05/26/2020 04:26:00 - INFO - __main__ -   	Step	TRAIN	0050	82	  90.3183	  90.3179	   0.0001	 4.000
05/26/2020 04:26:04 - INFO - __main__ -   	Step	TRAIN	0082	82	  93.7929	  93.7925	   0.0001	 4.000
05/26/2020 04:26:06 - INFO - __main__ -   	Epoch	TRAIN	47	50	  90.5340	  90.5336	   0.0001	 4.000
05/26/2020 04:26:18 - INFO - __main__ -   	Step	VALID	0000	6	 119.5753	 119.5751	   0.0001	 4.000
05/26/2020 04:26:22 - INFO - __main__ -   	Step	VALID	0006	6	 105.9554	 105.9553	   0.0001	 4.000
05/26/2020 04:26:23 - INFO - __main__ -   	Epoch	VALID	47	50	 107.1779	 107.1778	   0.0001	 4.000
05/26/2020 04:26:27 - INFO - __main__ -   	Step	TRAIN	0000	82	  90.0079	  90.0075	   0.0001	 4.000
05/26/2020 04:26:35 - INFO - __main__ -   	Step	TRAIN	0050	82	  91.6786	  91.6782	   0.0001	 4.000
05/26/2020 04:26:39 - INFO - __main__ -   	Step	TRAIN	0082	82	  88.5721	  88.5717	   0.0001	 4.000
05/26/2020 04:26:41 - INFO - __main__ -   	Epoch	TRAIN	48	50	  90.2063	  90.2059	   0.0001	 4.000
05/26/2020 04:26:45 - INFO - __main__ -   	Step	VALID	0000	6	 119.5994	 119.5993	   0.0002	 4.000
05/26/2020 04:26:49 - INFO - __main__ -   	Step	VALID	0006	6	 105.8334	 105.8332	   0.0002	 4.000
05/26/2020 04:26:51 - INFO - __main__ -   	Epoch	VALID	48	50	 107.1821	 107.1819	   0.0002	 4.000
05/26/2020 04:26:54 - INFO - __main__ -   	Step	TRAIN	0000	82	  89.6376	  89.6369	   0.0002	 4.000
05/26/2020 04:27:02 - INFO - __main__ -   	Step	TRAIN	0050	82	  89.1771	  89.1767	   0.0001	 4.000
05/26/2020 04:27:06 - INFO - __main__ -   	Step	TRAIN	0082	82	  86.0530	  86.0527	   0.0001	 4.000
05/26/2020 04:27:07 - INFO - __main__ -   	Epoch	TRAIN	49	50	  89.9179	  89.9174	   0.0001	 4.000
05/26/2020 04:27:13 - INFO - __main__ -   	Step	VALID	0000	6	 119.7280	 119.7279	   0.0001	 4.000
05/26/2020 04:27:16 - INFO - __main__ -   	Step	VALID	0006	6	 106.0897	 106.0896	   0.0001	 4.000
05/26/2020 04:27:18 - INFO - __main__ -   	Epoch	VALID	49	50	 107.3493	 107.3492	   0.0001	 4.000
