05/26/2020 07:45:51 - INFO - __main__ -   	Step	TRAIN	0000	82	 158.8338	 158.4556	   0.3781	 1.000
05/26/2020 07:45:53 - INFO - __main__ -   	Step	TRAIN	0050	82	 106.5040	 106.4881	   0.0159	 1.000
05/26/2020 07:45:55 - INFO - __main__ -   	Step	TRAIN	0082	82	 100.5097	 100.4977	   0.0120	 1.000
05/26/2020 07:45:56 - INFO - __main__ -   	Epoch	TRAIN	00	50	 114.5139	 114.4643	   0.0496	 1.000
05/26/2020 07:46:02 - INFO - __main__ -   	Step	VALID	0000	6	 105.3978	 105.3862	   0.0116	 1.000
05/26/2020 07:46:05 - INFO - __main__ -   	Step	VALID	0006	6	 103.8975	 103.8864	   0.0111	 1.000
05/26/2020 07:46:06 - INFO - __main__ -   	Epoch	VALID	00	50	 102.5193	 102.5078	   0.0115	 1.000
05/26/2020 07:46:10 - INFO - __main__ -   	Step	TRAIN	0000	82	 103.0556	 103.0445	   0.0111	 1.000
05/26/2020 07:46:13 - INFO - __main__ -   	Step	TRAIN	0050	82	  98.6902	  98.6786	   0.0116	 1.000
05/26/2020 07:46:15 - INFO - __main__ -   	Step	TRAIN	0082	82	  94.0794	  94.0596	   0.0199	 1.000
05/26/2020 07:46:16 - INFO - __main__ -   	Epoch	TRAIN	01	50	 100.5707	 100.5583	   0.0124	 1.000
05/26/2020 07:46:22 - INFO - __main__ -   	Step	VALID	0000	6	 100.3783	 100.3615	   0.0168	 1.000
05/26/2020 07:46:25 - INFO - __main__ -   	Step	VALID	0006	6	  97.9446	  97.9267	   0.0179	 1.000
05/26/2020 07:46:27 - INFO - __main__ -   	Epoch	VALID	01	50	  97.0023	  96.9842	   0.0180	 1.000
05/26/2020 07:46:30 - INFO - __main__ -   	Step	TRAIN	0000	82	  97.9176	  97.8989	   0.0187	 1.000
05/26/2020 07:46:33 - INFO - __main__ -   	Step	TRAIN	0050	82	  95.5303	  95.5047	   0.0256	 1.000
05/26/2020 07:46:35 - INFO - __main__ -   	Step	TRAIN	0082	82	  91.4510	  91.4163	   0.0348	 1.000
05/26/2020 07:46:36 - INFO - __main__ -   	Epoch	TRAIN	02	50	  96.0603	  96.0359	   0.0244	 1.000
05/26/2020 07:46:43 - INFO - __main__ -   	Step	VALID	0000	6	  97.8508	  97.8247	   0.0261	 1.000
05/26/2020 07:46:46 - INFO - __main__ -   	Step	VALID	0006	6	  94.4752	  94.4429	   0.0323	 1.000
05/26/2020 07:46:48 - INFO - __main__ -   	Epoch	VALID	02	50	  93.8137	  93.7809	   0.0328	 1.000
05/26/2020 07:46:52 - INFO - __main__ -   	Step	TRAIN	0000	82	  94.4208	  94.3902	   0.0306	 1.000
05/26/2020 07:46:54 - INFO - __main__ -   	Step	TRAIN	0050	82	  93.6261	  93.5834	   0.0426	 1.000
05/26/2020 07:46:56 - INFO - __main__ -   	Step	TRAIN	0082	82	  96.4392	  96.3818	   0.0575	 1.000
05/26/2020 07:46:58 - INFO - __main__ -   	Epoch	TRAIN	03	50	  93.1171	  93.0727	   0.0444	 1.000
05/26/2020 07:47:10 - INFO - __main__ -   	Step	VALID	0000	6	  96.0305	  95.9814	   0.0490	 1.000
05/26/2020 07:47:12 - INFO - __main__ -   	Step	VALID	0006	6	  92.3468	  92.2877	   0.0590	 1.000
05/26/2020 07:47:14 - INFO - __main__ -   	Epoch	VALID	03	50	  91.6635	  91.6030	   0.0605	 1.000
05/26/2020 07:47:19 - INFO - __main__ -   	Step	TRAIN	0000	82	  89.8853	  89.8215	   0.0638	 1.000
05/26/2020 07:47:21 - INFO - __main__ -   	Step	TRAIN	0050	82	  91.3005	  91.1979	   0.1026	 1.000
05/26/2020 07:47:23 - INFO - __main__ -   	Step	TRAIN	0082	82	  92.4346	  92.2869	   0.1476	 1.000
05/26/2020 07:47:25 - INFO - __main__ -   	Epoch	TRAIN	04	50	  90.7442	  90.6461	   0.0981	 1.000
05/26/2020 07:47:32 - INFO - __main__ -   	Step	VALID	0000	6	  94.8338	  94.7288	   0.1050	 1.000
05/26/2020 07:47:34 - INFO - __main__ -   	Step	VALID	0006	6	  90.8686	  90.7334	   0.1352	 1.000
05/26/2020 07:47:36 - INFO - __main__ -   	Epoch	VALID	04	50	  90.2248	  90.0842	   0.1406	 1.000
05/26/2020 07:47:39 - INFO - __main__ -   	Step	TRAIN	0000	82	  88.8030	  88.6399	   0.1631	 1.000
05/26/2020 07:47:42 - INFO - __main__ -   	Step	TRAIN	0050	82	  89.1222	  88.9142	   0.2080	 1.000
05/26/2020 07:47:43 - INFO - __main__ -   	Step	TRAIN	0082	82	  89.5005	  89.2621	   0.2384	 1.000
05/26/2020 07:47:44 - INFO - __main__ -   	Epoch	TRAIN	05	50	  88.8198	  88.6253	   0.1945	 1.000
05/26/2020 07:47:52 - INFO - __main__ -   	Step	VALID	0000	6	  93.6821	  93.5013	   0.1808	 1.000
05/26/2020 07:47:54 - INFO - __main__ -   	Step	VALID	0006	6	  89.5634	  89.3140	   0.2494	 1.000
05/26/2020 07:47:56 - INFO - __main__ -   	Epoch	VALID	05	50	  88.8729	  88.6154	   0.2576	 1.000
05/26/2020 07:48:00 - INFO - __main__ -   	Step	TRAIN	0000	82	  87.8559	  87.6031	   0.2528	 1.000
05/26/2020 07:48:02 - INFO - __main__ -   	Step	TRAIN	0050	82	  85.9099	  85.5622	   0.3477	 1.000
05/26/2020 07:48:04 - INFO - __main__ -   	Step	TRAIN	0082	82	  84.7387	  84.4479	   0.2908	 1.000
05/26/2020 07:48:05 - INFO - __main__ -   	Epoch	TRAIN	06	50	  87.1839	  86.9094	   0.2745	 1.000
05/26/2020 07:48:13 - INFO - __main__ -   	Step	VALID	0000	6	  92.8305	  92.5910	   0.2395	 1.000
05/26/2020 07:48:15 - INFO - __main__ -   	Step	VALID	0006	6	  88.4247	  88.1425	   0.2822	 1.000
05/26/2020 07:48:17 - INFO - __main__ -   	Epoch	VALID	06	50	  87.8177	  87.5035	   0.3142	 1.000
05/26/2020 07:48:21 - INFO - __main__ -   	Step	TRAIN	0000	82	  88.2294	  87.8819	   0.3475	 1.000
05/26/2020 07:48:24 - INFO - __main__ -   	Step	TRAIN	0050	82	  85.1078	  84.7958	   0.3121	 1.000
05/26/2020 07:48:25 - INFO - __main__ -   	Step	TRAIN	0082	82	  90.8520	  90.6144	   0.2376	 1.000
05/26/2020 07:48:27 - INFO - __main__ -   	Epoch	TRAIN	07	50	  85.8775	  85.5542	   0.3234	 1.000
05/26/2020 07:48:31 - INFO - __main__ -   	Step	VALID	0000	6	  92.5190	  92.2499	   0.2691	 1.000
05/26/2020 07:48:34 - INFO - __main__ -   	Step	VALID	0006	6	  88.0010	  87.7689	   0.2321	 1.000
05/26/2020 07:48:36 - INFO - __main__ -   	Epoch	VALID	07	50	  87.2925	  87.0163	   0.2763	 1.000
05/26/2020 07:48:40 - INFO - __main__ -   	Step	TRAIN	0000	82	  83.5819	  83.2916	   0.2903	 1.000
05/26/2020 07:48:43 - INFO - __main__ -   	Step	TRAIN	0050	82	  84.5444	  84.1458	   0.3986	 1.000
05/26/2020 07:48:44 - INFO - __main__ -   	Step	TRAIN	0082	82	  89.0475	  88.6947	   0.3528	 1.000
05/26/2020 07:48:46 - INFO - __main__ -   	Epoch	TRAIN	08	50	  84.6561	  84.3022	   0.3539	 1.000
05/26/2020 07:48:50 - INFO - __main__ -   	Step	VALID	0000	6	  92.0964	  91.7898	   0.3066	 1.000
05/26/2020 07:48:53 - INFO - __main__ -   	Step	VALID	0006	6	  87.4955	  87.2188	   0.2767	 1.000
05/26/2020 07:48:55 - INFO - __main__ -   	Epoch	VALID	08	50	  86.7720	  86.4373	   0.3347	 1.000
05/26/2020 07:48:58 - INFO - __main__ -   	Step	TRAIN	0000	82	  83.9032	  83.5200	   0.3832	 1.000
05/26/2020 07:49:01 - INFO - __main__ -   	Step	TRAIN	0050	82	  81.6454	  81.2508	   0.3946	 1.000
05/26/2020 07:49:02 - INFO - __main__ -   	Step	TRAIN	0082	82	  80.5206	  80.0654	   0.4552	 1.000
05/26/2020 07:49:04 - INFO - __main__ -   	Epoch	TRAIN	09	50	  83.4870	  83.1045	   0.3824	 1.000
05/26/2020 07:49:15 - INFO - __main__ -   	Step	VALID	0000	6	  91.4000	  91.0873	   0.3127	 1.000
05/26/2020 07:49:18 - INFO - __main__ -   	Step	VALID	0006	6	  86.6832	  86.4063	   0.2769	 1.000
05/26/2020 07:49:19 - INFO - __main__ -   	Epoch	VALID	09	50	  85.9800	  85.6546	   0.3254	 1.000
05/26/2020 07:49:23 - INFO - __main__ -   	Step	TRAIN	0000	82	  81.3561	  80.9628	   0.3933	 1.000
05/26/2020 07:49:26 - INFO - __main__ -   	Step	TRAIN	0050	82	  81.2181	  80.7838	   0.4343	 1.000
05/26/2020 07:49:27 - INFO - __main__ -   	Step	TRAIN	0082	82	  83.1995	  82.7679	   0.4316	 1.000
05/26/2020 07:49:28 - INFO - __main__ -   	Epoch	TRAIN	10	50	  82.5535	  82.1509	   0.4027	 1.000
05/26/2020 07:49:36 - INFO - __main__ -   	Step	VALID	0000	6	  90.7899	  90.4592	   0.3307	 1.000
05/26/2020 07:49:38 - INFO - __main__ -   	Step	VALID	0006	6	  85.7294	  85.4563	   0.2731	 1.000
05/26/2020 07:49:40 - INFO - __main__ -   	Epoch	VALID	10	50	  85.1148	  84.7743	   0.3405	 1.000
05/26/2020 07:49:44 - INFO - __main__ -   	Step	TRAIN	0000	82	  82.0168	  81.6218	   0.3950	 1.000
05/26/2020 07:49:46 - INFO - __main__ -   	Step	TRAIN	0050	82	  82.1069	  81.6654	   0.4415	 1.000
05/26/2020 07:49:48 - INFO - __main__ -   	Step	TRAIN	0082	82	  89.5056	  89.0767	   0.4289	 1.000
05/26/2020 07:49:49 - INFO - __main__ -   	Epoch	TRAIN	11	50	  81.6970	  81.2807	   0.4163	 1.000
05/26/2020 07:49:58 - INFO - __main__ -   	Step	VALID	0000	6	  90.7677	  90.4289	   0.3388	 1.000
05/26/2020 07:50:01 - INFO - __main__ -   	Step	VALID	0006	6	  85.7747	  85.4846	   0.2901	 1.000
05/26/2020 07:50:03 - INFO - __main__ -   	Epoch	VALID	11	50	  85.1068	  84.7462	   0.3606	 1.000
05/26/2020 07:50:06 - INFO - __main__ -   	Step	TRAIN	0000	82	  82.0476	  81.6305	   0.4170	 1.000
05/26/2020 07:50:09 - INFO - __main__ -   	Step	TRAIN	0050	82	  80.7920	  80.3470	   0.4450	 1.000
05/26/2020 07:50:10 - INFO - __main__ -   	Step	TRAIN	0082	82	  82.4843	  82.0739	   0.4104	 1.000
05/26/2020 07:50:12 - INFO - __main__ -   	Epoch	TRAIN	12	50	  80.8138	  80.3723	   0.4414	 1.000
05/26/2020 07:50:17 - INFO - __main__ -   	Step	VALID	0000	6	  89.9362	  89.6036	   0.3325	 1.000
05/26/2020 07:50:19 - INFO - __main__ -   	Step	VALID	0006	6	  85.0003	  84.6797	   0.3206	 1.000
05/26/2020 07:50:21 - INFO - __main__ -   	Epoch	VALID	12	50	  84.2204	  83.8422	   0.3782	 1.000
05/26/2020 07:50:25 - INFO - __main__ -   	Step	TRAIN	0000	82	  79.6856	  79.2461	   0.4395	 1.000
05/26/2020 07:50:27 - INFO - __main__ -   	Step	TRAIN	0050	82	  78.4722	  77.9886	   0.4836	 1.000
05/26/2020 07:50:29 - INFO - __main__ -   	Step	TRAIN	0082	82	  77.7336	  77.3202	   0.4134	 1.000
05/26/2020 07:50:30 - INFO - __main__ -   	Epoch	TRAIN	13	50	  79.9780	  79.5161	   0.4619	 1.000
05/26/2020 07:50:41 - INFO - __main__ -   	Step	VALID	0000	6	  89.9328	  89.6017	   0.3312	 1.000
05/26/2020 07:50:44 - INFO - __main__ -   	Step	VALID	0006	6	  84.7061	  84.3421	   0.3641	 1.000
05/26/2020 07:50:46 - INFO - __main__ -   	Epoch	VALID	13	50	  84.0579	  83.6403	   0.4176	 1.000
05/26/2020 07:50:49 - INFO - __main__ -   	Step	TRAIN	0000	82	  77.4135	  76.9494	   0.4641	 1.000
05/26/2020 07:50:52 - INFO - __main__ -   	Step	TRAIN	0050	82	  79.7654	  79.3006	   0.4648	 1.000
05/26/2020 07:50:53 - INFO - __main__ -   	Step	TRAIN	0082	82	  79.7930	  79.2605	   0.5325	 1.000
05/26/2020 07:50:55 - INFO - __main__ -   	Epoch	TRAIN	14	50	  79.2571	  78.7669	   0.4902	 1.000
05/26/2020 07:51:02 - INFO - __main__ -   	Step	VALID	0000	6	  89.7676	  89.3375	   0.4301	 1.000
05/26/2020 07:51:05 - INFO - __main__ -   	Step	VALID	0006	6	  84.6894	  84.3290	   0.3604	 1.000
05/26/2020 07:51:07 - INFO - __main__ -   	Epoch	VALID	14	50	  83.9139	  83.4788	   0.4350	 1.000
05/26/2020 07:51:11 - INFO - __main__ -   	Step	TRAIN	0000	82	  77.4325	  76.9447	   0.4878	 1.000
05/26/2020 07:51:13 - INFO - __main__ -   	Step	TRAIN	0050	82	  79.4313	  78.9041	   0.5273	 1.000
05/26/2020 07:51:15 - INFO - __main__ -   	Step	TRAIN	0082	82	  77.4659	  76.9414	   0.5245	 1.000
05/26/2020 07:51:16 - INFO - __main__ -   	Epoch	TRAIN	15	50	  78.5368	  78.0067	   0.5300	 1.000
05/26/2020 07:51:23 - INFO - __main__ -   	Step	VALID	0000	6	  89.1477	  88.6406	   0.5071	 1.000
05/26/2020 07:51:25 - INFO - __main__ -   	Step	VALID	0006	6	  83.9155	  83.5019	   0.4137	 1.000
05/26/2020 07:51:27 - INFO - __main__ -   	Epoch	VALID	15	50	  83.2414	  82.7488	   0.4927	 1.000
05/26/2020 07:51:31 - INFO - __main__ -   	Step	TRAIN	0000	82	  76.6108	  76.0485	   0.5623	 1.000
05/26/2020 07:51:33 - INFO - __main__ -   	Step	TRAIN	0050	82	  77.4296	  76.7858	   0.6439	 1.000
05/26/2020 07:51:35 - INFO - __main__ -   	Step	TRAIN	0082	82	  80.9321	  80.2587	   0.6734	 1.000
05/26/2020 07:51:37 - INFO - __main__ -   	Epoch	TRAIN	16	50	  77.9305	  77.3421	   0.5884	 1.000
05/26/2020 07:51:40 - INFO - __main__ -   	Step	VALID	0000	6	  89.3712	  88.8160	   0.5552	 1.000
05/26/2020 07:51:42 - INFO - __main__ -   	Step	VALID	0006	6	  84.0098	  83.5154	   0.4943	 1.000
05/26/2020 07:51:44 - INFO - __main__ -   	Epoch	VALID	16	50	  83.3205	  82.7533	   0.5672	 1.000
05/26/2020 07:51:48 - INFO - __main__ -   	Step	TRAIN	0000	82	  76.3748	  75.7222	   0.6526	 1.000
05/26/2020 07:51:51 - INFO - __main__ -   	Step	TRAIN	0050	82	  78.5707	  77.9096	   0.6611	 1.000
05/26/2020 07:51:52 - INFO - __main__ -   	Step	TRAIN	0082	82	  75.4374	  74.7455	   0.6919	 1.000
05/26/2020 07:51:54 - INFO - __main__ -   	Epoch	TRAIN	17	50	  77.2114	  76.5507	   0.6607	 1.000
05/26/2020 07:52:04 - INFO - __main__ -   	Step	VALID	0000	6	  89.1461	  88.5911	   0.5550	 1.000
05/26/2020 07:52:06 - INFO - __main__ -   	Step	VALID	0006	6	  83.6637	  83.1445	   0.5192	 1.000
05/26/2020 07:52:08 - INFO - __main__ -   	Epoch	VALID	17	50	  83.0216	  82.4475	   0.5741	 1.000
05/26/2020 07:52:11 - INFO - __main__ -   	Step	TRAIN	0000	82	  76.8718	  76.2148	   0.6571	 1.000
05/26/2020 07:52:14 - INFO - __main__ -   	Step	TRAIN	0050	82	  77.2424	  76.5064	   0.7360	 1.000
05/26/2020 07:52:15 - INFO - __main__ -   	Step	TRAIN	0082	82	  78.6989	  77.9724	   0.7265	 1.000
05/26/2020 07:52:17 - INFO - __main__ -   	Epoch	TRAIN	18	50	  76.6302	  75.9142	   0.7160	 1.000
05/26/2020 07:52:20 - INFO - __main__ -   	Step	VALID	0000	6	  88.4802	  87.8773	   0.6029	 1.000
05/26/2020 07:52:22 - INFO - __main__ -   	Step	VALID	0006	6	  83.0835	  82.5087	   0.5748	 1.000
05/26/2020 07:52:24 - INFO - __main__ -   	Epoch	VALID	18	50	  82.3743	  81.7379	   0.6364	 1.000
05/26/2020 07:52:30 - INFO - __main__ -   	Step	TRAIN	0000	82	  76.2140	  75.4854	   0.7286	 1.000
05/26/2020 07:52:36 - INFO - __main__ -   	Step	TRAIN	0050	82	  77.5025	  76.6989	   0.8037	 1.000
05/26/2020 07:52:37 - INFO - __main__ -   	Step	TRAIN	0082	82	  74.8985	  74.1243	   0.7742	 1.000
05/26/2020 07:52:39 - INFO - __main__ -   	Epoch	TRAIN	19	50	  76.0151	  75.2413	   0.7738	 1.000
05/26/2020 07:52:44 - INFO - __main__ -   	Step	VALID	0000	6	  88.4622	  87.7638	   0.6983	 1.000
05/26/2020 07:52:46 - INFO - __main__ -   	Step	VALID	0006	6	  82.7987	  82.1831	   0.6156	 1.000
05/26/2020 07:52:48 - INFO - __main__ -   	Epoch	VALID	19	50	  82.2673	  81.5824	   0.6849	 1.000
05/26/2020 07:52:51 - INFO - __main__ -   	Step	TRAIN	0000	82	  74.6748	  73.9022	   0.7726	 1.000
05/26/2020 07:52:54 - INFO - __main__ -   	Step	TRAIN	0050	82	  75.3892	  74.5942	   0.7950	 1.000
05/26/2020 07:52:55 - INFO - __main__ -   	Step	TRAIN	0082	82	  81.7456	  80.8974	   0.8481	 1.000
05/26/2020 07:52:57 - INFO - __main__ -   	Epoch	TRAIN	20	50	  75.5640	  74.7598	   0.8042	 1.000
05/26/2020 07:53:07 - INFO - __main__ -   	Step	VALID	0000	6	  88.8626	  88.1765	   0.6861	 1.000
05/26/2020 07:53:10 - INFO - __main__ -   	Step	VALID	0006	6	  83.2905	  82.6567	   0.6338	 1.000
05/26/2020 07:53:12 - INFO - __main__ -   	Epoch	VALID	20	50	  82.6252	  81.9421	   0.6831	 1.000
05/26/2020 07:53:15 - INFO - __main__ -   	Step	TRAIN	0000	82	  74.2644	  73.4767	   0.7877	 1.000
05/26/2020 07:53:18 - INFO - __main__ -   	Step	TRAIN	0050	82	  74.9768	  74.0818	   0.8950	 1.000
05/26/2020 07:53:19 - INFO - __main__ -   	Step	TRAIN	0082	82	  71.0106	  70.0773	   0.9333	 1.000
05/26/2020 07:53:21 - INFO - __main__ -   	Epoch	TRAIN	21	50	  74.9585	  74.1139	   0.8446	 1.000
05/26/2020 07:53:28 - INFO - __main__ -   	Step	VALID	0000	6	  87.9491	  87.2203	   0.7287	 1.000
05/26/2020 07:53:31 - INFO - __main__ -   	Step	VALID	0006	6	  82.2540	  81.6017	   0.6523	 1.000
05/26/2020 07:53:33 - INFO - __main__ -   	Epoch	VALID	21	50	  81.7389	  81.0244	   0.7145	 1.000
05/26/2020 07:53:36 - INFO - __main__ -   	Step	TRAIN	0000	82	  73.9342	  73.1240	   0.8103	 1.000
05/26/2020 07:53:39 - INFO - __main__ -   	Step	TRAIN	0050	82	  75.6016	  74.6763	   0.9253	 1.000
05/26/2020 07:53:41 - INFO - __main__ -   	Step	TRAIN	0082	82	  70.4440	  69.6181	   0.8259	 1.000
05/26/2020 07:53:42 - INFO - __main__ -   	Epoch	TRAIN	22	50	  74.4477	  73.5749	   0.8728	 1.000
05/26/2020 07:53:49 - INFO - __main__ -   	Step	VALID	0000	6	  88.2224	  87.4656	   0.7568	 1.000
05/26/2020 07:53:51 - INFO - __main__ -   	Step	VALID	0006	6	  82.4825	  81.7250	   0.7575	 1.000
05/26/2020 07:53:53 - INFO - __main__ -   	Epoch	VALID	22	50	  81.8188	  81.0147	   0.8041	 1.000
05/26/2020 07:53:57 - INFO - __main__ -   	Step	TRAIN	0000	82	  73.0997	  72.1873	   0.9123	 1.000
05/26/2020 07:53:59 - INFO - __main__ -   	Step	TRAIN	0050	82	  75.7381	  74.8587	   0.8795	 1.000
05/26/2020 07:54:01 - INFO - __main__ -   	Step	TRAIN	0082	82	  72.3814	  71.4186	   0.9628	 1.000
05/26/2020 07:54:02 - INFO - __main__ -   	Epoch	TRAIN	23	50	  74.0052	  73.0948	   0.9104	 1.000
05/26/2020 07:54:17 - INFO - __main__ -   	Step	VALID	0000	6	  88.3554	  87.5512	   0.8043	 1.000
05/26/2020 07:54:20 - INFO - __main__ -   	Step	VALID	0006	6	  82.6458	  81.8419	   0.8040	 1.000
05/26/2020 07:54:22 - INFO - __main__ -   	Epoch	VALID	23	50	  81.9763	  81.1413	   0.8350	 1.000
05/26/2020 07:54:25 - INFO - __main__ -   	Step	TRAIN	0000	82	  72.7840	  71.8187	   0.9653	 1.000
05/26/2020 07:54:28 - INFO - __main__ -   	Step	TRAIN	0050	82	  72.8570	  71.9260	   0.9310	 1.000
05/26/2020 07:54:30 - INFO - __main__ -   	Step	TRAIN	0082	82	  73.8308	  72.8555	   0.9753	 1.000
05/26/2020 07:54:31 - INFO - __main__ -   	Epoch	TRAIN	24	50	  73.5534	  72.6309	   0.9224	 1.000
05/26/2020 07:54:39 - INFO - __main__ -   	Step	VALID	0000	6	  88.3524	  87.5507	   0.8016	 1.000
05/26/2020 07:54:41 - INFO - __main__ -   	Step	VALID	0006	6	  82.5524	  81.7362	   0.8162	 1.000
05/26/2020 07:54:43 - INFO - __main__ -   	Epoch	VALID	24	50	  81.9289	  81.0755	   0.8534	 1.000
05/26/2020 07:54:48 - INFO - __main__ -   	Step	TRAIN	0000	82	  74.0307	  73.0781	   0.9526	 1.000
05/26/2020 07:54:50 - INFO - __main__ -   	Step	TRAIN	0050	82	  72.0888	  71.1452	   0.9436	 1.000
05/26/2020 07:54:52 - INFO - __main__ -   	Step	TRAIN	0082	82	  78.0393	  76.9125	   1.1267	 1.000
05/26/2020 07:54:54 - INFO - __main__ -   	Epoch	TRAIN	25	50	  73.2245	  72.2700	   0.9546	 1.000
05/26/2020 07:54:57 - INFO - __main__ -   	Step	VALID	0000	6	  87.9712	  87.1468	   0.8244	 1.000
05/26/2020 07:55:00 - INFO - __main__ -   	Step	VALID	0006	6	  82.0911	  81.2666	   0.8245	 1.000
05/26/2020 07:55:01 - INFO - __main__ -   	Epoch	VALID	25	50	  81.5210	  80.6593	   0.8616	 1.000
05/26/2020 07:55:05 - INFO - __main__ -   	Step	TRAIN	0000	82	  70.8868	  69.9294	   0.9575	 1.000
05/26/2020 07:55:08 - INFO - __main__ -   	Step	TRAIN	0050	82	  73.4649	  72.4820	   0.9829	 1.000
05/26/2020 07:55:09 - INFO - __main__ -   	Step	TRAIN	0082	82	  72.1285	  71.0619	   1.0667	 1.000
05/26/2020 07:55:11 - INFO - __main__ -   	Epoch	TRAIN	26	50	  72.7604	  71.7892	   0.9713	 1.000
05/26/2020 07:55:21 - INFO - __main__ -   	Step	VALID	0000	6	  87.8263	  86.9672	   0.8591	 1.000
05/26/2020 07:55:23 - INFO - __main__ -   	Step	VALID	0006	6	  81.9278	  81.0463	   0.8815	 1.000
05/26/2020 07:55:25 - INFO - __main__ -   	Epoch	VALID	26	50	  81.4577	  80.5370	   0.9207	 1.000
05/26/2020 07:55:29 - INFO - __main__ -   	Step	TRAIN	0000	82	  71.1528	  70.1299	   1.0229	 1.000
05/26/2020 07:55:32 - INFO - __main__ -   	Step	TRAIN	0050	82	  71.0242	  70.0494	   0.9749	 1.000
05/26/2020 07:55:33 - INFO - __main__ -   	Step	TRAIN	0082	82	  76.3857	  75.3976	   0.9881	 1.000
05/26/2020 07:55:35 - INFO - __main__ -   	Epoch	TRAIN	27	50	  72.4061	  71.4099	   0.9962	 1.000
05/26/2020 07:55:38 - INFO - __main__ -   	Step	VALID	0000	6	  88.2311	  87.3349	   0.8961	 1.000
05/26/2020 07:55:41 - INFO - __main__ -   	Step	VALID	0006	6	  82.3583	  81.4754	   0.8829	 1.000
05/26/2020 07:55:43 - INFO - __main__ -   	Epoch	VALID	27	50	  81.7287	  80.8134	   0.9153	 1.000
05/26/2020 07:55:47 - INFO - __main__ -   	Step	TRAIN	0000	82	  71.9262	  70.8928	   1.0334	 1.000
05/26/2020 07:55:49 - INFO - __main__ -   	Step	TRAIN	0050	82	  70.0641	  69.0749	   0.9892	 1.000
05/26/2020 07:55:51 - INFO - __main__ -   	Step	TRAIN	0082	82	  73.7357	  72.7072	   1.0285	 1.000
05/26/2020 07:55:53 - INFO - __main__ -   	Epoch	TRAIN	28	50	  71.9913	  70.9747	   1.0166	 1.000
05/26/2020 07:56:04 - INFO - __main__ -   	Step	VALID	0000	6	  87.9967	  87.1081	   0.8886	 1.000
05/26/2020 07:56:07 - INFO - __main__ -   	Step	VALID	0006	6	  81.9041	  81.0135	   0.8906	 1.000
05/26/2020 07:56:09 - INFO - __main__ -   	Epoch	VALID	28	50	  81.4027	  80.4823	   0.9205	 1.000
05/26/2020 07:56:13 - INFO - __main__ -   	Step	TRAIN	0000	82	  71.6706	  70.6233	   1.0473	 1.000
05/26/2020 07:56:15 - INFO - __main__ -   	Step	TRAIN	0050	82	  73.0310	  72.0109	   1.0201	 1.000
05/26/2020 07:56:17 - INFO - __main__ -   	Step	TRAIN	0082	82	  71.2458	  70.1831	   1.0626	 1.000
05/26/2020 07:56:18 - INFO - __main__ -   	Epoch	TRAIN	29	50	  71.5905	  70.5433	   1.0472	 1.000
05/26/2020 07:56:23 - INFO - __main__ -   	Step	VALID	0000	6	  88.0253	  87.0849	   0.9404	 1.000
05/26/2020 07:56:25 - INFO - __main__ -   	Step	VALID	0006	6	  82.0811	  81.1230	   0.9581	 1.000
05/26/2020 07:56:27 - INFO - __main__ -   	Epoch	VALID	29	50	  81.5176	  80.5387	   0.9790	 1.000
05/26/2020 07:56:31 - INFO - __main__ -   	Step	TRAIN	0000	82	  70.2368	  69.1349	   1.1019	 1.000
05/26/2020 07:56:33 - INFO - __main__ -   	Step	TRAIN	0050	82	  72.8684	  71.8118	   1.0566	 1.000
05/26/2020 07:56:35 - INFO - __main__ -   	Step	TRAIN	0082	82	  75.3466	  74.1854	   1.1612	 1.000
05/26/2020 07:56:36 - INFO - __main__ -   	Epoch	TRAIN	30	50	  71.2985	  70.2277	   1.0708	 1.000
05/26/2020 07:56:41 - INFO - __main__ -   	Step	VALID	0000	6	  88.0139	  87.0677	   0.9462	 1.000
05/26/2020 07:56:43 - INFO - __main__ -   	Step	VALID	0006	6	  82.0852	  81.1296	   0.9555	 1.000
05/26/2020 07:56:45 - INFO - __main__ -   	Epoch	VALID	30	50	  81.4963	  80.5173	   0.9790	 1.000
05/26/2020 07:56:48 - INFO - __main__ -   	Step	TRAIN	0000	82	  69.5692	  68.5044	   1.0649	 1.000
05/26/2020 07:56:51 - INFO - __main__ -   	Step	TRAIN	0050	82	  71.8486	  70.7434	   1.1052	 1.000
05/26/2020 07:56:52 - INFO - __main__ -   	Step	TRAIN	0082	82	  70.0273	  68.8877	   1.1396	 1.000
05/26/2020 07:56:54 - INFO - __main__ -   	Epoch	TRAIN	31	50	  70.8927	  69.7807	   1.1121	 1.000
05/26/2020 07:56:59 - INFO - __main__ -   	Step	VALID	0000	6	  88.2997	  87.3202	   0.9796	 1.000
05/26/2020 07:57:02 - INFO - __main__ -   	Step	VALID	0006	6	  82.0912	  81.1255	   0.9657	 1.000
05/26/2020 07:57:04 - INFO - __main__ -   	Epoch	VALID	31	50	  81.5612	  80.5771	   0.9841	 1.000
05/26/2020 07:57:08 - INFO - __main__ -   	Step	TRAIN	0000	82	  68.4998	  67.3538	   1.1460	 1.000
05/26/2020 07:57:11 - INFO - __main__ -   	Step	TRAIN	0050	82	  69.9594	  68.8327	   1.1266	 1.000
05/26/2020 07:57:13 - INFO - __main__ -   	Step	TRAIN	0082	82	  66.6155	  65.5297	   1.0859	 1.000
05/26/2020 07:57:14 - INFO - __main__ -   	Epoch	TRAIN	32	50	  70.5286	  69.4001	   1.1285	 1.000
05/26/2020 07:57:20 - INFO - __main__ -   	Step	VALID	0000	6	  88.0751	  87.0713	   1.0038	 1.000
05/26/2020 07:57:23 - INFO - __main__ -   	Step	VALID	0006	6	  81.8633	  80.8504	   1.0129	 1.000
05/26/2020 07:57:25 - INFO - __main__ -   	Epoch	VALID	32	50	  81.3989	  80.3718	   1.0271	 1.000
05/26/2020 07:57:28 - INFO - __main__ -   	Step	TRAIN	0000	82	  68.5765	  67.4496	   1.1269	 1.000
05/26/2020 07:57:31 - INFO - __main__ -   	Step	TRAIN	0050	82	  70.7782	  69.6009	   1.1773	 1.000
05/26/2020 07:57:32 - INFO - __main__ -   	Step	TRAIN	0082	82	  67.6503	  66.5095	   1.1408	 1.000
05/26/2020 07:57:34 - INFO - __main__ -   	Epoch	TRAIN	33	50	  70.2195	  69.0561	   1.1634	 1.000
05/26/2020 07:57:40 - INFO - __main__ -   	Step	VALID	0000	6	  88.1306	  87.1182	   1.0124	 1.000
05/26/2020 07:57:43 - INFO - __main__ -   	Step	VALID	0006	6	  81.9254	  80.9089	   1.0165	 1.000
05/26/2020 07:57:45 - INFO - __main__ -   	Epoch	VALID	33	50	  81.3946	  80.3577	   1.0368	 1.000
05/26/2020 07:57:49 - INFO - __main__ -   	Step	TRAIN	0000	82	  69.8983	  68.7310	   1.1673	 1.000
05/26/2020 07:57:51 - INFO - __main__ -   	Step	TRAIN	0050	82	  70.6612	  69.4881	   1.1731	 1.000
05/26/2020 07:57:53 - INFO - __main__ -   	Step	TRAIN	0082	82	  69.1063	  67.7518	   1.3545	 1.000
05/26/2020 07:57:54 - INFO - __main__ -   	Epoch	TRAIN	34	50	  69.9374	  68.7501	   1.1872	 1.000
05/26/2020 07:58:02 - INFO - __main__ -   	Step	VALID	0000	6	  88.3670	  87.3182	   1.0489	 1.000
05/26/2020 07:58:04 - INFO - __main__ -   	Step	VALID	0006	6	  82.0732	  81.0179	   1.0553	 1.000
05/26/2020 07:58:06 - INFO - __main__ -   	Epoch	VALID	34	50	  81.6904	  80.6242	   1.0662	 1.000
05/26/2020 07:58:09 - INFO - __main__ -   	Step	TRAIN	0000	82	  66.7460	  65.5771	   1.1689	 1.000
05/26/2020 07:58:12 - INFO - __main__ -   	Step	TRAIN	0050	82	  70.6938	  69.4980	   1.1957	 1.000
05/26/2020 07:58:14 - INFO - __main__ -   	Step	TRAIN	0082	82	  72.3407	  71.2749	   1.0658	 1.000
05/26/2020 07:58:15 - INFO - __main__ -   	Epoch	TRAIN	35	50	  69.6606	  68.4554	   1.2052	 1.000
05/26/2020 07:58:22 - INFO - __main__ -   	Step	VALID	0000	6	  88.3802	  87.3464	   1.0338	 1.000
05/26/2020 07:58:25 - INFO - __main__ -   	Step	VALID	0006	6	  81.8710	  80.7871	   1.0839	 1.000
05/26/2020 07:58:26 - INFO - __main__ -   	Epoch	VALID	35	50	  81.5341	  80.4428	   1.0913	 1.000
05/26/2020 07:58:30 - INFO - __main__ -   	Step	TRAIN	0000	82	  67.5954	  66.3829	   1.2125	 1.000
05/26/2020 07:58:33 - INFO - __main__ -   	Step	TRAIN	0050	82	  71.4099	  70.1575	   1.2524	 1.000
05/26/2020 07:58:35 - INFO - __main__ -   	Step	TRAIN	0082	82	  71.6371	  70.4525	   1.1846	 1.000
05/26/2020 07:58:36 - INFO - __main__ -   	Epoch	TRAIN	36	50	  69.3534	  68.1195	   1.2339	 1.000
05/26/2020 07:58:41 - INFO - __main__ -   	Step	VALID	0000	6	  88.8227	  87.7002	   1.1226	 1.000
05/26/2020 07:58:43 - INFO - __main__ -   	Step	VALID	0006	6	  82.3655	  81.2470	   1.1185	 1.000
05/26/2020 07:58:45 - INFO - __main__ -   	Epoch	VALID	36	50	  81.9025	  80.7647	   1.1378	 1.000
05/26/2020 07:58:49 - INFO - __main__ -   	Step	TRAIN	0000	82	  67.5678	  66.3515	   1.2163	 1.000
05/26/2020 07:58:52 - INFO - __main__ -   	Step	TRAIN	0050	82	  69.7303	  68.3699	   1.3604	 1.000
05/26/2020 07:58:54 - INFO - __main__ -   	Step	TRAIN	0082	82	  65.0437	  63.7954	   1.2483	 1.000
05/26/2020 07:58:55 - INFO - __main__ -   	Epoch	TRAIN	37	50	  69.0675	  67.8120	   1.2555	 1.000
05/26/2020 07:59:03 - INFO - __main__ -   	Step	VALID	0000	6	  88.7178	  87.6451	   1.0727	 1.000
05/26/2020 07:59:05 - INFO - __main__ -   	Step	VALID	0006	6	  82.2571	  81.1488	   1.1083	 1.000
05/26/2020 07:59:07 - INFO - __main__ -   	Epoch	VALID	37	50	  81.7540	  80.6374	   1.1166	 1.000
05/26/2020 07:59:10 - INFO - __main__ -   	Step	TRAIN	0000	82	  68.0407	  66.7710	   1.2697	 1.000
05/26/2020 07:59:13 - INFO - __main__ -   	Step	TRAIN	0050	82	  69.3535	  68.1067	   1.2468	 1.000
05/26/2020 07:59:14 - INFO - __main__ -   	Step	TRAIN	0082	82	  72.9148	  71.7064	   1.2084	 1.000
05/26/2020 07:59:16 - INFO - __main__ -   	Epoch	TRAIN	38	50	  68.8422	  67.5747	   1.2675	 1.000
05/26/2020 07:59:22 - INFO - __main__ -   	Step	VALID	0000	6	  88.3712	  87.2638	   1.1074	 1.000
05/26/2020 07:59:24 - INFO - __main__ -   	Step	VALID	0006	6	  81.9409	  80.8100	   1.1309	 1.000
05/26/2020 07:59:26 - INFO - __main__ -   	Epoch	VALID	38	50	  81.5134	  80.3703	   1.1432	 1.000
05/26/2020 07:59:30 - INFO - __main__ -   	Step	TRAIN	0000	82	  67.6810	  66.3472	   1.3337	 1.000
05/26/2020 07:59:33 - INFO - __main__ -   	Step	TRAIN	0050	82	  66.9459	  65.6389	   1.3070	 1.000
05/26/2020 07:59:34 - INFO - __main__ -   	Step	TRAIN	0082	82	  70.7088	  69.5415	   1.1673	 1.000
05/26/2020 07:59:36 - INFO - __main__ -   	Epoch	TRAIN	39	50	  68.5408	  67.2501	   1.2907	 1.000
05/26/2020 07:59:55 - INFO - __main__ -   	Step	VALID	0000	6	  88.5790	  87.4878	   1.0913	 1.000
05/26/2020 07:59:57 - INFO - __main__ -   	Step	VALID	0006	6	  82.1422	  81.0148	   1.1274	 1.000
05/26/2020 07:59:59 - INFO - __main__ -   	Epoch	VALID	39	50	  81.7359	  80.5950	   1.1408	 1.000
05/26/2020 08:00:03 - INFO - __main__ -   	Step	TRAIN	0000	82	  67.9050	  66.6885	   1.2165	 1.000
05/26/2020 08:00:06 - INFO - __main__ -   	Step	TRAIN	0050	82	  69.5197	  68.1707	   1.3490	 1.000
05/26/2020 08:00:07 - INFO - __main__ -   	Step	TRAIN	0082	82	  64.6541	  63.3392	   1.3149	 1.000
05/26/2020 08:00:09 - INFO - __main__ -   	Epoch	TRAIN	40	50	  68.2469	  66.9468	   1.3001	 1.000
05/26/2020 08:00:16 - INFO - __main__ -   	Step	VALID	0000	6	  88.8202	  87.7113	   1.1089	 1.000
05/26/2020 08:00:18 - INFO - __main__ -   	Step	VALID	0006	6	  82.3843	  81.2650	   1.1193	 1.000
05/26/2020 08:00:20 - INFO - __main__ -   	Epoch	VALID	40	50	  81.9554	  80.8245	   1.1309	 1.000
05/26/2020 08:00:23 - INFO - __main__ -   	Step	TRAIN	0000	82	  67.6296	  66.3623	   1.2673	 1.000
05/26/2020 08:00:26 - INFO - __main__ -   	Step	TRAIN	0050	82	  69.8145	  68.4789	   1.3356	 1.000
05/26/2020 08:00:27 - INFO - __main__ -   	Step	TRAIN	0082	82	  68.5087	  67.2586	   1.2501	 1.000
05/26/2020 08:00:29 - INFO - __main__ -   	Epoch	TRAIN	41	50	  68.0020	  66.6976	   1.3044	 1.000
05/26/2020 08:00:36 - INFO - __main__ -   	Step	VALID	0000	6	  88.7451	  87.6073	   1.1378	 1.000
05/26/2020 08:00:39 - INFO - __main__ -   	Step	VALID	0006	6	  81.9851	  80.8486	   1.1365	 1.000
05/26/2020 08:00:41 - INFO - __main__ -   	Epoch	VALID	41	50	  81.7243	  80.5733	   1.1510	 1.000
05/26/2020 08:00:44 - INFO - __main__ -   	Step	TRAIN	0000	82	  67.2498	  66.0068	   1.2430	 1.000
05/26/2020 08:00:47 - INFO - __main__ -   	Step	TRAIN	0050	82	  65.1298	  63.7694	   1.3604	 1.000
05/26/2020 08:00:49 - INFO - __main__ -   	Step	TRAIN	0082	82	  65.6576	  64.3580	   1.2996	 1.000
05/26/2020 08:00:50 - INFO - __main__ -   	Epoch	TRAIN	42	50	  67.7463	  66.4285	   1.3178	 1.000
05/26/2020 08:00:59 - INFO - __main__ -   	Step	VALID	0000	6	  88.7385	  87.5316	   1.2069	 1.000
05/26/2020 08:01:02 - INFO - __main__ -   	Step	VALID	0006	6	  82.0575	  80.8334	   1.2241	 1.000
05/26/2020 08:01:03 - INFO - __main__ -   	Epoch	VALID	42	50	  81.7555	  80.5199	   1.2356	 1.000
05/26/2020 08:01:07 - INFO - __main__ -   	Step	TRAIN	0000	82	  66.9702	  65.5604	   1.4098	 1.000
05/26/2020 08:01:09 - INFO - __main__ -   	Step	TRAIN	0050	82	  66.0100	  64.6831	   1.3269	 1.000
05/26/2020 08:01:11 - INFO - __main__ -   	Step	TRAIN	0082	82	  64.3202	  62.9015	   1.4187	 1.000
05/26/2020 08:01:13 - INFO - __main__ -   	Epoch	TRAIN	43	50	  67.4597	  66.1212	   1.3385	 1.000
05/26/2020 08:01:17 - INFO - __main__ -   	Step	VALID	0000	6	  88.8973	  87.7165	   1.1808	 1.000
05/26/2020 08:01:19 - INFO - __main__ -   	Step	VALID	0006	6	  82.1723	  80.9822	   1.1901	 1.000
05/26/2020 08:01:21 - INFO - __main__ -   	Epoch	VALID	43	50	  81.8869	  80.6876	   1.1994	 1.000
05/26/2020 08:01:25 - INFO - __main__ -   	Step	TRAIN	0000	82	  65.0559	  63.7303	   1.3256	 1.000
05/26/2020 08:01:27 - INFO - __main__ -   	Step	TRAIN	0050	82	  68.2931	  66.9051	   1.3880	 1.000
05/26/2020 08:01:29 - INFO - __main__ -   	Step	TRAIN	0082	82	  66.6868	  65.4443	   1.2425	 1.000
05/26/2020 08:01:31 - INFO - __main__ -   	Epoch	TRAIN	44	50	  67.2541	  65.9084	   1.3457	 1.000
05/26/2020 08:01:38 - INFO - __main__ -   	Step	VALID	0000	6	  88.8879	  87.6904	   1.1974	 1.000
05/26/2020 08:01:40 - INFO - __main__ -   	Step	VALID	0006	6	  82.1613	  80.9215	   1.2399	 1.000
05/26/2020 08:01:42 - INFO - __main__ -   	Epoch	VALID	44	50	  81.8538	  80.6197	   1.2341	 1.000
05/26/2020 08:01:46 - INFO - __main__ -   	Step	TRAIN	0000	82	  67.4691	  66.0479	   1.4212	 1.000
05/26/2020 08:01:48 - INFO - __main__ -   	Step	TRAIN	0050	82	  66.8841	  65.5605	   1.3236	 1.000
05/26/2020 08:01:50 - INFO - __main__ -   	Step	TRAIN	0082	82	  65.5257	  64.2712	   1.2545	 1.000
05/26/2020 08:01:51 - INFO - __main__ -   	Epoch	TRAIN	45	50	  67.4784	  66.1279	   1.3505	 1.000
05/26/2020 08:01:56 - INFO - __main__ -   	Step	VALID	0000	6	  89.0258	  87.8494	   1.1764	 1.000
05/26/2020 08:01:59 - INFO - __main__ -   	Step	VALID	0006	6	  82.3142	  81.1170	   1.1972	 1.000
05/26/2020 08:02:01 - INFO - __main__ -   	Epoch	VALID	45	50	  81.9742	  80.7710	   1.2031	 1.000
05/26/2020 08:02:05 - INFO - __main__ -   	Step	TRAIN	0000	82	  64.6290	  63.2827	   1.3463	 1.000
05/26/2020 08:02:08 - INFO - __main__ -   	Step	TRAIN	0050	82	  66.8830	  65.5823	   1.3007	 1.000
05/26/2020 08:02:09 - INFO - __main__ -   	Step	TRAIN	0082	82	  66.7966	  65.5551	   1.2415	 1.000
05/26/2020 08:02:11 - INFO - __main__ -   	Epoch	TRAIN	46	50	  66.8456	  65.4779	   1.3676	 1.000
05/26/2020 08:02:19 - INFO - __main__ -   	Step	VALID	0000	6	  89.0090	  87.8361	   1.1730	 1.000
05/26/2020 08:02:21 - INFO - __main__ -   	Step	VALID	0006	6	  82.2174	  81.0330	   1.1844	 1.000
05/26/2020 08:02:23 - INFO - __main__ -   	Epoch	VALID	46	50	  81.8940	  80.6971	   1.1969	 1.000
05/26/2020 08:02:27 - INFO - __main__ -   	Step	TRAIN	0000	82	  65.4005	  64.0826	   1.3178	 1.000
05/26/2020 08:02:29 - INFO - __main__ -   	Step	TRAIN	0050	82	  64.8337	  63.4349	   1.3987	 1.000
05/26/2020 08:02:31 - INFO - __main__ -   	Step	TRAIN	0082	82	  67.0831	  65.6875	   1.3956	 1.000
05/26/2020 08:02:32 - INFO - __main__ -   	Epoch	TRAIN	47	50	  66.6073	  65.2389	   1.3684	 1.000
05/26/2020 08:02:36 - INFO - __main__ -   	Step	VALID	0000	6	  89.0421	  87.8050	   1.2370	 1.000
05/26/2020 08:02:39 - INFO - __main__ -   	Step	VALID	0006	6	  82.2595	  80.9762	   1.2833	 1.000
05/26/2020 08:02:41 - INFO - __main__ -   	Epoch	VALID	47	50	  81.9995	  80.7141	   1.2854	 1.000
05/26/2020 08:02:45 - INFO - __main__ -   	Step	TRAIN	0000	82	  66.4715	  65.0695	   1.4020	 1.000
05/26/2020 08:02:50 - INFO - __main__ -   	Step	TRAIN	0050	82	  66.1984	  64.7803	   1.4181	 1.000
05/26/2020 08:02:51 - INFO - __main__ -   	Step	TRAIN	0082	82	  70.2925	  68.8072	   1.4852	 1.000
05/26/2020 08:02:53 - INFO - __main__ -   	Epoch	TRAIN	48	50	  66.4554	  65.0709	   1.3845	 1.000
05/26/2020 08:03:02 - INFO - __main__ -   	Step	VALID	0000	6	  89.8579	  88.6574	   1.2005	 1.000
05/26/2020 08:03:05 - INFO - __main__ -   	Step	VALID	0006	6	  83.0883	  81.8515	   1.2368	 1.000
05/26/2020 08:03:06 - INFO - __main__ -   	Epoch	VALID	48	50	  82.6680	  81.4285	   1.2395	 1.000
05/26/2020 08:03:10 - INFO - __main__ -   	Step	TRAIN	0000	82	  66.9990	  65.5636	   1.4354	 1.000
05/26/2020 08:03:13 - INFO - __main__ -   	Step	TRAIN	0050	82	  66.1007	  64.6452	   1.4554	 1.000
05/26/2020 08:03:14 - INFO - __main__ -   	Step	TRAIN	0082	82	  66.7055	  65.2792	   1.4263	 1.000
05/26/2020 08:03:16 - INFO - __main__ -   	Epoch	TRAIN	49	50	  66.2363	  64.8431	   1.3933	 1.000
05/26/2020 08:03:21 - INFO - __main__ -   	Step	VALID	0000	6	  89.3411	  88.1080	   1.2331	 1.000
05/26/2020 08:03:24 - INFO - __main__ -   	Step	VALID	0006	6	  82.2869	  80.9932	   1.2936	 1.000
05/26/2020 08:03:26 - INFO - __main__ -   	Epoch	VALID	49	50	  82.1700	  80.8900	   1.2800	 1.000
