05/26/2020 02:50:51 - INFO - __main__ -   	Step	TRAIN	0000	82	 214.2669	 214.0651	   0.4036	 0.500
05/26/2020 02:50:58 - INFO - __main__ -   	Step	TRAIN	0050	82	 139.6481	 139.6321	   0.0321	 0.500
05/26/2020 02:51:03 - INFO - __main__ -   	Step	TRAIN	0082	82	 141.0553	 141.0418	   0.0269	 0.500
05/26/2020 02:51:04 - INFO - __main__ -   	Epoch	TRAIN	00	50	 152.9180	 152.8770	   0.0821	 0.500
05/26/2020 02:51:11 - INFO - __main__ -   	Step	VALID	0000	6	 142.2323	 142.2065	   0.0257	 0.500
05/26/2020 02:51:14 - INFO - __main__ -   	Step	VALID	0006	6	 135.4122	 135.3878	   0.0244	 0.500
05/26/2020 02:51:16 - INFO - __main__ -   	Epoch	VALID	00	50	 135.1487	 135.1235	   0.0252	 0.500
05/26/2020 02:51:19 - INFO - __main__ -   	Step	TRAIN	0000	82	 140.4945	 140.4818	   0.0253	 0.500
05/26/2020 02:51:27 - INFO - __main__ -   	Step	TRAIN	0050	82	 133.4301	 133.4066	   0.0469	 0.500
05/26/2020 02:51:31 - INFO - __main__ -   	Step	TRAIN	0082	82	 143.7312	 143.6619	   0.1387	 0.500
05/26/2020 02:51:33 - INFO - __main__ -   	Epoch	TRAIN	01	50	 133.9508	 133.9242	   0.0532	 0.500
05/26/2020 02:51:36 - INFO - __main__ -   	Step	VALID	0000	6	 135.2601	 135.0917	   0.1684	 0.500
05/26/2020 02:51:40 - INFO - __main__ -   	Step	VALID	0006	6	 126.7767	 126.6354	   0.1413	 0.500
05/26/2020 02:51:41 - INFO - __main__ -   	Epoch	VALID	01	50	 127.3620	 127.2171	   0.1450	 0.500
05/26/2020 02:51:45 - INFO - __main__ -   	Step	TRAIN	0000	82	 131.4447	 131.3726	   0.1443	 0.500
05/26/2020 02:51:52 - INFO - __main__ -   	Step	TRAIN	0050	82	 124.7287	 124.3258	   0.8058	 0.500
05/26/2020 02:51:57 - INFO - __main__ -   	Step	TRAIN	0082	82	 119.9949	 119.4406	   1.1087	 0.500
05/26/2020 02:51:58 - INFO - __main__ -   	Epoch	TRAIN	02	50	 127.3723	 127.0476	   0.6495	 0.500
05/26/2020 02:52:02 - INFO - __main__ -   	Step	VALID	0000	6	 131.1893	 130.1727	   1.0166	 0.500
05/26/2020 02:52:05 - INFO - __main__ -   	Step	VALID	0006	6	 121.9906	 120.9529	   1.0377	 0.500
05/26/2020 02:52:06 - INFO - __main__ -   	Epoch	VALID	02	50	 122.7794	 121.6589	   1.1205	 0.500
05/26/2020 02:52:10 - INFO - __main__ -   	Step	TRAIN	0000	82	 121.6096	 121.0534	   1.1124	 0.500
05/26/2020 02:52:17 - INFO - __main__ -   	Step	TRAIN	0050	82	 119.2742	 118.3744	   1.7994	 0.500
05/26/2020 02:52:22 - INFO - __main__ -   	Step	TRAIN	0082	82	 120.0117	 118.9653	   2.0930	 0.500
05/26/2020 02:52:23 - INFO - __main__ -   	Epoch	TRAIN	03	50	 122.7379	 121.8531	   1.7695	 0.500
05/26/2020 02:52:25 - INFO - __main__ -   	Step	VALID	0000	6	 129.1607	 126.8868	   2.2739	 0.500
05/26/2020 02:52:29 - INFO - __main__ -   	Step	VALID	0006	6	 119.4140	 117.2975	   2.1165	 0.500
05/26/2020 02:52:30 - INFO - __main__ -   	Epoch	VALID	03	50	 120.3056	 118.0457	   2.2599	 0.500
05/26/2020 02:52:34 - INFO - __main__ -   	Step	TRAIN	0000	82	 119.7513	 118.6016	   2.2994	 0.500
05/26/2020 02:52:41 - INFO - __main__ -   	Step	TRAIN	0050	82	 120.5681	 119.1085	   2.9191	 0.500
05/26/2020 02:52:46 - INFO - __main__ -   	Step	TRAIN	0082	82	 112.6283	 110.9109	   3.4346	 0.500
05/26/2020 02:52:47 - INFO - __main__ -   	Epoch	TRAIN	04	50	 119.3501	 117.9994	   2.7013	 0.500
05/26/2020 02:52:52 - INFO - __main__ -   	Step	VALID	0000	6	 127.2256	 124.2203	   3.0053	 0.500
05/26/2020 02:52:56 - INFO - __main__ -   	Step	VALID	0006	6	 117.0973	 114.0296	   3.0676	 0.500
05/26/2020 02:52:58 - INFO - __main__ -   	Epoch	VALID	04	50	 118.0996	 114.9717	   3.1279	 0.500
05/26/2020 02:53:02 - INFO - __main__ -   	Step	TRAIN	0000	82	 121.9754	 120.3306	   3.2896	 0.500
05/26/2020 02:53:09 - INFO - __main__ -   	Step	TRAIN	0050	82	 115.2881	 113.3733	   3.8295	 0.500
05/26/2020 02:53:14 - INFO - __main__ -   	Step	TRAIN	0082	82	 116.2791	 114.1002	   4.3577	 0.500
05/26/2020 02:53:15 - INFO - __main__ -   	Epoch	TRAIN	05	50	 116.4639	 114.5280	   3.8717	 0.500
05/26/2020 02:53:19 - INFO - __main__ -   	Step	VALID	0000	6	 126.0302	 122.0319	   3.9984	 0.500
05/26/2020 02:53:23 - INFO - __main__ -   	Step	VALID	0006	6	 115.4742	 111.2307	   4.2435	 0.500
05/26/2020 02:53:24 - INFO - __main__ -   	Epoch	VALID	05	50	 116.5702	 112.3319	   4.2383	 0.500
05/26/2020 02:53:28 - INFO - __main__ -   	Step	TRAIN	0000	82	 111.7869	 109.6354	   4.3029	 0.500
05/26/2020 02:53:35 - INFO - __main__ -   	Step	TRAIN	0050	82	 120.2448	 117.6872	   5.1152	 0.500
05/26/2020 02:53:40 - INFO - __main__ -   	Step	TRAIN	0082	82	 108.8769	 106.1647	   5.4244	 0.500
05/26/2020 02:53:42 - INFO - __main__ -   	Epoch	TRAIN	06	50	 113.8104	 111.3512	   4.9184	 0.500
05/26/2020 02:53:44 - INFO - __main__ -   	Step	VALID	0000	6	 125.0594	 120.0458	   5.0136	 0.500
05/26/2020 02:53:47 - INFO - __main__ -   	Step	VALID	0006	6	 114.2376	 109.0152	   5.2224	 0.500
05/26/2020 02:53:49 - INFO - __main__ -   	Epoch	VALID	06	50	 115.2855	 109.9908	   5.2946	 0.500
05/26/2020 02:53:53 - INFO - __main__ -   	Step	TRAIN	0000	82	 107.5737	 104.7761	   5.5952	 0.500
05/26/2020 02:54:00 - INFO - __main__ -   	Step	TRAIN	0050	82	 118.7869	 115.6735	   6.2269	 0.500
05/26/2020 02:54:05 - INFO - __main__ -   	Step	TRAIN	0082	82	 110.4794	 107.4062	   6.1463	 0.500
05/26/2020 02:54:06 - INFO - __main__ -   	Epoch	TRAIN	07	50	 111.5290	 108.6006	   5.8568	 0.500
05/26/2020 02:54:13 - INFO - __main__ -   	Step	VALID	0000	6	 124.1618	 118.2790	   5.8828	 0.500
05/26/2020 02:54:17 - INFO - __main__ -   	Step	VALID	0006	6	 113.1839	 107.0874	   6.0965	 0.500
05/26/2020 02:54:18 - INFO - __main__ -   	Epoch	VALID	07	50	 114.2297	 108.0413	   6.1884	 0.500
05/26/2020 02:54:22 - INFO - __main__ -   	Step	TRAIN	0000	82	 111.8436	 108.6515	   6.3841	 0.500
05/26/2020 02:54:30 - INFO - __main__ -   	Step	TRAIN	0050	82	 112.3143	 108.9592	   6.7100	 0.500
05/26/2020 02:54:34 - INFO - __main__ -   	Step	TRAIN	0082	82	 102.7383	  98.9424	   7.5917	 0.500
05/26/2020 02:54:35 - INFO - __main__ -   	Epoch	TRAIN	08	50	 109.4252	 106.0841	   6.6822	 0.500
05/26/2020 02:54:39 - INFO - __main__ -   	Step	VALID	0000	6	 123.4769	 116.8641	   6.6128	 0.500
05/26/2020 02:54:43 - INFO - __main__ -   	Step	VALID	0006	6	 112.4960	 105.6272	   6.8688	 0.500
05/26/2020 02:54:44 - INFO - __main__ -   	Epoch	VALID	08	50	 113.4493	 106.5633	   6.8860	 0.500
05/26/2020 02:54:48 - INFO - __main__ -   	Step	TRAIN	0000	82	 108.9250	 105.4632	   6.9234	 0.500
05/26/2020 02:54:56 - INFO - __main__ -   	Step	TRAIN	0050	82	 106.8352	 102.9794	   7.7115	 0.500
05/26/2020 02:55:01 - INFO - __main__ -   	Step	TRAIN	0082	82	 104.7379	 100.8185	   7.8389	 0.500
05/26/2020 02:55:02 - INFO - __main__ -   	Epoch	TRAIN	09	50	 107.6309	 103.9073	   7.4472	 0.500
05/26/2020 02:55:08 - INFO - __main__ -   	Step	VALID	0000	6	 123.3403	 115.9265	   7.4137	 0.500
05/26/2020 02:55:12 - INFO - __main__ -   	Step	VALID	0006	6	 111.8917	 104.3185	   7.5732	 0.500
05/26/2020 02:55:13 - INFO - __main__ -   	Epoch	VALID	09	50	 112.9430	 105.3252	   7.6178	 0.500
05/26/2020 02:55:18 - INFO - __main__ -   	Step	TRAIN	0000	82	 103.4412	  99.4585	   7.9654	 0.500
05/26/2020 02:55:25 - INFO - __main__ -   	Step	TRAIN	0050	82	 110.7606	 106.6244	   8.2724	 0.500
05/26/2020 02:55:30 - INFO - __main__ -   	Step	TRAIN	0082	82	 117.1520	 112.7190	   8.8660	 0.500
05/26/2020 02:55:31 - INFO - __main__ -   	Epoch	TRAIN	10	50	 106.1745	 102.0652	   8.2187	 0.500
05/26/2020 02:55:37 - INFO - __main__ -   	Step	VALID	0000	6	 122.8104	 114.7514	   8.0590	 0.500
05/26/2020 02:55:40 - INFO - __main__ -   	Step	VALID	0006	6	 111.1035	 102.9867	   8.1168	 0.500
05/26/2020 02:55:42 - INFO - __main__ -   	Epoch	VALID	10	50	 112.2738	 104.0829	   8.1909	 0.500
05/26/2020 02:55:45 - INFO - __main__ -   	Step	TRAIN	0000	82	 104.1155	  99.8735	   8.4840	 0.500
05/26/2020 02:55:53 - INFO - __main__ -   	Step	TRAIN	0050	82	 107.0970	 102.5934	   9.0072	 0.500
05/26/2020 02:55:57 - INFO - __main__ -   	Step	TRAIN	0082	82	 110.1929	 105.6643	   9.0572	 0.500
05/26/2020 02:55:58 - INFO - __main__ -   	Epoch	TRAIN	11	50	 104.6473	 100.2337	   8.8272	 0.500
05/26/2020 02:56:08 - INFO - __main__ -   	Step	VALID	0000	6	 122.6466	 114.0504	   8.5962	 0.500
05/26/2020 02:56:12 - INFO - __main__ -   	Step	VALID	0006	6	 110.9388	 102.1655	   8.7733	 0.500
05/26/2020 02:56:14 - INFO - __main__ -   	Epoch	VALID	11	50	 111.9703	 103.1593	   8.8109	 0.500
05/26/2020 02:56:17 - INFO - __main__ -   	Step	TRAIN	0000	82	 104.9007	 100.3590	   9.0835	 0.500
05/26/2020 02:56:25 - INFO - __main__ -   	Step	TRAIN	0050	82	  99.8642	  95.1814	   9.3655	 0.500
05/26/2020 02:56:30 - INFO - __main__ -   	Step	TRAIN	0082	82	 108.9636	 104.0186	   9.8901	 0.500
05/26/2020 02:56:31 - INFO - __main__ -   	Epoch	TRAIN	12	50	 103.3324	  98.6038	   9.4571	 0.500
05/26/2020 02:56:34 - INFO - __main__ -   	Step	VALID	0000	6	 122.0570	 112.8482	   9.2088	 0.500
05/26/2020 02:56:38 - INFO - __main__ -   	Step	VALID	0006	6	 110.0945	 100.6553	   9.4392	 0.500
05/26/2020 02:56:39 - INFO - __main__ -   	Epoch	VALID	12	50	 111.3886	 101.9377	   9.4509	 0.500
05/26/2020 02:56:43 - INFO - __main__ -   	Step	TRAIN	0000	82	 104.8005	  99.9272	   9.7465	 0.500
05/26/2020 02:56:51 - INFO - __main__ -   	Step	TRAIN	0050	82	 100.0697	  95.1022	   9.9349	 0.500
05/26/2020 02:56:55 - INFO - __main__ -   	Step	TRAIN	0082	82	 105.4322	 100.3936	  10.0773	 0.500
05/26/2020 02:56:56 - INFO - __main__ -   	Epoch	TRAIN	13	50	 102.1049	  97.0980	  10.0139	 0.500
05/26/2020 02:57:01 - INFO - __main__ -   	Step	VALID	0000	6	 121.7643	 112.1483	   9.6160	 0.500
05/26/2020 02:57:05 - INFO - __main__ -   	Step	VALID	0006	6	 109.7690	  99.9921	   9.7770	 0.500
05/26/2020 02:57:06 - INFO - __main__ -   	Epoch	VALID	13	50	 110.9647	 101.1860	   9.7787	 0.500
05/26/2020 02:57:10 - INFO - __main__ -   	Step	TRAIN	0000	82	 103.0295	  97.8929	  10.2733	 0.500
05/26/2020 02:57:18 - INFO - __main__ -   	Step	TRAIN	0050	82	  99.1399	  93.7873	  10.7053	 0.500
05/26/2020 02:57:22 - INFO - __main__ -   	Step	TRAIN	0082	82	 105.4400	 100.2976	  10.2848	 0.500
05/26/2020 02:57:24 - INFO - __main__ -   	Epoch	TRAIN	14	50	 100.9502	  95.7074	  10.4856	 0.500
05/26/2020 02:57:27 - INFO - __main__ -   	Step	VALID	0000	6	 121.8457	 111.7915	  10.0542	 0.500
05/26/2020 02:57:30 - INFO - __main__ -   	Step	VALID	0006	6	 109.3553	  99.1323	  10.2230	 0.500
05/26/2020 02:57:31 - INFO - __main__ -   	Epoch	VALID	14	50	 110.7992	 100.5756	  10.2235	 0.500
05/26/2020 02:57:35 - INFO - __main__ -   	Step	TRAIN	0000	82	 102.7996	  97.4905	  10.6182	 0.500
05/26/2020 02:57:42 - INFO - __main__ -   	Step	TRAIN	0050	82	 102.9613	  97.3260	  11.2707	 0.500
05/26/2020 02:57:47 - INFO - __main__ -   	Step	TRAIN	0082	82	  97.1520	  91.5269	  11.2503	 0.500
05/26/2020 02:57:48 - INFO - __main__ -   	Epoch	TRAIN	15	50	  99.8406	  94.3592	  10.9629	 0.500
05/26/2020 02:57:54 - INFO - __main__ -   	Step	VALID	0000	6	 121.5507	 110.9525	  10.5982	 0.500
05/26/2020 02:57:58 - INFO - __main__ -   	Step	VALID	0006	6	 109.1346	  98.3799	  10.7547	 0.500
05/26/2020 02:57:59 - INFO - __main__ -   	Epoch	VALID	15	50	 110.6327	  99.8791	  10.7536	 0.500
05/26/2020 02:58:03 - INFO - __main__ -   	Step	TRAIN	0000	82	 100.9841	  95.3704	  11.2274	 0.500
05/26/2020 02:58:10 - INFO - __main__ -   	Step	TRAIN	0050	82	  95.6413	  89.8585	  11.5656	 0.500
05/26/2020 02:58:15 - INFO - __main__ -   	Step	TRAIN	0082	82	  98.0055	  92.2288	  11.5533	 0.500
05/26/2020 02:58:16 - INFO - __main__ -   	Epoch	TRAIN	16	50	  98.8818	  93.1993	  11.3651	 0.500
05/26/2020 02:58:19 - INFO - __main__ -   	Step	VALID	0000	6	 121.7465	 110.8533	  10.8932	 0.500
05/26/2020 02:58:22 - INFO - __main__ -   	Step	VALID	0006	6	 109.0336	  97.9348	  11.0989	 0.500
05/26/2020 02:58:24 - INFO - __main__ -   	Epoch	VALID	16	50	 110.4191	  99.3667	  11.0524	 0.500
05/26/2020 02:58:27 - INFO - __main__ -   	Step	TRAIN	0000	82	  99.0166	  93.2574	  11.5184	 0.500
05/26/2020 02:58:34 - INFO - __main__ -   	Step	TRAIN	0050	82	  96.2050	  90.6014	  11.2071	 0.500
05/26/2020 02:58:39 - INFO - __main__ -   	Step	TRAIN	0082	82	 102.4520	  96.4143	  12.0753	 0.500
05/26/2020 02:58:40 - INFO - __main__ -   	Epoch	TRAIN	17	50	  97.9827	  92.1278	  11.7097	 0.500
05/26/2020 02:58:48 - INFO - __main__ -   	Step	VALID	0000	6	 121.5254	 110.3379	  11.1875	 0.500
05/26/2020 02:58:51 - INFO - __main__ -   	Step	VALID	0006	6	 108.7893	  97.4022	  11.3871	 0.500
05/26/2020 02:58:52 - INFO - __main__ -   	Epoch	VALID	17	50	 110.3761	  99.0468	  11.3293	 0.500
05/26/2020 02:58:56 - INFO - __main__ -   	Step	TRAIN	0000	82	  96.7527	  90.8205	  11.8644	 0.500
05/26/2020 02:59:03 - INFO - __main__ -   	Step	TRAIN	0050	82	  97.2966	  91.2463	  12.1006	 0.500
05/26/2020 02:59:08 - INFO - __main__ -   	Step	TRAIN	0082	82	  87.4639	  81.6806	  11.5666	 0.500
05/26/2020 02:59:09 - INFO - __main__ -   	Epoch	TRAIN	18	50	  96.9839	  90.9703	  12.0271	 0.500
05/26/2020 02:59:15 - INFO - __main__ -   	Step	VALID	0000	6	 121.4847	 110.1019	  11.3828	 0.500
05/26/2020 02:59:20 - INFO - __main__ -   	Step	VALID	0006	6	 108.2917	  96.7357	  11.5560	 0.500
05/26/2020 02:59:21 - INFO - __main__ -   	Epoch	VALID	18	50	 110.0679	  98.5424	  11.5255	 0.500
05/26/2020 02:59:25 - INFO - __main__ -   	Step	TRAIN	0000	82	  92.7464	  86.7853	  11.9221	 0.500
05/26/2020 02:59:33 - INFO - __main__ -   	Step	TRAIN	0050	82	 100.5292	  94.2711	  12.5161	 0.500
05/26/2020 02:59:37 - INFO - __main__ -   	Step	TRAIN	0082	82	 105.7385	  99.5195	  12.4379	 0.500
05/26/2020 02:59:38 - INFO - __main__ -   	Epoch	TRAIN	19	50	  96.3665	  90.1985	  12.3360	 0.500
05/26/2020 02:59:42 - INFO - __main__ -   	Step	VALID	0000	6	 121.3311	 109.6081	  11.7230	 0.500
05/26/2020 02:59:45 - INFO - __main__ -   	Step	VALID	0006	6	 108.2498	  96.4031	  11.8467	 0.500
05/26/2020 02:59:46 - INFO - __main__ -   	Epoch	VALID	19	50	 110.0022	  98.2099	  11.7923	 0.500
05/26/2020 02:59:50 - INFO - __main__ -   	Step	TRAIN	0000	82	 101.0442	  94.7397	  12.6089	 0.500
05/26/2020 02:59:57 - INFO - __main__ -   	Step	TRAIN	0050	82	  98.3557	  91.9972	  12.7170	 0.500
05/26/2020 03:00:02 - INFO - __main__ -   	Step	TRAIN	0082	82	  89.9194	  83.4907	  12.8574	 0.500
05/26/2020 03:00:03 - INFO - __main__ -   	Epoch	TRAIN	20	50	  95.4472	  89.1253	  12.6437	 0.500
05/26/2020 03:00:12 - INFO - __main__ -   	Step	VALID	0000	6	 121.2395	 109.0289	  12.2105	 0.500
05/26/2020 03:00:15 - INFO - __main__ -   	Step	VALID	0006	6	 108.6036	  96.2061	  12.3975	 0.500
05/26/2020 03:00:17 - INFO - __main__ -   	Epoch	VALID	20	50	 110.1034	  97.7976	  12.3059	 0.500
05/26/2020 03:00:21 - INFO - __main__ -   	Step	TRAIN	0000	82	  93.7014	  87.3042	  12.7944	 0.500
05/26/2020 03:00:28 - INFO - __main__ -   	Step	TRAIN	0050	82	  95.6315	  89.1936	  12.8758	 0.500
05/26/2020 03:00:33 - INFO - __main__ -   	Step	TRAIN	0082	82	 110.4638	 103.6295	  13.6685	 0.500
05/26/2020 03:00:34 - INFO - __main__ -   	Epoch	TRAIN	21	50	  94.9351	  88.4693	  12.9316	 0.500
05/26/2020 03:00:40 - INFO - __main__ -   	Step	VALID	0000	6	 121.4471	 109.0314	  12.4157	 0.500
05/26/2020 03:00:44 - INFO - __main__ -   	Step	VALID	0006	6	 108.4618	  95.8856	  12.5761	 0.500
05/26/2020 03:00:45 - INFO - __main__ -   	Epoch	VALID	21	50	 110.0982	  97.6285	  12.4697	 0.500
05/26/2020 03:00:49 - INFO - __main__ -   	Step	TRAIN	0000	82	  96.9156	  90.2642	  13.3028	 0.500
05/26/2020 03:00:56 - INFO - __main__ -   	Step	TRAIN	0050	82	  94.1649	  87.5254	  13.2790	 0.500
05/26/2020 03:01:02 - INFO - __main__ -   	Step	TRAIN	0082	82	  96.3369	  89.7485	  13.1768	 0.500
05/26/2020 03:01:03 - INFO - __main__ -   	Epoch	TRAIN	22	50	  94.1167	  87.5334	  13.1667	 0.500
05/26/2020 03:01:10 - INFO - __main__ -   	Step	VALID	0000	6	 121.5041	 108.9066	  12.5975	 0.500
05/26/2020 03:01:13 - INFO - __main__ -   	Step	VALID	0006	6	 108.3468	  95.6194	  12.7273	 0.500
05/26/2020 03:01:15 - INFO - __main__ -   	Epoch	VALID	22	50	 109.9965	  97.3678	  12.6287	 0.500
05/26/2020 03:01:18 - INFO - __main__ -   	Step	TRAIN	0000	82	  91.2761	  84.7057	  13.1407	 0.500
05/26/2020 03:01:26 - INFO - __main__ -   	Step	TRAIN	0050	82	  92.7560	  85.9127	  13.6866	 0.500
05/26/2020 03:01:30 - INFO - __main__ -   	Step	TRAIN	0082	82	  92.1866	  85.4958	  13.3817	 0.500
05/26/2020 03:01:32 - INFO - __main__ -   	Epoch	TRAIN	23	50	  93.4083	  86.7126	  13.3912	 0.500
05/26/2020 03:01:38 - INFO - __main__ -   	Step	VALID	0000	6	 121.5478	 108.8808	  12.6671	 0.500
05/26/2020 03:01:41 - INFO - __main__ -   	Step	VALID	0006	6	 108.2407	  95.3859	  12.8549	 0.500
05/26/2020 03:01:42 - INFO - __main__ -   	Epoch	VALID	23	50	 109.9114	  97.1801	  12.7313	 0.500
05/26/2020 03:01:46 - INFO - __main__ -   	Step	TRAIN	0000	82	  92.3370	  85.7576	  13.1588	 0.500
05/26/2020 03:01:54 - INFO - __main__ -   	Step	TRAIN	0050	82	  92.9785	  86.2277	  13.5017	 0.500
05/26/2020 03:01:59 - INFO - __main__ -   	Step	TRAIN	0082	82	  99.5452	  92.5519	  13.9867	 0.500
05/26/2020 03:02:00 - INFO - __main__ -   	Epoch	TRAIN	24	50	  92.8762	  86.0783	  13.5958	 0.500
05/26/2020 03:02:05 - INFO - __main__ -   	Step	VALID	0000	6	 121.5085	 108.6528	  12.8558	 0.500
05/26/2020 03:02:09 - INFO - __main__ -   	Step	VALID	0006	6	 108.4167	  95.4014	  13.0153	 0.500
05/26/2020 03:02:10 - INFO - __main__ -   	Epoch	VALID	24	50	 109.9769	  97.0638	  12.9131	 0.500
05/26/2020 03:02:14 - INFO - __main__ -   	Step	TRAIN	0000	82	  89.3658	  82.6580	  13.4155	 0.500
05/26/2020 03:02:22 - INFO - __main__ -   	Step	TRAIN	0050	82	  92.4880	  85.5953	  13.7855	 0.500
05/26/2020 03:02:26 - INFO - __main__ -   	Step	TRAIN	0082	82	  89.1446	  82.3361	  13.6171	 0.500
05/26/2020 03:02:28 - INFO - __main__ -   	Epoch	TRAIN	25	50	  92.1952	  85.3293	  13.7318	 0.500
05/26/2020 03:02:33 - INFO - __main__ -   	Step	VALID	0000	6	 121.7396	 108.6831	  13.0565	 0.500
05/26/2020 03:02:36 - INFO - __main__ -   	Step	VALID	0006	6	 107.9683	  94.7497	  13.2186	 0.500
05/26/2020 03:02:38 - INFO - __main__ -   	Epoch	VALID	25	50	 109.8515	  96.7650	  13.0865	 0.500
05/26/2020 03:02:41 - INFO - __main__ -   	Step	TRAIN	0000	82	  89.2056	  82.3379	  13.7355	 0.500
05/26/2020 03:02:49 - INFO - __main__ -   	Step	TRAIN	0050	82	  91.8758	  85.0945	  13.5626	 0.500
05/26/2020 03:02:53 - INFO - __main__ -   	Step	TRAIN	0082	82	  96.6748	  89.6697	  14.0101	 0.500
05/26/2020 03:02:54 - INFO - __main__ -   	Epoch	TRAIN	26	50	  91.7290	  84.7697	  13.9186	 0.500
05/26/2020 03:02:59 - INFO - __main__ -   	Step	VALID	0000	6	 121.8002	 108.4229	  13.3773	 0.500
05/26/2020 03:03:03 - INFO - __main__ -   	Step	VALID	0006	6	 108.3453	  94.8817	  13.4636	 0.500
05/26/2020 03:03:05 - INFO - __main__ -   	Epoch	VALID	26	50	 110.0831	  96.6896	  13.3936	 0.500
05/26/2020 03:03:08 - INFO - __main__ -   	Step	TRAIN	0000	82	  93.6570	  86.5709	  14.1721	 0.500
05/26/2020 03:03:16 - INFO - __main__ -   	Step	TRAIN	0050	82	  93.0158	  85.9941	  14.0434	 0.500
05/26/2020 03:03:20 - INFO - __main__ -   	Step	TRAIN	0082	82	  96.2294	  89.2888	  13.8812	 0.500
05/26/2020 03:03:21 - INFO - __main__ -   	Epoch	TRAIN	27	50	  91.1940	  84.1487	  14.0905	 0.500
05/26/2020 03:03:26 - INFO - __main__ -   	Step	VALID	0000	6	 121.8453	 108.5385	  13.3068	 0.500
05/26/2020 03:03:30 - INFO - __main__ -   	Step	VALID	0006	6	 108.0808	  94.6161	  13.4647	 0.500
05/26/2020 03:03:31 - INFO - __main__ -   	Epoch	VALID	27	50	 109.9017	  96.5556	  13.3462	 0.500
05/26/2020 03:03:34 - INFO - __main__ -   	Step	TRAIN	0000	82	  92.8208	  85.7520	  14.1377	 0.500
05/26/2020 03:03:42 - INFO - __main__ -   	Step	TRAIN	0050	82	  92.0131	  84.8752	  14.2757	 0.500
05/26/2020 03:03:46 - INFO - __main__ -   	Step	TRAIN	0082	82	  84.0022	  77.1825	  13.6394	 0.500
05/26/2020 03:03:48 - INFO - __main__ -   	Epoch	TRAIN	28	50	  90.5693	  83.4544	  14.2297	 0.500
05/26/2020 03:03:51 - INFO - __main__ -   	Step	VALID	0000	6	 121.5208	 108.1717	  13.3491	 0.500
05/26/2020 03:03:55 - INFO - __main__ -   	Step	VALID	0006	6	 107.9879	  94.4584	  13.5295	 0.500
05/26/2020 03:03:56 - INFO - __main__ -   	Epoch	VALID	28	50	 109.8557	  96.4718	  13.3840	 0.500
05/26/2020 03:04:00 - INFO - __main__ -   	Step	TRAIN	0000	82	  89.8161	  82.7724	  14.0875	 0.500
05/26/2020 03:04:07 - INFO - __main__ -   	Step	TRAIN	0050	82	  91.5859	  84.3987	  14.3744	 0.500
05/26/2020 03:04:12 - INFO - __main__ -   	Step	TRAIN	0082	82	  95.3232	  88.2220	  14.2023	 0.500
05/26/2020 03:04:13 - INFO - __main__ -   	Epoch	TRAIN	29	50	  90.1752	  82.9950	  14.3604	 0.500
05/26/2020 03:04:15 - INFO - __main__ -   	Step	VALID	0000	6	 122.0542	 108.5555	  13.4987	 0.500
05/26/2020 03:04:19 - INFO - __main__ -   	Step	VALID	0006	6	 108.3590	  94.7033	  13.6557	 0.500
05/26/2020 03:04:20 - INFO - __main__ -   	Epoch	VALID	29	50	 110.0412	  96.5248	  13.5165	 0.500
05/26/2020 03:04:24 - INFO - __main__ -   	Step	TRAIN	0000	82	  90.8136	  83.5370	  14.5531	 0.500
05/26/2020 03:04:32 - INFO - __main__ -   	Step	TRAIN	0050	82	  88.2996	  81.0532	  14.4927	 0.500
05/26/2020 03:04:36 - INFO - __main__ -   	Step	TRAIN	0082	82	  79.1477	  72.2936	  13.7082	 0.500
05/26/2020 03:04:38 - INFO - __main__ -   	Epoch	TRAIN	30	50	  89.5722	  82.3158	  14.5129	 0.500
05/26/2020 03:04:48 - INFO - __main__ -   	Step	VALID	0000	6	 121.8987	 108.3132	  13.5855	 0.500
05/26/2020 03:04:51 - INFO - __main__ -   	Step	VALID	0006	6	 108.1512	  94.3633	  13.7879	 0.500
05/26/2020 03:04:53 - INFO - __main__ -   	Epoch	VALID	30	50	 110.0440	  96.4209	  13.6231	 0.500
05/26/2020 03:04:56 - INFO - __main__ -   	Step	TRAIN	0000	82	  93.6721	  86.3994	  14.5455	 0.500
05/26/2020 03:05:04 - INFO - __main__ -   	Step	TRAIN	0050	82	  92.5415	  85.1997	  14.6835	 0.500
05/26/2020 03:05:08 - INFO - __main__ -   	Step	TRAIN	0082	82	  88.9794	  81.5897	  14.7796	 0.500
05/26/2020 03:05:10 - INFO - __main__ -   	Epoch	TRAIN	31	50	  89.1791	  81.8655	  14.6272	 0.500
05/26/2020 03:05:17 - INFO - __main__ -   	Step	VALID	0000	6	 122.5759	 108.6282	  13.9477	 0.500
05/26/2020 03:05:20 - INFO - __main__ -   	Step	VALID	0006	6	 108.6295	  94.4584	  14.1711	 0.500
05/26/2020 03:05:22 - INFO - __main__ -   	Epoch	VALID	31	50	 110.5875	  96.6008	  13.9867	 0.500
05/26/2020 03:05:25 - INFO - __main__ -   	Step	TRAIN	0000	82	  90.8356	  83.2653	  15.1406	 0.500
05/26/2020 03:05:32 - INFO - __main__ -   	Step	TRAIN	0050	82	  86.3772	  79.0446	  14.6652	 0.500
05/26/2020 03:05:37 - INFO - __main__ -   	Step	TRAIN	0082	82	  80.6770	  73.6066	  14.1408	 0.500
05/26/2020 03:05:38 - INFO - __main__ -   	Epoch	TRAIN	32	50	  88.6823	  81.3152	  14.7342	 0.500
05/26/2020 03:05:41 - INFO - __main__ -   	Step	VALID	0000	6	 122.2810	 108.4930	  13.7880	 0.500
05/26/2020 03:05:44 - INFO - __main__ -   	Step	VALID	0006	6	 108.2540	  94.3173	  13.9367	 0.500
05/26/2020 03:05:46 - INFO - __main__ -   	Epoch	VALID	32	50	 110.2897	  96.4880	  13.8017	 0.500
05/26/2020 03:05:49 - INFO - __main__ -   	Step	TRAIN	0000	82	  89.4147	  82.1505	  14.5284	 0.500
05/26/2020 03:05:57 - INFO - __main__ -   	Step	TRAIN	0050	82	  85.8316	  78.5099	  14.6434	 0.500
05/26/2020 03:06:01 - INFO - __main__ -   	Step	TRAIN	0082	82	  92.2608	  84.8207	  14.8802	 0.500
05/26/2020 03:06:03 - INFO - __main__ -   	Epoch	TRAIN	33	50	  88.3480	  80.9434	  14.8092	 0.500
05/26/2020 03:06:07 - INFO - __main__ -   	Step	VALID	0000	6	 122.5321	 108.4779	  14.0541	 0.500
05/26/2020 03:06:11 - INFO - __main__ -   	Step	VALID	0006	6	 108.5247	  94.3531	  14.1716	 0.500
05/26/2020 03:06:13 - INFO - __main__ -   	Epoch	VALID	33	50	 110.4277	  96.3870	  14.0407	 0.500
05/26/2020 03:06:18 - INFO - __main__ -   	Step	TRAIN	0000	82	  88.6838	  81.2754	  14.8168	 0.500
05/26/2020 03:06:26 - INFO - __main__ -   	Step	TRAIN	0050	82	  86.6927	  79.3325	  14.7206	 0.500
05/26/2020 03:06:31 - INFO - __main__ -   	Step	TRAIN	0082	82	  84.2386	  77.2303	  14.0165	 0.500
05/26/2020 03:06:32 - INFO - __main__ -   	Epoch	TRAIN	34	50	  87.8941	  80.4356	  14.9168	 0.500
05/26/2020 03:06:37 - INFO - __main__ -   	Step	VALID	0000	6	 122.8092	 108.5129	  14.2962	 0.500
05/26/2020 03:06:41 - INFO - __main__ -   	Step	VALID	0006	6	 108.7444	  94.3125	  14.4320	 0.500
05/26/2020 03:06:42 - INFO - __main__ -   	Epoch	VALID	34	50	 110.6531	  96.3844	  14.2687	 0.500
05/26/2020 03:06:46 - INFO - __main__ -   	Step	TRAIN	0000	82	  88.0668	  80.4830	  15.1676	 0.500
05/26/2020 03:06:53 - INFO - __main__ -   	Step	TRAIN	0050	82	  88.9099	  81.4320	  14.9560	 0.500
05/26/2020 03:06:58 - INFO - __main__ -   	Step	TRAIN	0082	82	  86.5798	  79.2814	  14.5969	 0.500
05/26/2020 03:06:59 - INFO - __main__ -   	Epoch	TRAIN	35	50	  87.5179	  79.9893	  15.0573	 0.500
05/26/2020 03:07:03 - INFO - __main__ -   	Step	VALID	0000	6	 122.6503	 108.3665	  14.2837	 0.500
05/26/2020 03:07:07 - INFO - __main__ -   	Step	VALID	0006	6	 108.6959	  94.2058	  14.4902	 0.500
05/26/2020 03:07:08 - INFO - __main__ -   	Epoch	VALID	35	50	 110.5963	  96.2725	  14.3238	 0.500
05/26/2020 03:07:13 - INFO - __main__ -   	Step	TRAIN	0000	82	  85.0956	  77.6135	  14.9642	 0.500
05/26/2020 03:07:21 - INFO - __main__ -   	Step	TRAIN	0050	82	  89.4064	  81.7840	  15.2449	 0.500
05/26/2020 03:07:25 - INFO - __main__ -   	Step	TRAIN	0082	82	  78.4482	  71.1179	  14.6605	 0.500
05/26/2020 03:07:27 - INFO - __main__ -   	Epoch	TRAIN	36	50	  87.0388	  79.4680	  15.1416	 0.500
05/26/2020 03:07:32 - INFO - __main__ -   	Step	VALID	0000	6	 122.7551	 108.4909	  14.2642	 0.500
05/26/2020 03:07:35 - INFO - __main__ -   	Step	VALID	0006	6	 108.5164	  94.1153	  14.4010	 0.500
05/26/2020 03:07:37 - INFO - __main__ -   	Epoch	VALID	36	50	 110.6482	  96.4031	  14.2451	 0.500
05/26/2020 03:07:40 - INFO - __main__ -   	Step	TRAIN	0000	82	  83.6118	  76.0846	  15.0545	 0.500
05/26/2020 03:07:48 - INFO - __main__ -   	Step	TRAIN	0050	82	  83.5951	  75.9202	  15.3497	 0.500
05/26/2020 03:07:53 - INFO - __main__ -   	Step	TRAIN	0082	82	  96.3629	  88.4485	  15.8288	 0.500
05/26/2020 03:07:53 - INFO - __main__ -   	Epoch	TRAIN	37	50	  86.8613	  79.2467	  15.2294	 0.500
05/26/2020 03:07:57 - INFO - __main__ -   	Step	VALID	0000	6	 122.9384	 108.4392	  14.4992	 0.500
05/26/2020 03:08:01 - INFO - __main__ -   	Step	VALID	0006	6	 108.7785	  94.1798	  14.5987	 0.500
05/26/2020 03:08:03 - INFO - __main__ -   	Epoch	VALID	37	50	 110.7790	  96.3290	  14.4499	 0.500
05/26/2020 03:08:07 - INFO - __main__ -   	Step	TRAIN	0000	82	  83.1528	  75.5891	  15.1275	 0.500
05/26/2020 03:08:14 - INFO - __main__ -   	Step	TRAIN	0050	82	  89.9161	  82.2080	  15.4163	 0.500
05/26/2020 03:08:19 - INFO - __main__ -   	Step	TRAIN	0082	82	  85.4355	  77.6366	  15.5977	 0.500
05/26/2020 03:08:20 - INFO - __main__ -   	Epoch	TRAIN	38	50	  86.3631	  78.7194	  15.2873	 0.500
05/26/2020 03:08:27 - INFO - __main__ -   	Step	VALID	0000	6	 123.0072	 108.5773	  14.4299	 0.500
05/26/2020 03:08:31 - INFO - __main__ -   	Step	VALID	0006	6	 109.0966	  94.5509	  14.5457	 0.500
05/26/2020 03:08:32 - INFO - __main__ -   	Epoch	VALID	38	50	 110.9121	  96.5029	  14.4093	 0.500
05/26/2020 03:08:36 - INFO - __main__ -   	Step	TRAIN	0000	82	  82.3225	  74.7857	  15.0736	 0.500
05/26/2020 03:08:43 - INFO - __main__ -   	Step	TRAIN	0050	82	  89.4180	  81.6118	  15.6125	 0.500
05/26/2020 03:08:48 - INFO - __main__ -   	Step	TRAIN	0082	82	  91.9851	  84.3845	  15.2012	 0.500
05/26/2020 03:08:49 - INFO - __main__ -   	Epoch	TRAIN	39	50	  86.1114	  78.4150	  15.3926	 0.500
05/26/2020 03:08:57 - INFO - __main__ -   	Step	VALID	0000	6	 123.2655	 108.6718	  14.5938	 0.500
05/26/2020 03:09:01 - INFO - __main__ -   	Step	VALID	0006	6	 108.9732	  94.2696	  14.7036	 0.500
05/26/2020 03:09:02 - INFO - __main__ -   	Epoch	VALID	39	50	 110.9178	  96.3656	  14.5522	 0.500
05/26/2020 03:09:06 - INFO - __main__ -   	Step	TRAIN	0000	82	  89.5477	  81.7875	  15.5204	 0.500
05/26/2020 03:09:13 - INFO - __main__ -   	Step	TRAIN	0050	82	  83.4634	  75.7693	  15.3883	 0.500
05/26/2020 03:09:18 - INFO - __main__ -   	Step	TRAIN	0082	82	  93.4870	  85.7715	  15.4311	 0.500
05/26/2020 03:09:19 - INFO - __main__ -   	Epoch	TRAIN	40	50	  85.8079	  78.0500	  15.5158	 0.500
05/26/2020 03:09:25 - INFO - __main__ -   	Step	VALID	0000	6	 123.1402	 108.3476	  14.7927	 0.500
05/26/2020 03:09:28 - INFO - __main__ -   	Step	VALID	0006	6	 109.0209	  94.1595	  14.8614	 0.500
05/26/2020 03:09:30 - INFO - __main__ -   	Epoch	VALID	40	50	 111.0015	  96.2612	  14.7403	 0.500
05/26/2020 03:09:33 - INFO - __main__ -   	Step	TRAIN	0000	82	  85.9588	  78.1401	  15.6374	 0.500
05/26/2020 03:09:40 - INFO - __main__ -   	Step	TRAIN	0050	82	  85.9441	  78.1444	  15.5994	 0.500
05/26/2020 03:09:45 - INFO - __main__ -   	Step	TRAIN	0082	82	  87.4368	  79.7530	  15.3675	 0.500
05/26/2020 03:09:46 - INFO - __main__ -   	Epoch	TRAIN	41	50	  85.4093	  77.6241	  15.5703	 0.500
05/26/2020 03:09:50 - INFO - __main__ -   	Step	VALID	0000	6	 123.5297	 108.8258	  14.7039	 0.500
05/26/2020 03:09:54 - INFO - __main__ -   	Step	VALID	0006	6	 109.2624	  94.4710	  14.7914	 0.500
05/26/2020 03:09:55 - INFO - __main__ -   	Epoch	VALID	41	50	 111.2360	  96.5616	  14.6744	 0.500
05/26/2020 03:09:59 - INFO - __main__ -   	Step	TRAIN	0000	82	  86.7426	  78.9362	  15.6128	 0.500
05/26/2020 03:10:06 - INFO - __main__ -   	Step	TRAIN	0050	82	  82.6794	  74.9631	  15.4326	 0.500
05/26/2020 03:10:11 - INFO - __main__ -   	Step	TRAIN	0082	82	  90.1176	  82.1295	  15.9762	 0.500
05/26/2020 03:10:12 - INFO - __main__ -   	Epoch	TRAIN	42	50	  85.0983	  77.2848	  15.6270	 0.500
05/26/2020 03:10:15 - INFO - __main__ -   	Step	VALID	0000	6	 123.7040	 108.7675	  14.9365	 0.500
05/26/2020 03:10:19 - INFO - __main__ -   	Step	VALID	0006	6	 109.5203	  94.4859	  15.0344	 0.500
05/26/2020 03:10:20 - INFO - __main__ -   	Epoch	VALID	42	50	 111.4088	  96.5125	  14.8963	 0.500
05/26/2020 03:10:25 - INFO - __main__ -   	Step	TRAIN	0000	82	  85.3656	  77.3745	  15.9822	 0.500
05/26/2020 03:10:32 - INFO - __main__ -   	Step	TRAIN	0050	82	  85.9167	  78.0765	  15.6804	 0.500
05/26/2020 03:10:37 - INFO - __main__ -   	Step	TRAIN	0082	82	  80.1707	  72.2082	  15.9250	 0.500
05/26/2020 03:10:38 - INFO - __main__ -   	Epoch	TRAIN	43	50	  84.6771	  76.8322	  15.6899	 0.500
05/26/2020 03:10:41 - INFO - __main__ -   	Step	VALID	0000	6	 124.0444	 108.9698	  15.0746	 0.500
05/26/2020 03:10:45 - INFO - __main__ -   	Step	VALID	0006	6	 109.7585	  94.6589	  15.0997	 0.500
05/26/2020 03:10:46 - INFO - __main__ -   	Epoch	VALID	43	50	 111.7175	  96.7207	  14.9968	 0.500
05/26/2020 03:10:49 - INFO - __main__ -   	Step	TRAIN	0000	82	  83.7959	  75.9464	  15.6990	 0.500
05/26/2020 03:10:57 - INFO - __main__ -   	Step	TRAIN	0050	82	  82.8530	  74.9126	  15.8807	 0.500
05/26/2020 03:11:02 - INFO - __main__ -   	Step	TRAIN	0082	82	  79.4285	  71.8446	  15.1680	 0.500
05/26/2020 03:11:03 - INFO - __main__ -   	Epoch	TRAIN	44	50	  84.4028	  76.5074	  15.7908	 0.500
05/26/2020 03:11:07 - INFO - __main__ -   	Step	VALID	0000	6	 123.8718	 108.8621	  15.0097	 0.500
05/26/2020 03:11:10 - INFO - __main__ -   	Step	VALID	0006	6	 109.4060	  94.3349	  15.0711	 0.500
05/26/2020 03:11:12 - INFO - __main__ -   	Epoch	VALID	44	50	 111.3854	  96.4614	  14.9240	 0.500
05/26/2020 03:11:15 - INFO - __main__ -   	Step	TRAIN	0000	82	  84.6515	  76.7325	  15.8380	 0.500
05/26/2020 03:11:23 - INFO - __main__ -   	Step	TRAIN	0050	82	  84.3897	  76.4915	  15.7963	 0.500
05/26/2020 03:11:27 - INFO - __main__ -   	Step	TRAIN	0082	82	  89.9505	  81.9828	  15.9355	 0.500
05/26/2020 03:11:28 - INFO - __main__ -   	Epoch	TRAIN	45	50	  84.1836	  76.2640	  15.8393	 0.500
05/26/2020 03:11:36 - INFO - __main__ -   	Step	VALID	0000	6	 124.1853	 109.1573	  15.0280	 0.500
05/26/2020 03:11:39 - INFO - __main__ -   	Step	VALID	0006	6	 109.5186	  94.4727	  15.0459	 0.500
05/26/2020 03:11:41 - INFO - __main__ -   	Epoch	VALID	45	50	 111.6159	  96.6999	  14.9160	 0.500
05/26/2020 03:11:44 - INFO - __main__ -   	Step	TRAIN	0000	82	  83.9646	  76.2300	  15.4692	 0.500
05/26/2020 03:11:52 - INFO - __main__ -   	Step	TRAIN	0050	82	  82.7740	  74.8337	  15.8805	 0.500
05/26/2020 03:11:57 - INFO - __main__ -   	Step	TRAIN	0082	82	  86.1140	  78.1788	  15.8704	 0.500
05/26/2020 03:11:58 - INFO - __main__ -   	Epoch	TRAIN	46	50	  83.8728	  75.9162	  15.9131	 0.500
05/26/2020 03:12:03 - INFO - __main__ -   	Step	VALID	0000	6	 124.3821	 109.2782	  15.1039	 0.500
05/26/2020 03:12:07 - INFO - __main__ -   	Step	VALID	0006	6	 109.7467	  94.5816	  15.1651	 0.500
05/26/2020 03:12:08 - INFO - __main__ -   	Epoch	VALID	46	50	 111.8208	  96.7774	  15.0434	 0.500
05/26/2020 03:12:12 - INFO - __main__ -   	Step	TRAIN	0000	82	  83.7345	  75.7009	  16.0673	 0.500
05/26/2020 03:12:19 - INFO - __main__ -   	Step	TRAIN	0050	82	  81.8558	  73.8598	  15.9921	 0.500
05/26/2020 03:12:24 - INFO - __main__ -   	Step	TRAIN	0082	82	  79.4607	  71.5715	  15.7785	 0.500
05/26/2020 03:12:25 - INFO - __main__ -   	Epoch	TRAIN	47	50	  83.5200	  75.5272	  15.9855	 0.500
05/26/2020 03:12:30 - INFO - __main__ -   	Step	VALID	0000	6	 124.5294	 109.2240	  15.3054	 0.500
05/26/2020 03:12:33 - INFO - __main__ -   	Step	VALID	0006	6	 109.8468	  94.5544	  15.2923	 0.500
05/26/2020 03:12:35 - INFO - __main__ -   	Epoch	VALID	47	50	 111.9112	  96.7347	  15.1766	 0.500
05/26/2020 03:12:38 - INFO - __main__ -   	Step	TRAIN	0000	82	  85.9926	  77.8510	  16.2831	 0.500
05/26/2020 03:12:45 - INFO - __main__ -   	Step	TRAIN	0050	82	  81.8748	  73.9254	  15.8987	 0.500
05/26/2020 03:12:50 - INFO - __main__ -   	Step	TRAIN	0082	82	  82.2235	  74.2717	  15.9036	 0.500
05/26/2020 03:12:51 - INFO - __main__ -   	Epoch	TRAIN	48	50	  83.2719	  75.2567	  16.0303	 0.500
05/26/2020 03:12:54 - INFO - __main__ -   	Step	VALID	0000	6	 124.5241	 109.3628	  15.1613	 0.500
05/26/2020 03:12:58 - INFO - __main__ -   	Step	VALID	0006	6	 109.5593	  94.4171	  15.1422	 0.500
05/26/2020 03:12:59 - INFO - __main__ -   	Epoch	VALID	48	50	 111.7885	  96.7397	  15.0488	 0.500
05/26/2020 03:13:02 - INFO - __main__ -   	Step	TRAIN	0000	82	  82.8951	  74.8896	  16.0109	 0.500
05/26/2020 03:13:10 - INFO - __main__ -   	Step	TRAIN	0050	82	  81.8334	  73.8357	  15.9955	 0.500
05/26/2020 03:13:14 - INFO - __main__ -   	Step	TRAIN	0082	82	  81.9959	  73.9320	  16.1277	 0.500
05/26/2020 03:13:15 - INFO - __main__ -   	Epoch	TRAIN	49	50	  82.9907	  74.9298	  16.1216	 0.500
05/26/2020 03:13:26 - INFO - __main__ -   	Step	VALID	0000	6	 124.6831	 109.3858	  15.2973	 0.500
05/26/2020 03:13:30 - INFO - __main__ -   	Step	VALID	0006	6	 110.1063	  94.7543	  15.3521	 0.500
05/26/2020 03:13:31 - INFO - __main__ -   	Epoch	VALID	49	50	 111.9963	  96.7907	  15.2056	 0.500
