05/26/2020 07:11:25 - INFO - __main__ -   	Step	TRAIN	0000	82	 160.4768
05/26/2020 07:11:28 - INFO - __main__ -   	Step	TRAIN	0050	82	 105.4254
05/26/2020 07:11:29 - INFO - __main__ -   	Step	TRAIN	0082	82	 100.8075
05/26/2020 07:11:30 - INFO - __main__ -   	Epoch	TRAIN	00	50	 112.5979
05/26/2020 07:11:37 - INFO - __main__ -   	Step	VALID	0000	6	 103.7987
05/26/2020 07:11:37 - INFO - __main__ -   	Step	VALID	0006	6	 101.6666
05/26/2020 07:11:38 - INFO - __main__ -   	Epoch	VALID	00	50	 100.5913
05/26/2020 07:11:42 - INFO - __main__ -   	Step	TRAIN	0000	82	 100.2566
05/26/2020 07:11:44 - INFO - __main__ -   	Step	TRAIN	0050	82	  96.4375
05/26/2020 07:11:45 - INFO - __main__ -   	Step	TRAIN	0082	82	  90.4307
05/26/2020 07:11:46 - INFO - __main__ -   	Epoch	TRAIN	01	50	  97.2812
05/26/2020 07:11:50 - INFO - __main__ -   	Step	VALID	0000	6	  98.0170
05/26/2020 07:11:50 - INFO - __main__ -   	Step	VALID	0006	6	  94.8714
05/26/2020 07:11:51 - INFO - __main__ -   	Epoch	VALID	01	50	  94.1108
05/26/2020 07:11:54 - INFO - __main__ -   	Step	TRAIN	0000	82	  94.9133
05/26/2020 07:11:56 - INFO - __main__ -   	Step	TRAIN	0050	82	  88.4977
05/26/2020 07:11:58 - INFO - __main__ -   	Step	TRAIN	0082	82	  87.9193
05/26/2020 07:11:59 - INFO - __main__ -   	Epoch	TRAIN	02	50	  91.7069
05/26/2020 07:12:04 - INFO - __main__ -   	Step	VALID	0000	6	  94.8840
05/26/2020 07:12:04 - INFO - __main__ -   	Step	VALID	0006	6	  91.1187
05/26/2020 07:12:05 - INFO - __main__ -   	Epoch	VALID	02	50	  90.5715
05/26/2020 07:12:08 - INFO - __main__ -   	Step	TRAIN	0000	82	  90.4972
05/26/2020 07:12:10 - INFO - __main__ -   	Step	TRAIN	0050	82	  86.3637
05/26/2020 07:12:12 - INFO - __main__ -   	Step	TRAIN	0082	82	  78.4918
05/26/2020 07:12:13 - INFO - __main__ -   	Epoch	TRAIN	03	50	  87.9469
05/26/2020 07:12:19 - INFO - __main__ -   	Step	VALID	0000	6	  92.9689
05/26/2020 07:12:19 - INFO - __main__ -   	Step	VALID	0006	6	  88.7714
05/26/2020 07:12:20 - INFO - __main__ -   	Epoch	VALID	03	50	  88.2166
05/26/2020 07:12:23 - INFO - __main__ -   	Step	TRAIN	0000	82	  85.4105
05/26/2020 07:12:26 - INFO - __main__ -   	Step	TRAIN	0050	82	  81.0634
05/26/2020 07:12:27 - INFO - __main__ -   	Step	TRAIN	0082	82	  83.9271
05/26/2020 07:12:28 - INFO - __main__ -   	Epoch	TRAIN	04	50	  85.1482
05/26/2020 07:12:33 - INFO - __main__ -   	Step	VALID	0000	6	  91.7582
05/26/2020 07:12:33 - INFO - __main__ -   	Step	VALID	0006	6	  87.1196
05/26/2020 07:12:34 - INFO - __main__ -   	Epoch	VALID	04	50	  86.6493
05/26/2020 07:12:37 - INFO - __main__ -   	Step	TRAIN	0000	82	  81.8997
05/26/2020 07:12:40 - INFO - __main__ -   	Step	TRAIN	0050	82	  83.0887
05/26/2020 07:12:41 - INFO - __main__ -   	Step	TRAIN	0082	82	  85.4903
05/26/2020 07:12:42 - INFO - __main__ -   	Epoch	TRAIN	05	50	  82.8335
05/26/2020 07:12:49 - INFO - __main__ -   	Step	VALID	0000	6	  90.4814
05/26/2020 07:12:49 - INFO - __main__ -   	Step	VALID	0006	6	  85.5932
05/26/2020 07:12:51 - INFO - __main__ -   	Epoch	VALID	05	50	  85.1984
05/26/2020 07:12:54 - INFO - __main__ -   	Step	TRAIN	0000	82	  81.7679
05/26/2020 07:12:56 - INFO - __main__ -   	Step	TRAIN	0050	82	  80.9006
05/26/2020 07:12:58 - INFO - __main__ -   	Step	TRAIN	0082	82	  83.0570
05/26/2020 07:12:59 - INFO - __main__ -   	Epoch	TRAIN	06	50	  80.8338
05/26/2020 07:13:03 - INFO - __main__ -   	Step	VALID	0000	6	  89.7176
05/26/2020 07:13:03 - INFO - __main__ -   	Step	VALID	0006	6	  84.5514
05/26/2020 07:13:04 - INFO - __main__ -   	Epoch	VALID	06	50	  84.2330
05/26/2020 07:13:07 - INFO - __main__ -   	Step	TRAIN	0000	82	  79.5793
05/26/2020 07:13:10 - INFO - __main__ -   	Step	TRAIN	0050	82	  79.9151
05/26/2020 07:13:11 - INFO - __main__ -   	Step	TRAIN	0082	82	  78.4722
05/26/2020 07:13:13 - INFO - __main__ -   	Epoch	TRAIN	07	50	  79.0827
05/26/2020 07:13:15 - INFO - __main__ -   	Step	VALID	0000	6	  89.1931
05/26/2020 07:13:16 - INFO - __main__ -   	Step	VALID	0006	6	  83.8471
05/26/2020 07:13:17 - INFO - __main__ -   	Epoch	VALID	07	50	  83.5090
05/26/2020 07:13:20 - INFO - __main__ -   	Step	TRAIN	0000	82	  77.4784
05/26/2020 07:13:22 - INFO - __main__ -   	Step	TRAIN	0050	82	  79.8277
05/26/2020 07:13:24 - INFO - __main__ -   	Step	TRAIN	0082	82	  81.4149
05/26/2020 07:13:25 - INFO - __main__ -   	Epoch	TRAIN	08	50	  77.5694
05/26/2020 07:13:28 - INFO - __main__ -   	Step	VALID	0000	6	  88.6538
05/26/2020 07:13:28 - INFO - __main__ -   	Step	VALID	0006	6	  83.1799
05/26/2020 07:13:29 - INFO - __main__ -   	Epoch	VALID	08	50	  82.8722
05/26/2020 07:13:32 - INFO - __main__ -   	Step	TRAIN	0000	82	  77.4187
05/26/2020 07:13:35 - INFO - __main__ -   	Step	TRAIN	0050	82	  76.3190
05/26/2020 07:13:36 - INFO - __main__ -   	Step	TRAIN	0082	82	  76.0379
05/26/2020 07:13:37 - INFO - __main__ -   	Epoch	TRAIN	09	50	  76.0979
05/26/2020 07:13:42 - INFO - __main__ -   	Step	VALID	0000	6	  88.3481
05/26/2020 07:13:42 - INFO - __main__ -   	Step	VALID	0006	6	  82.5528
05/26/2020 07:13:44 - INFO - __main__ -   	Epoch	VALID	09	50	  82.4066
05/26/2020 07:13:47 - INFO - __main__ -   	Step	TRAIN	0000	82	  74.9409
05/26/2020 07:13:50 - INFO - __main__ -   	Step	TRAIN	0050	82	  73.5939
05/26/2020 07:13:51 - INFO - __main__ -   	Step	TRAIN	0082	82	  76.5790
05/26/2020 07:13:52 - INFO - __main__ -   	Epoch	TRAIN	10	50	  74.7874
05/26/2020 07:13:58 - INFO - __main__ -   	Step	VALID	0000	6	  88.0789
05/26/2020 07:13:58 - INFO - __main__ -   	Step	VALID	0006	6	  82.1928
05/26/2020 07:13:59 - INFO - __main__ -   	Epoch	VALID	10	50	  82.0582
05/26/2020 07:14:02 - INFO - __main__ -   	Step	TRAIN	0000	82	  72.7096
05/26/2020 07:14:04 - INFO - __main__ -   	Step	TRAIN	0050	82	  72.5374
05/26/2020 07:14:06 - INFO - __main__ -   	Step	TRAIN	0082	82	  76.7752
05/26/2020 07:14:07 - INFO - __main__ -   	Epoch	TRAIN	11	50	  73.5665
05/26/2020 07:14:12 - INFO - __main__ -   	Step	VALID	0000	6	  87.9454
05/26/2020 07:14:12 - INFO - __main__ -   	Step	VALID	0006	6	  81.8694
05/26/2020 07:14:13 - INFO - __main__ -   	Epoch	VALID	11	50	  81.7794
05/26/2020 07:14:16 - INFO - __main__ -   	Step	TRAIN	0000	82	  71.7427
05/26/2020 07:14:18 - INFO - __main__ -   	Step	TRAIN	0050	82	  72.5962
05/26/2020 07:14:20 - INFO - __main__ -   	Step	TRAIN	0082	82	  72.2067
05/26/2020 07:14:21 - INFO - __main__ -   	Epoch	TRAIN	12	50	  72.3678
05/26/2020 07:14:26 - INFO - __main__ -   	Step	VALID	0000	6	  87.9353
05/26/2020 07:14:26 - INFO - __main__ -   	Step	VALID	0006	6	  81.6648
05/26/2020 07:14:28 - INFO - __main__ -   	Epoch	VALID	12	50	  81.6537
05/26/2020 07:14:31 - INFO - __main__ -   	Step	TRAIN	0000	82	  70.9565
05/26/2020 07:14:33 - INFO - __main__ -   	Step	TRAIN	0050	82	  69.6386
05/26/2020 07:14:35 - INFO - __main__ -   	Step	TRAIN	0082	82	  70.4909
05/26/2020 07:14:36 - INFO - __main__ -   	Epoch	TRAIN	13	50	  71.2828
05/26/2020 07:14:42 - INFO - __main__ -   	Step	VALID	0000	6	  88.1590
05/26/2020 07:14:42 - INFO - __main__ -   	Step	VALID	0006	6	  81.9607
05/26/2020 07:14:43 - INFO - __main__ -   	Epoch	VALID	13	50	  81.8273
05/26/2020 07:14:47 - INFO - __main__ -   	Step	TRAIN	0000	82	  67.7737
05/26/2020 07:14:49 - INFO - __main__ -   	Step	TRAIN	0050	82	  70.6907
05/26/2020 07:14:50 - INFO - __main__ -   	Step	TRAIN	0082	82	  69.2392
05/26/2020 07:14:51 - INFO - __main__ -   	Epoch	TRAIN	14	50	  70.2423
05/26/2020 07:14:57 - INFO - __main__ -   	Step	VALID	0000	6	  87.8980
05/26/2020 07:14:57 - INFO - __main__ -   	Step	VALID	0006	6	  81.5386
05/26/2020 07:14:58 - INFO - __main__ -   	Epoch	VALID	14	50	  81.4591
05/26/2020 07:15:01 - INFO - __main__ -   	Step	TRAIN	0000	82	  67.0690
05/26/2020 07:15:03 - INFO - __main__ -   	Step	TRAIN	0050	82	  70.2023
05/26/2020 07:15:05 - INFO - __main__ -   	Step	TRAIN	0082	82	  73.3575
05/26/2020 07:15:06 - INFO - __main__ -   	Epoch	TRAIN	15	50	  69.2470
05/26/2020 07:15:16 - INFO - __main__ -   	Step	VALID	0000	6	  87.8850
05/26/2020 07:15:16 - INFO - __main__ -   	Step	VALID	0006	6	  81.5352
05/26/2020 07:15:18 - INFO - __main__ -   	Epoch	VALID	15	50	  81.4766
05/26/2020 07:15:21 - INFO - __main__ -   	Step	TRAIN	0000	82	  67.6985
05/26/2020 07:15:23 - INFO - __main__ -   	Step	TRAIN	0050	82	  69.0589
05/26/2020 07:15:24 - INFO - __main__ -   	Step	TRAIN	0082	82	  69.9803
05/26/2020 07:15:25 - INFO - __main__ -   	Epoch	TRAIN	16	50	  68.2302
05/26/2020 07:15:33 - INFO - __main__ -   	Step	VALID	0000	6	  88.0909
05/26/2020 07:15:34 - INFO - __main__ -   	Step	VALID	0006	6	  81.6149
05/26/2020 07:15:35 - INFO - __main__ -   	Epoch	VALID	16	50	  81.5050
05/26/2020 07:15:38 - INFO - __main__ -   	Step	TRAIN	0000	82	  67.0629
05/26/2020 07:15:40 - INFO - __main__ -   	Step	TRAIN	0050	82	  67.7568
05/26/2020 07:15:42 - INFO - __main__ -   	Step	TRAIN	0082	82	  67.7911
05/26/2020 07:15:43 - INFO - __main__ -   	Epoch	TRAIN	17	50	  67.2617
05/26/2020 07:15:48 - INFO - __main__ -   	Step	VALID	0000	6	  88.2736
05/26/2020 07:15:48 - INFO - __main__ -   	Step	VALID	0006	6	  81.6273
05/26/2020 07:15:49 - INFO - __main__ -   	Epoch	VALID	17	50	  81.6224
05/26/2020 07:15:52 - INFO - __main__ -   	Step	TRAIN	0000	82	  64.7968
05/26/2020 07:15:55 - INFO - __main__ -   	Step	TRAIN	0050	82	  66.5702
05/26/2020 07:15:56 - INFO - __main__ -   	Step	TRAIN	0082	82	  64.9210
05/26/2020 07:15:57 - INFO - __main__ -   	Epoch	TRAIN	18	50	  66.3431
05/26/2020 07:16:02 - INFO - __main__ -   	Step	VALID	0000	6	  88.7548
05/26/2020 07:16:02 - INFO - __main__ -   	Step	VALID	0006	6	  81.9551
05/26/2020 07:16:04 - INFO - __main__ -   	Epoch	VALID	18	50	  81.9549
05/26/2020 07:16:06 - INFO - __main__ -   	Step	TRAIN	0000	82	  65.8522
05/26/2020 07:16:08 - INFO - __main__ -   	Step	TRAIN	0050	82	  66.2971
05/26/2020 07:16:10 - INFO - __main__ -   	Step	TRAIN	0082	82	  67.0210
05/26/2020 07:16:11 - INFO - __main__ -   	Epoch	TRAIN	19	50	  65.5067
05/26/2020 07:16:15 - INFO - __main__ -   	Step	VALID	0000	6	  88.7301
05/26/2020 07:16:15 - INFO - __main__ -   	Step	VALID	0006	6	  81.9471
05/26/2020 07:16:17 - INFO - __main__ -   	Epoch	VALID	19	50	  81.8574
05/26/2020 07:16:20 - INFO - __main__ -   	Step	TRAIN	0000	82	  65.0051
05/26/2020 07:16:22 - INFO - __main__ -   	Step	TRAIN	0050	82	  65.3548
05/26/2020 07:16:24 - INFO - __main__ -   	Step	TRAIN	0082	82	  63.1513
05/26/2020 07:16:25 - INFO - __main__ -   	Epoch	TRAIN	20	50	  64.6325
05/26/2020 07:16:29 - INFO - __main__ -   	Step	VALID	0000	6	  88.9622
05/26/2020 07:16:29 - INFO - __main__ -   	Step	VALID	0006	6	  82.2353
05/26/2020 07:16:30 - INFO - __main__ -   	Epoch	VALID	20	50	  82.1075
05/26/2020 07:16:33 - INFO - __main__ -   	Step	TRAIN	0000	82	  63.4191
05/26/2020 07:16:35 - INFO - __main__ -   	Step	TRAIN	0050	82	  63.9707
05/26/2020 07:16:36 - INFO - __main__ -   	Step	TRAIN	0082	82	  63.1718
05/26/2020 07:16:38 - INFO - __main__ -   	Epoch	TRAIN	21	50	  63.8048
05/26/2020 07:16:43 - INFO - __main__ -   	Step	VALID	0000	6	  89.3228
05/26/2020 07:16:44 - INFO - __main__ -   	Step	VALID	0006	6	  82.5361
05/26/2020 07:16:45 - INFO - __main__ -   	Epoch	VALID	21	50	  82.3645
05/26/2020 07:16:48 - INFO - __main__ -   	Step	TRAIN	0000	82	  62.3487
05/26/2020 07:16:51 - INFO - __main__ -   	Step	TRAIN	0050	82	  64.0816
05/26/2020 07:16:52 - INFO - __main__ -   	Step	TRAIN	0082	82	  64.9891
05/26/2020 07:16:53 - INFO - __main__ -   	Epoch	TRAIN	22	50	  62.9989
05/26/2020 07:17:01 - INFO - __main__ -   	Step	VALID	0000	6	  89.4184
05/26/2020 07:17:01 - INFO - __main__ -   	Step	VALID	0006	6	  82.6186
05/26/2020 07:17:02 - INFO - __main__ -   	Epoch	VALID	22	50	  82.4391
05/26/2020 07:17:05 - INFO - __main__ -   	Step	TRAIN	0000	82	  61.4494
05/26/2020 07:17:07 - INFO - __main__ -   	Step	TRAIN	0050	82	  61.6149
05/26/2020 07:17:08 - INFO - __main__ -   	Step	TRAIN	0082	82	  62.2011
05/26/2020 07:17:10 - INFO - __main__ -   	Epoch	TRAIN	23	50	  62.2037
05/26/2020 07:17:12 - INFO - __main__ -   	Step	VALID	0000	6	  89.9482
05/26/2020 07:17:12 - INFO - __main__ -   	Step	VALID	0006	6	  82.9151
05/26/2020 07:17:14 - INFO - __main__ -   	Epoch	VALID	23	50	  82.7839
05/26/2020 07:17:17 - INFO - __main__ -   	Step	TRAIN	0000	82	  60.1024
05/26/2020 07:17:19 - INFO - __main__ -   	Step	TRAIN	0050	82	  61.8382
05/26/2020 07:17:20 - INFO - __main__ -   	Step	TRAIN	0082	82	  59.9644
05/26/2020 07:17:21 - INFO - __main__ -   	Epoch	TRAIN	24	50	  61.4088
05/26/2020 07:17:25 - INFO - __main__ -   	Step	VALID	0000	6	  90.1717
05/26/2020 07:17:25 - INFO - __main__ -   	Step	VALID	0006	6	  83.1186
05/26/2020 07:17:26 - INFO - __main__ -   	Epoch	VALID	24	50	  82.9843
05/26/2020 07:17:29 - INFO - __main__ -   	Step	TRAIN	0000	82	  60.5940
05/26/2020 07:17:32 - INFO - __main__ -   	Step	TRAIN	0050	82	  61.8065
05/26/2020 07:17:33 - INFO - __main__ -   	Step	TRAIN	0082	82	  61.1123
05/26/2020 07:17:34 - INFO - __main__ -   	Epoch	TRAIN	25	50	  60.6896
05/26/2020 07:17:40 - INFO - __main__ -   	Step	VALID	0000	6	  90.6116
05/26/2020 07:17:40 - INFO - __main__ -   	Step	VALID	0006	6	  83.5196
05/26/2020 07:17:41 - INFO - __main__ -   	Epoch	VALID	25	50	  83.3337
05/26/2020 07:17:44 - INFO - __main__ -   	Step	TRAIN	0000	82	  57.2210
05/26/2020 07:17:46 - INFO - __main__ -   	Step	TRAIN	0050	82	  61.9255
05/26/2020 07:17:48 - INFO - __main__ -   	Step	TRAIN	0082	82	  62.3607
05/26/2020 07:17:49 - INFO - __main__ -   	Epoch	TRAIN	26	50	  59.9972
05/26/2020 07:17:55 - INFO - __main__ -   	Step	VALID	0000	6	  90.6935
05/26/2020 07:17:55 - INFO - __main__ -   	Step	VALID	0006	6	  83.5719
05/26/2020 07:17:57 - INFO - __main__ -   	Epoch	VALID	26	50	  83.4451
05/26/2020 07:18:00 - INFO - __main__ -   	Step	TRAIN	0000	82	  59.3427
05/26/2020 07:18:02 - INFO - __main__ -   	Step	TRAIN	0050	82	  60.1091
05/26/2020 07:18:04 - INFO - __main__ -   	Step	TRAIN	0082	82	  58.3285
05/26/2020 07:18:06 - INFO - __main__ -   	Epoch	TRAIN	27	50	  59.2797
05/26/2020 07:18:10 - INFO - __main__ -   	Step	VALID	0000	6	  91.2645
05/26/2020 07:18:10 - INFO - __main__ -   	Step	VALID	0006	6	  83.9924
05/26/2020 07:18:12 - INFO - __main__ -   	Epoch	VALID	27	50	  83.8636
05/26/2020 07:18:15 - INFO - __main__ -   	Step	TRAIN	0000	82	  57.2978
05/26/2020 07:18:17 - INFO - __main__ -   	Step	TRAIN	0050	82	  58.1059
05/26/2020 07:18:18 - INFO - __main__ -   	Step	TRAIN	0082	82	  63.1331
05/26/2020 07:18:20 - INFO - __main__ -   	Epoch	TRAIN	28	50	  58.6041
05/26/2020 07:18:28 - INFO - __main__ -   	Step	VALID	0000	6	  91.5132
05/26/2020 07:18:28 - INFO - __main__ -   	Step	VALID	0006	6	  84.3679
05/26/2020 07:18:30 - INFO - __main__ -   	Epoch	VALID	28	50	  84.1251
05/26/2020 07:18:32 - INFO - __main__ -   	Step	TRAIN	0000	82	  57.2519
05/26/2020 07:18:35 - INFO - __main__ -   	Step	TRAIN	0050	82	  57.9475
05/26/2020 07:18:36 - INFO - __main__ -   	Step	TRAIN	0082	82	  60.4982
05/26/2020 07:18:38 - INFO - __main__ -   	Epoch	TRAIN	29	50	  57.9143
05/26/2020 07:18:47 - INFO - __main__ -   	Step	VALID	0000	6	  92.0133
05/26/2020 07:18:47 - INFO - __main__ -   	Step	VALID	0006	6	  84.6366
05/26/2020 07:18:49 - INFO - __main__ -   	Epoch	VALID	29	50	  84.5177
05/26/2020 07:18:52 - INFO - __main__ -   	Step	TRAIN	0000	82	  56.0013
05/26/2020 07:18:54 - INFO - __main__ -   	Step	TRAIN	0050	82	  56.9481
05/26/2020 07:18:56 - INFO - __main__ -   	Step	TRAIN	0082	82	  55.2177
05/26/2020 07:18:57 - INFO - __main__ -   	Epoch	TRAIN	30	50	  57.2112
05/26/2020 07:19:03 - INFO - __main__ -   	Step	VALID	0000	6	  92.3231
05/26/2020 07:19:03 - INFO - __main__ -   	Step	VALID	0006	6	  84.9791
05/26/2020 07:19:05 - INFO - __main__ -   	Epoch	VALID	30	50	  84.7716
05/26/2020 07:19:08 - INFO - __main__ -   	Step	TRAIN	0000	82	  54.9844
05/26/2020 07:19:10 - INFO - __main__ -   	Step	TRAIN	0050	82	  56.3443
05/26/2020 07:19:12 - INFO - __main__ -   	Step	TRAIN	0082	82	  52.9082
05/26/2020 07:19:14 - INFO - __main__ -   	Epoch	TRAIN	31	50	  56.5745
05/26/2020 07:19:16 - INFO - __main__ -   	Step	VALID	0000	6	  92.7172
05/26/2020 07:19:17 - INFO - __main__ -   	Step	VALID	0006	6	  85.3825
05/26/2020 07:19:18 - INFO - __main__ -   	Epoch	VALID	31	50	  85.1220
05/26/2020 07:19:22 - INFO - __main__ -   	Step	TRAIN	0000	82	  55.3861
05/26/2020 07:19:24 - INFO - __main__ -   	Step	TRAIN	0050	82	  54.7961
05/26/2020 07:19:26 - INFO - __main__ -   	Step	TRAIN	0082	82	  58.4934
05/26/2020 07:19:27 - INFO - __main__ -   	Epoch	TRAIN	32	50	  56.0778
05/26/2020 07:19:38 - INFO - __main__ -   	Step	VALID	0000	6	  93.3622
05/26/2020 07:19:38 - INFO - __main__ -   	Step	VALID	0006	6	  85.7526
05/26/2020 07:19:39 - INFO - __main__ -   	Epoch	VALID	32	50	  85.5790
05/26/2020 07:19:42 - INFO - __main__ -   	Step	TRAIN	0000	82	  53.6344
05/26/2020 07:19:44 - INFO - __main__ -   	Step	TRAIN	0050	82	  55.3265
05/26/2020 07:19:46 - INFO - __main__ -   	Step	TRAIN	0082	82	  53.7540
05/26/2020 07:19:47 - INFO - __main__ -   	Epoch	TRAIN	33	50	  55.4141
05/26/2020 07:19:51 - INFO - __main__ -   	Step	VALID	0000	6	  93.5945
05/26/2020 07:19:51 - INFO - __main__ -   	Step	VALID	0006	6	  86.0723
05/26/2020 07:19:52 - INFO - __main__ -   	Epoch	VALID	33	50	  85.8438
05/26/2020 07:19:55 - INFO - __main__ -   	Step	TRAIN	0000	82	  53.5205
05/26/2020 07:19:57 - INFO - __main__ -   	Step	TRAIN	0050	82	  54.5701
05/26/2020 07:19:59 - INFO - __main__ -   	Step	TRAIN	0082	82	  53.0953
05/26/2020 07:20:00 - INFO - __main__ -   	Epoch	TRAIN	34	50	  54.8044
05/26/2020 07:20:03 - INFO - __main__ -   	Step	VALID	0000	6	  94.1025
05/26/2020 07:20:03 - INFO - __main__ -   	Step	VALID	0006	6	  86.2869
05/26/2020 07:20:04 - INFO - __main__ -   	Epoch	VALID	34	50	  86.1962
05/26/2020 07:20:07 - INFO - __main__ -   	Step	TRAIN	0000	82	  53.9812
05/26/2020 07:20:10 - INFO - __main__ -   	Step	TRAIN	0050	82	  54.7738
05/26/2020 07:20:11 - INFO - __main__ -   	Step	TRAIN	0082	82	  56.0111
05/26/2020 07:20:12 - INFO - __main__ -   	Epoch	TRAIN	35	50	  54.3093
05/26/2020 07:20:16 - INFO - __main__ -   	Step	VALID	0000	6	  94.5319
05/26/2020 07:20:16 - INFO - __main__ -   	Step	VALID	0006	6	  86.7836
05/26/2020 07:20:17 - INFO - __main__ -   	Epoch	VALID	35	50	  86.6104
05/26/2020 07:20:20 - INFO - __main__ -   	Step	TRAIN	0000	82	  52.8613
05/26/2020 07:20:23 - INFO - __main__ -   	Step	TRAIN	0050	82	  53.6649
05/26/2020 07:20:24 - INFO - __main__ -   	Step	TRAIN	0082	82	  52.7499
05/26/2020 07:20:25 - INFO - __main__ -   	Epoch	TRAIN	36	50	  53.7571
05/26/2020 07:20:29 - INFO - __main__ -   	Step	VALID	0000	6	  95.0164
05/26/2020 07:20:29 - INFO - __main__ -   	Step	VALID	0006	6	  87.3155
05/26/2020 07:20:31 - INFO - __main__ -   	Epoch	VALID	36	50	  87.0938
05/26/2020 07:20:35 - INFO - __main__ -   	Step	TRAIN	0000	82	  51.4124
05/26/2020 07:20:37 - INFO - __main__ -   	Step	TRAIN	0050	82	  53.5538
05/26/2020 07:20:39 - INFO - __main__ -   	Step	TRAIN	0082	82	  56.2002
05/26/2020 07:20:40 - INFO - __main__ -   	Epoch	TRAIN	37	50	  53.2624
05/26/2020 07:20:44 - INFO - __main__ -   	Step	VALID	0000	6	  95.3115
05/26/2020 07:20:44 - INFO - __main__ -   	Step	VALID	0006	6	  87.3650
05/26/2020 07:20:45 - INFO - __main__ -   	Epoch	VALID	37	50	  87.2519
05/26/2020 07:20:49 - INFO - __main__ -   	Step	TRAIN	0000	82	  52.9275
05/26/2020 07:20:51 - INFO - __main__ -   	Step	TRAIN	0050	82	  53.3596
05/26/2020 07:20:52 - INFO - __main__ -   	Step	TRAIN	0082	82	  57.2696
05/26/2020 07:20:53 - INFO - __main__ -   	Epoch	TRAIN	38	50	  52.7621
05/26/2020 07:20:59 - INFO - __main__ -   	Step	VALID	0000	6	  95.9842
05/26/2020 07:20:59 - INFO - __main__ -   	Step	VALID	0006	6	  88.0064
05/26/2020 07:21:01 - INFO - __main__ -   	Epoch	VALID	38	50	  87.8023
05/26/2020 07:21:04 - INFO - __main__ -   	Step	TRAIN	0000	82	  51.1767
05/26/2020 07:21:06 - INFO - __main__ -   	Step	TRAIN	0050	82	  51.4369
05/26/2020 07:21:07 - INFO - __main__ -   	Step	TRAIN	0082	82	  51.5193
05/26/2020 07:21:08 - INFO - __main__ -   	Epoch	TRAIN	39	50	  52.2360
05/26/2020 07:21:13 - INFO - __main__ -   	Step	VALID	0000	6	  96.3395
05/26/2020 07:21:14 - INFO - __main__ -   	Step	VALID	0006	6	  88.3861
05/26/2020 07:21:15 - INFO - __main__ -   	Epoch	VALID	39	50	  88.1560
05/26/2020 07:21:18 - INFO - __main__ -   	Step	TRAIN	0000	82	  50.0359
05/26/2020 07:21:21 - INFO - __main__ -   	Step	TRAIN	0050	82	  52.4906
05/26/2020 07:21:22 - INFO - __main__ -   	Step	TRAIN	0082	82	  51.6856
05/26/2020 07:21:23 - INFO - __main__ -   	Epoch	TRAIN	40	50	  51.7456
05/26/2020 07:21:28 - INFO - __main__ -   	Step	VALID	0000	6	  96.6240
05/26/2020 07:21:29 - INFO - __main__ -   	Step	VALID	0006	6	  88.5637
05/26/2020 07:21:30 - INFO - __main__ -   	Epoch	VALID	40	50	  88.4120
05/26/2020 07:21:34 - INFO - __main__ -   	Step	TRAIN	0000	82	  50.4670
05/26/2020 07:21:36 - INFO - __main__ -   	Step	TRAIN	0050	82	  51.7664
05/26/2020 07:21:38 - INFO - __main__ -   	Step	TRAIN	0082	82	  50.1235
05/26/2020 07:21:40 - INFO - __main__ -   	Epoch	TRAIN	41	50	  51.2739
05/26/2020 07:21:43 - INFO - __main__ -   	Step	VALID	0000	6	  97.4457
05/26/2020 07:21:43 - INFO - __main__ -   	Step	VALID	0006	6	  89.2014
05/26/2020 07:21:44 - INFO - __main__ -   	Epoch	VALID	41	50	  89.0337
05/26/2020 07:21:48 - INFO - __main__ -   	Step	TRAIN	0000	82	  50.4254
05/26/2020 07:21:50 - INFO - __main__ -   	Step	TRAIN	0050	82	  50.5791
05/26/2020 07:21:51 - INFO - __main__ -   	Step	TRAIN	0082	82	  50.2825
05/26/2020 07:21:52 - INFO - __main__ -   	Epoch	TRAIN	42	50	  50.8373
05/26/2020 07:21:56 - INFO - __main__ -   	Step	VALID	0000	6	  97.5965
05/26/2020 07:21:56 - INFO - __main__ -   	Step	VALID	0006	6	  89.2751
05/26/2020 07:21:58 - INFO - __main__ -   	Epoch	VALID	42	50	  89.2469
05/26/2020 07:22:01 - INFO - __main__ -   	Step	TRAIN	0000	82	  48.5385
05/26/2020 07:22:03 - INFO - __main__ -   	Step	TRAIN	0050	82	  49.8477
05/26/2020 07:22:05 - INFO - __main__ -   	Step	TRAIN	0082	82	  53.4372
05/26/2020 07:22:06 - INFO - __main__ -   	Epoch	TRAIN	43	50	  50.4693
05/26/2020 07:22:20 - INFO - __main__ -   	Step	VALID	0000	6	  97.6941
05/26/2020 07:22:21 - INFO - __main__ -   	Step	VALID	0006	6	  89.4872
05/26/2020 07:22:22 - INFO - __main__ -   	Epoch	VALID	43	50	  89.3177
05/26/2020 07:22:25 - INFO - __main__ -   	Step	TRAIN	0000	82	  48.6166
05/26/2020 07:22:27 - INFO - __main__ -   	Step	TRAIN	0050	82	  51.0836
05/26/2020 07:22:28 - INFO - __main__ -   	Step	TRAIN	0082	82	  51.2168
05/26/2020 07:22:29 - INFO - __main__ -   	Epoch	TRAIN	44	50	  50.0061
05/26/2020 07:22:32 - INFO - __main__ -   	Step	VALID	0000	6	  98.5281
05/26/2020 07:22:32 - INFO - __main__ -   	Step	VALID	0006	6	  89.9869
05/26/2020 07:22:33 - INFO - __main__ -   	Epoch	VALID	44	50	  89.8754
05/26/2020 07:22:36 - INFO - __main__ -   	Step	TRAIN	0000	82	  48.1520
05/26/2020 07:22:39 - INFO - __main__ -   	Step	TRAIN	0050	82	  49.5918
05/26/2020 07:22:40 - INFO - __main__ -   	Step	TRAIN	0082	82	  50.4099
05/26/2020 07:22:41 - INFO - __main__ -   	Epoch	TRAIN	45	50	  49.5930
05/26/2020 07:22:45 - INFO - __main__ -   	Step	VALID	0000	6	  98.4811
05/26/2020 07:22:45 - INFO - __main__ -   	Step	VALID	0006	6	  90.0726
05/26/2020 07:22:46 - INFO - __main__ -   	Epoch	VALID	45	50	  89.9621
05/26/2020 07:22:50 - INFO - __main__ -   	Step	TRAIN	0000	82	  48.5014
05/26/2020 07:22:52 - INFO - __main__ -   	Step	TRAIN	0050	82	  50.1548
05/26/2020 07:22:53 - INFO - __main__ -   	Step	TRAIN	0082	82	  51.6983
05/26/2020 07:22:55 - INFO - __main__ -   	Epoch	TRAIN	46	50	  49.2035
05/26/2020 07:22:58 - INFO - __main__ -   	Step	VALID	0000	6	  99.0771
05/26/2020 07:22:58 - INFO - __main__ -   	Step	VALID	0006	6	  90.5930
05/26/2020 07:23:00 - INFO - __main__ -   	Epoch	VALID	46	50	  90.5493
05/26/2020 07:23:03 - INFO - __main__ -   	Step	TRAIN	0000	82	  47.3967
05/26/2020 07:23:05 - INFO - __main__ -   	Step	TRAIN	0050	82	  48.5364
05/26/2020 07:23:07 - INFO - __main__ -   	Step	TRAIN	0082	82	  47.1906
05/26/2020 07:23:08 - INFO - __main__ -   	Epoch	TRAIN	47	50	  48.7766
05/26/2020 07:23:10 - INFO - __main__ -   	Step	VALID	0000	6	  99.2574
05/26/2020 07:23:10 - INFO - __main__ -   	Step	VALID	0006	6	  90.7419
05/26/2020 07:23:11 - INFO - __main__ -   	Epoch	VALID	47	50	  90.6992
05/26/2020 07:23:15 - INFO - __main__ -   	Step	TRAIN	0000	82	  47.1725
05/26/2020 07:23:17 - INFO - __main__ -   	Step	TRAIN	0050	82	  48.5739
05/26/2020 07:23:18 - INFO - __main__ -   	Step	TRAIN	0082	82	  47.9656
05/26/2020 07:23:20 - INFO - __main__ -   	Epoch	TRAIN	48	50	  48.4613
05/26/2020 07:23:23 - INFO - __main__ -   	Step	VALID	0000	6	  99.6990
05/26/2020 07:23:23 - INFO - __main__ -   	Step	VALID	0006	6	  91.1134
05/26/2020 07:23:25 - INFO - __main__ -   	Epoch	VALID	48	50	  91.0278
05/26/2020 07:23:28 - INFO - __main__ -   	Step	TRAIN	0000	82	  47.4221
05/26/2020 07:23:31 - INFO - __main__ -   	Step	TRAIN	0050	82	  48.6538
05/26/2020 07:23:32 - INFO - __main__ -   	Step	TRAIN	0082	82	  45.7681
05/26/2020 07:23:34 - INFO - __main__ -   	Epoch	TRAIN	49	50	  48.0411
05/26/2020 07:23:36 - INFO - __main__ -   	Step	VALID	0000	6	 100.2499
05/26/2020 07:23:36 - INFO - __main__ -   	Step	VALID	0006	6	  91.5729
05/26/2020 07:23:38 - INFO - __main__ -   	Epoch	VALID	49	50	  91.4986
