05/26/2020 02:31:36 - INFO - __main__ -   	Step	TRAIN	0000	82	 204.3576
05/26/2020 02:31:43 - INFO - __main__ -   	Step	TRAIN	0050	82	 147.3151
05/26/2020 02:31:47 - INFO - __main__ -   	Step	TRAIN	0082	82	 138.0806
05/26/2020 02:31:48 - INFO - __main__ -   	Epoch	TRAIN	00	50	 150.7861
05/26/2020 02:31:53 - INFO - __main__ -   	Step	VALID	0000	6	 140.9667
05/26/2020 02:31:54 - INFO - __main__ -   	Step	VALID	0006	6	 133.5603
05/26/2020 02:31:55 - INFO - __main__ -   	Epoch	VALID	00	50	 133.6050
05/26/2020 02:31:59 - INFO - __main__ -   	Step	TRAIN	0000	82	 136.4715
05/26/2020 02:32:06 - INFO - __main__ -   	Step	TRAIN	0050	82	 130.5042
05/26/2020 02:32:10 - INFO - __main__ -   	Step	TRAIN	0082	82	 139.1362
05/26/2020 02:32:12 - INFO - __main__ -   	Epoch	TRAIN	01	50	 130.4808
05/26/2020 02:32:15 - INFO - __main__ -   	Step	VALID	0000	6	 132.5074
05/26/2020 02:32:15 - INFO - __main__ -   	Step	VALID	0006	6	 124.1807
05/26/2020 02:32:16 - INFO - __main__ -   	Epoch	VALID	01	50	 124.5564
05/26/2020 02:32:19 - INFO - __main__ -   	Step	TRAIN	0000	82	 126.5015
05/26/2020 02:32:26 - INFO - __main__ -   	Step	TRAIN	0050	82	 123.9032
05/26/2020 02:32:31 - INFO - __main__ -   	Step	TRAIN	0082	82	 124.6191
05/26/2020 02:32:32 - INFO - __main__ -   	Epoch	TRAIN	02	50	 122.8031
05/26/2020 02:32:37 - INFO - __main__ -   	Step	VALID	0000	6	 128.4284
05/26/2020 02:32:38 - INFO - __main__ -   	Step	VALID	0006	6	 118.9746
05/26/2020 02:32:39 - INFO - __main__ -   	Epoch	VALID	02	50	 119.6098
05/26/2020 02:32:42 - INFO - __main__ -   	Step	TRAIN	0000	82	 118.7880
05/26/2020 02:32:49 - INFO - __main__ -   	Step	TRAIN	0050	82	 117.9570
05/26/2020 02:32:53 - INFO - __main__ -   	Step	TRAIN	0082	82	 114.3181
05/26/2020 02:32:55 - INFO - __main__ -   	Epoch	TRAIN	03	50	 117.7139
05/26/2020 02:32:59 - INFO - __main__ -   	Step	VALID	0000	6	 125.7813
05/26/2020 02:33:00 - INFO - __main__ -   	Step	VALID	0006	6	 115.4860
05/26/2020 02:33:01 - INFO - __main__ -   	Epoch	VALID	03	50	 116.3016
05/26/2020 02:33:04 - INFO - __main__ -   	Step	TRAIN	0000	82	 116.1370
05/26/2020 02:33:11 - INFO - __main__ -   	Step	TRAIN	0050	82	 112.0565
05/26/2020 02:33:16 - INFO - __main__ -   	Step	TRAIN	0082	82	 116.3350
05/26/2020 02:33:17 - INFO - __main__ -   	Epoch	TRAIN	04	50	 113.9461
05/26/2020 02:33:19 - INFO - __main__ -   	Step	VALID	0000	6	 123.7632
05/26/2020 02:33:20 - INFO - __main__ -   	Step	VALID	0006	6	 113.0059
05/26/2020 02:33:21 - INFO - __main__ -   	Epoch	VALID	04	50	 114.0017
05/26/2020 02:33:25 - INFO - __main__ -   	Step	TRAIN	0000	82	 109.0833
05/26/2020 02:33:32 - INFO - __main__ -   	Step	TRAIN	0050	82	 105.6564
05/26/2020 02:33:36 - INFO - __main__ -   	Step	TRAIN	0082	82	 112.1557
05/26/2020 02:33:37 - INFO - __main__ -   	Epoch	TRAIN	05	50	 110.8541
05/26/2020 02:33:49 - INFO - __main__ -   	Step	VALID	0000	6	 122.3605
05/26/2020 02:33:49 - INFO - __main__ -   	Step	VALID	0006	6	 111.3544
05/26/2020 02:33:50 - INFO - __main__ -   	Epoch	VALID	05	50	 112.2792
05/26/2020 02:33:54 - INFO - __main__ -   	Step	TRAIN	0000	82	 108.6776
05/26/2020 02:34:01 - INFO - __main__ -   	Step	TRAIN	0050	82	 107.3719
05/26/2020 02:34:05 - INFO - __main__ -   	Step	TRAIN	0082	82	 112.2872
05/26/2020 02:34:07 - INFO - __main__ -   	Epoch	TRAIN	06	50	 108.2770
05/26/2020 02:34:11 - INFO - __main__ -   	Step	VALID	0000	6	 121.2350
05/26/2020 02:34:12 - INFO - __main__ -   	Step	VALID	0006	6	 109.9040
05/26/2020 02:34:13 - INFO - __main__ -   	Epoch	VALID	06	50	 110.9333
05/26/2020 02:34:17 - INFO - __main__ -   	Step	TRAIN	0000	82	 104.1157
05/26/2020 02:34:24 - INFO - __main__ -   	Step	TRAIN	0050	82	 109.1504
05/26/2020 02:34:28 - INFO - __main__ -   	Step	TRAIN	0082	82	 106.3198
05/26/2020 02:34:29 - INFO - __main__ -   	Epoch	TRAIN	07	50	 105.9300
05/26/2020 02:34:32 - INFO - __main__ -   	Step	VALID	0000	6	 120.3455
05/26/2020 02:34:32 - INFO - __main__ -   	Step	VALID	0006	6	 108.7510
05/26/2020 02:34:34 - INFO - __main__ -   	Epoch	VALID	07	50	 109.8670
05/26/2020 02:34:38 - INFO - __main__ -   	Step	TRAIN	0000	82	 104.0305
05/26/2020 02:34:45 - INFO - __main__ -   	Step	TRAIN	0050	82	 101.3448
05/26/2020 02:34:49 - INFO - __main__ -   	Step	TRAIN	0082	82	  94.7069
05/26/2020 02:34:50 - INFO - __main__ -   	Epoch	TRAIN	08	50	 103.7579
05/26/2020 02:34:54 - INFO - __main__ -   	Step	VALID	0000	6	 119.8370
05/26/2020 02:34:54 - INFO - __main__ -   	Step	VALID	0006	6	 108.0158
05/26/2020 02:34:55 - INFO - __main__ -   	Epoch	VALID	08	50	 109.0783
05/26/2020 02:34:59 - INFO - __main__ -   	Step	TRAIN	0000	82	 103.5740
05/26/2020 02:35:06 - INFO - __main__ -   	Step	TRAIN	0050	82	 106.6382
05/26/2020 02:35:10 - INFO - __main__ -   	Step	TRAIN	0082	82	 102.8657
05/26/2020 02:35:11 - INFO - __main__ -   	Epoch	TRAIN	09	50	 101.9697
05/26/2020 02:35:15 - INFO - __main__ -   	Step	VALID	0000	6	 119.3232
05/26/2020 02:35:15 - INFO - __main__ -   	Step	VALID	0006	6	 107.1924
05/26/2020 02:35:16 - INFO - __main__ -   	Epoch	VALID	09	50	 108.3641
05/26/2020 02:35:20 - INFO - __main__ -   	Step	TRAIN	0000	82	  98.2276
05/26/2020 02:35:27 - INFO - __main__ -   	Step	TRAIN	0050	82	  98.7444
05/26/2020 02:35:31 - INFO - __main__ -   	Step	TRAIN	0082	82	  95.7380
05/26/2020 02:35:33 - INFO - __main__ -   	Epoch	TRAIN	10	50	 100.1284
05/26/2020 02:35:37 - INFO - __main__ -   	Step	VALID	0000	6	 118.9073
05/26/2020 02:35:37 - INFO - __main__ -   	Step	VALID	0006	6	 106.4684
05/26/2020 02:35:38 - INFO - __main__ -   	Epoch	VALID	10	50	 107.7931
05/26/2020 02:35:42 - INFO - __main__ -   	Step	TRAIN	0000	82	  94.2132
05/26/2020 02:35:49 - INFO - __main__ -   	Step	TRAIN	0050	82	  99.4931
05/26/2020 02:35:54 - INFO - __main__ -   	Step	TRAIN	0082	82	  98.8520
05/26/2020 02:35:55 - INFO - __main__ -   	Epoch	TRAIN	11	50	  98.5155
05/26/2020 02:35:59 - INFO - __main__ -   	Step	VALID	0000	6	 118.5927
05/26/2020 02:35:59 - INFO - __main__ -   	Step	VALID	0006	6	 106.0616
05/26/2020 02:36:00 - INFO - __main__ -   	Epoch	VALID	11	50	 107.4139
05/26/2020 02:36:04 - INFO - __main__ -   	Step	TRAIN	0000	82	  98.8044
05/26/2020 02:36:11 - INFO - __main__ -   	Step	TRAIN	0050	82	 101.5675
05/26/2020 02:36:15 - INFO - __main__ -   	Step	TRAIN	0082	82	  96.2964
05/26/2020 02:36:16 - INFO - __main__ -   	Epoch	TRAIN	12	50	  96.9208
05/26/2020 02:36:22 - INFO - __main__ -   	Step	VALID	0000	6	 118.4765
05/26/2020 02:36:23 - INFO - __main__ -   	Step	VALID	0006	6	 105.8029
05/26/2020 02:36:24 - INFO - __main__ -   	Epoch	VALID	12	50	 107.1204
05/26/2020 02:36:28 - INFO - __main__ -   	Step	TRAIN	0000	82	  94.8832
05/26/2020 02:36:39 - INFO - __main__ -   	Step	TRAIN	0050	82	  95.0181
05/26/2020 02:36:43 - INFO - __main__ -   	Step	TRAIN	0082	82	  96.9788
05/26/2020 02:36:45 - INFO - __main__ -   	Epoch	TRAIN	13	50	  95.4442
05/26/2020 02:36:51 - INFO - __main__ -   	Step	VALID	0000	6	 118.4498
05/26/2020 02:36:51 - INFO - __main__ -   	Step	VALID	0006	6	 105.5359
05/26/2020 02:36:52 - INFO - __main__ -   	Epoch	VALID	13	50	 106.9269
05/26/2020 02:36:56 - INFO - __main__ -   	Step	TRAIN	0000	82	  91.8434
05/26/2020 02:37:03 - INFO - __main__ -   	Step	TRAIN	0050	82	  96.0400
05/26/2020 02:37:07 - INFO - __main__ -   	Step	TRAIN	0082	82	 103.4510
05/26/2020 02:37:08 - INFO - __main__ -   	Epoch	TRAIN	14	50	  94.0985
05/26/2020 02:37:11 - INFO - __main__ -   	Step	VALID	0000	6	 118.4540
05/26/2020 02:37:12 - INFO - __main__ -   	Step	VALID	0006	6	 105.4365
05/26/2020 02:37:13 - INFO - __main__ -   	Epoch	VALID	14	50	 106.8116
05/26/2020 02:37:17 - INFO - __main__ -   	Step	TRAIN	0000	82	  93.4480
05/26/2020 02:37:23 - INFO - __main__ -   	Step	TRAIN	0050	82	  96.0631
05/26/2020 02:37:28 - INFO - __main__ -   	Step	TRAIN	0082	82	  87.4873
05/26/2020 02:37:29 - INFO - __main__ -   	Epoch	TRAIN	15	50	  92.5612
05/26/2020 02:37:36 - INFO - __main__ -   	Step	VALID	0000	6	 118.5438
05/26/2020 02:37:36 - INFO - __main__ -   	Step	VALID	0006	6	 105.4150
05/26/2020 02:37:37 - INFO - __main__ -   	Epoch	VALID	15	50	 106.7926
05/26/2020 02:37:41 - INFO - __main__ -   	Step	TRAIN	0000	82	  89.0645
05/26/2020 02:37:48 - INFO - __main__ -   	Step	TRAIN	0050	82	  92.7097
05/26/2020 02:37:53 - INFO - __main__ -   	Step	TRAIN	0082	82	  97.1519
05/26/2020 02:37:54 - INFO - __main__ -   	Epoch	TRAIN	16	50	  91.3594
05/26/2020 02:38:01 - INFO - __main__ -   	Step	VALID	0000	6	 118.6007
05/26/2020 02:38:01 - INFO - __main__ -   	Step	VALID	0006	6	 105.3543
05/26/2020 02:38:02 - INFO - __main__ -   	Epoch	VALID	16	50	 106.7694
05/26/2020 02:38:06 - INFO - __main__ -   	Step	TRAIN	0000	82	  87.5259
05/26/2020 02:38:13 - INFO - __main__ -   	Step	TRAIN	0050	82	  87.6319
05/26/2020 02:38:17 - INFO - __main__ -   	Step	TRAIN	0082	82	  95.7403
05/26/2020 02:38:18 - INFO - __main__ -   	Epoch	TRAIN	17	50	  90.0853
05/26/2020 02:38:25 - INFO - __main__ -   	Step	VALID	0000	6	 118.8084
05/26/2020 02:38:25 - INFO - __main__ -   	Step	VALID	0006	6	 105.3688
05/26/2020 02:38:26 - INFO - __main__ -   	Epoch	VALID	17	50	 106.8184
05/26/2020 02:38:30 - INFO - __main__ -   	Step	TRAIN	0000	82	  86.2792
05/26/2020 02:38:37 - INFO - __main__ -   	Step	TRAIN	0050	82	  87.3342
05/26/2020 02:38:41 - INFO - __main__ -   	Step	TRAIN	0082	82	  87.1154
05/26/2020 02:38:42 - INFO - __main__ -   	Epoch	TRAIN	18	50	  88.8047
05/26/2020 02:38:48 - INFO - __main__ -   	Step	VALID	0000	6	 119.0704
05/26/2020 02:38:48 - INFO - __main__ -   	Step	VALID	0006	6	 105.3877
05/26/2020 02:38:49 - INFO - __main__ -   	Epoch	VALID	18	50	 106.9307
05/26/2020 02:38:53 - INFO - __main__ -   	Step	TRAIN	0000	82	  85.2096
05/26/2020 02:39:00 - INFO - __main__ -   	Step	TRAIN	0050	82	  89.6825
05/26/2020 02:39:05 - INFO - __main__ -   	Step	TRAIN	0082	82	  88.9722
05/26/2020 02:39:06 - INFO - __main__ -   	Epoch	TRAIN	19	50	  87.6456
05/26/2020 02:39:10 - INFO - __main__ -   	Step	VALID	0000	6	 119.3494
05/26/2020 02:39:10 - INFO - __main__ -   	Step	VALID	0006	6	 105.6182
05/26/2020 02:39:11 - INFO - __main__ -   	Epoch	VALID	19	50	 107.1077
05/26/2020 02:39:15 - INFO - __main__ -   	Step	TRAIN	0000	82	  83.7644
05/26/2020 02:39:22 - INFO - __main__ -   	Step	TRAIN	0050	82	  88.3834
05/26/2020 02:39:26 - INFO - __main__ -   	Step	TRAIN	0082	82	  82.1003
05/26/2020 02:39:28 - INFO - __main__ -   	Epoch	TRAIN	20	50	  86.4537
05/26/2020 02:39:33 - INFO - __main__ -   	Step	VALID	0000	6	 119.6854
05/26/2020 02:39:33 - INFO - __main__ -   	Step	VALID	0006	6	 105.8238
05/26/2020 02:39:35 - INFO - __main__ -   	Epoch	VALID	20	50	 107.3125
05/26/2020 02:39:39 - INFO - __main__ -   	Step	TRAIN	0000	82	  84.2569
05/26/2020 02:39:46 - INFO - __main__ -   	Step	TRAIN	0050	82	  89.3704
05/26/2020 02:39:50 - INFO - __main__ -   	Step	TRAIN	0082	82	  89.8513
05/26/2020 02:39:51 - INFO - __main__ -   	Epoch	TRAIN	21	50	  85.4467
05/26/2020 02:39:54 - INFO - __main__ -   	Step	VALID	0000	6	 119.9136
05/26/2020 02:39:55 - INFO - __main__ -   	Step	VALID	0006	6	 106.0177
05/26/2020 02:39:56 - INFO - __main__ -   	Epoch	VALID	21	50	 107.5430
05/26/2020 02:40:00 - INFO - __main__ -   	Step	TRAIN	0000	82	  81.1274
05/26/2020 02:40:07 - INFO - __main__ -   	Step	TRAIN	0050	82	  86.0587
05/26/2020 02:40:11 - INFO - __main__ -   	Step	TRAIN	0082	82	  86.5581
05/26/2020 02:40:12 - INFO - __main__ -   	Epoch	TRAIN	22	50	  84.3612
05/26/2020 02:40:15 - INFO - __main__ -   	Step	VALID	0000	6	 120.4202
05/26/2020 02:40:15 - INFO - __main__ -   	Step	VALID	0006	6	 106.3107
05/26/2020 02:40:16 - INFO - __main__ -   	Epoch	VALID	22	50	 107.8177
05/26/2020 02:40:20 - INFO - __main__ -   	Step	TRAIN	0000	82	  82.9488
05/26/2020 02:40:27 - INFO - __main__ -   	Step	TRAIN	0050	82	  81.8632
05/26/2020 02:40:31 - INFO - __main__ -   	Step	TRAIN	0082	82	  84.6872
05/26/2020 02:40:33 - INFO - __main__ -   	Epoch	TRAIN	23	50	  83.3262
05/26/2020 02:40:40 - INFO - __main__ -   	Step	VALID	0000	6	 120.7494
05/26/2020 02:40:40 - INFO - __main__ -   	Step	VALID	0006	6	 106.4513
05/26/2020 02:40:42 - INFO - __main__ -   	Epoch	VALID	23	50	 108.0845
05/26/2020 02:40:45 - INFO - __main__ -   	Step	TRAIN	0000	82	  82.6600
05/26/2020 02:40:52 - INFO - __main__ -   	Step	TRAIN	0050	82	  79.4119
05/26/2020 02:40:56 - INFO - __main__ -   	Step	TRAIN	0082	82	  77.4368
05/26/2020 02:40:58 - INFO - __main__ -   	Epoch	TRAIN	24	50	  82.2774
05/26/2020 02:41:01 - INFO - __main__ -   	Step	VALID	0000	6	 121.2335
05/26/2020 02:41:01 - INFO - __main__ -   	Step	VALID	0006	6	 106.8439
05/26/2020 02:41:03 - INFO - __main__ -   	Epoch	VALID	24	50	 108.4411
05/26/2020 02:41:06 - INFO - __main__ -   	Step	TRAIN	0000	82	  77.5040
05/26/2020 02:41:13 - INFO - __main__ -   	Step	TRAIN	0050	82	  81.4767
05/26/2020 02:41:17 - INFO - __main__ -   	Step	TRAIN	0082	82	  75.7308
05/26/2020 02:41:18 - INFO - __main__ -   	Epoch	TRAIN	25	50	  81.2955
05/26/2020 02:41:23 - INFO - __main__ -   	Step	VALID	0000	6	 121.5618
05/26/2020 02:41:23 - INFO - __main__ -   	Step	VALID	0006	6	 107.0016
05/26/2020 02:41:24 - INFO - __main__ -   	Epoch	VALID	25	50	 108.7010
05/26/2020 02:41:28 - INFO - __main__ -   	Step	TRAIN	0000	82	  83.4828
05/26/2020 02:41:35 - INFO - __main__ -   	Step	TRAIN	0050	82	  80.8249
05/26/2020 02:41:39 - INFO - __main__ -   	Step	TRAIN	0082	82	  78.8260
05/26/2020 02:41:40 - INFO - __main__ -   	Epoch	TRAIN	26	50	  80.4160
05/26/2020 02:41:44 - INFO - __main__ -   	Step	VALID	0000	6	 122.0389
05/26/2020 02:41:44 - INFO - __main__ -   	Step	VALID	0006	6	 107.4621
05/26/2020 02:41:45 - INFO - __main__ -   	Epoch	VALID	26	50	 109.0584
05/26/2020 02:41:49 - INFO - __main__ -   	Step	TRAIN	0000	82	  80.6093
05/26/2020 02:41:56 - INFO - __main__ -   	Step	TRAIN	0050	82	  79.1743
05/26/2020 02:42:00 - INFO - __main__ -   	Step	TRAIN	0082	82	  80.5703
05/26/2020 02:42:02 - INFO - __main__ -   	Epoch	TRAIN	27	50	  79.5416
05/26/2020 02:42:11 - INFO - __main__ -   	Step	VALID	0000	6	 122.6640
05/26/2020 02:42:11 - INFO - __main__ -   	Step	VALID	0006	6	 107.8554
05/26/2020 02:42:12 - INFO - __main__ -   	Epoch	VALID	27	50	 109.4605
05/26/2020 02:42:16 - INFO - __main__ -   	Step	TRAIN	0000	82	  75.8895
05/26/2020 02:42:23 - INFO - __main__ -   	Step	TRAIN	0050	82	  80.2593
05/26/2020 02:42:27 - INFO - __main__ -   	Step	TRAIN	0082	82	  78.0328
05/26/2020 02:42:28 - INFO - __main__ -   	Epoch	TRAIN	28	50	  78.6507
05/26/2020 02:42:38 - INFO - __main__ -   	Step	VALID	0000	6	 123.1012
05/26/2020 02:42:38 - INFO - __main__ -   	Step	VALID	0006	6	 108.1525
05/26/2020 02:42:40 - INFO - __main__ -   	Epoch	VALID	28	50	 109.8228
05/26/2020 02:42:44 - INFO - __main__ -   	Step	TRAIN	0000	82	  77.8947
05/26/2020 02:42:50 - INFO - __main__ -   	Step	TRAIN	0050	82	  75.9614
05/26/2020 02:42:55 - INFO - __main__ -   	Step	TRAIN	0082	82	  79.6017
05/26/2020 02:42:56 - INFO - __main__ -   	Epoch	TRAIN	29	50	  77.8400
05/26/2020 02:43:00 - INFO - __main__ -   	Step	VALID	0000	6	 123.4793
05/26/2020 02:43:00 - INFO - __main__ -   	Step	VALID	0006	6	 108.4431
05/26/2020 02:43:01 - INFO - __main__ -   	Epoch	VALID	29	50	 110.1808
05/26/2020 02:43:05 - INFO - __main__ -   	Step	TRAIN	0000	82	  76.6531
05/26/2020 02:43:12 - INFO - __main__ -   	Step	TRAIN	0050	82	  76.9847
05/26/2020 02:43:16 - INFO - __main__ -   	Step	TRAIN	0082	82	  74.6898
05/26/2020 02:43:18 - INFO - __main__ -   	Epoch	TRAIN	30	50	  76.9869
05/26/2020 02:43:21 - INFO - __main__ -   	Step	VALID	0000	6	 124.1092
05/26/2020 02:43:21 - INFO - __main__ -   	Step	VALID	0006	6	 108.9071
05/26/2020 02:43:23 - INFO - __main__ -   	Epoch	VALID	30	50	 110.6257
05/26/2020 02:43:27 - INFO - __main__ -   	Step	TRAIN	0000	82	  76.5319
05/26/2020 02:43:34 - INFO - __main__ -   	Step	TRAIN	0050	82	  77.9938
05/26/2020 02:43:38 - INFO - __main__ -   	Step	TRAIN	0082	82	  67.5573
05/26/2020 02:43:40 - INFO - __main__ -   	Epoch	TRAIN	31	50	  76.1492
05/26/2020 02:43:42 - INFO - __main__ -   	Step	VALID	0000	6	 124.5052
05/26/2020 02:43:43 - INFO - __main__ -   	Step	VALID	0006	6	 109.2479
05/26/2020 02:43:44 - INFO - __main__ -   	Epoch	VALID	31	50	 110.9864
05/26/2020 02:43:48 - INFO - __main__ -   	Step	TRAIN	0000	82	  73.1166
05/26/2020 02:43:55 - INFO - __main__ -   	Step	TRAIN	0050	82	  77.4554
05/26/2020 02:43:59 - INFO - __main__ -   	Step	TRAIN	0082	82	  76.7617
05/26/2020 02:44:00 - INFO - __main__ -   	Epoch	TRAIN	32	50	  75.4774
05/26/2020 02:44:04 - INFO - __main__ -   	Step	VALID	0000	6	 124.9446
05/26/2020 02:44:04 - INFO - __main__ -   	Step	VALID	0006	6	 109.5113
05/26/2020 02:44:05 - INFO - __main__ -   	Epoch	VALID	32	50	 111.3560
05/26/2020 02:44:09 - INFO - __main__ -   	Step	TRAIN	0000	82	  76.0238
05/26/2020 02:44:16 - INFO - __main__ -   	Step	TRAIN	0050	82	  74.5434
05/26/2020 02:44:21 - INFO - __main__ -   	Step	TRAIN	0082	82	  79.2482
05/26/2020 02:44:22 - INFO - __main__ -   	Epoch	TRAIN	33	50	  74.7922
05/26/2020 02:44:26 - INFO - __main__ -   	Step	VALID	0000	6	 125.5756
05/26/2020 02:44:27 - INFO - __main__ -   	Step	VALID	0006	6	 110.0029
05/26/2020 02:44:28 - INFO - __main__ -   	Epoch	VALID	33	50	 111.8161
05/26/2020 02:44:32 - INFO - __main__ -   	Step	TRAIN	0000	82	  74.4123
05/26/2020 02:44:39 - INFO - __main__ -   	Step	TRAIN	0050	82	  74.9020
05/26/2020 02:44:43 - INFO - __main__ -   	Step	TRAIN	0082	82	  78.3992
05/26/2020 02:44:44 - INFO - __main__ -   	Epoch	TRAIN	34	50	  74.0949
05/26/2020 02:44:48 - INFO - __main__ -   	Step	VALID	0000	6	 126.0918
05/26/2020 02:44:49 - INFO - __main__ -   	Step	VALID	0006	6	 110.4565
05/26/2020 02:44:50 - INFO - __main__ -   	Epoch	VALID	34	50	 112.2354
05/26/2020 02:44:53 - INFO - __main__ -   	Step	TRAIN	0000	82	  72.8204
05/26/2020 02:45:00 - INFO - __main__ -   	Step	TRAIN	0050	82	  72.3542
05/26/2020 02:45:05 - INFO - __main__ -   	Step	TRAIN	0082	82	  71.4212
05/26/2020 02:45:06 - INFO - __main__ -   	Epoch	TRAIN	35	50	  73.3493
05/26/2020 02:45:12 - INFO - __main__ -   	Step	VALID	0000	6	 126.5917
05/26/2020 02:45:12 - INFO - __main__ -   	Step	VALID	0006	6	 110.8107
05/26/2020 02:45:14 - INFO - __main__ -   	Epoch	VALID	35	50	 112.6752
05/26/2020 02:45:17 - INFO - __main__ -   	Step	TRAIN	0000	82	  71.4413
05/26/2020 02:45:24 - INFO - __main__ -   	Step	TRAIN	0050	82	  73.2817
05/26/2020 02:45:28 - INFO - __main__ -   	Step	TRAIN	0082	82	  74.2555
05/26/2020 02:45:29 - INFO - __main__ -   	Epoch	TRAIN	36	50	  72.7403
05/26/2020 02:45:32 - INFO - __main__ -   	Step	VALID	0000	6	 127.1184
05/26/2020 02:45:32 - INFO - __main__ -   	Step	VALID	0006	6	 111.1531
05/26/2020 02:45:34 - INFO - __main__ -   	Epoch	VALID	36	50	 113.0291
05/26/2020 02:45:37 - INFO - __main__ -   	Step	TRAIN	0000	82	  70.5210
05/26/2020 02:45:44 - INFO - __main__ -   	Step	TRAIN	0050	82	  75.0905
05/26/2020 02:45:49 - INFO - __main__ -   	Step	TRAIN	0082	82	  67.8188
05/26/2020 02:45:50 - INFO - __main__ -   	Epoch	TRAIN	37	50	  72.0540
05/26/2020 02:45:55 - INFO - __main__ -   	Step	VALID	0000	6	 127.5301
05/26/2020 02:45:55 - INFO - __main__ -   	Step	VALID	0006	6	 111.6749
05/26/2020 02:45:56 - INFO - __main__ -   	Epoch	VALID	37	50	 113.4975
05/26/2020 02:46:00 - INFO - __main__ -   	Step	TRAIN	0000	82	  69.5220
05/26/2020 02:46:08 - INFO - __main__ -   	Step	TRAIN	0050	82	  70.7486
05/26/2020 02:46:13 - INFO - __main__ -   	Step	TRAIN	0082	82	  73.2461
05/26/2020 02:46:14 - INFO - __main__ -   	Epoch	TRAIN	38	50	  71.4888
05/26/2020 02:46:18 - INFO - __main__ -   	Step	VALID	0000	6	 128.2357
05/26/2020 02:46:18 - INFO - __main__ -   	Step	VALID	0006	6	 112.0773
05/26/2020 02:46:19 - INFO - __main__ -   	Epoch	VALID	38	50	 113.9220
05/26/2020 02:46:23 - INFO - __main__ -   	Step	TRAIN	0000	82	  68.8401
05/26/2020 02:46:30 - INFO - __main__ -   	Step	TRAIN	0050	82	  70.7409
05/26/2020 02:46:35 - INFO - __main__ -   	Step	TRAIN	0082	82	  68.5286
05/26/2020 02:46:36 - INFO - __main__ -   	Epoch	TRAIN	39	50	  70.8781
05/26/2020 02:46:39 - INFO - __main__ -   	Step	VALID	0000	6	 128.7636
05/26/2020 02:46:40 - INFO - __main__ -   	Step	VALID	0006	6	 112.3759
05/26/2020 02:46:41 - INFO - __main__ -   	Epoch	VALID	39	50	 114.3131
05/26/2020 02:46:44 - INFO - __main__ -   	Step	TRAIN	0000	82	  69.3693
05/26/2020 02:46:51 - INFO - __main__ -   	Step	TRAIN	0050	82	  68.7761
05/26/2020 02:46:56 - INFO - __main__ -   	Step	TRAIN	0082	82	  69.0781
05/26/2020 02:46:57 - INFO - __main__ -   	Epoch	TRAIN	40	50	  70.3234
05/26/2020 02:47:07 - INFO - __main__ -   	Step	VALID	0000	6	 129.1945
05/26/2020 02:47:08 - INFO - __main__ -   	Step	VALID	0006	6	 112.8977
05/26/2020 02:47:09 - INFO - __main__ -   	Epoch	VALID	40	50	 114.7989
05/26/2020 02:47:13 - INFO - __main__ -   	Step	TRAIN	0000	82	  68.5901
05/26/2020 02:47:20 - INFO - __main__ -   	Step	TRAIN	0050	82	  67.7132
05/26/2020 02:47:24 - INFO - __main__ -   	Step	TRAIN	0082	82	  73.6766
05/26/2020 02:47:25 - INFO - __main__ -   	Epoch	TRAIN	41	50	  69.8302
05/26/2020 02:47:34 - INFO - __main__ -   	Step	VALID	0000	6	 129.7084
05/26/2020 02:47:34 - INFO - __main__ -   	Step	VALID	0006	6	 113.2693
05/26/2020 02:47:35 - INFO - __main__ -   	Epoch	VALID	41	50	 115.1935
05/26/2020 02:47:39 - INFO - __main__ -   	Step	TRAIN	0000	82	  68.0918
05/26/2020 02:47:46 - INFO - __main__ -   	Step	TRAIN	0050	82	  69.5452
05/26/2020 02:47:50 - INFO - __main__ -   	Step	TRAIN	0082	82	  64.1082
05/26/2020 02:47:51 - INFO - __main__ -   	Epoch	TRAIN	42	50	  69.2169
05/26/2020 02:48:06 - INFO - __main__ -   	Step	VALID	0000	6	 130.3387
05/26/2020 02:48:06 - INFO - __main__ -   	Step	VALID	0006	6	 113.6495
05/26/2020 02:48:07 - INFO - __main__ -   	Epoch	VALID	42	50	 115.6374
05/26/2020 02:48:11 - INFO - __main__ -   	Step	TRAIN	0000	82	  67.9599
05/26/2020 02:48:17 - INFO - __main__ -   	Step	TRAIN	0050	82	  71.1697
05/26/2020 02:48:22 - INFO - __main__ -   	Step	TRAIN	0082	82	  69.5609
05/26/2020 02:48:23 - INFO - __main__ -   	Epoch	TRAIN	43	50	  68.7542
05/26/2020 02:48:27 - INFO - __main__ -   	Step	VALID	0000	6	 130.8207
05/26/2020 02:48:28 - INFO - __main__ -   	Step	VALID	0006	6	 114.0070
05/26/2020 02:48:29 - INFO - __main__ -   	Epoch	VALID	43	50	 116.0007
05/26/2020 02:48:32 - INFO - __main__ -   	Step	TRAIN	0000	82	  69.2289
05/26/2020 02:48:39 - INFO - __main__ -   	Step	TRAIN	0050	82	  68.8967
05/26/2020 02:48:44 - INFO - __main__ -   	Step	TRAIN	0082	82	  66.7023
05/26/2020 02:48:45 - INFO - __main__ -   	Epoch	TRAIN	44	50	  68.2706
05/26/2020 02:48:50 - INFO - __main__ -   	Step	VALID	0000	6	 131.3563
05/26/2020 02:48:50 - INFO - __main__ -   	Step	VALID	0006	6	 114.4682
05/26/2020 02:48:51 - INFO - __main__ -   	Epoch	VALID	44	50	 116.4912
05/26/2020 02:48:55 - INFO - __main__ -   	Step	TRAIN	0000	82	  68.7116
05/26/2020 02:49:02 - INFO - __main__ -   	Step	TRAIN	0050	82	  66.3035
05/26/2020 02:49:07 - INFO - __main__ -   	Step	TRAIN	0082	82	  68.3897
05/26/2020 02:49:08 - INFO - __main__ -   	Epoch	TRAIN	45	50	  67.8347
05/26/2020 02:49:11 - INFO - __main__ -   	Step	VALID	0000	6	 131.8326
05/26/2020 02:49:11 - INFO - __main__ -   	Step	VALID	0006	6	 115.0689
05/26/2020 02:49:12 - INFO - __main__ -   	Epoch	VALID	45	50	 116.8714
05/26/2020 02:49:16 - INFO - __main__ -   	Step	TRAIN	0000	82	  67.6679
05/26/2020 02:49:22 - INFO - __main__ -   	Step	TRAIN	0050	82	  69.5774
05/26/2020 02:49:27 - INFO - __main__ -   	Step	TRAIN	0082	82	  70.7167
05/26/2020 02:49:28 - INFO - __main__ -   	Epoch	TRAIN	46	50	  67.4038
05/26/2020 02:49:31 - INFO - __main__ -   	Step	VALID	0000	6	 132.2516
05/26/2020 02:49:31 - INFO - __main__ -   	Step	VALID	0006	6	 115.2516
05/26/2020 02:49:33 - INFO - __main__ -   	Epoch	VALID	46	50	 117.1739
05/26/2020 02:49:36 - INFO - __main__ -   	Step	TRAIN	0000	82	  65.0358
05/26/2020 02:49:43 - INFO - __main__ -   	Step	TRAIN	0050	82	  68.3217
05/26/2020 02:49:47 - INFO - __main__ -   	Step	TRAIN	0082	82	  70.4914
05/26/2020 02:49:49 - INFO - __main__ -   	Epoch	TRAIN	47	50	  66.9767
05/26/2020 02:49:54 - INFO - __main__ -   	Step	VALID	0000	6	 132.8654
05/26/2020 02:49:54 - INFO - __main__ -   	Step	VALID	0006	6	 115.7668
05/26/2020 02:49:55 - INFO - __main__ -   	Epoch	VALID	47	50	 117.6879
05/26/2020 02:49:59 - INFO - __main__ -   	Step	TRAIN	0000	82	  64.1073
05/26/2020 02:50:06 - INFO - __main__ -   	Step	TRAIN	0050	82	  64.9445
05/26/2020 02:50:10 - INFO - __main__ -   	Step	TRAIN	0082	82	  69.6988
05/26/2020 02:50:11 - INFO - __main__ -   	Epoch	TRAIN	48	50	  66.5644
05/26/2020 02:50:15 - INFO - __main__ -   	Step	VALID	0000	6	 133.2469
05/26/2020 02:50:16 - INFO - __main__ -   	Step	VALID	0006	6	 116.1445
05/26/2020 02:50:17 - INFO - __main__ -   	Epoch	VALID	48	50	 118.1113
05/26/2020 02:50:21 - INFO - __main__ -   	Step	TRAIN	0000	82	  63.2676
05/26/2020 02:50:28 - INFO - __main__ -   	Step	TRAIN	0050	82	  64.5888
05/26/2020 02:50:32 - INFO - __main__ -   	Step	TRAIN	0082	82	  64.6221
05/26/2020 02:50:33 - INFO - __main__ -   	Epoch	TRAIN	49	50	  66.0920
05/26/2020 02:50:37 - INFO - __main__ -   	Step	VALID	0000	6	 133.7327
05/26/2020 02:50:37 - INFO - __main__ -   	Step	VALID	0006	6	 116.4948
05/26/2020 02:50:39 - INFO - __main__ -   	Epoch	VALID	49	50	 118.6339
