05/26/2020 06:55:02 - INFO - __main__ -   	Step	TRAIN	0000	82	 203.1030
05/26/2020 06:55:07 - INFO - __main__ -   	Step	TRAIN	0050	82	 137.7306
05/26/2020 06:55:09 - INFO - __main__ -   	Step	TRAIN	0082	82	 132.8466
05/26/2020 06:55:11 - INFO - __main__ -   	Epoch	TRAIN	00	50	 148.1410
05/26/2020 06:55:16 - INFO - __main__ -   	Step	VALID	0000	6	 138.6151
05/26/2020 06:55:16 - INFO - __main__ -   	Step	VALID	0006	6	 132.0498
05/26/2020 06:55:17 - INFO - __main__ -   	Epoch	VALID	00	50	 132.1713
05/26/2020 06:55:21 - INFO - __main__ -   	Step	TRAIN	0000	82	 134.7449
05/26/2020 06:55:25 - INFO - __main__ -   	Step	TRAIN	0050	82	 124.8057
05/26/2020 06:55:28 - INFO - __main__ -   	Step	TRAIN	0082	82	 122.1127
05/26/2020 06:55:29 - INFO - __main__ -   	Epoch	TRAIN	01	50	 128.5961
05/26/2020 06:55:36 - INFO - __main__ -   	Step	VALID	0000	6	 130.6792
05/26/2020 06:55:36 - INFO - __main__ -   	Step	VALID	0006	6	 122.3379
05/26/2020 06:55:37 - INFO - __main__ -   	Epoch	VALID	01	50	 123.1938
05/26/2020 06:55:41 - INFO - __main__ -   	Step	TRAIN	0000	82	 123.0838
05/26/2020 06:55:45 - INFO - __main__ -   	Step	TRAIN	0050	82	 115.2592
05/26/2020 06:55:48 - INFO - __main__ -   	Step	TRAIN	0082	82	 118.5428
05/26/2020 06:55:50 - INFO - __main__ -   	Epoch	TRAIN	02	50	 121.1405
05/26/2020 06:55:56 - INFO - __main__ -   	Step	VALID	0000	6	 126.4898
05/26/2020 06:55:56 - INFO - __main__ -   	Step	VALID	0006	6	 117.4159
05/26/2020 06:55:57 - INFO - __main__ -   	Epoch	VALID	02	50	 118.3314
05/26/2020 06:56:01 - INFO - __main__ -   	Step	TRAIN	0000	82	 119.7253
05/26/2020 06:56:05 - INFO - __main__ -   	Step	TRAIN	0050	82	 117.3263
05/26/2020 06:56:08 - INFO - __main__ -   	Step	TRAIN	0082	82	 122.2368
05/26/2020 06:56:09 - INFO - __main__ -   	Epoch	TRAIN	03	50	 116.3415
05/26/2020 06:56:13 - INFO - __main__ -   	Step	VALID	0000	6	 123.6817
05/26/2020 06:56:13 - INFO - __main__ -   	Step	VALID	0006	6	 114.1403
05/26/2020 06:56:14 - INFO - __main__ -   	Epoch	VALID	03	50	 115.1369
05/26/2020 06:56:18 - INFO - __main__ -   	Step	TRAIN	0000	82	 112.3951
05/26/2020 06:56:22 - INFO - __main__ -   	Step	TRAIN	0050	82	 110.3640
05/26/2020 06:56:25 - INFO - __main__ -   	Step	TRAIN	0082	82	 103.2447
05/26/2020 06:56:26 - INFO - __main__ -   	Epoch	TRAIN	04	50	 112.4550
05/26/2020 06:56:38 - INFO - __main__ -   	Step	VALID	0000	6	 121.6385
05/26/2020 06:56:38 - INFO - __main__ -   	Step	VALID	0006	6	 111.7967
05/26/2020 06:56:39 - INFO - __main__ -   	Epoch	VALID	04	50	 112.8682
05/26/2020 06:56:43 - INFO - __main__ -   	Step	TRAIN	0000	82	 108.6243
05/26/2020 06:56:47 - INFO - __main__ -   	Step	TRAIN	0050	82	 112.4381
05/26/2020 06:56:50 - INFO - __main__ -   	Step	TRAIN	0082	82	 105.0242
05/26/2020 06:56:51 - INFO - __main__ -   	Epoch	TRAIN	05	50	 109.4599
05/26/2020 06:56:59 - INFO - __main__ -   	Step	VALID	0000	6	 120.1860
05/26/2020 06:56:59 - INFO - __main__ -   	Step	VALID	0006	6	 109.8608
05/26/2020 06:57:00 - INFO - __main__ -   	Epoch	VALID	05	50	 111.0297
05/26/2020 06:57:04 - INFO - __main__ -   	Step	TRAIN	0000	82	 108.4392
05/26/2020 06:57:08 - INFO - __main__ -   	Step	TRAIN	0050	82	 108.4437
05/26/2020 06:57:11 - INFO - __main__ -   	Step	TRAIN	0082	82	 114.5033
05/26/2020 06:57:12 - INFO - __main__ -   	Epoch	TRAIN	06	50	 107.0119
05/26/2020 06:57:17 - INFO - __main__ -   	Step	VALID	0000	6	 119.0503
05/26/2020 06:57:17 - INFO - __main__ -   	Step	VALID	0006	6	 108.3606
05/26/2020 06:57:18 - INFO - __main__ -   	Epoch	VALID	06	50	 109.6279
05/26/2020 06:57:22 - INFO - __main__ -   	Step	TRAIN	0000	82	 103.6579
05/26/2020 06:57:26 - INFO - __main__ -   	Step	TRAIN	0050	82	 106.2853
05/26/2020 06:57:29 - INFO - __main__ -   	Step	TRAIN	0082	82	 106.8041
05/26/2020 06:57:30 - INFO - __main__ -   	Epoch	TRAIN	07	50	 104.6776
05/26/2020 06:57:37 - INFO - __main__ -   	Step	VALID	0000	6	 118.1451
05/26/2020 06:57:38 - INFO - __main__ -   	Step	VALID	0006	6	 107.3485
05/26/2020 06:57:39 - INFO - __main__ -   	Epoch	VALID	07	50	 108.4910
05/26/2020 06:57:43 - INFO - __main__ -   	Step	TRAIN	0000	82	 100.0516
05/26/2020 06:57:47 - INFO - __main__ -   	Step	TRAIN	0050	82	 100.0103
05/26/2020 06:57:50 - INFO - __main__ -   	Step	TRAIN	0082	82	  98.5970
05/26/2020 06:57:52 - INFO - __main__ -   	Epoch	TRAIN	08	50	 102.5568
05/26/2020 06:57:56 - INFO - __main__ -   	Step	VALID	0000	6	 117.3651
05/26/2020 06:57:56 - INFO - __main__ -   	Step	VALID	0006	6	 106.3338
05/26/2020 06:57:58 - INFO - __main__ -   	Epoch	VALID	08	50	 107.5736
05/26/2020 06:58:01 - INFO - __main__ -   	Step	TRAIN	0000	82	  99.0769
05/26/2020 06:58:06 - INFO - __main__ -   	Step	TRAIN	0050	82	  97.2847
05/26/2020 06:58:08 - INFO - __main__ -   	Step	TRAIN	0082	82	  98.2305
05/26/2020 06:58:10 - INFO - __main__ -   	Epoch	TRAIN	09	50	 100.6909
05/26/2020 06:58:14 - INFO - __main__ -   	Step	VALID	0000	6	 116.7699
05/26/2020 06:58:15 - INFO - __main__ -   	Step	VALID	0006	6	 105.5717
05/26/2020 06:58:16 - INFO - __main__ -   	Epoch	VALID	09	50	 106.8681
05/26/2020 06:58:19 - INFO - __main__ -   	Step	TRAIN	0000	82	 100.8372
05/26/2020 06:58:24 - INFO - __main__ -   	Step	TRAIN	0050	82	  98.2735
05/26/2020 06:58:26 - INFO - __main__ -   	Step	TRAIN	0082	82	  99.6933
05/26/2020 06:58:28 - INFO - __main__ -   	Epoch	TRAIN	10	50	  98.9645
05/26/2020 06:58:32 - INFO - __main__ -   	Step	VALID	0000	6	 116.2324
05/26/2020 06:58:32 - INFO - __main__ -   	Step	VALID	0006	6	 105.0624
05/26/2020 06:58:33 - INFO - __main__ -   	Epoch	VALID	10	50	 106.3009
05/26/2020 06:58:37 - INFO - __main__ -   	Step	TRAIN	0000	82	 100.0495
05/26/2020 06:58:41 - INFO - __main__ -   	Step	TRAIN	0050	82	  99.7226
05/26/2020 06:58:44 - INFO - __main__ -   	Step	TRAIN	0082	82	 101.4256
05/26/2020 06:58:45 - INFO - __main__ -   	Epoch	TRAIN	11	50	  97.3616
05/26/2020 06:58:54 - INFO - __main__ -   	Step	VALID	0000	6	 116.0253
05/26/2020 06:58:54 - INFO - __main__ -   	Step	VALID	0006	6	 104.6466
05/26/2020 06:58:55 - INFO - __main__ -   	Epoch	VALID	11	50	 105.8836
05/26/2020 06:58:59 - INFO - __main__ -   	Step	TRAIN	0000	82	  97.8596
05/26/2020 06:59:04 - INFO - __main__ -   	Step	TRAIN	0050	82	  95.9444
05/26/2020 06:59:06 - INFO - __main__ -   	Step	TRAIN	0082	82	  89.7879
05/26/2020 06:59:08 - INFO - __main__ -   	Epoch	TRAIN	12	50	  95.7187
05/26/2020 06:59:12 - INFO - __main__ -   	Step	VALID	0000	6	 115.9637
05/26/2020 06:59:13 - INFO - __main__ -   	Step	VALID	0006	6	 104.3145
05/26/2020 06:59:14 - INFO - __main__ -   	Epoch	VALID	12	50	 105.5728
05/26/2020 06:59:17 - INFO - __main__ -   	Step	TRAIN	0000	82	  92.0274
05/26/2020 06:59:22 - INFO - __main__ -   	Step	TRAIN	0050	82	  93.2468
05/26/2020 06:59:25 - INFO - __main__ -   	Step	TRAIN	0082	82	  89.8077
05/26/2020 06:59:26 - INFO - __main__ -   	Epoch	TRAIN	13	50	  94.2418
05/26/2020 06:59:28 - INFO - __main__ -   	Step	VALID	0000	6	 115.8386
05/26/2020 06:59:29 - INFO - __main__ -   	Step	VALID	0006	6	 104.1698
05/26/2020 06:59:30 - INFO - __main__ -   	Epoch	VALID	13	50	 105.3819
05/26/2020 06:59:33 - INFO - __main__ -   	Step	TRAIN	0000	82	  93.1574
05/26/2020 06:59:37 - INFO - __main__ -   	Step	TRAIN	0050	82	  92.7872
05/26/2020 06:59:40 - INFO - __main__ -   	Step	TRAIN	0082	82	  89.6164
05/26/2020 06:59:41 - INFO - __main__ -   	Epoch	TRAIN	14	50	  92.8545
05/26/2020 06:59:44 - INFO - __main__ -   	Step	VALID	0000	6	 115.7595
05/26/2020 06:59:44 - INFO - __main__ -   	Step	VALID	0006	6	 103.8470
05/26/2020 06:59:46 - INFO - __main__ -   	Epoch	VALID	14	50	 105.1551
05/26/2020 06:59:50 - INFO - __main__ -   	Step	TRAIN	0000	82	  96.4926
05/26/2020 06:59:54 - INFO - __main__ -   	Step	TRAIN	0050	82	  93.3676
05/26/2020 06:59:57 - INFO - __main__ -   	Step	TRAIN	0082	82	  88.0326
05/26/2020 06:59:59 - INFO - __main__ -   	Epoch	TRAIN	15	50	  91.4984
05/26/2020 07:00:06 - INFO - __main__ -   	Step	VALID	0000	6	 115.8148
05/26/2020 07:00:06 - INFO - __main__ -   	Step	VALID	0006	6	 103.9247
05/26/2020 07:00:07 - INFO - __main__ -   	Epoch	VALID	15	50	 105.1541
05/26/2020 07:00:11 - INFO - __main__ -   	Step	TRAIN	0000	82	  90.8114
05/26/2020 07:00:15 - INFO - __main__ -   	Step	TRAIN	0050	82	  90.4065
05/26/2020 07:00:18 - INFO - __main__ -   	Step	TRAIN	0082	82	  95.3198
05/26/2020 07:00:20 - INFO - __main__ -   	Epoch	TRAIN	16	50	  90.2886
05/26/2020 07:00:27 - INFO - __main__ -   	Step	VALID	0000	6	 115.9259
05/26/2020 07:00:27 - INFO - __main__ -   	Step	VALID	0006	6	 103.8380
05/26/2020 07:00:28 - INFO - __main__ -   	Epoch	VALID	16	50	 105.0883
05/26/2020 07:00:31 - INFO - __main__ -   	Step	TRAIN	0000	82	  86.0598
05/26/2020 07:00:36 - INFO - __main__ -   	Step	TRAIN	0050	82	  86.7594
05/26/2020 07:00:39 - INFO - __main__ -   	Step	TRAIN	0082	82	  92.2159
05/26/2020 07:00:40 - INFO - __main__ -   	Epoch	TRAIN	17	50	  89.0055
05/26/2020 07:00:43 - INFO - __main__ -   	Step	VALID	0000	6	 116.1438
05/26/2020 07:00:43 - INFO - __main__ -   	Step	VALID	0006	6	 103.8115
05/26/2020 07:00:45 - INFO - __main__ -   	Epoch	VALID	17	50	 105.1805
05/26/2020 07:00:48 - INFO - __main__ -   	Step	TRAIN	0000	82	  87.5883
05/26/2020 07:00:52 - INFO - __main__ -   	Step	TRAIN	0050	82	  90.6355
05/26/2020 07:00:55 - INFO - __main__ -   	Step	TRAIN	0082	82	  88.1452
05/26/2020 07:00:57 - INFO - __main__ -   	Epoch	TRAIN	18	50	  87.7678
05/26/2020 07:01:00 - INFO - __main__ -   	Step	VALID	0000	6	 116.3510
05/26/2020 07:01:00 - INFO - __main__ -   	Step	VALID	0006	6	 103.9075
05/26/2020 07:01:02 - INFO - __main__ -   	Epoch	VALID	18	50	 105.2620
05/26/2020 07:01:06 - INFO - __main__ -   	Step	TRAIN	0000	82	  88.1509
05/26/2020 07:01:10 - INFO - __main__ -   	Step	TRAIN	0050	82	  84.7983
05/26/2020 07:01:13 - INFO - __main__ -   	Step	TRAIN	0082	82	  86.3397
05/26/2020 07:01:15 - INFO - __main__ -   	Epoch	TRAIN	19	50	  86.5861
05/26/2020 07:01:19 - INFO - __main__ -   	Step	VALID	0000	6	 116.6646
05/26/2020 07:01:20 - INFO - __main__ -   	Step	VALID	0006	6	 104.1113
05/26/2020 07:01:21 - INFO - __main__ -   	Epoch	VALID	19	50	 105.4365
05/26/2020 07:01:25 - INFO - __main__ -   	Step	TRAIN	0000	82	  86.9352
05/26/2020 07:01:29 - INFO - __main__ -   	Step	TRAIN	0050	82	  86.8016
05/26/2020 07:01:32 - INFO - __main__ -   	Step	TRAIN	0082	82	  86.1553
05/26/2020 07:01:34 - INFO - __main__ -   	Epoch	TRAIN	20	50	  85.4576
05/26/2020 07:01:40 - INFO - __main__ -   	Step	VALID	0000	6	 116.9995
05/26/2020 07:01:40 - INFO - __main__ -   	Step	VALID	0006	6	 104.2659
05/26/2020 07:01:42 - INFO - __main__ -   	Epoch	VALID	20	50	 105.6474
05/26/2020 07:01:45 - INFO - __main__ -   	Step	TRAIN	0000	82	  83.3196
05/26/2020 07:01:49 - INFO - __main__ -   	Step	TRAIN	0050	82	  84.1275
05/26/2020 07:01:52 - INFO - __main__ -   	Step	TRAIN	0082	82	  88.5262
05/26/2020 07:01:54 - INFO - __main__ -   	Epoch	TRAIN	21	50	  84.3903
05/26/2020 07:01:57 - INFO - __main__ -   	Step	VALID	0000	6	 117.3616
05/26/2020 07:01:57 - INFO - __main__ -   	Step	VALID	0006	6	 104.4605
05/26/2020 07:01:59 - INFO - __main__ -   	Epoch	VALID	21	50	 105.8568
05/26/2020 07:02:02 - INFO - __main__ -   	Step	TRAIN	0000	82	  81.3646
05/26/2020 07:02:07 - INFO - __main__ -   	Step	TRAIN	0050	82	  83.7367
05/26/2020 07:02:10 - INFO - __main__ -   	Step	TRAIN	0082	82	  81.6693
05/26/2020 07:02:11 - INFO - __main__ -   	Epoch	TRAIN	22	50	  83.2689
05/26/2020 07:02:16 - INFO - __main__ -   	Step	VALID	0000	6	 117.6994
05/26/2020 07:02:16 - INFO - __main__ -   	Step	VALID	0006	6	 104.5959
05/26/2020 07:02:18 - INFO - __main__ -   	Epoch	VALID	22	50	 106.0669
05/26/2020 07:02:21 - INFO - __main__ -   	Step	TRAIN	0000	82	  81.0114
05/26/2020 07:02:26 - INFO - __main__ -   	Step	TRAIN	0050	82	  81.6716
05/26/2020 07:02:29 - INFO - __main__ -   	Step	TRAIN	0082	82	  79.3723
05/26/2020 07:02:30 - INFO - __main__ -   	Epoch	TRAIN	23	50	  82.2239
05/26/2020 07:02:35 - INFO - __main__ -   	Step	VALID	0000	6	 118.0385
05/26/2020 07:02:35 - INFO - __main__ -   	Step	VALID	0006	6	 104.8730
05/26/2020 07:02:36 - INFO - __main__ -   	Epoch	VALID	23	50	 106.3239
05/26/2020 07:02:40 - INFO - __main__ -   	Step	TRAIN	0000	82	  81.3749
05/26/2020 07:02:44 - INFO - __main__ -   	Step	TRAIN	0050	82	  80.2356
05/26/2020 07:02:47 - INFO - __main__ -   	Step	TRAIN	0082	82	  80.2002
05/26/2020 07:02:49 - INFO - __main__ -   	Epoch	TRAIN	24	50	  81.2445
05/26/2020 07:02:54 - INFO - __main__ -   	Step	VALID	0000	6	 118.4693
05/26/2020 07:02:54 - INFO - __main__ -   	Step	VALID	0006	6	 105.1550
05/26/2020 07:02:55 - INFO - __main__ -   	Epoch	VALID	24	50	 106.6661
05/26/2020 07:02:59 - INFO - __main__ -   	Step	TRAIN	0000	82	  78.1573
05/26/2020 07:03:03 - INFO - __main__ -   	Step	TRAIN	0050	82	  81.6927
05/26/2020 07:03:06 - INFO - __main__ -   	Step	TRAIN	0082	82	  86.2251
05/26/2020 07:03:08 - INFO - __main__ -   	Epoch	TRAIN	25	50	  80.3503
05/26/2020 07:03:11 - INFO - __main__ -   	Step	VALID	0000	6	 118.9290
05/26/2020 07:03:11 - INFO - __main__ -   	Step	VALID	0006	6	 105.4421
05/26/2020 07:03:12 - INFO - __main__ -   	Epoch	VALID	25	50	 106.9853
05/26/2020 07:03:15 - INFO - __main__ -   	Step	TRAIN	0000	82	  78.0138
05/26/2020 07:03:20 - INFO - __main__ -   	Step	TRAIN	0050	82	  81.9190
05/26/2020 07:03:23 - INFO - __main__ -   	Step	TRAIN	0082	82	  80.9742
05/26/2020 07:03:25 - INFO - __main__ -   	Epoch	TRAIN	26	50	  79.3754
05/26/2020 07:03:30 - INFO - __main__ -   	Step	VALID	0000	6	 119.2753
05/26/2020 07:03:30 - INFO - __main__ -   	Step	VALID	0006	6	 105.7894
05/26/2020 07:03:31 - INFO - __main__ -   	Epoch	VALID	26	50	 107.3232
05/26/2020 07:03:35 - INFO - __main__ -   	Step	TRAIN	0000	82	  76.7527
05/26/2020 07:03:39 - INFO - __main__ -   	Step	TRAIN	0050	82	  79.4989
05/26/2020 07:03:42 - INFO - __main__ -   	Step	TRAIN	0082	82	  76.1576
05/26/2020 07:03:43 - INFO - __main__ -   	Epoch	TRAIN	27	50	  78.4187
05/26/2020 07:03:46 - INFO - __main__ -   	Step	VALID	0000	6	 119.7836
05/26/2020 07:03:47 - INFO - __main__ -   	Step	VALID	0006	6	 106.1758
05/26/2020 07:03:48 - INFO - __main__ -   	Epoch	VALID	27	50	 107.6735
05/26/2020 07:03:51 - INFO - __main__ -   	Step	TRAIN	0000	82	  78.0153
05/26/2020 07:03:56 - INFO - __main__ -   	Step	TRAIN	0050	82	  77.2936
05/26/2020 07:03:59 - INFO - __main__ -   	Step	TRAIN	0082	82	  79.7571
05/26/2020 07:04:00 - INFO - __main__ -   	Epoch	TRAIN	28	50	  77.5866
05/26/2020 07:04:04 - INFO - __main__ -   	Step	VALID	0000	6	 120.3077
05/26/2020 07:04:04 - INFO - __main__ -   	Step	VALID	0006	6	 106.5876
05/26/2020 07:04:05 - INFO - __main__ -   	Epoch	VALID	28	50	 108.0614
05/26/2020 07:04:09 - INFO - __main__ -   	Step	TRAIN	0000	82	  74.7786
05/26/2020 07:04:13 - INFO - __main__ -   	Step	TRAIN	0050	82	  77.2982
05/26/2020 07:04:16 - INFO - __main__ -   	Step	TRAIN	0082	82	  71.0332
05/26/2020 07:04:18 - INFO - __main__ -   	Epoch	TRAIN	29	50	  76.6684
05/26/2020 07:04:21 - INFO - __main__ -   	Step	VALID	0000	6	 120.8916
05/26/2020 07:04:21 - INFO - __main__ -   	Step	VALID	0006	6	 106.9501
05/26/2020 07:04:22 - INFO - __main__ -   	Epoch	VALID	29	50	 108.5303
05/26/2020 07:04:25 - INFO - __main__ -   	Step	TRAIN	0000	82	  74.0238
05/26/2020 07:04:31 - INFO - __main__ -   	Step	TRAIN	0050	82	  78.7299
05/26/2020 07:04:33 - INFO - __main__ -   	Step	TRAIN	0082	82	  73.0556
05/26/2020 07:04:35 - INFO - __main__ -   	Epoch	TRAIN	30	50	  75.8607
05/26/2020 07:04:37 - INFO - __main__ -   	Step	VALID	0000	6	 121.3004
05/26/2020 07:04:38 - INFO - __main__ -   	Step	VALID	0006	6	 107.3833
05/26/2020 07:04:39 - INFO - __main__ -   	Epoch	VALID	30	50	 108.8979
05/26/2020 07:04:42 - INFO - __main__ -   	Step	TRAIN	0000	82	  72.9371
05/26/2020 07:04:47 - INFO - __main__ -   	Step	TRAIN	0050	82	  75.7172
05/26/2020 07:04:50 - INFO - __main__ -   	Step	TRAIN	0082	82	  81.3779
05/26/2020 07:04:51 - INFO - __main__ -   	Epoch	TRAIN	31	50	  75.1628
05/26/2020 07:04:55 - INFO - __main__ -   	Step	VALID	0000	6	 121.7682
05/26/2020 07:04:55 - INFO - __main__ -   	Step	VALID	0006	6	 107.5841
05/26/2020 07:04:57 - INFO - __main__ -   	Epoch	VALID	31	50	 109.2630
05/26/2020 07:05:00 - INFO - __main__ -   	Step	TRAIN	0000	82	  74.1403
05/26/2020 07:05:05 - INFO - __main__ -   	Step	TRAIN	0050	82	  73.6894
05/26/2020 07:05:07 - INFO - __main__ -   	Step	TRAIN	0082	82	  74.2241
05/26/2020 07:05:09 - INFO - __main__ -   	Epoch	TRAIN	32	50	  74.3485
05/26/2020 07:05:15 - INFO - __main__ -   	Step	VALID	0000	6	 122.2254
05/26/2020 07:05:15 - INFO - __main__ -   	Step	VALID	0006	6	 107.9560
05/26/2020 07:05:16 - INFO - __main__ -   	Epoch	VALID	32	50	 109.6532
05/26/2020 07:05:20 - INFO - __main__ -   	Step	TRAIN	0000	82	  72.1740
05/26/2020 07:05:25 - INFO - __main__ -   	Step	TRAIN	0050	82	  74.8561
05/26/2020 07:05:28 - INFO - __main__ -   	Step	TRAIN	0082	82	  74.0871
05/26/2020 07:05:29 - INFO - __main__ -   	Epoch	TRAIN	33	50	  73.6172
05/26/2020 07:05:34 - INFO - __main__ -   	Step	VALID	0000	6	 122.7770
05/26/2020 07:05:34 - INFO - __main__ -   	Step	VALID	0006	6	 108.4929
05/26/2020 07:05:35 - INFO - __main__ -   	Epoch	VALID	33	50	 110.1350
05/26/2020 07:05:39 - INFO - __main__ -   	Step	TRAIN	0000	82	  70.6955
05/26/2020 07:05:43 - INFO - __main__ -   	Step	TRAIN	0050	82	  73.1334
05/26/2020 07:05:46 - INFO - __main__ -   	Step	TRAIN	0082	82	  72.3233
05/26/2020 07:05:48 - INFO - __main__ -   	Epoch	TRAIN	34	50	  72.8863
05/26/2020 07:05:52 - INFO - __main__ -   	Step	VALID	0000	6	 123.3754
05/26/2020 07:05:52 - INFO - __main__ -   	Step	VALID	0006	6	 108.7896
05/26/2020 07:05:53 - INFO - __main__ -   	Epoch	VALID	34	50	 110.5176
05/26/2020 07:05:57 - INFO - __main__ -   	Step	TRAIN	0000	82	  69.1309
05/26/2020 07:06:02 - INFO - __main__ -   	Step	TRAIN	0050	82	  72.2318
05/26/2020 07:06:04 - INFO - __main__ -   	Step	TRAIN	0082	82	  80.5668
05/26/2020 07:06:06 - INFO - __main__ -   	Epoch	TRAIN	35	50	  72.2828
05/26/2020 07:06:18 - INFO - __main__ -   	Step	VALID	0000	6	 123.7440
05/26/2020 07:06:18 - INFO - __main__ -   	Step	VALID	0006	6	 109.3388
05/26/2020 07:06:19 - INFO - __main__ -   	Epoch	VALID	35	50	 110.9902
05/26/2020 07:06:23 - INFO - __main__ -   	Step	TRAIN	0000	82	  68.8996
05/26/2020 07:06:27 - INFO - __main__ -   	Step	TRAIN	0050	82	  73.6782
05/26/2020 07:06:30 - INFO - __main__ -   	Step	TRAIN	0082	82	  78.9820
05/26/2020 07:06:31 - INFO - __main__ -   	Epoch	TRAIN	36	50	  71.6193
05/26/2020 07:06:38 - INFO - __main__ -   	Step	VALID	0000	6	 124.3265
05/26/2020 07:06:38 - INFO - __main__ -   	Step	VALID	0006	6	 109.6404
05/26/2020 07:06:39 - INFO - __main__ -   	Epoch	VALID	36	50	 111.3845
05/26/2020 07:06:42 - INFO - __main__ -   	Step	TRAIN	0000	82	  69.5462
05/26/2020 07:06:47 - INFO - __main__ -   	Step	TRAIN	0050	82	  71.6471
05/26/2020 07:06:50 - INFO - __main__ -   	Step	TRAIN	0082	82	  70.2467
05/26/2020 07:06:51 - INFO - __main__ -   	Epoch	TRAIN	37	50	  70.9028
05/26/2020 07:06:55 - INFO - __main__ -   	Step	VALID	0000	6	 124.8769
05/26/2020 07:06:55 - INFO - __main__ -   	Step	VALID	0006	6	 110.0350
05/26/2020 07:06:57 - INFO - __main__ -   	Epoch	VALID	37	50	 111.8268
05/26/2020 07:07:00 - INFO - __main__ -   	Step	TRAIN	0000	82	  69.2713
05/26/2020 07:07:04 - INFO - __main__ -   	Step	TRAIN	0050	82	  74.0111
05/26/2020 07:07:07 - INFO - __main__ -   	Step	TRAIN	0082	82	  79.3483
05/26/2020 07:07:09 - INFO - __main__ -   	Epoch	TRAIN	38	50	  70.3761
05/26/2020 07:07:13 - INFO - __main__ -   	Step	VALID	0000	6	 125.2563
05/26/2020 07:07:13 - INFO - __main__ -   	Step	VALID	0006	6	 110.4589
05/26/2020 07:07:14 - INFO - __main__ -   	Epoch	VALID	38	50	 112.1795
05/26/2020 07:07:18 - INFO - __main__ -   	Step	TRAIN	0000	82	  66.4787
05/26/2020 07:07:22 - INFO - __main__ -   	Step	TRAIN	0050	82	  72.7634
05/26/2020 07:07:25 - INFO - __main__ -   	Step	TRAIN	0082	82	  74.9993
05/26/2020 07:07:26 - INFO - __main__ -   	Epoch	TRAIN	39	50	  69.7976
05/26/2020 07:07:30 - INFO - __main__ -   	Step	VALID	0000	6	 125.7768
05/26/2020 07:07:30 - INFO - __main__ -   	Step	VALID	0006	6	 110.8894
05/26/2020 07:07:31 - INFO - __main__ -   	Epoch	VALID	39	50	 112.6346
05/26/2020 07:07:35 - INFO - __main__ -   	Step	TRAIN	0000	82	  66.5736
05/26/2020 07:07:39 - INFO - __main__ -   	Step	TRAIN	0050	82	  69.2494
05/26/2020 07:07:42 - INFO - __main__ -   	Step	TRAIN	0082	82	  66.9585
05/26/2020 07:07:43 - INFO - __main__ -   	Epoch	TRAIN	40	50	  69.1669
05/26/2020 07:07:47 - INFO - __main__ -   	Step	VALID	0000	6	 126.2784
05/26/2020 07:07:47 - INFO - __main__ -   	Step	VALID	0006	6	 111.3755
05/26/2020 07:07:49 - INFO - __main__ -   	Epoch	VALID	40	50	 113.1034
05/26/2020 07:07:52 - INFO - __main__ -   	Step	TRAIN	0000	82	  65.5465
05/26/2020 07:07:56 - INFO - __main__ -   	Step	TRAIN	0050	82	  67.3821
05/26/2020 07:07:59 - INFO - __main__ -   	Step	TRAIN	0082	82	  65.1667
05/26/2020 07:08:00 - INFO - __main__ -   	Epoch	TRAIN	41	50	  68.5438
05/26/2020 07:08:06 - INFO - __main__ -   	Step	VALID	0000	6	 126.7276
05/26/2020 07:08:06 - INFO - __main__ -   	Step	VALID	0006	6	 111.6981
05/26/2020 07:08:07 - INFO - __main__ -   	Epoch	VALID	41	50	 113.4967
05/26/2020 07:08:11 - INFO - __main__ -   	Step	TRAIN	0000	82	  64.7722
05/26/2020 07:08:15 - INFO - __main__ -   	Step	TRAIN	0050	82	  65.1429
05/26/2020 07:08:18 - INFO - __main__ -   	Step	TRAIN	0082	82	  65.4783
05/26/2020 07:08:20 - INFO - __main__ -   	Epoch	TRAIN	42	50	  67.9972
05/26/2020 07:08:28 - INFO - __main__ -   	Step	VALID	0000	6	 127.3907
05/26/2020 07:08:28 - INFO - __main__ -   	Step	VALID	0006	6	 112.1155
05/26/2020 07:08:29 - INFO - __main__ -   	Epoch	VALID	42	50	 113.9706
05/26/2020 07:08:32 - INFO - __main__ -   	Step	TRAIN	0000	82	  68.2929
05/26/2020 07:08:37 - INFO - __main__ -   	Step	TRAIN	0050	82	  66.4717
05/26/2020 07:08:40 - INFO - __main__ -   	Step	TRAIN	0082	82	  65.0660
05/26/2020 07:08:41 - INFO - __main__ -   	Epoch	TRAIN	43	50	  67.4889
05/26/2020 07:08:46 - INFO - __main__ -   	Step	VALID	0000	6	 127.9199
05/26/2020 07:08:46 - INFO - __main__ -   	Step	VALID	0006	6	 112.6366
05/26/2020 07:08:48 - INFO - __main__ -   	Epoch	VALID	43	50	 114.4262
05/26/2020 07:08:51 - INFO - __main__ -   	Step	TRAIN	0000	82	  68.0965
05/26/2020 07:08:56 - INFO - __main__ -   	Step	TRAIN	0050	82	  67.1004
05/26/2020 07:08:59 - INFO - __main__ -   	Step	TRAIN	0082	82	  65.3729
05/26/2020 07:09:00 - INFO - __main__ -   	Epoch	TRAIN	44	50	  67.0057
05/26/2020 07:09:11 - INFO - __main__ -   	Step	VALID	0000	6	 128.3620
05/26/2020 07:09:11 - INFO - __main__ -   	Step	VALID	0006	6	 113.0614
05/26/2020 07:09:13 - INFO - __main__ -   	Epoch	VALID	44	50	 114.7960
05/26/2020 07:09:16 - INFO - __main__ -   	Step	TRAIN	0000	82	  66.2152
05/26/2020 07:09:21 - INFO - __main__ -   	Step	TRAIN	0050	82	  67.5300
05/26/2020 07:09:24 - INFO - __main__ -   	Step	TRAIN	0082	82	  68.8279
05/26/2020 07:09:25 - INFO - __main__ -   	Epoch	TRAIN	45	50	  66.5608
05/26/2020 07:09:31 - INFO - __main__ -   	Step	VALID	0000	6	 128.7812
05/26/2020 07:09:31 - INFO - __main__ -   	Step	VALID	0006	6	 113.5602
05/26/2020 07:09:32 - INFO - __main__ -   	Epoch	VALID	45	50	 115.2701
05/26/2020 07:09:36 - INFO - __main__ -   	Step	TRAIN	0000	82	  66.9279
05/26/2020 07:09:40 - INFO - __main__ -   	Step	TRAIN	0050	82	  66.0591
05/26/2020 07:09:43 - INFO - __main__ -   	Step	TRAIN	0082	82	  63.2586
05/26/2020 07:09:45 - INFO - __main__ -   	Epoch	TRAIN	46	50	  66.0570
05/26/2020 07:09:47 - INFO - __main__ -   	Step	VALID	0000	6	 129.3937
05/26/2020 07:09:48 - INFO - __main__ -   	Step	VALID	0006	6	 113.9215
05/26/2020 07:09:49 - INFO - __main__ -   	Epoch	VALID	46	50	 115.6569
05/26/2020 07:09:53 - INFO - __main__ -   	Step	TRAIN	0000	82	  65.1905
05/26/2020 07:09:57 - INFO - __main__ -   	Step	TRAIN	0050	82	  62.6200
05/26/2020 07:10:00 - INFO - __main__ -   	Step	TRAIN	0082	82	  58.7797
05/26/2020 07:10:02 - INFO - __main__ -   	Epoch	TRAIN	47	50	  65.5891
05/26/2020 07:10:18 - INFO - __main__ -   	Step	VALID	0000	6	 129.9878
05/26/2020 07:10:18 - INFO - __main__ -   	Step	VALID	0006	6	 114.5570
05/26/2020 07:10:20 - INFO - __main__ -   	Epoch	VALID	47	50	 116.2023
05/26/2020 07:10:23 - INFO - __main__ -   	Step	TRAIN	0000	82	  63.6323
05/26/2020 07:10:27 - INFO - __main__ -   	Step	TRAIN	0050	82	  66.7084
05/26/2020 07:10:30 - INFO - __main__ -   	Step	TRAIN	0082	82	  63.9061
05/26/2020 07:10:32 - INFO - __main__ -   	Epoch	TRAIN	48	50	  65.2185
05/26/2020 07:10:36 - INFO - __main__ -   	Step	VALID	0000	6	 130.3362
05/26/2020 07:10:37 - INFO - __main__ -   	Step	VALID	0006	6	 114.8022
05/26/2020 07:10:38 - INFO - __main__ -   	Epoch	VALID	48	50	 116.5369
05/26/2020 07:10:42 - INFO - __main__ -   	Step	TRAIN	0000	82	  64.3530
05/26/2020 07:10:47 - INFO - __main__ -   	Step	TRAIN	0050	82	  63.8820
05/26/2020 07:10:50 - INFO - __main__ -   	Step	TRAIN	0082	82	  67.5123
05/26/2020 07:10:51 - INFO - __main__ -   	Epoch	TRAIN	49	50	  64.8363
05/26/2020 07:10:57 - INFO - __main__ -   	Step	VALID	0000	6	 130.7444
05/26/2020 07:10:57 - INFO - __main__ -   	Step	VALID	0006	6	 115.0878
05/26/2020 07:10:58 - INFO - __main__ -   	Epoch	VALID	49	50	 116.8516
